2.637000
3.119790
3.501173
3.712589
3.901390
4.065997
4.104294
4.216205
4.235730
4.315540
4.372398
4.413891
4.427350
4.472080
4.483888
4.492249
4.496944
4.510964
4.548547
4.543750
4.532982
4.548630
4.580436
4.569784
4.565891
4.555461
4.553069
4.538425
4.528148
4.539937
4.540941
4.543599
4.535393
4.530149
4.507818
4.496908
4.498559
4.500567
4.497317
4.491926
4.484687
4.481936
4.469254
4.458473
4.440960
4.437329
4.422839
4.404256
4.398843
4.404281
4.391154
4.390810
4.384391
4.382349
4.391696
4.379914
4.366889
4.356717
4.346558
4.346187
4.328294
4.320345
4.309935
4.315603
4.294602
4.283162
4.272295
4.277569
4.270680
3.934824
3.684785
3.662135
3.647926
3.704984
3.728712
3.613413
3.582668
3.536626
3.550792
3.525829
3.559192
3.550425
3.585044
3.586274
3.574018
3.585907
3.595196
3.607669
3.601087
3.607796
3.589872
3.571544
3.580842
3.573601
3.564725
3.550718
3.552290
3.550934
3.544847
3.525624
3.513099
3.497990
3.487734
3.495286
3.485986
3.474604
3.460790
3.453521
3.444081
3.425935
3.409431
3.398997
3.390899
3.379023
3.369292
3.359218
3.353921
3.343129
3.340902
3.335796
3.326177
3.316832
3.309152
3.302852
3.297728
3.292938
3.279765
3.268800
3.259759
3.249860
3.244275
3.235126
3.227190
3.217481
3.210345
3.202424
3.199979
3.189054
3.018082
2.621281
2.514355
2.477753
2.500659
2.503664
2.518019
2.495550
2.480212
2.499388
2.496257
2.508661
2.495729
2.494589
2.512804
2.501424
2.487992
2.487224
2.452438
2.444654
2.434013
2.456668
2.459272
2.433963
2.419021
2.422187
2.425290
2.419793
2.417810
2.421472
2.419646
2.414084
2.404338
2.393174
2.394958
2.392880
2.394530
2.387691
2.385971
2.381743
2.371015
2.371981
2.375510
2.365133
2.357216
2.351261
2.346456
2.336282
2.328573
2.323573
2.315113
2.317941
2.310241
2.302201
2.298333
2.295904
2.291569
2.290832
2.289751
2.284442
2.281943
2.274311
2.270932
2.265945
2.256510
2.258174
2.254642
2.249344
2.249354
1.794559
1.893946
1.994071
1.930617
1.881966
1.881864
1.930029
1.918400
1.941110
1.916509
1.906907
1.921521
1.913978
1.913085
1.918003
1.908889
1.909318
1.878764
1.875087
1.861227
1.859847
1.858038
1.847636
1.839406
1.836304
1.826896
1.837010
1.831929
1.841606
1.838081
1.828285
1.815885
1.806745
1.803327
1.801301
1.789569
1.791559
1.795675
1.791854
1.793739
1.788025
1.780166
1.779893
1.779301
1.776086
1.779006
1.776277
1.780366
1.776075
1.770497
1.768880
1.769699
1.763364
1.755613
1.749629
1.742936
1.740587
1.734988
1.727543
1.729528
1.721856
1.722459
1.719524
1.716199
1.712121
1.710230
1.703391
1.698785
1.693573
1.691606
1.549726
1.407804
1.367785
1.420283
1.399978
1.371618
1.380649
1.355490
1.351527
1.360886
1.395266
1.400639
1.394949
1.373546
1.373431
1.366248
1.347656
1.340665
1.335291
1.339583
1.329554
1.325191
1.324722
1.339358
1.336594
1.329029
1.329192
1.322444
1.328309
1.319067
1.323004
1.322530
1.324254
1.319918
1.312085
1.314175
1.313861
1.315057
1.306110
1.303410
1.298309
1.295269
1.289657
1.286774
1.288064
1.285027
1.281342
1.278978
1.274664
1.273982
1.270796
1.268829
1.268170
1.267285
1.263430
1.260205
1.261095
1.261056
1.259732
1.258116
1.253934
1.255221
1.252847
1.252145
1.248895
1.248524
1.246588
1.245485
1.242904
0.991770
1.124148
1.171297
1.214008
1.203065
1.163193
1.151338
1.121792
1.143577
1.127644
1.153257
1.159098
1.159456
1.161577
1.174132
1.172208
1.166692
1.155824
1.151889
1.156128
1.166492
1.164805
1.155857
1.153466
1.158884
1.157780
1.152123
1.147566
1.148014
1.147268
1.147607
1.148909
1.152803
1.158382
1.151315
1.149601
1.140540
1.137622
1.136671
1.138401
1.135883
1.141220
1.138784
1.137352
1.132229
1.126572
1.121458
1.123080
1.124640
1.120242
1.120269
1.117495
1.118245
1.115529
1.117563
1.117939
1.118717
1.118485
1.116667
1.116528
1.115593
1.114158
1.114515
1.112778
1.112860
1.114934
1.115055
1.113923
1.114183
1.699554
1.051653
0.973837
1.045912
1.061501
1.082576
1.066074
1.059339
1.070015
1.068144
1.072647
1.075196
1.074655
1.093517
1.091986
1.091502
1.083357
1.079149
1.085285
1.090909
1.085076
1.084548
1.075359
1.074483
1.078551
1.075631
1.073852
1.073133
1.075771
1.070288
1.078070
1.082813
1.082203
1.080069
1.083186
1.082533
1.086233
1.083018
1.081275
1.081103
1