0.188119
0.148515
0.132013
0.133663
0.138614
0.145215
0.158416
0.168317
0.170517
0.180198
0.188119
0.198845
0.208682
0.212164
0.218482
0.227104
0.237624
0.246975
0.256905
0.267822
0.274870
0.285329
0.291003
0.296617
0.306535
0.309596
0.315732
0.324611
0.334927
0.344224
0.351645
0.359839
0.365737
0.371578
0.377935
0.382838
0.389082
0.392131
0.397563
0.403713
0.410287
0.415370
0.420216
0.426193
0.432123
0.435644
0.441963
0.447195
0.451404
0.454455
0.458940
0.462871
0.467401
0.469930
0.474167
0.477369
0.480632
0.484466
0.488337
0.492574
0.497160
0.500798
0.504950
0.507580
0.511196
0.514101
0.518694
0.520967
0.525183
0.528430
0.531864
0.534103
0.536417
0.539470
0.542310
0.544164
0.547512
0.549886
0.552200
0.554084
0.556044
0.558440
0.561493
0.563178
0.564939
0.566889
0.569136
0.571895
0.573701
0.575358
0.576977
0.578562
0.579474
0.581736
0.583846
0.586221
0.588139
0.589008
0.591159
0.593564
0.594746
0.596292
0.597712
0.598915
0.600377
0.601905
0.603683
0.605336
0.607049
0.608911
0.609937
0.611475
0.612810
0.614556
0.616530
0.618129
0.620039
0.621497
0.623097
0.624752
0.626054
0.627496
0.628753
0.629671
0.630337
0.631306
0.632338
0.632735
0.634201
0.635644
0.636687
0.637939
0.639544
0.640535
0.641878
0.643346
0.644287
0.645286
0.646485
0.647737
0.648620
0.649979
0.651181
0.652365
0.653670
0.654686
0.655890
0.657212
0.658183
0.659538
0.660612
0.661868
0.662590
0.663881
0.664836
0.665334
0.666646
0.667377
0.667974
0.668936
0.670315
0.671617
0.672660
0.673026
0.674107
0.674699
0.674987
0.675743
0.676314
0.677111
0.678131
0.678851
0.679792
0.680665
0.681358
0.682381
0.682609
0.683558
0.684662
0.684983
0.685630
0.686759
0.687605
0.688119
0.688948
0.689396
0.689998
0.690857
0.691393
0.692236
0.693328
0.694204
0.694762
0.695672
0.696522
0.697161
0.697693
0.698170
0.698990
0.699406
0.700261
0.701206
0.701800
0.702242
0.703067
0.703835
0.704740
0.705255
0.705907
0.706554
0.707287
0.707967
0.708455
0.709170
0.709325
0.709846
0.710453
0.711055
0.711379
0.711926
0.712289
0.713094
0.713582
0.713976
0.714895
0.715500
0.716230
0.716997
0.717454
0.717908
0.718700
0.719230
0.719585
0.720064
0.720708
0.721010
0.721394
0.722065
0.722317
0.722731
0.723389
0.723672
0.724076
0.724679
0.725157
0.725509
0.725859
0.726405
0.726908
0.727485
0.728137
0.728705
0.728995
0.729633
0.730538
0.730817
0.731132
0.731445
0.731947
0.732331
0.732749
0.733202
0.733577
0.733986
0.734467
0.734944
0.735343
0.735850
0.736354
0.736524
0.736984
0.737260
0.737932
0.738491
0.738902
0.739202
0.739536
0.739939
0.740197
0.740523
0.740813
0.741345
0.741560
0.742016
0.742296
0.742782
0.743057
0.743365
0.743705
0.744008
0.744344
0.744541
0.745041
0.745369
0.745830
0.746120
0.746475
0.746927
0.747343
0.747723
0.747936
0.748344
0.748685
0.749153
0.749521
0.749563
0.750024
0.750418
0.750649
0.751006
0.751297
0.751745
0.752096
0.752381
0.752758
0.753259
0.753662
0.754032
0.754586
0.754827
0.755190
0.755519
0.755970
0.756356
0.756862
0.757183
0.757623
0.757848
0.758344
0.758386
0.758667
0.758917
0.759225
0.759590
0.759805
0.760078
0.760143
0.760414
0.760653
0.760949
0.760954
0.761305
0.761510
0.761743
0.762261
0.762548
0.762918
0.763116
0.763596
0.763960
0.764351
0.764401
0.764732
0.765089
0.765416
0.765741
0.766037
0.766414
0.766596
0.766777
0.767011
0.767299
0.767640
0.767708
0.768018
0.768246
0.768473
0.768780
0.768950
0.769173
0.769582
0.769962
0.770233
0.770318
0.770614
0.770934
0.771148
0.771439
0.771703
0.771965
0.772147
0.772433
0.772743
0.772870
0.773177
0.773508
0.773736
0.774166
0.774542
0.774689
0.775012
0.775207
0.775401
0.775494
0.775711
0.775978
0.776342
0.776432
0.776570
0.776708
0.776894
0.777031
0.777338
0.777399
0.777533
0.777618
0.777872
0.778101
0.778353
0.778435
0.778661
0.778814
0.778870
0.778950
0.779196
0.779370
0.779614
0.779952
0.780170
0.780575
0.780744
0.781005
0.781219
0.781454
0.781736
0.781876
0.781993
0.782271
0.782294
0.782431
0.782730
0.782980
0.783253
0.783547
0.783794
0.784018
0.784127
0.784416
0.784727
0.784833
0.785007
0.785068
0.785397
0.785635
0.785805
0.785841
0.786077
0.786377
0.786544
0.786623
0.786832
0.786953
0.787205
0.787434
0.787575
0.787845
0.788093
0.788383
0.788563
0.788808
0.788922
0.789100
0.789278
0.789540
0.789652
0.789912
0.790171
0.790366
0.790623
0.790836
0.791049
0.791135
0.791409
0.791515
0.791829
0.792038
0.792183
0.792307
0.792307
0.792595
0.792841
0.793065
0.793248
0.793348
0.793508
0.793770
0.793909
0.794088
0.794205
0.794423
0.794499
0.794615
0.794670
0.794885
0.794999
0.795233
0.795326
0.795419
0.795611
0.795663
0.795795
0.795965
0.796154
0.796185
0.796393
0.796443
0.796707
0.796737
0.796884
0.797127
0.797233
0.797455
0.797676
0.797819
0.797981
0.798143
0.798303
0.798482
0.798604
0.798743
0.798997
0.799230
0.799500
0.799751
0.799943
0.800154
0.800346
0.800499
0.800576
0.800691
0.801011
0.801031
0.801181
0.801387
0.801499
0.801629
0.801722
0.801759
0.801925
0.802164
0.802310
0.802473
0.802637
0.802781
0.802925
0.803123
0.803211
0.803335
0.803405
0.803600
0.803723
0.803828
0.803985
0.804053
0.804210
0.804384
0.804611
0.804695
0.804867
0.804968
0.805086
0.805239
0.805445
0.805491
0.805608
0.805671
0.805822
0.805972
0.806139
0.806219
0.806419
0.806567
0.806732
0.806793
0.806922
0.806999
0.807145
0.807239
0.807452
0.807596
0.807791
0.807934
0.808094
0.808185
0.808412
0.808570
0.808693
0.808850
0.808990
0.809129
0.809318
0.809506
0.809560
0.809681
0.809934
0.810021
0.810156
0.810358
0.810542
0.810677
0.810794
0.810944
0.811109
0.811160
0.811292
0.811424
0.811571
0.811702
0.811735
0.811930
0.811995
0.812108
0.812156
0.812284
0.812429
0.812556
0.812667
0.812778
0.812873
0.813015
0.813157
0.813266
0.813470
0.813579
0.813671
0.813811
0.813934
0.813994
0.814085
0.814113
0.814251
0.814435
0.814572
0.814677
0.814813
0.814901
0.815005
0.815032
0.815243
0.815316
0.815511
0.815660
0.815777
0.815955
0.816087
0.816081
0.816181
0.816373
0.816519
0.816649
0.816794
0.816862
0.817036
0.817150
0.817293
0.817435
0.817517
0.817674
0.817726
0.817822
0.817888
0.818058
0.818153
0.818248
0.818402
0.818526
0.818709
0.818818
0.818881
0.819004
0.819067
0.819145
0.819208
0.819344
0.819450
0.819585
0.819588
0.819621
0.819697
0.819831
0.819950
0.820069
0.820144
0.820204
0.820308
0.820339
0.820355
0.820429
0.820518
0.820606
0.820693
0.820738
0.820911
0.820926
0.821027
0.821128
0.821214
0.821272
0.821329
0.821443
0.821457
0.821514
0.821543
0.821656
0.821768
0.821880
0.821992
0.822118
0.822173
0.822228
0.822325
0.822408
0.822532
0.822600
0.822641
0.822709
0.822749
0.822872
0.822966
0.823075
0.823210
0.823345
0.823453
0.823533
0.823626
0.823760
0.823907
0.823972
0.823996
0.824088
0.824220
0.824257
0.824349
0.824372
0.824490
0.824526
0.824590
0.824747
0.824797
0.824940
0.824976
0.825038
0.825194
0.825362
0.825424
0.825498
0.825573
0.825661
0.825788
0.825861
0.825961
0.826022
0.826148
0.826181
0.826241
0.826314
0.826451
0.826445
0.826530
0.826655
0.826778
0.826863
0.826986
0.827070
0.827127
0.827159
0.827243
0.827313
0.827370
0.827401
0.827497
0.827643
0.827751
0.827833
0.827876
0.827996
0.828001
0.828056
0.828150
0.828269
0.828298
0.828341
0.828433
0.828501
0.828656
0.828786
0.828890
0.828982
0.829086
0.829089
0.829192
0.829245
0.829273
0.829326
0.829417
0.829531
0.829609
0.829698
0.829787
0.829814
0.829916
0.830041
0.830093
0.830242
0.830306
0.830344
0.830383
0.830446
0.830508
0.830485
0.830523
0.830647
0.830758
0.830844
0.830966
0.831064
0.831150
0.831223
0.831333
0.831418
0.831551
0.831683
0.831791
0.831851
0.831995
0.832055
0.832126
0.832209
0.832245
0.832387
0.832434
0.832469
0.832586
0.832704
0.832786
0.832820
0.832913
0.832983
0.833076
0.833157
0.833237
0.833294
0.833398
0.833419
0.833464
0.833544
0.833553
0.833528
0.833584
0.833698
0.833754
0.833798
0.833842
0.833944
0.833976
0.834043
0.834121
0.834222
0.834323
0.834366
0.834443
0.834532
0.834643
0.834731
0.834797
0.834839
0.834938
0.834991
0.835033
0.835120
0.835173
0.835214
0.835278
0.835376
0.835429
0.835481
0.835544
0.835607
0.835682
0.835801
0.835819
0.835837
0.835866
0.835962
0.836002
0.836064
0.836148
0.836199
0.836227
0.836322
0.836417
0.836534
0.836584
0.836678
0.836728
0.836866
0.836992
0.837042
0.837102
0.837173
0.837233
0.837303
0.837341
0.837422
0.837482
0.837541
0.837578
0.837670
0.837717
0.837733
0.837791
0.837871
0.837973
0.838074
0.838186
0.838287
0.838388
0.838510
0.838578
0.838635
0.838725
0.838835
0.838892
0.838937
0.839037
0.839136
0.839160
0.839162
0.839239
0.839295
0.839351
0.839385
0.839472
0.839528
0.839646
0.839712
0.839777
0.839853
0.839939
0.840015
0.840101
0.840123
0.840198
0.840263
0.840369
0.840443
0.840507
0.840623
0.840697
0.840803
0.840845
0.840929
0.840992
0.841096
0.841169
0.841211
0.841315
0.841336
0.841409
0.841512
0.841615
0.841728
0.841810
0.841861
0.841871
0.841902
0.841902
0.842014
0.842085
0.842146
0.842216
0.842348
0.842429
0.842530
0.842681
0.842700
0.842770
0.842870
0.842939
0.842978
0.842987
0.843056
0.843075
0.843164
0.843192
0.843261
0.843300
0.843328
0.843346
0.843394
0.843462
0.843520
0.843598
0.843686
0.843763
0.843841
0.843908
0.843965
0.844072
0.844149
0.844225
0.844222
0.844220
0.844266
0.844343
0.844399
0.844485
0.844452
0.844508
0.844574
0.844630
0.844656
0.844770
0.844836
0.844852
0.844897
0.844923
0.844979
0.845082
0.845137
0.845133
0.845236
0.845301
0.845384
0.845448
0.845473
0.845546
0.845600
0.845664
0.845641
0.845704
0.845729
0.845792
0.845874
0.845937
0.845990
0.846062
0.846144
0.846234
0.846278
0.846340
0.846392
0.846454
0.846506
0.846539
0.846582
0.846596
0.846676
0.846775
0.846827
0.846869
0.846958
0.847075
0.847164
0.847187
0.847257
0.847317
0.847396
0.847446
0.847525
0.847538
0.847570
0.847666
0.847726
0.847776
0.847863
0.847950
0.847990
0.848049
0.848061
0.848139
0.848216
0.848228
0.848277
0.848354
0.848403
0.848451
0.848491
0.848503
0.848524
0.848545
0.848603
0.848642
0.848681
0.848738
0.848796
0.848853
0.848901
0.848921
0.848969
0.849035
0.849110
0.849130
0.849168
0.849198
0.849254
0.849283
0.849339
0.849413
0.849487
0.849543
0.849518
0.849582
0.849647
0.849684
0.849731
0.849804
0.849832
0.849914
0.849987
0.850050
0.850087
0.850151
0.850196
0.850277
0.850350
0.850404
0.850476
0.850547
0.850663
0.850681
0.850753
0.850815
0.850833
0.850913
0.850966
0.851020
0.851064
0.851108
0.851170
0.851231
0.851249
0.851328
0.851319
0.851389
0.851459
0.851511
0.851555
0.851546
0.851633
0.851676
0.851745
0.851806
0.851840
0.851883
0.851917
0.852003
0.852046
0.852045
0.852088
0.852148
0.852190
0.852189
0.852283
0.852308
0.852359
0.852384
0.852409
0.852433
0.852484
0.852577
0.852661
0.852686
0.852710
0.852743
0.852827
0.852910
0.852952
0.852942
0.852983
0.853049
0.853090
0.853173
0.853222
0.853255
0.853321
0.853395
0.853410
0.853467
0.853549
0.853623
0.853688
0.853686
0.853735
0.853800
0.853831
0.853879
0.853952
0.853992
0.854081
0.854112
0.854118
0.854158
0.854180
0.854211
0.854242
0.854314
0.854336
0.854425
0.854455
0.854494
0.854541
0.854580
0.854610
0.854657
0.854687
0.854717
0.854780
0.854851
0.854946
0.854993
0.854998
0.855052
0.855082
0.855144
0.855198
0.855268
0.855346
0.855392
0.855446
0.855491
0.855552
0.855638
0.855740
0.855769
0.855798
0.855867
0.855928
0.856005
0.856065
0.856110
0.856162
0.856231
0.856243
0.856263
0.856283
0.856320
0.856356
0.856400
0.856428
0.856488
0.856507
0.856511
0.856563
0.856615
0.856650
0.856725
0.856753
0.856773
0.856784
0.856819
0.856831
0.856890
0.856925
0.856905
0.856948
0.857007
0.857002
0.857069
0.857111
0.857162
0.857181
0.857208
0.857219
0.857269
0.857280
0.857299
0.857349
0.857415
0.857473
0.857491
0.857549
0.857606
0.857617
0.857659
0.857693
0.857711
0.857760
0.857825
0.857836
0.857854
0.857880
0.857944
0.857970
0.858034
0.858122
0.858117
0.858196
0.858229
0.858278
0.858318
0.858321
0.858354
0.858394
0.858389
0.858437
0.858455
0.858488
0.858505
0.858553
0.858608
0.858626
0.858681
0.858736
0.858761
0.858824
0.858871
0.858873
0.858920
0.858968
0.859030
0.859107
0.859131
0.859178
0.859225
0.859264
0.859304
0.859373
0.859404
0.859466
0.859505
0.859559
0.859612
0.859659
0.859750
0.859796
0.859842
0.859858
0.859866
0.859875
0.859921
0.859974
0.860012
0.860006
0.860036
0.860082
0.860120
0.860150
0.860240
0.860285
0.860330
0.860412
0.860420
0.860473
0.860518
0.860518
0.860563
0.860593
0.860615
0.860667
0.860653
0.860690
0.860728
0.860772
0.860802
0.860809
0.860839
0.860898
0.860949
0.860986
0.861044
0.861095
0.861110
0.861161
0.861205
0.861256
0.861321
0.861386
0.861430
0.861458
0.861531
0.861523
0.861588
0.861624
0.861645
0.861674
0.861695
0.861695
0.861781
0.861817
0.861809
0.861823
0.861859
0.861873
0.861887
0.861936
0.861943
0.861964
0.862028
0.862063
0.862112
0.862140
0.862196
0.862253
0.862288
0.862301
0.862329
0.862392
0.862441
0.862489
0.862559
0.862551
0.862607
0.862641
0.862655
0.862689
0.862723
0.862750
0.862777
0.862819
0.862860
0.862873
0.862900
0.862955
0.862974
0.862994
0.863056
0.863062
0.863103
0.863143
0.863219
0.863266
0.863279
0.863333
0.863373
0.863448
0.863495
0.863529
0.863569
0.863609
0.863642
0.863661
0.863721
0.863775
0.863780
0.863792
0.863880
0.863892
0.863932
0.863965
0.864018
0.864057
0.864103
0.864122
0.864154
0.864187
0.864219
0.864237
0.864256
0.864247
0.864259
0.864277
0.864323
0.864362
0.864394
0.864426
0.864471
0.864517
0.864515
0.864553
0.864578
0.864630
0.864668
0.864734
0.864759
0.864797
0.864808
0.864799
0.864850
0.864895
0.864933
0.864971
0.865009
0.865007
0.865018
0.865029
0.865053
0.865024
0.865055
0.865086
0.865097
0.865134
0.865178
0.865242
0.865267
0.865331
0.865368
0.865412
0.865462
0.865526
0.865556
0.865580
0.865617
0.865641
0.865631
0.865648
0.865705
0.908163
0.939698
0.913333
0.905237
0.904382
0.910448
0.907670
0.911801
0.912804
0.916584
0.919675
0.918941
0.919847
0.919206
0.918651
0.918165
0.917153
0.914601
0.914927
0.914229
0.913126
0.913024
0.912500
0.912846
0.911578
0.910027
0.910059
0.911150
0.910458
0.909812
0.910166
0.909879
0.909910
0.909647
0.910249
0.908891
0.910819
0.910039
0.911585
0.912063
0.912518
0.912479
0.913825
0.913983
0.914135
0.914710
0.915051
0.915170
0.914476
0.913612
0.913364
0.913888
0.913458
0.912860
0.912104
0.912082
0.912061
0.912041
0.911518
0.911672
0.911335
0.911487
0.911321
0.911624
0.911003
0.911001
0.910408
0.910852
0.911427
0.911844
0.911551
0.912505
0.913026
0.913265
0.913101
0.912811
0.911629
0.912254
0.912738
0.912591
0.912448
0.912429
0.912291
0.911921
0.911210
0.911897
0.911999
0.911986
0.911863
0.912402
0.912168
0.912477
0.912354
0.911917
0.912114
0.911895
0.912089
0.911369
0.911765
0.911558
0.911453
0.911156
0.911058
0.911056
0.911243
0.911053
0.910866
0.910867
0.911139
0.910687
0.910778
0.911221
0.911394
0.911215
0.910696
0.910356
0.910530
0.910113
0.910286
0.910374
0.910460
0.910788
0.910467
0.910790
0.910949
0.911184
0.910714
0.910793
0.910794
0.911023
0.910720
0.910871
0.910946
0.911019
0.911092
0.910726
0.910872
0.910657
0.910730
0.910801
0.911153
0.911430
0.911011
0.911010
0.911009
0.911348
0.911412
0.911542
0.911671
0.911798
0.911988
0.912242
0.912104
0.912224
0.912024
0.911699
0.911442
0.911438
0.911622
0.911803
0.911982
0.912158
0.912090
0.912203
0.912255
0.912247
0.912358
0.912467
0.912575
0.912332
0.912439
0.912545
0.912421
0.912526
0.912347
0.912283
0.912387
0.912378
0.912259
0.912197
0.912354
0.912019
0.912013
0.911899
0.912054
0.912155
0.912254
0.912510
0.912606
0.912701
0.912484
0.912270
0.912314
0.912307
0.912198
0.912444
0.912285
0.912528
0.912719
0.912858
0.912701
0.912692
0.912439
0.912431
0.912472
0.912128
0.912266
0.912069
0.912110
0.912246
0.912474
0.912607
0.912645
0.912498
0.912629
0.912850
0.913069
0.913332
0.913456
0.913490
0.913388
0.913466
0.913410
0.913311
0.913300
0.913508
0.913453
0.913225
0.913517
0.913506
0.913495
0.913227
0.913217
0.913461
0.913197
0.913146
0.913303
0.913418
0.913283
0.913232
0.913140
0.912926
0.912877
0.912909
0.912982
0.913054
0.913045
0.913156
0.913107
0.913178
0.913405
0.913395
0.913542
0.913532
0.913521
0.913588
0.913347
0.913491
0.913366
0.913433
0.913537
0.913527
0.913441
0.913507
0.913459
0.913413
0.913329
0.913246
0.913164
0.912935
0.913001
0.913066
0.912876
0.912941
0.912970
0.912998
0.912955
0.913054
0.913047
0.912968
0.912926
0.913024
0.913086
0.912939
0.912932
0.912890
0.912952
0.912945
0.912766
0.912692
0.912719
0.912747
0.912977
0.913071
0.912963
0.913057
0.913116
0.913175
0.913200
0.913259
0.913317
0.913440
0.913366
0.913423
0.913545
0.913536
0.913560
0.913583
0.913446
0.913406
0.913334
0.913485
0.913508
0.913658
0.913555
0.913515
0.913507
0.913498
0.913459
0.913544
0.913505
0.913558
0.913642
0.913572
0.913595
0.913647
0.913639
0.913600
0.913562
0.913614
0.913605
0.913687
0.913738
0.913729
0.913780
0.913830
0.913939
0.914047
0.914096
0.914174
0.914310
0.914300
0.914376
0.914366
0.914356
0.914289
0.914308
0.914213
0.914231
0.914222
0.914269
0.914287
0.914222
0.914100
0.914175
0.914166
0.914101
0.914064
0.914028
0.913992
0.913873
0.914029
0.914048
0.914121
0.914221
0.914266
0.914175
0.914220
0.914104
0.914069
0.913980
0.913998
0.914016
0.914008
0.913973
0.913807
0.913799
0.913739
0.913810
0.913776
0.913847
0.913891
0.913883
0.913927
0.913842
0.913655
0.913750
0.913717
0.913761
0.913829
0.913923
0.913814
0.913782
0.913749
0.913817
0.913785
0.913927
0.913969
0.913862
0.913880
0.913749
0.913692
0.913710
0.913752
0.913672
0.913592
0.913536
0.913603
0.913693
0.913807
0.913679
0.913648
0.913546
0.913516
0.913533
0.913551
0.913592
0.913609
0.913602
0.913572
0.913660
0.913700
0.913694
0.913664
0.913727
0.913674
0.913668
0.913684
0.913724
0.913740
0.913642
0.913429
0.913515
0.913554
0.913616
0.913633
0.913717
0.913801
0.913862
0.913901
0.913894
0.913820
0.913813
0.913851
0.913934
0.913949
0.913942
0.914024
0.914083
0.914076
0.914113
0.914127
0.914164
0.914157
0.914084
0.914164
0.914200
0.914171
0.914100
0.914114
0.914107
0.914079
0.914136
0.914022
0.914037
0.914030
0.914087
0.914123
0.914094
0.914151
0.914291
0.914284
0.914402
0.914395
0.914388
0.914276
0.914352
0.914366
0.914379
0.914434
0.914426
0.914378
0.914371
0.914363
0.914295
0.914186
0.914159
0.914112
0.914065
0.913977
0.913971
0.913945
0.913918
0.913932
0.913946
0.913840
0.913874
0.913908
0.913922
0.914015
0.914048
0.914101
0.914134
0.914127
0.914101
0.914075
0.914050
0.914043
0.914057
0.914128
0.914161
0.914154
0.914148
0.914064
0.914116
0.914167
0.914103
0.914097
0.914072
0.914028
0.913946
0.913997
0.914010
0.914061
0.914055
0.914049
0.914080
0.914018
0.914049
0.914043
0.914019
0.914013
0.914119
0.914057
0.914088
0.914100
0.914076
0.914162
0.914211
0.914205
0.914254
0.914284
0.914241
0.914253
0.914211
0.914150
0.914235
0.914301
0.914367
0.914379
0.914337
0.914241
0.914288
0.914300
0.914258
0.914306
0.914317
0.914435
0.914464
0.914476
0.914593
0.914674
0.914703
0.914714
0.914602
0.914648
0.914676
0.914704
0.914663
0.914691
0.914701
0.914729
0.914757
0.914750
0.914709
0.914789
0.914816
0.914758
0.914768
0.914745
0.914823
0.914800
0.914776
0.914803
0.914796
0.914824
0.914834
0.914692
0.914719
0.914713
0.914690
0.914633
0.914660
0.914754
0.914714
0.914741
0.914784
0.914827
0.914755
0.914748
0.914808
0.914883
0.914828
0.914788
0.914798
0.914873
0.914948
0.914942
0.915033
0.914961
0.915003
0.915029
0.915006
0.914983
0.915024
0.915098
0.915011
0.915020
0.915094
0.915135
0.915112
0.915153
0.915178
0.915124
0.915117
0.915126
0.915151
0.915238
0.915279
0.915272
0.915233
0.915258
0.915235
0.915197
0.915222
0.915246
0.915348
0.915388
0.915427
0.915466
0.915397
0.915344
0.915430
0.915484
0.915477
0.915501
0.915417
0.915379
0.915311
0.915320
0.915343
0.915352
0.915360
0.915308
0.915377
0.915340
0.915333
0.915341
0.915380
0.915283
0.915351
0.915329
0.915367
0.915361
0.915473
0.915481
0.915563
0.915586
0.915608
0.915601
0.915653
0.915528
0.915566
0.915603
0.915596
0.915618
0.915684
0.915619
0.915568
0.915503
0.915482
0.915475
0.915468
0.915534
0.915513
0.915607
0.915586
0.915593
0.915529
0.915508
0.915516
0.915552
0.915517
0.915524
0.915432
0.915454
0.915433
0.915455
0.915463
0.915513
0.915548
0.915612
0.915648
0.915697
0.915606
0.915628
0.915677
0.915698
0.915691
0.915699
0.915706
0.915657
0.915748
0.915810
0.915762
0.915741
0.915735
0.915755
0.915762
0.915783
0.915749
0.915824
0.915790
0.915811
0.915804
0.915770
0.915695
0.915729
0.915723
0.915703
0.915655
0.915716
0.915750
0.915730
0.915764
0.915731
0.915711
0.915717
0.915698
0.915758
0.915738
0.915771
0.915818
0.915852
0.915871
0.915891
0.915898
0.915971
0.916017
0.915970
0.915924
0.915970
0.915989
0.915996
0.916068
0.916087
0.915989
0.915969
0.915897
0.915864
0.915858
0.915877
0.915858
0.915903
0.915922
0.915955
0.915974
0.915967
0.915948
0.915941
0.915960
0.915877
0.915922
0.915941
0.915896
0.915928
0.915959
0.915991
0.915997
0.916016
0.916073
0.916054
0.916060
0.916078
0.916110
0.916116
0.915996
0.916027
0.916071
0.916089
0.916083
0.916051
0.916019
0.916038
0.916056
0.916075
0.916106
0.916111
0.916117
0.916136
0.916191
0.916196
0.916227
0.916270
0.916275
0.916232
0.916250
0.916243
0.916236
0.916217
0.916162
0.916119
0.916125
0.916143
0.916185
0.916203
0.916172
0.916165
0.916171
0.916225
0.916243
0.916260
0.916169
0.916139
0.916109
0.916162
0.916192
0.916185
0.916203
0.916173
0.916202
0.916148
0.916165
0.916218
0.916248
0.916229
0.916235
0.916264
0.916234
0.916192
0.916209
0.916191
0.916209
0.916226
0.916243
0.916272
0.916265
0.916259
0.916264
0.916223
0.916228
0.916187
0.916169
0.916210
0.916227
0.916197
0.916168
0.916231
0.916259
0.916299
0.916304
0.916287
0.916315
0.916309
0.916302
0.916342
0.916393
0.916386
0.916391
0.916408
0.916424
0.916441
0.916457
0.916484
0.916489
0.916517
0.916477
0.916504
0.916486
0.916525
0.916541
0.916602
0.916629
0.916645
0.916650
0.916621
0.916581
0.916586
0.916602
0.916606
0.916567
0.916560
0.916543
0.916548
0.916541
0.916546
0.916518
0.916544
0.916560
0.916587
0.916603
0.916563
0.916590
0.916606
0.916643
0.916669
0.916663
0.916678
0.916737
0.916709
0.916714
0.916762
0.916820
0.916825
0.916797
0.916801
0.916816
0.916842
0.916792
0.916786
0.916790
0.916773
0.916778
0.916814
0.916797
0.916801
0.916806
0.916820
0.916803
0.916755
0.916727
0.916753
0.916778
0.916846
0.916882
0.916886
0.916911
0.916873
0.916856
0.916903
0.916949
0.916964
0.916968
0.916951
0.916955
0.916927
0.916900
0.916873
0.916867
0.916902
0.916917
0.916900
0.916894
0.916846
0.916871
0.916864
0.916858
0.916831
0.916835
0.916839
0.916844
0.916827
0.916790
0.916815
0.916798
0.916813
0.916827
0.916811
0.916845
0.916880
0.916874
0.916909
0.916943
0.916937
0.916921
0.916945
0.916969
0.917003
0.916987
0.916971
0.916975
0.917009
0.917033
0.917057
0.917030
0.917044
0.917058
0.917092
0.917116
0.917139
0.917133
0.917117
0.917120
0.917134
0.917148
0.917102
0.917125
0.917169
0.917162
0.917136
0.917110
0.917134
0.917108
0.917131
0.917135
0.917128
0.917142
0.917175
0.917120
0.917153
0.917117
0.917082
0.917095
0.917089
0.917034
0.917018
0.917071
0.917094
0.917127
0.917140
0.917143
0.917166
0.917209
0.917241
0.917216
0.917219
0.917242
0.917274
0.917297
0.917252
0.917256
0.917240
0.917205
0.917199
0.917202
0.917235
0.917171
0.917184
0.917188
0.917239
0.917271
0.917284
0.917258
0.917271
0.917284
0.917240
0.917244
0.917237
0.917250
0.917282
0.917248
0.917270
0.917264
0.917248
0.917233
0.917236
0.917240
0.917224
0.917237
0.917268
0.917272
0.917247
0.917269
0.917291
0.917285
0.917242
0.917254
0.917267
0.917298
0.917301
0.917268
0.917299
0.917311
0.917287
0.917327
0.917312
0.917315
0.917327
0.917349
0.917389
0.917383
0.917386
0.917325
0.917328
0.917377
0.917398
0.917392
0.917405
0.917380
0.917402
0.917423
0.917453
0.917447
0.917441
0.917444
0.917483
0.917505
0.917517
0.917502
0.917496
0.917499
0.917475
0.917496
0.917498
0.917546
0.917549
0.917543
0.917510
0.917513
0.917498
0.917484
0.917495
0.917516
0.917537
0.917567
0.917596
0.917617
0.917637
0.917658
0.917669
0.917690
0.917684
0.917607
0.917636
0.917622
0.917616
0.917601
0.917595
0.917624
0.917636
0.917656
0.917641
0.917618
0.917577
0.917588
0.917574
0.917585
0.917597
0.917591
0.917629
0.917588
0.917599
0.917611
0.917579
0.917608
0.917636
0.917622
0.917607
0.917593
0.917587
0.917607
0.917627
0.917621
0.917624
0.917653
0.917655
0.917649
0.917652
0.917629
0.917623
0.917626
0.917578
0.917597
0.917626
0.917603
0.917623
0.917651
0.917654
0.917699
0.917710
0.917695
0.917706
0.917684
0.917678
0.917689
0.917700
0.917720
0.917739
0.917767
0.917786
0.917814
0.917841
0.917785
0.917796
0.917790
0.917793
0.917787
0.917790
0.917792
0.917753
0.917764
0.917783
0.917802
0.917797
0.917807
0.917826
0.917862
0.917906
0.917916
0.917911
0.917938
0.917965
0.918008
0.918019
0.918038
0.918023
0.918034
0.918028
0.918022
0.917992
0.917994
0.917972
0.917966
0.917952
0.917946
0.917924
0.917894
0.917929
0.917931
0.917917
0.917920
0.917873
0.917859
0.917886
0.917872
0.917875
0.917901
0.917928
0.917946
0.917908
0.917895
0.917921
0.917907
0.917910
0.917912
0.917922
0.917901
0.917903
0.917905
0.917924
0.917918
0.917888
0.917899
0.917917
0.917911
0.917922
0.917956
0.917942
0.917960
0.917978
0.917980
0.918006
0.918001
0.918019
0.917997
0.918007
0.918033
0.918059
0.918046
0.918056
0.918058
0.918052
0.918031
0.918056
0.918019
0.918006
0.917993
0.918003
0.917997
0.917976
0.917955
0.917988
0.917951
0.917922
0.917940
0.917927
0.917906
0.917947
0.917941
0.917975
0.917985
0.917917
0.917950
0.917968
0.917970
0.917972
0.917990
0.917992
0.918010
0.918027
0.918052
0.918039
0.918026
0.918066
0.918068
0.918078
0.918073
0.918090
0.918092
0.918079
0.918111
0.918129
0.918131
0.918156
0.918165
0.918152
0.918177
0.918201
0.918196
0.918190
0.918192
0.918209
0.918211
0.918221
0.918230
0.918247
0.918227
0.918199
0.918178
0.918217
0.918227
0.918191
0.918193
0.918180
0.918205
0.918229
0.918201
0.918218
0.918242
0.918222
0.918246
0.918248
0.918265
0.918282
0.918306
0.918293
0.918309
0.918289
0.918298
0.918285
0.918324
0.918304
0.918306
0.918337
0.918317
0.918297
0.918313
0.918330
0.918324
0.918333
0.918357
0.918344
0.918361
0.918348
0.918342
0.918337
0.918368
0.918384
0.918386
0.918388
0.918404
0.918413
0.918422
0.918446
0.918462
0.918485
0.918487
0.918518
0.918512
0.918550
0.918552
0.918553
0.918562
0.918564
0.918551
0.918531
0.918554
0.918563
0.918593
0.918566
0.918575
0.918591
0.918607
0.918608
0.918631
0.918647
0.918635
0.918650
0.918652
0.918632
0.918634
0.918621
0.918623
0.918674
0.918689
0.918698
0.918700
0.918694
0.918674
0.918676
0.918691
0.918672
0.918624
0.918618
0.918592
0.918643
0.918658
0.918667
0.918668
0.918684
0.918692
0.918694
0.918709
0.918718
0.918719
0.918742
0.918729
0.918745
0.918760
0.918754
0.918777
0.918778
0.918773
0.918795
0.918789
0.918791
0.918813
0.918814
0.918816
0.918817
0.918839
0.918820
0.918821
0.918809
0.918810
0.918825
0.918827
0.918842
0.918878
0.918858
0.918853
0.918861
0.918862
0.918891
0.918899
0.918928
0.918929
0.918944
0.918959
0.918981
0.918996
0.918970
0.918971
0.918965
0.918967
0.918982
0.918983
0.918964
0.918951
0.918946
0.918940
0.918942
0.918950
0.918958
0.918945
0.918960
0.918995
0.919003
0.919004
0.919012
0.919000
0.919001
0.919023
0.919031
0.919059
0.919066
0.919021
0.919029
0.919070
0.919098
0.919086
0.919067
0.919088
0.919096
0.919104
0.919098
0.919133
0.919120
0.919141
0.919149
0.919183
0.919191
0.919186
0.919200
0.919221
0.919215
0.919203
0.926316
0.923469
0.925926
0.919598
0.909820
0.908333
0.908702
0.907731
0.909192
0.900398
0.905882
0.907131
0.905891
0.907670
0.908549
0.911180
0.914670
0.916667
0.916362
0.918570
0.918203
0.915162
0.914545
0.916873
0.917825
0.917557
0.915105
0.913536
0.914129
0.914021
0.914560
0.914755
0.915239
0.916278
0.917540
0.917906
0.918789
0.918058
0.918637
0.918939
0.919226
0.919027
0.919299
0.918882
0.918264
0.917672
0.918372
0.918216
0.917864
0.918121
0.918367
0.918605
0.918833
0.918686
0.919445
0.919823
0.919840
0.919856
0.920040
0.920053
0.920552
0.920716
0.920088
0.919944
0.920720
0.921171
0.921609
0.922034
0.922591
0.923273
0.923378
0.922653
0.922628
0.921934
0.921786
0.921121
0.921374
0.921748
0.922238
0.922715
0.923180
0.923030
0.923362
0.922859
0.922602
0.922465
0.922105
0.922653
0.922632
0.922611
0.923027
0.923110
0.923511
0.923377
0.923141
0.923220
0.923093
0.923069
0.923446
0.923618
0.923590
0.923465
0.923247
0.923319
0.923106
0.923178
0.922970
0.923500
0.923930
0.924171
0.924409
0.924200
0.924520
0.924748
0.924541
0.924765
0.924308
0.923942
0.923833
0.924220
0.924110
0.924001
0.924136
0.923870
0.924241
0.924450
0.924343
0.924160
0.924134
0.924261
0.924083
0.924208
0.924183
0.924157
0.924059
0.924035
0.924011
0.923916
0.924036
0.924296
0.924201
0.924037
0.924153
0.924267
0.924107
0.924220
0.924399
0.924240
0.924350
0.924392
0.924565
0.924475
0.924451
0.924492
0.924660
0.924508
0.924926
0.924837
0.924812
0.924848
0.924762
0.924859
0.925138
0.924931
0.924965
0.924881
0.925034
0.925068
0.925160
0.924901
0.924645
0.924738
0.924830
0.924750
0.924784
0.924873
0.924794
0.924772
0.924916
0.924783
0.924706
0.924630
0.924934
0.924696
0.924942
0.925133
0.925057
0.925087
0.925169
0.925042
0.925019
0.924740
0.924873
0.924801
0.924831
0.924709
0.924589
0.924620
0.924650
0.924483
0.924366
0.924593
0.924526
0.924507
0.924489
0.924519
0.924645
0.924769
0.924797
0.924826
0.924713
0.924834
0.924908
0.924981
0.925192
0.925126
0.924969
0.924950
0.925021
0.925047
0.925028
0.924964
0.925212
0.925192
0.925305
0.925372
0.925352
0.925376
0.925485
0.925508
0.925531
0.925553
0.925405
0.925470
0.925492
0.925472
0.925661
0.925682
0.925745
0.925724
0.925786
0.925847
0.925745
0.925684
0.925826
0.925564
0.925544
0.925725
0.925785
0.925566
0.925390
0.925371
0.925392
0.925491
0.925589
0.925725
0.925706
0.925649
0.925706
0.925840
0.925934
0.926028
0.925971
0.925951
0.925931
0.926098
0.926153
0.926170
0.926150
0.925983
0.926073
0.926127
0.926144
0.926088
0.926069
0.925978
0.925923
0.925798
0.925815
0.925939
0.925921
0.925797
0.925849
0.925971
0.926057
0.926073
0.926090
0.926105
0.925950
0.925898
0.925881
0.925931
0.925846
0.925862
0.925845
0.925861
0.925778
0.925794
0.925943
0.925926
0.925909
0.925925
0.925810
0.925826
0.925842
0.925761
0.925777
0.925760
0.925808
0.925856
0.925840
0.925824
0.925902
0.926044
0.926027
0.926073
0.926119
0.926102
0.926086
0.926007
0.926053
0.926006
0.926112
0.926035
0.926018
0.926094
0.926047
0.925971
0.925925
0.925939
0.925924
0.925998
0.925982
0.925818
0.925862
0.925906
0.925803
0.925700
0.925715
0.925642
0.925657
0.925498
0.925571
0.925471
0.925515
0.925358
0.925373
0.925332
0.925432
0.925390
0.925406
0.925421
0.925492
0.925562
0.925549
0.925591
0.925633
0.925564
0.925579
0.925593
0.925717
0.925703
0.925689
0.925703
0.925825
0.925893
0.925906
0.925919
0.926039
0.926105
0.926171
0.926183
0.926169
0.926260
0.926193
0.926179
0.926269
0.926229
0.926162
0.926174
0.926212
0.926172
0.926184
0.926298
0.926336
0.926347
0.926384
0.926369
0.926406
0.926391
0.926301
0.926338
0.926424
0.926410
0.926371
0.926282
0.926268
0.926354
0.926364
0.926202
0.926090
0.926175
0.926186
0.926271
0.926404
0.926390
0.926352
0.926387
0.926349
0.926408
0.926443
0.926405
0.926319
0.926234
0.926317
0.926351
0.926314
0.926372
0.926335
0.926392
0.926473
0.926530
0.926563
0.926526
0.926466
0.926406
0.926486
0.926565
0.926598
0.926515
0.926525
0.926558
0.926613
0.926622
0.926609
0.926596
0.926560
0.926546
0.926624
0.926588
0.926440
0.926360
0.926392
0.926446
0.926367
0.926354
0.926386
0.926352
0.926450
0.926481
0.926381
0.926302
0.926421
0.926431
0.926418
0.926384
0.926372
0.926317
0.926240
0.926207
0.926173
0.926055
0.926065
0.926032
0.926106
0.926094
0.926104
0.926135
0.926166
0.926218
0.926206
0.926216
0.926141
0.926088
0.926119
0.926129
0.926200
0.926127
0.926074
0.926063
0.925991
0.926000
0.926010
0.926020
0.926111
0.926141
0.926130
0.926119
0.926149
0.926118
0.926107
0.926015
0.926025
0.925934
0.925924
0.925893
0.925923
0.925913
0.925863
0.925892
0.925941
0.925931
0.925960
0.926009
0.925959
0.926008
0.925958
0.926007
0.925938
0.925812
0.925763
0.925753
0.925802
0.925850
0.925801
0.925811
0.925801
0.925868
0.925820
0.925753
0.925668
0.925715
0.925725
0.925772
0.925800
0.925772
0.925687
0.925678
0.925631
0.925660
0.925725
0.925734
0.925818
0.925771
0.925781
0.925716
0.925744
0.925753
0.925762
0.925844
0.925890
0.925881
0.925871
0.925898
0.925943
0.925988
0.926033
0.925933
0.925960
0.925897
0.925941
0.926004
0.926048
0.926074
0.926136
0.926109
0.926152
0.926107
0.926098
0.926035
0.926097
0.926158
0.926166
0.926174
0.926182
0.926120
0.926145
0.926136
0.926092
0.926065
0.926177
0.926185
0.926176
0.926132
0.926191
0.926165
0.926258
0.926249
0.926257
0.926247
0.926289
0.926279
0.926253
0.926176
0.926184
0.926141
0.926165
0.926072
0.926012
0.926037
0.926012
0.926036
0.926061
0.926085
0.926093
0.926067
0.926142
0.926166
0.926124
0.926065
0.926057
0.925998
0.926006
0.925981
0.925989
0.925980
0.926021
0.925882
0.925808
0.925833
0.925922
0.925897
0.925970
0.925961
0.925953
0.925993
0.925888
0.925896
0.925919
0.925927
0.925951
0.925958
0.925982
0.926005
0.926060
0.926099
0.926059
0.926082
0.926074
0.926066
0.926057
0.926018
0.925994
0.926001
0.926055
0.926031
0.926085
0.926139
0.926100
0.926045
0.926052
0.926044
0.926036
0.925997
0.926020
0.926042
0.926065
0.926057
0.926018
0.925980
0.925956
0.926024
0.926047
0.926054
0.926000
0.925977
0.925909
0.925886
0.925894
0.925931
0.925923
0.925945
0.926012
0.926064
0.926071
0.926093
0.926055
0.926032
0.926113
0.926135
0.926127
0.926134
0.926111
0.926103
0.926081
0.926132
0.926153
0.926043
0.925962
0.925984
0.925961
0.925968
0.925975
0.925982
0.926004
0.926054
0.926060
0.925995
0.925973
0.925937
0.925987
0.925951
0.926015
0.925965
0.925943
0.925893
0.925928
0.925878
0.925913
0.925864
0.925899
0.925891
0.925870
0.925919
0.925982
0.925975
0.925939
0.925974
0.926023
0.926057
0.926036
0.926001
0.926021
0.926014
0.925979
0.925999
0.925992
0.925985
0.926005
0.925984
0.925963
0.925997
0.926017
0.926037
0.926030
0.926023
0.926029
0.926090
0.926083
0.926021
0.925987
0.926034
0.926040
0.926101
0.926067
0.926127
0.926119
0.926179
0.926199
0.926245
0.926224
0.926230
0.926250
0.926282
0.926182
0.926201
0.926181
0.926200
0.926193
0.926238
0.926271
0.926250
0.926296
0.926288
0.926255
0.926261
0.926266
0.926220
0.926200
0.926154
0.926134
0.926179
0.926120
0.926113
0.926132
0.926150
0.926105
0.926098
0.926052
0.926071
0.926077
0.926109
0.926102
0.926095
0.926101
0.926107
0.926036
0.926030
0.926036
0.926042
0.925997
0.926028
0.926047
0.926015
0.926008
0.926027
0.926045
0.926076
0.926082
0.926113
0.926156
0.926187
0.926180
0.926211
0.926279
0.926309
0.926340
0.926370
0.926400
0.926356
0.926411
0.926404
0.926372
0.926390
0.926395
0.926413
0.926406
0.926374
0.926404
0.926397
0.926378
0.926359
0.926425
0.926418
0.926424
0.926405
0.926386
0.926415
0.926444
0.926450
0.926527
0.926556
0.926622
0.926590
0.926559
0.926564
0.926521
0.926586
0.926627
0.926620
0.926577
0.926630
0.926611
0.926604
0.926561
0.926531
0.926441
0.926458
0.926440
0.926433
0.926414
0.926396
0.926413
0.926418
0.926458
0.926463
0.926445
0.926450
0.926455
0.926495
0.926511
0.926446
0.926451
0.926503
0.926508
0.926536
0.926529
0.926534
0.926585
0.926578
0.926583
0.926576
0.926604
0.926608
0.926602
0.926595
0.926588
0.926547
0.926529
0.926546
0.926550
0.926544
0.926571
0.926565
0.926547
0.926540
0.926488
0.926448
0.926442
0.926458
0.926429
0.926411
0.926405
0.926443
0.926448
0.926475
0.926491
0.926507
0.926489
0.926439
0.926454
0.926492
0.926453
0.926469
0.926451
0.926489
0.926505
0.926521
0.926503
0.926530
0.926545
0.926561
0.926522
0.926559
0.926564
0.926623
0.926649
0.926610
0.926625
0.926597
0.926547
0.926509
0.926546
0.926583
0.926598
0.926613
0.926585
0.926504
0.926476
0.926491
0.926506
0.926479
0.926473
0.926445
0.926471
0.926486
0.926523
0.926474
0.926457
0.926483
0.926445
0.926407
0.926401
0.926395
0.926379
0.926383
0.926398
0.926413
0.926376
0.926423
0.926448
0.926411
0.926405
0.926409
0.926403
0.926376
0.926370
0.926417
0.926400
0.926395
0.926389
0.926424
0.926429
0.926444
0.926469
0.926453
0.926457
0.926482
0.926476
0.926481
0.926506
0.926479
0.926463
0.926406
0.926431
0.926466
0.926491
0.926495
0.926520
0.926534
0.926549
0.926553
0.926578
0.926572
0.926576
0.926529
0.926523
0.926528
0.926542
0.926546
0.926551
0.926535
0.926519
0.926493
0.926417
0.926411
0.926375
0.926339
0.926334
0.926348
0.926363
0.926397
0.926411
0.926376
0.926340
0.926335
0.926329
0.926294
0.926298
0.926273
0.926277
0.926311
0.926306
0.926320
0.926334
0.926329
0.926372
0.926357
0.926352
0.926395
0.926390
0.926413
0.926437
0.926432
0.926436
0.926459
0.926425
0.926419
0.926433
0.926427
0.926432
0.926484
0.926488
0.926512
0.926497
0.926472
0.926485
0.926490
0.926523
0.926507
0.926531
0.926515
0.926558
0.926581
0.926585
0.926608
0.926602
0.926578
0.926563
0.926567
0.926580
0.926594
0.926626
0.926668
0.926681
0.926657
0.926651
0.926626
0.926602
0.926615
0.926553
0.926576
0.926627
0.926650
0.926635
0.926648
0.926642
0.926674
0.926706
0.926710
0.926751
0.926783
0.926796
0.926818
0.926831
0.926844
0.926810
0.926860
0.926882
0.926849
0.926769
0.926764
0.926721
0.926753
0.926729
0.926723
0.926690
0.926712
0.926679
0.926664
0.926687
0.926690
0.926685
0.926725
0.926738
0.926723
0.926754
0.926785
0.926798
0.926792
0.926769
0.926790
0.926794
0.926797
0.926810
0.926787
0.926790
0.926794
0.926779
0.926774
0.926786
0.926772
0.926731
0.926743
0.926774
0.926795
0.926816
0.926829
0.926850
0.926854
0.926795
0.926807
0.926784
0.926779
0.926791
0.926750
0.926762
0.926757
0.926778
0.926729
0.926723
0.926692
0.926660
0.926664
0.926667
0.926680
0.926736
0.926739
0.926725
0.926746
0.926776
0.926797
0.926818
0.926839
0.926877
0.926889
0.926901
0.926896
0.926882
0.926868
0.926828
0.926770
0.926791
0.926786
0.926815
0.926836
0.926805
0.926800
0.926743
0.926729
0.926724
0.926727
0.926748
0.926751
0.926729
0.926749
0.926770
0.926739
0.926751
0.926763
0.926766
0.926778
0.926824
0.926811
0.926788
0.926817
0.926846
0.926798
0.926827
0.926814
0.926817
0.926837
0.926840
0.926861
0.926847
0.926808
0.926811
0.926806
0.926784
0.926830
0.926858
0.926895
0.926890
0.926893
0.926871
0.926883
0.926877
0.926906
0.926859
0.926887
0.926882
0.926885
0.926897
0.926875
0.926895
0.926906
0.926909
0.926888
0.926866
0.926894
0.926897
0.926900
0.926887
0.926882
0.926893
0.926905
0.926900
0.926919
0.926939
0.926958
0.926953
0.926973
0.927000
0.927011
0.927047
0.927042
0.927012
0.927015
0.927026
0.927029
0.927065
0.927027
0.927014
0.926977
0.927028
0.927023
0.926994
0.927037
0.927080
0.927075
0.927118
0.927129
0.927140
0.927111
0.927138
0.927141
0.927144
0.927131
0.927110
0.927088
0.927083
0.927038
0.927041
0.927036
0.927039
0.927034
0.927053
0.927040
0.927011
0.927014
0.926946
0.926957
0.926952
0.926963
0.926982
0.926977
0.926932
0.926880
0.926868
0.926879
0.926858
0.926806
0.926801
0.926789
0.926808
0.926826
0.926829
0.926785
0.926789
0.926784
0.926795
0.926806
0.926832
0.926804
0.926822
0.926810
0.926805
0.926762
0.926757
0.926752
0.926756
0.926751
0.926754
0.926765
0.926768
0.926786
0.926782
0.926808
0.926803
0.926806
0.926817
0.926827
0.926830
0.926849
0.926844
0.926862
0.926858
0.926861
0.926833
0.926859
0.926877
0.926895
0.926875
0.926840
0.926836
0.926831
0.926826
0.926829
0.926840
0.926820
0.926800
0.926826
0.926814
0.926817
0.926842
0.926853
0.926863
0.926896
0.926914
0.926924
0.926927
0.926923
0.926918
0.926928
0.926886
0.926904
0.926914
0.926910
0.926928
0.926923
0.926911
0.926906
0.926939
0.926957
0.926937
0.926940
0.926972
0.926960
0.926926
0.926944
0.926961
0.926942
0.926952
0.926933
0.926943
0.926968
0.926963
0.926988
0.926998
0.927001
0.926982
0.926984
0.927016
0.927004
0.926985
0.926995
0.926961
0.926928
0.926938
0.926955
0.926951
0.926917
0.926905
0.926915
0.926889
0.926892
0.926887
0.926890
0.926922
0.926954
0.926985
0.926995
0.926991
0.927008
0.926982
0.926977
0.926994
0.926975
0.926999
0.927009
0.927019
0.927022
0.927046
0.927070
0.927066
0.927075
0.927078
0.927081
0.927069
0.927079
0.927067
0.927070
0.927093
0.927096
0.927134
0.927151
0.927189
0.927198
0.927194
0.927175
0.927199
0.927180
0.927197
0.927220
0.927223
0.927225
0.927242
0.927230
0.927226
0.927221
0.927210
0.927205
0.927200
0.927203
0.927233
0.927243
0.927252
0.927255
0.927243
0.927253
0.927234
0.927257
0.927246
0.927276
0.927299
0.927302
0.927297
0.927341
0.927350
0.927346
0.927362
0.927351
0.927367
0.927383
0.927364
0.927387
0.927397
0.927371
0.927408
0.927410
0.927426
0.927436
0.927452
0.927440
0.927442
0.927451
0.927467
0.927456
0.927451
0.927460
0.927456
0.927444
0.927467
0.927476
0.927478
0.927494
0.927503
0.927505
0.927501
0.927482
0.927498
0.927527
0.927516
0.927505
0.927500
0.927502
0.927471
0.927493
0.927475
0.927471
0.927466
0.927475
0.927457
0.927453
0.927475
0.927497
0.927486
0.927475
0.927477
0.927499
0.927495
0.927510
0.927492
0.927508
0.927497
0.927492
0.927474
0.927490
0.927505
0.927487
0.927463
0.927472
0.927467
0.927463
0.927478
0.927500
0.927463
0.934783
0.943005
0.945578
0.946835
0.947581
0.938023
0.936963
0.939925
0.940000
0.937063
0.939201
0.935162
0.933282
0.936655
0.934263
0.934661
0.935012
0.935323
0.936126
0.936350
0.937027
0.938093
0.937338
0.935404
0.935612
0.935422
0.935247
0.934019
0.934247
0.934459
0.934337
0.934843
0.935620
0.935474
0.935905
0.935760
0.936695
0.937320
0.937150
0.936492
0.935140
0.935507
0.935856
0.935513
0.935185
0.935734
0.934572
0.934284
0.935020
0.935330
0.935045
0.934579
0.934319
0.934803
0.935088
0.935187
0.935978
0.935374
0.934622
0.934887
0.934493
0.935071
0.934687
0.934624
0.934411
0.934355
0.934448
0.934684
0.934626
0.934145
0.933817
0.933499
0.934003
0.933691
0.933254
0.933090
0.933187
0.933410
0.933752
0.933713
0.933921
0.934365
0.934321
0.934513
0.934701
0.934770
0.934951
0.935128
0.935301
0.935360
0.935308
0.935689
0.935955
0.936321
0.936470
0.936410
0.936657
0.936394
0.936737
0.936676
0.936813
0.936850
0.936887
0.936255
0.936297
0.936244
0.935729
0.935774
0.935818
0.935952
0.935547
0.935504
0.935812
0.935767
0.935981
0.936192
0.935806
0.935847
0.935887
0.935678
0.935719
0.935840
0.936121
0.936077
0.936113
0.936148
0.936418
0.936450
0.936175
0.936438
0.935940
0.935975
0.936085
0.936266
0.936005
0.935966
0.935638
0.935746
0.935638
0.935532
0.935427
0.935533
0.935084
0.934847
0.934408
0.934790
0.934829
0.934735
0.934907
0.934945
0.934654
0.934498
0.934538
0.934127
0.934105
0.933892
0.933682
0.933789
0.933832
0.933688
0.933362
0.933101
0.933086
0.932770
0.932997
0.932804
0.932910
0.932779
0.932825
0.932929
0.932627
0.932673
0.932604
0.932422
0.932526
0.932572
0.932617
0.932551
0.932706
0.932915
0.932739
0.932782
0.932879
0.932759
0.932641
0.932684
0.932620
0.932715
0.932390
0.932381
0.932476
0.932518
0.932714
0.932653
0.932287
0.932077
0.932170
0.932213
0.932056
0.931999
0.931993
0.932232
0.932126
0.932168
0.932161
0.932250
0.932338
0.932330
0.932417
0.932267
0.932307
0.932112
0.932106
0.931914
0.931770
0.931673
0.931669
0.931619
0.931569
0.931610
0.931427
0.931558
0.931465
0.931373
0.931326
0.931411
0.931015
0.930970
0.931099
0.931011
0.931095
0.931093
0.931219
0.931259
0.931341
0.931212
0.931252
0.931208
0.931206
0.931163
0.931243
0.931200
0.931238
0.931277
0.931355
0.931352
0.931350
0.931147
0.931185
0.931183
0.931260
0.931376
0.931295
0.931371
0.931446
0.931597
0.931671
0.931706
0.931740
0.931622
0.931504
0.931388
0.931423
0.931307
0.931230
0.931228
0.931152
0.931224
0.931112
0.931147
0.931145
0.931034
0.931033
0.930815
0.930815
0.930886
0.930993
0.930991
0.931203
0.931272
0.931376
0.931338
0.931336
0.931229
0.931297
0.931364
0.931396
0.931463
0.931563
0.931560
0.931353
0.931452
0.931416
0.931481
0.931478
0.931609
0.931573
0.931603
0.931500
0.931498
0.931331
0.931296
0.931424
0.931324
0.931387
0.931482
0.931544
0.931413
0.931506
0.931632
0.931533
0.931467
0.931338
0.931399
0.931271
0.931332
0.931392
0.931452
0.931357
0.931386
0.931353
0.931351
0.931287
0.931194
0.931192
0.931312
0.931340
0.931399
0.931487
0.931515
0.931452
0.931361
0.931240
0.931238
0.931236
0.931235
0.931204
0.931114
0.931113
0.931112
0.931082
0.930849
0.930964
0.930963
0.930962
0.930990
0.930989
0.931017
0.931129
0.931015
0.930901
0.930929
0.930956
0.931039
0.931122
0.931093
0.931203
0.931312
0.931310
0.931199
0.931197
0.931196
0.931249
0.931302
0.931354
0.931353
0.931351
0.931403
0.931481
0.931372
0.931317
0.931289
0.931287
0.931312
0.931284
0.931203
0.931228
0.931227
0.931278
0.931276
0.931327
0.931299
0.931220
0.931244
0.931140
0.931113
0.931163
0.931162
0.931110
0.931084
0.931057
0.931056
0.931106
0.931155
0.931229
0.931153
0.931127
0.931026
0.930951
0.930925
0.931048
0.930998
0.930850
0.930776
0.930800
0.930751
0.930824
0.930654
0.930654
0.930678
0.930678
0.930702
0.930774
0.930726
0.930797
0.930845
0.930773
0.930773
0.930749
0.930749
0.930678
0.930725
0.930749
0.930772
0.930725
0.930748
0.930795
0.930725
0.930633
0.930633
0.930610
0.930541
0.930381
0.930405
0.930428
0.930429
0.930498
0.930543
0.930499
0.930476
0.930499
0.930455
0.930433
0.930389
0.930457
0.930391
0.930369
0.930259
0.930304
0.930349
0.930372
0.930351
0.930308
0.930243
0.930309
0.930289
0.930311
0.930355
0.930421
0.930400
0.930422
0.930444
0.930444
0.930488
0.930467
0.930467
0.930298
0.930299
0.930384
0.930343
0.930344
0.930323
0.930282
0.930346
0.930346
0.930410
0.930389
0.930328
0.930329
0.930329
0.930351
0.930393
0.930516
0.930537
0.930619
0.930619
0.930599
0.930538
0.930599
0.930640
0.930660
0.930660
0.930681
0.930580
0.930521
0.930501
0.930521
0.930522
0.930522
0.930502
0.930602
0.930562
0.930602
0.930661
0.930622
0.930622
0.930642
0.930622
0.930623
0.930662
0.930700
0.930739
0.930758
0.930758
0.930758
0.930758
0.930758
0.930777
0.930796
0.930814
0.930833
0.930833
0.930814
0.930776
0.930776
0.930813
0.930794
0.930775
0.930756
0.930719
0.930775
0.930775
0.930756
0.930811
0.930830
0.930866
0.930829
0.930866
0.930920
0.930920
0.930901
0.930919
0.930919
0.930900
0.930954
0.930990
0.930971
0.931043
0.931079
0.931042
0.931095
0.931112
0.931130
0.931147
0.931128
0.931198
0.931180
0.931232
0.931267
0.931283
0.931265
0.931211
0.931192
0.931121
0.931173
0.931207
0.931189
0.931188
0.931257
0.931290
0.931307
0.931323
0.931304
0.931234
0.931251
0.931215
0.931197
0.931213
0.931178
0.931229
0.931143
0.931159
0.931175
0.931191
0.931173
0.931139
0.931155
0.931053
0.930985
0.931001
0.931034
0.931034
0.931033
0.931066
0.931016
0.931048
0.930965
0.930981
0.930898
0.930930
0.930864
0.930880
0.930831
0.930765
0.930781
0.930814
0.930732
0.930715
0.930748
0.930699
0.930715
0.930732
0.930796
0.930828
0.930731
0.930747
0.930731
0.930747
0.930683
0.930619
0.930715
0.930699
0.930763
0.930778
0.930762
0.930778
0.930762
0.930746
0.930746
0.930793
0.930887
0.930903
0.930918
0.930918
0.930980
0.930932
0.930777
0.930714
0.930776
0.930776
0.930776
0.930822
0.930868
0.930883
0.930914
0.930852
0.930882
0.930882
0.930928
0.930988
0.930957
0.930957
0.930972
0.930986
0.931001
0.930955
0.930955
0.930924
0.930879
0.930879
0.930849
0.930848
0.930863
0.930848
0.930833
0.930832
0.930862
0.930847
0.930787
0.930758
0.930684
0.930713
0.930743
0.930728
0.930699
0.930684
0.930684
0.930699
0.930699
0.930640
0.930713
0.930669
0.930597
0.930583
0.930583
0.930569
0.930583
0.930569
0.930584
0.930584
0.930469
0.930412
0.930470
0.930499
0.930470
0.930457
0.930500
0.930557
0.930543
0.930514
0.930472
0.930402
0.930403
0.930417
0.930431
0.930474
0.930516
0.930586
0.930615
0.930587
0.930615
0.930657
0.930629
0.930671
0.930601
0.930615
0.930588
0.930629
0.930671
0.930698
0.930643
0.930657
0.930671
0.930644
0.930657
0.930671
0.930616
0.930630
0.930685
0.930685
0.930685
0.930739
0.930766
0.930806
0.930846
0.930860
0.930832
0.930805
0.930712
0.930738
0.930738
0.930738
0.930738
0.930725
0.930738
0.930672
0.930685
0.930698
0.930698
0.930711
0.930751
0.930764
0.930711
0.930724
0.930711
0.930737
0.930711
0.930646
0.930633
0.930633
0.930646
0.930607
0.930633
0.930672
0.930620
0.930659
0.930633
0.930659
0.930659
0.930646
0.930672
0.930672
0.930736
0.930749
0.930787
0.930838
0.930838
0.930800
0.930876
0.930863
0.930863
0.930862
0.930862
0.930913
0.930937
0.930937
0.930949
0.930999
0.930986
0.930961
0.930936
0.930948
0.930923
0.930910
0.930860
0.930859
0.930884
0.930896
0.930908
0.930871
0.930896
0.930932
0.930907
0.930882
0.930895
0.930907
0.930906
0.930894
0.930869
0.930832
0.930820
0.930820
0.930832
0.930880
0.930868
0.930843
0.930795
0.930807
0.930806
0.930794
0.930782
0.930794
0.930782
0.930818
0.930794
0.930805
0.930757
0.930757
0.930745
0.930709
0.930698
0.930721
0.930733
0.930769
0.930769
0.930804
0.930804
0.930816
0.930804
0.930804
0.930815
0.930803
0.930780
0.930838
0.930826
0.930838
0.930849
0.930884
0.930919
0.930942
0.930942
0.930953
0.930964
0.930976
0.931022
0.931010
0.931009
0.930986
0.930997
0.931020
0.931008
0.930996
0.930961
0.931007
0.930995
0.930995
0.931017
0.930983
0.930994
0.930982
0.930993
0.930936
0.930879
0.930822
0.930833
0.930833
0.930855
0.930889
0.930911
0.930956
0.930922
0.930933
0.930966
0.930966
0.930999
0.931055
0.931043
0.930976
0.930998
0.930975
0.930931
0.930897
0.930886
0.930897
0.930919
0.930929
0.930940
0.930995
0.931028
0.931027
0.931049
0.931038
0.931070
0.931070
0.931080
0.931080
0.931090
0.931122
0.931144
0.931078
0.931078
0.931099
0.931088
0.931022
0.931022
0.930967
0.930956
0.930956
0.930934
0.930923
0.930955
0.930966
0.930987
0.930997
0.931018
0.931018
0.931007
0.931007
0.931017
0.931006
0.931048
0.931026
0.931047
0.931036
0.931078
0.931078
0.931025
0.931014
0.930992
0.931024
0.931023
0.930981
0.930981
0.930980
0.930938
0.930927
0.930906
0.930948
0.930927
0.930937
0.930947
0.930978
0.930967
0.930967
0.930998
0.931018
0.931018
0.931028
0.931007
0.931027
0.931058
0.931057
0.931057
0.931077
0.931077
0.931004
0.931014
0.930963
0.930942
0.930921
0.930911
0.930941
0.930951
0.930992
0.931012
0.931001
0.930981
0.931001
0.931021
0.931040
0.931000
0.931020
0.931009
0.931019
0.931039
0.931058
0.931048
0.931028
0.931017
0.930997
0.931027
0.931016
0.931046
0.931036
0.931025
0.931035
0.931034
0.931024
0.931014
0.931024
0.931033
0.931072
0.931052
0.931081
0.931111
0.931150
0.931149
0.931139
0.931178
0.931167
0.931177
0.931166
0.931146
0.931175
0.931185
0.931204
0.931164
0.931173
0.931183
0.931172
0.931201
0.931239
0.931229
0.931219
0.931228
0.931256
0.931256
0.931265
0.931264
0.931254
0.931254
0.931282
0.931291
0.931243
0.931213
0.931194
0.931174
0.931174
0.931154
0.931116
0.931144
0.931143
0.931181
0.931180
0.931199
0.931198
0.931188
0.931178
0.931187
0.931178
0.931215
0.931167
0.931110
0.931129
0.931110
0.931119
0.931137
0.931155
0.931164
0.931210
0.931238
0.931265
0.931283
0.931283
0.931292
0.931319
0.931309
0.931336
0.931363
0.931372
0.931371
0.931389
0.931379
0.931379
0.931387
0.931378
0.931377
0.931376
0.931385
0.931412
0.931374
0.931346
0.931337
0.931345
0.931326
0.931280
0.931243
0.931252
0.931251
0.931223
0.931232
0.931231
0.931249
0.931230
0.931221
0.931202
0.931157
0.931138
0.931120
0.931120
0.931128
0.931146
0.931127
0.931136
0.931162
0.931135
0.931135
0.931170
0.931161
0.931169
0.931124
0.931124
0.931115
0.931123
0.931114
0.931105
0.931069
0.931095
0.931130
0.931156
0.931165
0.931155
0.931146
0.931146
0.931092
0.931136
0.931127
0.931074
0.931091
0.931099
0.931117
0.931151
0.931133
0.931168
0.931159
0.931115
0.931123
0.931105
0.931131
0.931183
0.931217
0.931217
0.931190
0.931216
0.931232
0.931232
0.931249
0.931266
0.931205
0.931187
0.931195
0.931212
0.931220
0.931254
0.931245
0.931253
0.931201
0.931244
0.931269
0.931251
0.931234
0.931225
0.931207
0.931207
0.931223
0.931197
0.931222
0.931230
0.931238
0.931238
0.931263
0.931220
0.931152
0.931143
0.931143
0.931134
0.931117
0.931133
0.931116
0.931091
0.931124
0.931132
0.931098
0.931098
0.931047
0.931039
0.931047
0.931063
0.931071
0.931104
0.931129
0.931112
0.931095
0.931127
0.931144
0.931168
0.931168
0.931118
0.931101
0.931134
0.931141
0.931182
0.931190
0.931181
0.931189
0.931172
0.931172
0.931155
0.931155
0.931163
0.931162
0.931194
0.931137
0.931128
0.931153
0.931152
0.931184
0.931208
0.931216
0.931248
0.931256
0.931263
0.931230
0.931230
0.931262
0.931270
0.931245
0.931285
0.931300
0.931292
0.931283
0.931267
0.931274
0.931290
0.931305
0.931321
0.931304
0.931320
0.931327
0.931335
0.931350
0.931342
0.931301
0.931277
0.931285
0.931284
0.931268
0.931283
0.931291
0.931314
0.931337
0.931352
0.931391
0.931399
0.931398
0.931406
0.931397
0.931404
0.931427
0.931458
0.931450
0.931473
0.931480
0.931487
0.931479
0.931478
0.931485
0.931461
0.931468
0.931491
0.931491
0.931498
0.931497
0.931489
0.931504
0.931503
0.931487
0.931494
0.931462
0.931446
0.931438
0.931407
0.931414
0.931436
0.931405
0.931389
0.931411
0.931449
0.931456
0.931471
0.931478
0.931455
0.931485
0.931492
0.931499
0.931521
0.931536
0.931527
0.931534
0.931534
0.931556
0.931571
0.931555
0.931569
0.931553
0.931575
0.931575
0.931574
0.931566
0.931550
0.931557
0.931571
0.931556
0.931570
0.931554
0.931561
0.931598
0.931597
0.931582
0.931596
0.931610
0.931647
0.931639
0.931601
0.931593
0.931577
0.931569
0.931576
0.931575
0.931552
0.931544
0.931580
0.931602
0.931572
0.931593
0.931615
0.931636
0.931680
0.931709
0.931745
0.931766
0.931795
0.931765
0.931764
0.931771
0.931792
0.931791
0.931776
0.931782
0.931745
0.931744
0.931728
0.931720
0.931727
0.931748
0.931747
0.931739
0.931746
0.931796
0.931802
0.931794
0.931801
0.931822
0.931821
0.931835
0.931827
0.931847
0.931876
0.931867
0.931867
0.931902
0.931923
0.931893
0.931921
0.931934
0.931941
0.931933
0.931917
0.931916
0.931916
0.931900
0.931907
0.931920
0.931948
0.931968
0.931975
0.931988
0.932023
0.932036
0.932049
0.932020
0.932033
0.932039
0.932010
0.931995
0.931987
0.931972
0.931942
0.931941
0.931941
0.931954
0.931960
0.931910
0.931930
0.931894
0.931879
0.931864
0.931863
0.931848
0.931861
0.931854
0.931846
0.931852
0.931872
0.931857
0.931842
0.931870
0.931862
0.931854
0.931839
0.931811
0.931796
0.931795
0.931780
0.931787
0.931814
0.931799
0.931784
0.931790
0.931790
0.931761
0.931754
0.931753
0.931766
0.931738
0.931758
0.931764
0.931742
0.931721
0.931748
0.931761
0.931739
0.931752
0.931745
0.931737
0.931736
0.931770
0.931742
0.931755
0.931761
0.931774
0.931773
0.931793
0.931778
0.931798
0.931797
0.931756
0.931721
0.931720
0.931713
0.931719
0.931759
0.931724
0.931751
0.931757
0.931770
0.931776
0.931755
0.931734
0.931746
0.931752
0.931752
0.931744
0.931750
0.931770
0.931749
0.931735
0.931734
0.931740
0.931719
0.931712
0.931671
0.931697
0.931703
0.931736
0.931728
0.931714
0.931700
0.931693
0.931692
0.931692
0.931684
0.931697
0.931716
0.931702
0.931669
0.931714
0.977528
0.942105
0.945017
0.943878
0.931034
0.927609
0.933813
0.937186
0.936455
0.939880
0.937216
0.933333
0.933128
0.933666
0.933466
0.933292
0.932551
0.933001
0.933403
0.934263
0.933144
0.932127
0.932929
0.932836
0.932352
0.933053
0.931492
0.931463
0.932122
0.931743
0.931388
0.931988
0.931346
0.929866
0.930173
0.930464
0.931007
0.930214
0.929717
0.929990
0.930734
0.931442
0.931886
0.931859
0.931171
0.931808
0.932418
0.931969
0.931740
0.931917
0.931504
0.931107
0.931474
0.932010
0.932347
0.932495
0.932637
0.932946
0.933076
0.932870
0.933160
0.933600
0.933239
0.933664
0.933771
0.934476
0.933235
0.932760
0.932730
0.933126
0.933510
0.933196
0.933025
0.933396
0.933492
0.932542
0.932904
0.932367
0.932471
0.932449
0.932060
0.932044
0.931310
0.931185
0.931529
0.931404
0.931624
0.931613
0.931826
0.931593
0.931801
0.931466
0.930924
0.931027
0.931024
0.931330
0.931323
0.931418
0.931511
0.931602
0.931887
0.931876
0.931768
0.932043
0.931464
0.931644
0.931913
0.931993
0.932345
0.932420
0.932405
0.932566
0.932637
0.932794
0.932604
0.932331
0.932317
0.932219
0.932373
0.932359
0.932509
0.932331
0.932318
0.932305
0.932371
0.932122
0.932111
0.932022
0.932012
0.932154
0.932067
0.931907
0.931749
0.932037
0.931807
0.932017
0.932080
0.931998
0.932131
0.932121
0.932321
0.932659
0.932368
0.932494
0.932208
0.932401
0.932659
0.932378
0.932699
0.932884
0.932935
0.933181
0.933424
0.933728
0.933772
0.933816
0.933670
0.933588
0.933757
0.933862
0.933842
0.933823
0.933803
0.933724
0.933766
0.933508
0.933551
0.933475
0.933458
0.933675
0.933716
0.933756
0.933738
0.933607
0.933420
0.933461
0.933445
0.933541
0.933415
0.933454
0.933330
0.933424
0.933138
0.932910
0.933219
0.933259
0.933457
0.933600
0.933323
0.933413
0.933399
0.933230
0.933371
0.933204
0.933445
0.933532
0.933467
0.933153
0.933041
0.932980
0.932919
0.932859
0.933044
0.932838
0.932876
0.933010
0.932903
0.932987
0.932976
0.933154
0.933048
0.933131
0.932840
0.932506
0.932452
0.932444
0.932390
0.932609
0.932691
0.932547
0.932673
0.932753
0.932833
0.932868
0.932990
0.933024
0.932970
0.933047
0.933209
0.933198
0.933059
0.933091
0.933166
0.933240
0.933229
0.933345
0.933208
0.933364
0.933518
0.933259
0.933289
0.933238
0.933350
0.933461
0.933530
0.933438
0.933547
0.933536
0.933564
0.933553
0.933541
0.933530
0.933558
0.933742
0.933768
0.933679
0.933706
0.933656
0.933759
0.933747
0.933849
0.933724
0.933712
0.933701
0.933727
0.933716
0.933853
0.933730
0.933682
0.933597
0.933733
0.933867
0.934001
0.934025
0.934049
0.934037
0.933953
0.933870
0.933823
0.933883
0.933871
0.934001
0.934094
0.934012
0.933862
0.933885
0.934012
0.934069
0.933955
0.933773
0.933762
0.933752
0.933741
0.933765
0.933754
0.933710
0.933667
0.933590
0.933548
0.933637
0.933660
0.933650
0.933739
0.933631
0.933719
0.933612
0.933538
0.933496
0.933455
0.933414
0.933501
0.933619
0.933515
0.933569
0.933528
0.933582
0.933542
0.933439
0.933400
0.933391
0.933475
0.933528
0.933335
0.933388
0.933502
0.933584
0.933697
0.933688
0.933769
0.933820
0.933990
0.934039
0.934089
0.933960
0.934039
0.934058
0.934107
0.934156
0.934146
0.934135
0.934183
0.934260
0.934250
0.934268
0.934315
0.934333
0.934408
0.934483
0.934501
0.934405
0.934197
0.934187
0.934121
0.934195
0.934018
0.934064
0.934082
0.934073
0.934119
0.934164
0.934100
0.934118
0.934081
0.934153
0.934171
0.934243
0.934287
0.934358
0.934241
0.934177
0.934195
0.934212
0.934309
0.934299
0.934369
0.934464
0.934454
0.934497
0.934591
0.934607
0.934623
0.934535
0.934499
0.934566
0.934659
0.934546
0.934562
0.934654
0.934695
0.934684
0.934775
0.934765
0.934830
0.934845
0.934809
0.934699
0.934714
0.934729
0.934594
0.934585
0.934600
0.934664
0.934654
0.934497
0.934561
0.934576
0.934542
0.934532
0.934499
0.934562
0.934649
0.934712
0.934726
0.934692
0.934659
0.934578
0.934592
0.934701
0.934668
0.934682
0.934696
0.934640
0.934654
0.934691
0.934775
0.934858
0.934779
0.934816
0.934899
0.934912
0.934856
0.934846
0.934860
0.934873
0.934886
0.934899
0.935025
0.934948
0.935028
0.935041
0.934986
0.934976
0.934944
0.934935
0.934859
0.934871
0.934884
0.934897
0.934866
0.934922
0.934891
0.934816
0.934785
0.934601
0.934549
0.934519
0.934467
0.934416
0.934365
0.934421
0.934392
0.934362
0.934419
0.934475
0.934424
0.934480
0.934493
0.934569
0.934519
0.934447
0.934481
0.934515
0.934549
0.934541
0.934575
0.934566
0.934475
0.934447
0.934501
0.934513
0.934629
0.934662
0.934695
0.934748
0.934760
0.934772
0.934743
0.934776
0.934767
0.934739
0.934751
0.934783
0.934835
0.934846
0.934958
0.934969
0.934941
0.934873
0.934904
0.934955
0.934907
0.934958
0.934949
0.935019
0.935030
0.935080
0.935072
0.934946
0.934977
0.934968
0.935018
0.934952
0.934963
0.934954
0.934965
0.934976
0.935006
0.934960
0.934990
0.934981
0.934916
0.934908
0.934919
0.934873
0.934846
0.934801
0.934830
0.934841
0.934852
0.934844
0.934855
0.934847
0.934840
0.934739
0.934732
0.934761
0.934735
0.934709
0.934665
0.934786
0.934742
0.934771
0.934836
0.934883
0.934930
0.934995
0.934987
0.934997
0.934989
0.934891
0.934902
0.934912
0.934940
0.934968
0.935014
0.934935
0.934999
0.935026
0.935019
0.935011
0.935092
0.935101
0.935058
0.935121
0.935095
0.935105
0.935132
0.935124
0.935064
0.935092
0.935032
0.935042
0.935051
0.935044
0.935036
0.935046
0.935055
0.935065
0.935074
0.935118
0.935145
0.935120
0.935163
0.935173
0.935165
0.935039
0.935133
0.935092
0.935101
0.935110
0.935120
0.935162
0.935121
0.935047
0.935106
0.935099
0.935125
0.935101
0.934994
0.935020
0.935079
0.934989
0.934933
0.934909
0.934952
0.934977
0.934987
0.934931
0.934924
0.934900
0.934845
0.934822
0.934880
0.934873
0.934834
0.934843
0.934837
0.934862
0.934871
0.934817
0.934794
0.934835
0.934844
0.934854
0.934863
0.934888
0.934913
0.934938
0.934805
0.934861
0.934808
0.934848
0.934888
0.934866
0.934860
0.934869
0.934846
0.934871
0.934880
0.934873
0.934867
0.934891
0.934900
0.934909
0.934948
0.934942
0.934935
0.934959
0.934953
0.935007
0.934985
0.935009
0.934972
0.934860
0.934853
0.934802
0.934826
0.934804
0.934798
0.934777
0.934801
0.934824
0.934818
0.934842
0.934835
0.934770
0.934778
0.934743
0.934737
0.934716
0.934754
0.934704
0.934683
0.934663
0.934642
0.934621
0.934630
0.934595
0.934575
0.934555
0.934534
0.934601
0.934552
0.934561
0.934570
0.934579
0.934559
0.934524
0.934533
0.934556
0.934551
0.934531
0.934525
0.934520
0.934557
0.934551
0.934574
0.934625
0.934648
0.934657
0.934665
0.934645
0.934640
0.934634
0.934642
0.934609
0.934645
0.934668
0.934676
0.934656
0.934651
0.934659
0.934668
0.934690
0.934629
0.934609
0.934604
0.934571
0.934607
0.934588
0.934569
0.934577
0.934640
0.934676
0.934697
0.934651
0.934646
0.934626
0.934621
0.934575
0.934543
0.934497
0.934546
0.934581
0.934602
0.934597
0.934632
0.934640
0.934702
0.934696
0.934691
0.934686
0.934734
0.934768
0.934736
0.934717
0.934752
0.934720
0.934728
0.934722
0.934691
0.934659
0.934575
0.934543
0.934591
0.934572
0.934607
0.934601
0.934648
0.934695
0.934703
0.934698
0.934641
0.934597
0.934617
0.934690
0.934749
0.934705
0.934661
0.934708
0.934715
0.934761
0.934731
0.934738
0.934707
0.934779
0.934786
0.934832
0.934827
0.934847
0.934829
0.934849
0.934818
0.934851
0.934858
0.934891
0.934885
0.934792
0.934774
0.934731
0.934701
0.934709
0.934666
0.934674
0.934706
0.934713
0.934683
0.934703
0.934698
0.934730
0.934738
0.934782
0.934789
0.934760
0.934791
0.934762
0.934757
0.934727
0.934698
0.934668
0.934700
0.934732
0.934727
0.934734
0.934729
0.934748
0.934731
0.934738
0.934709
0.934668
0.934699
0.934683
0.934654
0.934673
0.934680
0.934663
0.934599
0.934594
0.934601
0.934561
0.934616
0.934623
0.934606
0.934661
0.934680
0.934675
0.934694
0.934654
0.934649
0.934656
0.934651
0.934623
0.934595
0.934614
0.934586
0.934604
0.934600
0.934595
0.934602
0.934598
0.934570
0.934589
0.934572
0.934614
0.934668
0.934698
0.934693
0.934688
0.934695
0.934690
0.934720
0.934681
0.934700
0.934706
0.934667
0.934686
0.934658
0.934676
0.934717
0.934713
0.934674
0.934681
0.934710
0.934728
0.934746
0.934776
0.934805
0.934812
0.934852
0.934915
0.934944
0.934928
0.934945
0.934952
0.934902
0.934886
0.934904
0.934921
0.934883
0.934890
0.934885
0.934891
0.934909
0.934893
0.934899
0.934961
0.934989
0.934995
0.934980
0.934986
0.934948
0.934943
0.934994
0.935044
0.935083
0.935100
0.935149
0.935144
0.935161
0.935178
0.935151
0.935168
0.935218
0.935256
0.935262
0.935311
0.935306
0.935333
0.935317
0.935355
0.935340
0.935324
0.935330
0.935335
0.935319
0.935325
0.935374
0.935390
0.935406
0.935433
0.935428
0.935433
0.935450
0.935476
0.935503
0.935519
0.935461
0.935445
0.935483
0.935488
0.935483
0.935499
0.935483
0.935499
0.935484
0.935499
0.935494
0.935447
0.935432
0.935448
0.935443
0.935396
0.935371
0.935407
0.935392
0.935408
0.935403
0.935398
0.935414
0.935409
0.935455
0.935419
0.935425
0.935430
0.935446
0.935472
0.935487
0.935492
0.935436
0.935462
0.935437
0.935452
0.935458
0.935432
0.935417
0.935443
0.935448
0.935453
0.935449
0.935464
0.935489
0.935454
0.935449
0.935465
0.935450
0.935445
0.935460
0.935465
0.935441
0.935396
0.935391
0.935406
0.935431
0.935367
0.935392
0.935407
0.935422
0.935437
0.935453
0.935438
0.935394
0.935389
0.935355
0.935340
0.935316
0.935311
0.935336
0.935341
0.935317
0.935342
0.935376
0.935411
0.935436
0.935460
0.935456
0.935470
0.935495
0.935490
0.935437
0.935452
0.935486
0.935491
0.935476
0.935481
0.935467
0.935414
0.935429
0.935424
0.935400
0.935357
0.935334
0.935377
0.935334
0.935349
0.935354
0.935359
0.935326
0.935350
0.935336
0.935265
0.935289
0.935294
0.935280
0.935276
0.935271
0.935305
0.935329
0.935343
0.935348
0.935382
0.935396
0.935392
0.935397
0.935420
0.935435
0.935421
0.935426
0.935430
0.935454
0.935478
0.935445
0.935459
0.935455
0.935487
0.935511
0.935525
0.935558
0.935581
0.935548
0.935553
0.935595
0.935627
0.935613
0.935609
0.935604
0.935627
0.935595
0.935636
0.935604
0.935591
0.935559
0.935536
0.935540
0.935545
0.935541
0.935545
0.935577
0.935627
0.935650
0.935618
0.935623
0.935637
0.935641
0.935637
0.935632
0.935637
0.935668
0.935655
0.935641
0.935646
0.935632
0.935637
0.935668
0.935699
0.935677
0.935646
0.935650
0.935646
0.935588
0.935592
0.935588
0.935610
0.935623
0.935619
0.935623
0.935637
0.935668
0.935681
0.935668
0.935637
0.935641
0.935619
0.935624
0.935646
0.935668
0.935698
0.935694
0.935672
0.935685
0.935672
0.935676
0.935663
0.935632
0.935602
0.935563
0.935576
0.935554
0.935559
0.935554
0.935541
0.935546
0.935533
0.935503
0.935507
0.935503
0.935533
0.935538
0.935551
0.935564
0.935577
0.935607
0.935663
0.935658
0.935680
0.935650
0.935680
0.935658
0.935637
0.935633
0.935603
0.935633
0.935611
0.935599
0.935611
0.935607
0.935586
0.935590
0.935586
0.935624
0.935595
0.935582
0.935578
0.935591
0.935629
0.935557
0.935536
0.935540
0.935494
0.935515
0.935545
0.935532
0.935545
0.935549
0.935545
0.935549
0.935520
0.935491
0.935487
0.935500
0.935529
0.935500
0.935521
0.935517
0.935496
0.935492
0.935488
0.935443
0.935439
0.935410
0.935423
0.935419
0.935374
0.935353
0.935349
0.935362
0.935342
0.935330
0.935326
0.935314
0.935351
0.935347
0.935376
0.935396
0.935401
0.935372
0.935385
0.935373
0.935393
0.935406
0.935386
0.935366
0.935378
0.935342
0.935322
0.935342
0.935355
0.935367
0.935355
0.935359
0.935364
0.935392
0.935380
0.935376
0.935373
0.935393
0.935373
0.935385
0.935333
0.935306
0.935310
0.935298
0.935303
0.935307
0.935287
0.935252
0.935256
0.935252
0.935280
0.935253
0.935265
0.935277
0.935305
0.935310
0.935258
0.935263
0.935259
0.935255
0.935236
0.935272
0.935260
0.935257
0.935237
0.935218
0.935183
0.935164
0.935137
0.935133
0.935153
0.935158
0.935146
0.935143
0.935139
0.935167
0.935148
0.935137
0.935125
0.935122
0.935134
0.935100
0.935104
0.935100
0.935112
0.935094
0.935113
0.935102
0.935114
0.935126
0.935099
0.935065
0.935070
0.935097
0.935048
0.935067
0.935064
0.935053
0.935049
0.935061
0.935058
0.935032
0.935028
0.935033
0.935044
0.935064
0.935068
0.935065
0.935061
0.935073
0.935062
0.935051
0.935063
0.935075
0.935042
0.935061
0.935088
0.935084
0.935058
0.935085
0.935082
0.935063
0.935083
0.935072
0.935076
0.935073
0.935092
0.935126
0.935078
0.935089
0.935086
0.935075
0.935065
0.935069
0.935088
0.935077
0.935096
0.935078
0.935112
0.935071
0.935046
0.935057
0.935054
0.935066
0.935040
0.935037
0.935026
0.935045
0.935079
0.935090
0.935102
0.935032
0.935036
0.935070
0.935059
0.935071
0.935067
0.935057
0.935105
0.935123
0.935128
0.935132
0.935114
0.935103
0.935093
0.935097
0.935115
0.935148
0.935152
0.935149
0.935160
0.935150
0.935147
0.935158
0.935140
0.935158
0.935177
0.935174
0.935163
0.935174
0.935171
0.935182
0.935179
0.935197
0.935208
0.935234
0.935216
0.935213
0.935209
0.935185
0.935174
0.935171
0.935196
0.935207
0.935225
0.935187
0.935162
0.935166
0.935170
0.935167
0.935185
0.935203
0.935214
0.935182
0.935179
0.935204
0.935201
0.935212
0.935209
0.935241
0.935230
0.935276
0.935287
0.935291
0.935252
0.935270
0.935267
0.935285
0.935261
0.935271
0.935240
0.935244
0.935248
0.935238
0.935234
0.935217
0.935221
0.935211
0.935187
0.935184
0.935167
0.935150
0.935133
0.935143
0.935154
0.935165
0.935169
0.935172
0.935156
0.935152
0.935129
0.935139
0.935123
0.935154
0.935123
0.935134
0.935145
0.935135
0.935152
0.935149
0.935153
0.935143
0.935126
0.935130
0.935140
0.935137
0.935162
0.935172
0.935169
0.935159
0.935163
0.935160
0.935157
0.935161
0.935157
0.935175
0.935178
0.935202
0.935179
0.935189
0.935173
0.935150
0.935140
0.935123
0.935127
0.935138
0.935128
0.935118
0.935102
0.935092
0.935109
0.935113
0.935117
0.935120
0.935124
0.935101
0.935085
0.935055
0.935052
0.935056
0.935046
0.935070
0.935054
0.935064
0.935061
0.935025
0.935029
0.935039
0.935063
0.935060
