11.144952
10.470156
9.311101
8.778336
7.941580
6.932068
6.987669
6.796800
6.496443
6.196046
5.947713
5.854646
5.739416
5.632630
5.430275
5.341306
5.298533
5.229961
5.210167
5.167615
5.113575
5.088962
5.028528
4.981859
4.877870
4.877954
4.867007
4.821510
4.824486
4.748499
4.727711
4.694358
4.683096
4.701450
4.635667
4.613140
4.602039
4.560351
4.511710
4.467167
4.432547
4.402948
4.360462
4.323738
4.319729
4.293023
4.250439
4.197510
4.160847
4.171910
4.153964
4.119385
4.120111
4.090618
4.092637
4.076991
4.056190
4.020873
4.020560
3.991586
3.958359
3.912768
3.878429
3.854652
3.831282
3.836354
3.826168
3.785980
3.751590
3.757570
3.751747
3.747782
3.748234
3.723402
3.712683
3.712880
3.702300
3.684096
3.653021
3.644943
3.636274
3.617024
3.586141
3.568099
3.551843
3.546587
3.537838
3.523738
3.533773
3.520371
3.522756
3.504469
3.499113
3.494915
3.478081
3.456104
3.451343
3.437775
3.417438
3.411182
3.401576
3.389162
3.377134
3.370046
3.368150
3.366350
3.351529
3.335771
3.330114
3.320484
3.310941
3.298129
3.279684
3.267947
3.270470
3.256628
3.250381
3.238366
3.232944
3.222316
3.207594
3.197131
3.184452
3.163769
3.158041
3.145148
3.138775
3.133977
3.122195
3.107665
3.090608
3.088409
3.073038
3.071230
3.065154
3.054568
3.043314
3.032477
3.029977
3.030458
3.023617
3.014010
2.998724
2.986348
2.971959
2.967114
2.960234
2.949857
2.948871
2.934617
2.925917
2.923800
2.912796
2.901920
2.900991
2.897466
2.889996
2.878290
2.869236
2.866157
2.862684
2.848671
2.842381
2.833880
2.826409
2.817146
2.809284
2.804272
2.805128
2.811753
2.803043
2.790436
2.785046
2.778309
2.769542
2.771978
2.765256
2.756194
2.749083
2.743383
2.739989
2.731349
2.723291
2.719994
2.708309
2.707291
2.698062
2.693460
2.688038
2.679652
2.670342
2.662133
2.656670
2.647866
2.638420
2.631064
2.625665
2.617853
2.612489
2.604734
2.593610
2.585098
2.579152
2.573386
2.565443
2.565809
2.555591
2.552176
2.544001
2.534447
2.525188
2.521195
2.514375
2.513932
2.506059
2.503118
2.496794
2.489304
2.485656
2.481177
2.480056
2.473692
2.466832
2.465944
2.467172
2.466664
2.458738
2.453931
2.444712
2.441748
2.432810
2.429088
2.424202
2.416832
2.411088
2.402377
2.396512
2.391782
2.390119
2.386089
2.380276
2.373409
2.368624
2.364692
2.359842
2.353708
2.347805
2.349811
2.348139
2.342486
2.337441
2.333183
2.327161
2.322250
2.319332
2.313489
2.310372
2.311068
2.308348
2.303841
2.298852
2.295036
2.288902
2.280724
2.275701
2.270224
2.263499
2.259962
2.255663
2.252795
2.248628
2.245871
2.242030
2.235452
2.229943
2.226015
2.220904
2.215762
2.210886
2.207870
2.201691
2.198737
2.195537
2.191876
2.189300
2.184557
2.179222
2.176632
2.172517
2.166592
2.164658
2.165094
2.160956
2.156363
2.151398
2.149358
2.147155
2.143418
2.141310
2.137064
2.136412
2.136157
2.134553
2.131209
2.131300
2.129207
2.126520
2.123105
2.117418
2.112404
2.108502
2.104689
2.099521
2.097657
2.094138
2.091992
2.090951
2.086450
2.084707
2.081953
2.079273
2.079212
2.075784
2.073661
2.072206
2.070283
2.066222
2.061625
2.059287
2.057918
2.060419
2.058405
2.056382
2.055077
2.052464
2.049548
2.044954
2.042702
2.039020
2.038246
2.035667
2.033755
2.030164
2.026828
2.023629
2.022030
2.020616
2.018219
2.016854
2.013684
2.010171
2.009444
2.006367
2.005290
2.003072
2.002226
1.999246
1.996747
1.992044
1.988254
1.988245
1.986400
1.983120
1.980194
1.976796
1.974438
1.970878
1.968600
1.966719
1.962799
1.959849
1.957882
1.957948
1.955157
1.955206
1.956071
1.951960
1.948837
1.946433
1.944396
1.942021
1.941316
1.940726
1.937863
1.940541
1.938972
1.939535
1.938521
1.934573
1.932448
1.929465
1.925737
1.923303
1.922089
1.918461
1.918228
1.916339
1.915873
1.912863
1.911123
1.907109
1.906092
1.904907
1.907831
1.906760
1.904174
1.901689
1.898035
1.896248
1.892665
1.889569
1.889756
1.887003
1.883965
1.880680
1.876874
1.873830
1.872270
1.871402
1.872080
1.868847
1.868653
1.867555
1.866377
1.864743
1.861414
1.859361
1.855471
1.853929
1.850304
1.847598
1.846381
1.844284
1.844040
1.842625
1.840155
1.837681
1.836130
1.833385
1.830418
1.827268
1.823712
1.821280
1.820740
1.819286
1.815584
1.811897
1.808631
1.806312
1.804312
1.803153
1.800988
1.798703
1.800098
1.799385
1.799336
1.796104
1.793183
1.792730
1.791886
1.793371
1.790893
1.788842
1.786576
1.784167
1.784041
1.782212
1.779087
1.776904
1.774661
1.775177
1.773728
1.772543
1.769816
1.766891
1.764606
1.763905
1.761739
1.761306
1.759186
1.757152
1.756481
1.755266
1.754103
1.752668
1.750146
1.746830
1.744431
1.741854
1.739898
1.737436
1.735149
1.734854
1.733039
1.731256
1.730398
1.729215
1.727790
1.726499
1.725544
1.723483
1.722053
1.720029
1.717545
1.715098
1.712604
1.713115
1.712985
1.710079
1.710392
1.708732
1.706750
1.705769
1.703000
1.701444
1.698808
1.699665
1.696594
1.694269
1.693031
1.692067
1.691616
1.690654
1.689540
1.688888
1.687333
1.686835
1.685745
1.683741
1.683517
1.681891
1.679054
1.678430
1.677192
1.675591
1.673091
1.670253
1.668556
1.669316
1.667905
1.667086
1.664539
1.662224
1.660102
1.657833
1.658019
1.655870
1.653475
1.651488
1.649969
1.649294
1.649190
1.648706
1.647174
1.646437
1.645464
1.643348
1.642703
1.643084
1.641592
1.640008
1.639570
1.639001
1.637201
1.635751
1.633228
1.632040
1.631177
1.630749
1.628824
1.629746
1.628017
1.626718
1.625458
1.623878
1.621698
1.619194
1.616914
1.615973
1.615604
1.614118
1.612628
1.611777
1.609660
1.608537
1.607926
1.607644
1.605808
1.604070
1.601969
1.599815
1.598475
1.597144
1.596973
1.595634
1.593181
1.592064
1.589593
1.588693
1.586395
1.584576
1.583817
1.582440
1.580460
1.580724
1.579308
1.576959
1.575358
1.574695
1.573496
1.572847
1.571339
1.570556
1.568167
1.566822
1.565900
1.564292
1.562989
1.560914
1.560573
1.561347
1.559877
1.557830
1.557765
1.557184
1.555470
1.554983
1.553723
1.551938
1.552143
1.551041
1.551198
1.549910
1.548367
1.546996
1.545902
1.544823
1.543399
1.543113
1.541623
1.540386
1.538622
1.536776
1.534521
1.534237
1.532352
1.532901
1.533916
1.534373
1.532813
1.531562
1.530145
1.529112
1.527374
1.526831
1.524993
1.523082
1.521513
1.520823
1.519700
1.519130
1.518341
1.517943
1.516344
1.514415
1.513503
1.513696
1.511970
1.511089
1.510932
1.509374
1.507978
1.506507
1.504737
1.503061
1.501917
1.501690
1.501250
1.500233
1.498214
1.498486
1.497416
1.496952
1.496573
1.496126
1.494813
1.493970
1.494036
1.493129
1.491638
1.490313
1.489345
1.487812
1.486894
1.488033
1.487979
1.486495
1.484612
1.483741
1.481794
1.481555
1.480231
1.478879
1.478385
1.477640
1.476571
1.475216
1.473785
1.472267
1.471456
1.472107
1.470824
1.470245
1.468699
1.467847
1.466960
1.466575
1.465299
1.464890
1.463516
1.463395
1.461862
1.460570
1.458862
1.458553
1.457979
1.457649
1.456551
1.455854
1.454392
1.453732
1.452786
1.451172
1.450380
1.449704
1.448569
1.447782
1.447834
1.446998
1.445862
1.446930
1.445844
1.444924
1.443163
1.441412
1.441117
1.439309
1.437987
1.436581
1.436659
1.435810
1.434702
1.434633
1.433314
1.432690
1.432242
1.431049
1.429950
1.429315
1.428710
1.427785
1.426188
1.425207
1.423939
1.422473
1.422315
1.422121
1.420732
1.419813
1.418252
1.417224
1.415415
1.413742
1.412799
1.412987
1.413997
1.412891
1.412162
1.410953
1.411095
1.410257
1.409255
1.407818
1.407746
1.407635
1.407512
1.406135
1.404863
1.403319
1.403424
1.402908
1.402171
1.400855
1.399563
1.399396
1.398716
1.397964
1.396554
1.395692
1.394888
1.393677
1.392543
1.391932
1.391297
1.389891
1.389428
1.389546
1.389013
1.387783
1.386516
1.385002
1.383417
1.383750
1.384074
1.384131
1.382676
1.381405
1.381018
1.380102
1.378531
1.377607
1.376010
1.374929
1.374467
1.373492
1.372745
1.371705
1.370574
1.369937
1.369169
1.367847
1.366971
1.366334
1.365714
1.364664
1.364697
1.363774
1.362657
1.361627
1.361162
1.360102
1.359304
1.358452
1.358695
1.357708
1.357154
1.356357
1.355237
1.355397
1.354367
1.353433
1.353916
1.353489
1.353791
1.355668
1.354567
1.353531
1.353441
1.352444
1.352990
1.351708
1.350818
1.349516
1.349012
1.347636
1.346917
1.346385
1.346165
1.345082
1.344010
1.342879
1.341807
1.341237
1.340015
1.339835
1.339616
1.338934
1.337913
1.338361
1.338598
1.337368
1.337536
1.337254
1.337065
1.336689
1.335433
1.334133
1.334003
1.333376
1.332910
1.332716
1.332780
1.332178
1.332150
1.331289
1.332035
1.330866
1.329947
1.329079
1.328048
1.327632
1.326900
1.327275
1.326144
1.325237
1.324546
1.323998
1.323006
1.322288
1.321345
1.320005
1.319102
1.318376
1.317476
1.316784
1.315851
1.315187
1.314429
1.313835
1.313619
1.312669
1.312521
1.311792
1.310512
1.309908
1.308828
1.307940
1.306941
1.306600
1.306901
1.308107
1.308084
1.307168
1.306388
1.305340
1.304955
1.303748
1.303384
1.303170
1.302500
1.301877
1.301143
1.300173
1.298932
1.297899
1.296585
1.296716
1.296752
1.296757
1.296396
1.296374
1.295559
1.295544
1.295432
1.294191
1.293716
1.292963
1.292014
1.291134
1.290746
1.289834
1.288893
1.287631
1.286614
1.285760
1.285277
1.284714
1.285792
1.285775
1.286273
1.285900
1.285419
1.284825
1.284119
1.283784
1.284178
1.284060
1.283059
1.282655
1.282098
1.281541
1.280545
1.280115
1.280189
1.280782
1.281045
1.280129
1.279750
1.279029
1.278309
1.277435
1.276825
1.276312
1.275592
1.274400
1.273518
1.272878
1.272527
1.271652
1.271430
1.270368
1.269628
1.268720
1.268545
1.268435
1.267893
1.267439
1.267196
1.266706
1.265657
1.265458
1.264262
1.264038
1.263948
1.263502
1.262575
1.261378
1.260651
1.260380
1.259453
1.258754
1.258139
1.257783
1.256871
1.256440
1.255377
1.254985
1.254544
1.253752
1.252785
1.252281
1.251644
1.250800
1.250503
1.249709
1.248819
1.248483
1.248296
1.248278
1.247487
1.247385
1.246951
1.248052
1.248066
1.247434
1.246371
1.246634
1.245538
1.244753
1.243708
1.244101
1.244280
1.243922
1.244016
1.243467
1.243792
1.244379
1.244755
1.243646
1.243045
1.242790
1.241849
1.241593
1.240615
1.240117
1.239984
1.239093
1.239118
1.238632
1.239507
1.239177
1.238539
1.237401
1.236437
1.236191
1.235260
1.234527
1.233877
1.232942
1.233398
1.232480
1.232064
1.231909
1.231989
1.231085
1.230550
1.229867
1.229149
1.228065
1.227215
1.227730
1.227549
1.226923
1.226404
1.225452
1.225222
1.225571
1.225125
1.224260
1.224171
1.223359
1.223117
1.222089
1.221661
1.221743
1.222111
1.221977
1.221635
1.221923
1.221736
1.221083
1.220804
1.220773
1.220566
1.220646
1.220210
1.220016
1.219122
1.218246
1.218250
1.217922
1.217425
1.217424
1.216904
1.216279
1.215885
1.215088
1.214928
1.213968
1.213672
1.213863
1.213510
1.212762
1.212928
1.212425
1.212674
1.212304
1.211375
1.210891
1.210346
1.209745
1.209026
1.208505
1.207705
1.208018
1.207929
1.207811
1.206905
1.206515
1.206091
1.205259
1.204812
1.204876
1.204178
1.203422
1.202578
1.202001
1.201419
1.201071
1.200973
1.200199
1.199858
1.199210
1.199196
1.199125
1.198576
1.198134
1.197865
1.197623
1.197872
1.197570
1.196723
1.195986
1.195785
1.195456
1.194849
1.194042
1.193704
1.193420
1.192558
1.192035
1.191299
1.190865
1.190213
1.189331
1.188627
1.188154
1.187588
1.186831
1.186129
1.185728
1.184781
1.184474
1.183739
1.183389
1.182786
1.182479
1.183122
1.183247
1.182469
1.181989
1.181406
1.180879
1.180310
1.179908
1.179153
1.178734
1.178117
1.177377
1.176583
1.175726
1.174858
1.174046
1.173960
1.173334
1.172602
1.171746
1.171268
1.170644
1.170265
1.169517
1.170005
1.169196
1.168710
1.167877
1.167607
1.167259
1.167612
1.167850
1.167396
1.166822
1.166094
1.165631
1.165205
1.165308
1.164492
1.163714
1.163235
1.162789
1.162882
1.162752
1.162836
1.161972
1.161454
1.161053
1.160258
1.159633
1.158932
1.159442
1.159082
1.158597
1.158654
1.158480
1.158066
1.158033
1.157203
1.156689
1.156366
1.155992
1.155996
1.155804
1.155055
1.154975
1.155426
1.154732
1.154458
1.153744
1.154145
1.154273
1.153548
1.153184
1.152826
1.152108
1.151279
1.150779
1.150116
1.149827
1.149229
1.148468
1.149049
1.149341
1.149998
1.149176
1.148468
1.147606
1.147125
1.147540
1.147600
1.146963
1.146429
1.146084
1.145815
1.145472
1.145266
1.145026
1.144742
1.144267
1.144019
1.143561
1.143262
1.142731
1.142457
1.141978
1.141328
1.141553
1.140799
1.140585
1.139894
1.139678
1.139030
1.138964
1.138847
1.139127
1.138725
1.139335
1.138551
1.138227
1.138363
1.138241
1.137553
1.136841
1.136146
1.136037
1.135943
1.135795
1.136578
1.136150
1.136380
1.136113
1.136013
1.136055
1.135612
1.135304
1.135015
1.134570
1.133994
1.133979
1.133591
1.133133
1.132628
1.132464
1.132458
1.132277
1.132635
1.131948
1.131276
1.130725
1.130865
1.130393
1.129703
1.129597
1.129248
1.128673
1.128249
1.127537
1.126867
1.126260
1.125554
1.125165
1.124453
1.124070
1.123623
1.123028
1.122368
1.121644
1.121588
1.120956
1.121332
1.120783
1.120567
1.121205
1.120593
1.120744
1.120144
1.119631
1.119308
1.119221
1.119244
1.118822
1.118154
1.118195
1.118297
1.117863
1.117768
1.117106
1.116737
1.116213
1.115462
1.115553
1.115486
1.115138
1.114628
1.114365
1.114178
1.114224
1.113628
1.113032
1.112339
1.112026
1.112169
1.111949
1.111664
1.110930
1.110271
1.110017
1.109264
1.108820
1.108220
1.107952
1.107364
1.107136
1.107574
1.106865
1.106501
1.105943
1.105931
1.105449
1.105130
1.105298
1.105395
1.104886
1.104438
1.104276
1.104276
1.103918
1.103282
1.102586
1.101876
1.102110
1.101867
1.101301
1.101240
1.100590
1.100744
1.101112
1.100582
1.100495
1.099912
1.099387
1.098870
1.098349
1.098054
1.097807
1.097149
1.097011
1.096852
1.096781
1.096288
1.095656
1.095197
1.095143
1.094689
1.094463
1.093822
1.093424
1.092818
1.092293
1.092169
1.092051
1.091581
1.091039
1.091185
1.091893
1.091249
1.091460
1.091468
1.091277
1.090891
1.090182
1.089807
1.089326
1.089103
1.088891
1.088865
1.089436
1.089311
1.088877
1.088834
1.088508
1.088210
1.088168
1.087581
1.087627
1.087093
1.086979
1.086775
1.086416
1.086428
1.085894
1.085654
1.085615
1.085146
1.085154
1.084516
1.084185
1.083599
1.083749
1.083369
1.083098
1.083423
1.083480
1.083011
1.082906
1.082341
1.081958
1.081542
1.081186
1.081151
1.080591
1.079995
1.079559
1.079640
1.079191
1.078754
1.078687
1.078156
1.078129
1.077506
1.076984
1.076863
1.076401
1.075741
1.075068
1.074557
1.074992
1.074346
1.073817
1.074029
1.073441
1.073166
1.072518
1.072173
1.071522
1.071228
1.070804
1.071010
1.070559
1.070000
1.070363
1.069841
1.069812
1.069595
1.069434
1.069584
1.069301
1.069299
1.069213
1.068944
1.068438
1.067897
1.067897
1.067391
1.066963
1.066924
1.066813
1.066435
1.065931
1.065541
1.065294
1.064690
1.064215
1.063739
1.063648
1.063647
1.063338
1.063073
1.062646
1.062183
1.061758
1.061776
1.061488
1.061092
1.060982
1.060735
1.060091
1.059559
1.059109
1.059206
1.059062
1.058677
1.058385
1.057743
1.057145
1.056771
1.056584
1.056315
1.056202
1.056325
1.056113
1.055862
1.055324
1.054878
1.054978
1.054434
1.053931
1.053456
1.053071
1.052915
1.052713
1.052153
1.051752
1.051648
1.051441
1.051546
1.051250
1.051200
1.050557
1.050762
1.050814
1.050337
1.050152
1.049844
1.049372
1.049107
1.048715
1.048085
1.048087
1.047970
1.047725
1.047386
1.047074
1.046789
1.046252
1.045695
1.045384
1.044956
1.044712
1.044593
1.044659
1.044542
1.044016
1.043937
1.044186
1.043780
1.044211
1.044427
1.044026
1.043427
1.043245
1.043047
1.042588
1.042112
1.041575
1.041110
1.040709
1.040607
1.040136
1.039665
1.039185
1.039333
1.038808
1.038349
1.038096
1.037575
1.037240
1.036722
1.036267
1.035992
1.035913
1.035429
1.035395
1.034918
1.034706
1.034134
1.033882
1.033688
1.033226
1.032670
1.032857
1.032570
1.032769
1.032585
1.032568
1.032654
1.032357
1.031893
1.032198
1.031833
1.031436
1.030957
1.031010
1.030998
1.030433
1.030013
1.029652
1.029462
1.029132
1.028575
1.028537
1.028121
1.027892
1.027566
1.027016
1.026547
1.026253
1.025982
1.025967
1.025832
1.025397
1.024911
1.025198
1.024669
1.024749
1.024317
1.024147
1.023933
1.023544
1.023203
1.022889
1.022787
1.022328
1.022446
1.022618
1.022362
1.022284
1.021889
1.021905
1.021587
1.021392
1.021395
1.021313
1.020824
1.020456
1.020038
1.020155
1.019924
1.019660
1.019417
1.019069
1.019132
1.018580
1.018538
1.018440
1.017951
1.017461
1.017251
1.017098
1.016952
1.016430
1.016481
1.016043
1.015637
1.015620
1.015167
1.014616
1.014177
1.013608
1.013716
1.013648
1.013740
1.013427
1.013110
1.012762
1.013140
1.012796
1.012263
1.012138
1.012112
1.012395
1.012542
1.012097
1.011947
1.011691
1.011315
1.010854
1.010421
1.010164
1.010345
1.010564
1.010462
1.010106
1.009677
1.009210
1.009123
1.009435
1.008934
1.008416
1.008578
1.008288
1.008037
1.007850
1.007885
1.007515
1.007256
1.006952
1.006743
1.006695
1.006471
1.006200
1.006075
1.006012
1.005870
1.005386
1.004900
1.004688
1.005240
1.005266
1.005443
1.005019
1.004835
1.004780
1.004383
1.004029
1.003827
1.003596
1.003620
1.003417
1.002912
1.002520
1.002718
1.002226
1.001913
1.001686
1.001445
1.000934
1.000505
1.000164
0.999866
0.999407
0.999544
0.999251
0.998817
0.998512
0.998157
0.997790
0.997423
0.997024
0.997212
0.996988
0.996778
0.997036
0.996782
0.996438
0.996336
0.995922
0.995464
0.994947
0.994783
0.994725
0.994973
0.994734
0.994472
0.994102
0.993679
0.993225
0.993247
0.992825
0.992799
0.992757
0.992812
0.992819
0.992467
0.992938
0.992806
0.992460
0.991966
0.992073
0.991691
0.991508
0.991090
0.990985
0.990571
0.990281
0.990368
0.990735
0.990812
0.990472
0.990153
0.990082
0.989938
0.989554
0.989664
0.989272
0.989462
0.990004
0.989511
0.989698
0.989672
0.989296
0.988974
0.988552
0.988380
0.988528
0.988160
0.988213
0.987829
0.987631
0.987371
0.987099
0.986616
0.986295
0.985914
0.985936
0.985705
0.985855
0.985878
0.985685
0.985586
0.985428
0.985068
0.985065
0.985059
0.985024
0.985218
0.984984
0.984751
0.985031
0.984908
0.984523
0.984095
0.983978
0.983715
0.983523
0.983275
0.983401
0.982997
0.983169
0.982759
0.982947
0.982886
0.983078
0.982894
0.982534
0.982323
0.982099
0.981903
0.981612
0.981908
0.981832
0.981553
0.981134
0.980769
0.980371
0.979966
0.979755
0.979480
0.979246
0.979881
0.979628
0.979165
0.978843
0.978453
0.977988
0.977889
0.977568
0.977206
0.976933
0.976448
0.976366
0.976240
0.975902
0.976448
0.976028
0.975619
0.975705
0.975384
0.975194
0.974895
0.974466
0.974158
0.974142
0.973837
0.973611
0.973466
0.973393
0.973307
0.973231
0.972907
0.972722
0.972337
0.972001
0.971817
0.971506
0.971085
0.970967
0.970782
0.970428
0.969999
0.969743
0.969436
0.969030
0.968731
0.968339
0.968342
0.968278
0.967831
0.967448
0.967172
0.966755
0.966483
0.966517
0.966183
0.965786
0.965398
0.965076
0.964812
0.964532
0.964456
0.965124
0.964712
0.964515
0.964140
0.963855
0.963728
0.963669
0.963281
0.963440
0.963218
0.963266
0.963150
0.963433
0.963139
0.962991
0.962769
0.962543
0.962439
0.962416
0.962166
0.961735
0.961493
0.961128
0.960961
0.960848
0.960553
0.960402
0.960380
0.960186
0.959915
0.959520
0.959367
0.959144
0.958942
0.959118
0.958907
0.958646
0.958361
0.958526
0.958313
0.958117
0.957787
0.957747
0.957798
0.957717
0.957593
0.957356
0.957158
0.956847
0.956577
0.956494
0.956204
0.955866
0.956001
0.956574
0.956454
0.956153
0.956137
0.955704
0.955998
0.955955
0.956220
0.955800
0.955546
0.955138
0.955039
0.954659
0.954477
0.954020
0.953839
0.953569
0.953479
0.954109
0.953917
0.953819
0.953410
0.953126
0.953775
0.953689
0.953385
0.953115
0.952840
0.952927
0.952568
0.952343
0.952084
0.952142
0.951736
0.951359
0.951306
0.951041
0.950881
0.950972
0.950585
0.950430
0.950035
0.950140
0.949735
0.949522
0.949138
0.948771
0.948456
0.948160
0.947892
0.947855
0.947803
0.947651
0.947570
0.947180
0.947310
0.947193
0.947104
0.946689
0.946310
0.945983
0.945790
0.945721
0.945573
0.945163
0.945175
0.944793
0.944587
0.944359
0.944145
0.944131
0.944179
0.944135
0.943743
0.943775
0.943531
0.943141
0.942957
0.943145
0.942803
0.943032
0.942802
0.942704
0.942578
0.942369
0.941976
0.942448
0.942534
0.942221
0.941874
0.941925
0.941590
0.941206
0.941084
0.940738
0.940420
0.940185
0.940056
0.940486
0.940454
0.940694
0.940882
0.940620
0.940659
0.940663
0.940409
0.940456
0.940568
0.940717
0.940734
0.940485
0.940130
0.939914
0.939624
0.939605
0.939858
0.939696
0.940103
0.939803
0.939656
0.939304
0.939669
0.939754
0.939760
0.939490
0.939340
0.939241
0.938981
0.939133
0.938994
0.939471
0.939357
0.939405
0.939141
0.939472
0.939267
0.939291
0.939503
0.939358
0.939070
0.939012
0.938636
0.938394
0.938185
0.937787
0.937409
0.937212
0.937065
0.936700
0.936349
0.936152
0.935817
0.935561
0.935222
0.935572
0.935807
0.935417
0.935187
0.935008
0.934645
0.934361
0.934239
0.934211
0.933906
0.933705
0.933321
0.932938
0.932558
0.932545
0.932140
0.932243
0.931977
0.932278
0.932270
0.932114
0.931925
0.931629
0.931788
0.931620
0.931421
0.931222
0.930924
0.930618
0.930581
0.930203
0.929948
0.929762
0.929424
0.929533
0.929350
0.929143
0.928839
0.928581
0.928333
0.928201
0.928442
0.928336
0.928141
0.927797
0.927627
0.927321
0.927345
0.927088
0.927474
0.927257
0.927124
0.926980
0.926655
0.926372
0.926071
0.925847
0.925479
0.925190
0.925042
0.924798
0.924444
0.924043
0.923768
0.923514
0.923253
0.922993
0.922767
0.922442
0.922195
0.922227
0.922303
0.922214
0.922305
0.922284
0.922000
0.921750
0.921548
0.921718
0.921433
0.921246
0.920930
0.920863
0.920505
0.920379
0.920298
0.920078
0.919691
0.919492
0.919167
0.918810
0.918666
0.918449
0.918220
0.918299
0.918568
0.918267
0.918070
0.917761
0.917759
0.917886
0.917564
0.917358
0.917018
0.917052
0.916854
0.916579
0.916363
0.916336
0.916185
0.915823
0.915473
0.915373
0.914987
0.914848
0.914703
0.914494
0.914285
0.914566
0.914408
0.914109
0.914069
0.913792
0.913843
0.913485
0.913222
0.912957
0.912918
0.912684
0.912350
0.912041
0.912116
0.912160
0.911989
0.912224
0.912258
0.912061
0.911823
0.911693
0.911415
0.911550
0.911240
0.911001
0.910705
0.910655
0.910411
0.910205
0.910067
0.909929
0.909772
0.909662
0.909654
0.909312
0.909215
0.908933
0.908686
0.908436
0.908160
0.907836
0.907858
0.907922
0.908195
0.907904
0.907682
0.907438
0.907304
0.907018
0.906694
0.906415
0.906067
0.905980
0.905686
0.905335
0.905034
0.904859
0.904679
0.904457
0.904192
0.904100
0.903828
0.903490
0.903227
0.902963
0.902645
0.902338
0.902127
0.901794
0.901547
0.901204
0.900989
0.901052
0.900971
0.900820
0.900954
0.900856
0.900593
0.900668
0.900559
0.900474
0.900143
0.900022
0.899775
0.899556
0.899220
0.899298
0.899057
0.898943
0.898716
0.898504
0.898502
0.898706
0.898512
0.898525
0.898524
0.898219
0.898007
0.897660
0.897416
0.897230
0.897261
0.897009
0.896674
0.896323
0.896833
0.896489
0.896279
0.896226
0.896280
0.895936
0.895710
0.895439
0.895584
0.896130
0.896028
0.895683
0.895940
0.895744
0.895671
0.895453
0.895531
0.895185
0.895356
0.895263
0.894987
0.894811
0.894549
0.894318
0.893984
0.893951
0.893741
0.893659
0.893378
0.893460
0.893762
0.893959
0.893623
0.893849
0.893713
0.893785
0.893434
0.893230
0.893265
0.893089
0.892967
0.893095
0.892967
0.892881
0.892962
0.892701
0.892815
0.892552
0.892489
0.892202
0.891860
0.891546
0.891393
0.891127
0.891477
0.891224
0.891118
0.890965
0.890815
0.890482
0.890388
0.890294
0.889986
0.889977
0.889930
0.889582
0.889534
0.889574
0.889738
0.889759
0.889636
0.890030
0.890007
0.889765
0.889766
0.889581
0.889402
0.889165
0.888968
0.888918
0.888674
0.888564
0.888269
0.888182
0.887864
0.887554
0.887251
0.887134
0.886854
0.886606
0.886276
0.886022
0.886139
0.886229
0.886110
0.886048
0.885764
0.885445
0.885131
0.884880
0.884633
0.884677
0.884719
0.884473
0.884371
0.884485
0.884664
0.884476
0.884313
0.884064
0.883838
0.883612
0.883465
0.883257
0.883033
0.882891
0.883102
0.882809
0.882778
0.882590
0.882577
0.882414
0.882242
0.882515
0.882312
0.882028
0.881699
0.881524
0.881329
0.881550
0.881224
0.880979
0.881023
0.880769
0.880588
0.880509
0.880452
0.880639
0.880392
0.880162
0.880010
0.879808
0.879498
0.879246
0.879284
0.879205
0.879056
0.878796
0.878566
0.878388
0.878217
0.878203
0.878145
0.877837
0.877761
0.877539
0.877610
0.877458
0.877414
0.877175
0.876901
0.876800
0.876778
0.876584
0.876601
0.876560
0.876292
0.876389
0.876208
0.875946
0.875691
0.875774
0.875607
0.875305
0.875271
0.875137
0.875157
0.874912
0.874787
0.874467
0.874246
0.874407
0.874368
0.874448
0.874196
0.874121
0.873901
0.873701
0.873672
0.873487
0.873199
0.873224
0.872942
0.872867
0.872625
0.872311
0.872444
0.872289
0.871994
0.872119
0.872207
0.871920
0.871709
0.871606
0.871398
0.871150
0.870861
0.870638
0.870437
0.870137
0.869856
0.869915
0.869799
0.869932
0.869630
0.869318
0.869208
0.869345
0.869206
0.868921
0.868748
0.868513
0.868884
0.869293
0.869219
0.869051
0.868948
0.868729
0.868544
0.868242
0.868148
0.867906
0.867692
0.867604
0.868102
0.868131
0.868074
0.868065
0.867765
0.867960
0.868071
0.867835
0.867616
0.867487
0.867420
0.867148
0.866943
0.866785
0.866567
0.866500
0.866201
0.866115
0.866201
0.866306
0.866277
0.866186
0.866558
0.866521
0.866582
0.866457
0.866278
0.866094
0.865841
0.865685
0.865600
0.865511
0.865242
0.865096
0.864790
0.864817
0.864705
0.864433
0.864511
0.864517
0.864498
0.864416
0.864245
0.864025
0.863775
0.863800
0.863710
0.863629
0.863387
0.863136
0.862854
0.862619
0.862688
0.862379
0.862375
0.862245
0.862382
0.862194
0.862070
0.861851
0.862070
0.862011
0.862026
0.861728
0.861538
0.861660
0.861425
0.861377
0.861303
0.861025
0.861061
0.861330
0.861395
0.861178
0.861086
0.860971
0.860970
0.860788
0.860532
0.860292
0.860252
0.860191
0.860159
0.859955
0.859781
0.859552
0.859264
0.859109
0.858816
0.858848
0.858651
0.858558
0.858376
0.858392
0.858155
0.858072
0.858177
0.858264
0.858224
0.858201
0.858162
0.858838
0.858956
0.858699
0.858642
0.858458
0.858380
0.858264
0.858015
0.857714
0.857488
0.857465
0.857342
0.857318
0.857243
0.857108
0.856891
0.856696
0.856418
0.856361
0.856163
0.856156
0.856342
0.856518
0.856492
0.856231
0.856000
0.855812
0.855550
0.855558
0.855666
0.855546
0.855280
0.855016
0.855056
0.854894
0.854758
0.854725
0.854577
0.854434
0.854317
0.854559
0.854618
0.854719
0.854549
0.854271
0.854065
0.853826
0.853626
0.853365
0.853110
0.852948
0.852792
0.852632
0.852384
0.852195
0.852225
0.851951
0.852156
0.852365
0.852158
0.851904
0.851651
0.851703
0.851586
0.851638
0.851652
0.851770
0.851764
0.851769
0.851523
0.851558
0.851383
0.851235
0.851232
0.851249
0.851141
0.851012
0.850872
0.850770
0.850495
0.850245
0.850303
0.850051
0.850206
0.849994
0.849921
0.849739
0.850050
0.849846
0.849776
0.849703
0.849532
0.849852
0.850202
0.849917
0.849736
0.849525
0.849501
0.849460
0.849251
0.849303
0.849153
0.848994
0.849074
0.848849
0.848598
0.848923
0.848708
0.848632
0.848577
0.848347
0.848430
0.848151
0.847907
0.847680
0.847652
0.847786
0.847824
0.848121
0.848322
0.848184
0.848049
0.847825
0.847608
0.847386
0.847164
0.846942
0.847057
0.846974
0.846942
0.847081
0.846945
0.846733
0.846685
0.846530
0.846322
0.846100
0.845940
0.845772
0.846014
0.845763
0.845901
0.845726
0.845578
0.845379
0.845261
0.845208
0.845207
0.845398
0.845301
0.845305
0.845195
0.844966
0.844906
0.844925
0.844752
0.844652
0.844514
0.844415
0.844336
0.844242
0.844074
0.843991
0.843862
0.843703
0.843777
0.843550
0.843311
0.843090
0.842914
0.842940
0.842778
0.842707
0.842770
0.842567
0.842502
0.842451
0.842401
0.842374
0.842113
0.842363
0.842375
0.842144
0.842026
0.841941
0.841720
0.841636
0.841608
0.841587
0.841542
0.841273
0.841197
0.841254
0.841231
0.840991
0.840771
0.840546
0.840512
0.840512
0.840284
0.840041
0.840117
0.840130
0.840156
0.840284
0.840094
0.839929
0.839964
0.839737
0.839517
0.839431
0.839457
0.839433
0.839466
0.839200
0.838958
0.838808
0.838556
0.838520
0.838522
0.838349
0.838339
0.838340
0.838920
0.838763
0.839104
0.838958
0.839289
0.839146
0.839021
0.838862
0.838953
0.838745
0.838711
0.838498
0.838623
0.838844
0.838685
0.838709
0.838435
0.838255
0.838543
0.838344
0.838227
0.838168
0.837940
0.837948
0.838037
0.837798
0.837917
0.837759
0.837668
0.837808
0.837744
0.837577
0.837409
0.837286
0.837250
0.837303
0.837048
0.837131
0.836943
0.836771
0.836529
0.836337
0.836202
0.836164
0.836101
0.836807
0.836630
0.836381
0.836513
0.836314
0.836144
0.836143
0.836005
0.835970
0.835868
0.835653
0.835490
0.835640
0.835402
0.835148
0.835116
0.834956
0.835029
0.834976
0.834741
0.834751
0.834762
0.834659
0.834609
0.834550
0.834522
0.834452
0.834353
0.834313
0.834142
0.833991
0.834066
0.833908
0.833918
0.833759
0.833825
0.833804
0.833579
0.833400
0.833176
0.833242
0.833076
0.833175
0.832913
0.832657
0.832861
0.832741
0.832704
0.832522
0.832318
0.832085
0.831857
0.831873
0.831649
0.831433
0.831257
0.831362
0.831622
0.831445
0.831543
0.831533
0.831363
0.831420
0.831425
0.831372
0.831194
0.831122
0.831124
0.831206
0.831050
0.830813
0.830695
0.830506
0.830538
0.830364
0.830202
0.830443
0.830407
0.830605
0.830425
0.830304
0.830139
0.829977
0.829889
0.829650
0.829939
0.829688
0.829471
0.829494
0.829271
0.829309
0.829247
0.829052
0.829332
0.829145
0.828951
0.828709
0.828551
0.828318
0.828338
0.828265
0.828307
0.828071
0.828018
0.828256
0.828228
0.827991
0.828137
0.827942
0.828021
0.827871
0.827992
0.828121
0.828042
0.827862
0.827885
0.827834
0.827765
0.827721
0.827527
0.827628
0.827523
0.827389
0.827323
0.827376
0.827228
0.827426
0.827247
0.827087
0.826903
0.826767
0.826766
0.826580
0.826619
0.826647
0.826564
0.826345
0.826317
0.826210
0.826085
0.825979
0.826014
0.825798
0.825655
0.825488
0.825597
0.825561
0.825477
0.825494
0.825292
0.825087
0.824930
0.824805
0.824663
0.824469
0.824506
0.824362
0.824377
0.824721
0.824495
0.824311
0.824176
0.824094
0.824039
0.823969
0.823891
0.823952
0.823754
0.823719
0.823730
0.823554
0.823798
0.823637
0.823426
0.823367
0.823245
0.823185
0.823001
0.822952
0.822837
0.822694
0.822523
0.822377
0.822185
0.821965
0.821889
0.822069
0.822086
0.822282
0.822081
0.821877
0.821664
0.821507
0.821395
0.821299
0.821239
0.821091
0.820874
0.820674
0.820476
0.820389
0.820288
0.820044
0.820029
0.819969
0.819904
0.819771
0.819701
0.819487
0.819316
0.819172
0.818985
0.818982
0.818858
0.818922
0.818769
0.818838
0.818633
0.818501
0.818395
0.818207
0.818365
0.818304
0.818184
0.818114
0.817965
0.817874
0.817734
0.817609
0.817617
0.817455
0.817700
0.817619
0.817544
0.817386
0.817165
0.817111
0.817227
0.817138
0.816917
0.816850
0.816746
0.816674
0.816469
0.816248
0.816072
0.815933
0.815864
0.815758
0.815822
0.815627
0.815469
0.815449
0.815375
0.815307
0.815223
0.815234
0.815130
0.815198
0.815254
0.815032
0.814822
0.814924
0.814878
0.814752
0.814659
0.814433
0.814240
0.814403
0.814250
0.814256
0.814306
0.814142
0.814034
0.814096
0.814020
0.813903
0.813939
0.813739
0.813891
0.813681
0.813451
0.813333
0.813433
0.813306
0.813153
0.813019
0.813246
0.813214
0.813311
0.813194
0.813200
0.813026
0.813021
0.812882
0.812658
0.812516
0.812530
0.812669
0.812665
0.812581
0.812352
0.812302
0.812512
0.812332
0.812282
0.812073
0.812050
0.811885
0.811808
0.811798
0.811688
0.811540
0.811569
0.811521
0.811389
0.811244
0.811107
0.811255
0.811045
0.810844
0.810789
0.810877
0.810692
0.810592
0.810576
0.810530
0.810445
0.810522
0.810482
0.810273
0.810174
0.810087
0.810236
0.810147
0.809954
0.809768
0.809648
0.809706
0.809543
0.809368
0.809198
0.809262
0.809190
0.809057
0.808878
0.808768
0.808841
0.808777
0.808607
0.808472
0.808244
0.808255
0.808123
0.807955
0.808096
0.808111
0.808193
0.808041
0.807944
0.808335
0.808243
0.808039
0.808016
0.807926
0.807940
0.807993
0.808020
0.808112
0.808062
0.807956
0.807830
0.807660
0.807517
0.807371
0.807228
0.807364
0.807149
0.806971
0.806837
0.806869
0.806910
0.806806
0.806624
0.806405
0.806328
0.806125
0.806046
0.806019
0.805816
0.805605
0.805451
0.805265
0.805096
0.804912
0.805013
0.804895
0.804823
0.804642
0.804490
0.804467
0.804364
0.804408
0.804563
0.804605
0.804416
0.804599
0.804488
0.804322
0.804099
0.804089
0.804069
0.803985
0.803942
0.803909
0.803907
0.803747
0.803601
0.803474
0.803335
0.803278
0.803079
0.803016
0.802890
0.803273
0.803148
0.803101
0.803176
0.802974
0.802980
0.803126
0.803010
0.802809
0.802627
0.802439
0.802232
0.802298
0.802210
0.801993
0.801765
0.801729
0.801658
0.801663
0.801455
0.801310
0.801191
0.801007
0.801001
0.801250
0.801168
0.800996
0.800802
0.800605
0.800459
0.800933
0.800835
0.800868
0.800719
0.800722
0.800694
0.800668
0.800470
0.800587
0.801036
0.801053
0.801023
0.801056
0.800938
0.800786
0.800670
0.800566
0.800719
0.800548
0.800519
0.800353
0.800208
0.800121
0.799995
0.799930
0.799748
0.799698
0.799564
0.799665
0.799764
0.799747
0.799923
0.799741
0.799535
0.799334
0.799167
0.799042
0.798832
0.798653
0.798504
0.798326
0.798144
0.798014
0.797995
0.797875
0.797687
0.797478
0.797301
0.797791
0.797710
0.797630
0.797581
0.797447
0.797395
0.797299
0.797309
0.797103
0.797175
0.797198
0.796999
0.796929
0.796774
0.796746
0.796603
0.796611
0.796482
0.796389
0.796377
0.796234
0.796663
0.796740
0.796799
0.796912
0.796702
0.796498
0.796323
0.796143
0.796062
0.795899
0.795896
0.796295
0.796120
0.795945
0.795838
0.795767
0.795593
0.795444
0.795291
0.795279
0.795481
0.795487
0.795363
0.795270
0.795335
0.795383
0.795420
0.795480
0.795371
0.795324
0.795253
0.795080
0.795109
0.795141
0.795167
0.795093
0.794957
0.794832
0.794721
0.794668
0.794492
0.794411
0.794369
0.794181
0.794024
0.793842
0.793680
0.793848
0.793646
0.793539
0.793587
0.793465
0.793333
0.793173
0.793231
0.793157
0.793387
0.793180
0.793008
0.792874
0.792804
0.792710
0.792572
0.792551
0.792529
0.792360
0.792324
0.792269
0.792338
0.792436
0.792480
0.792316
0.792156
0.791972
0.792075
0.791932
0.792006
0.791985
0.791911
0.791801
0.791624
0.791430
0.791460
0.791332
0.791232
0.791393
0.791225
0.791161
0.791099
0.790951
0.790803
0.790718
0.790532
0.790439
0.790250
0.790100
0.789964
0.789763
0.789782
0.790074
0.789931
0.789786
0.789651
0.789635
0.789624
0.789444
0.789926
0.790056
0.789855
0.789666
0.789810
0.789633
0.789507
0.789500
0.789493
0.789328
0.789168
0.789145
0.788949
0.788923
0.788794
0.788622
0.788545
0.788574
0.788648
0.788605
0.788449
0.788432
0.788528
0.788517
0.788454
0.788261
0.788112
0.787957
0.788078
0.787933
0.787757
0.787561
0.787523
0.787337
0.787207
0.787241
0.787141
0.787148
0.786967
0.787031
0.786889
0.786964
0.786981
0.786919
0.786782
0.786786
0.786851
0.786752
0.786815
0.786668
0.786548
0.786383
0.786215
0.786152
0.786292
0.786145
0.786164
0.786421
0.786362
0.786285
0.786386
0.786378
0.786236
0.786106
0.785982
0.785877
0.785698
0.785511
0.785309
0.785251
0.785122
0.785413
0.785294
0.785115
0.784960
0.784855
0.784702
0.784537
0.784337
0.784175
0.784312
0.784127
0.783984
0.784018
0.783911
0.783757
0.783770
0.783722
0.783668
0.783856
0.783778
0.783616
0.783571
0.783819
0.784116
0.783976
0.783865
0.783692
0.783498
0.783320
0.783339
0.783172
0.782981
0.782996
0.782936
0.782754
0.782609
0.782459
0.782261
0.782120
0.782027
0.781924
0.781766
0.781719
0.781581
0.781433
0.781386
0.781238
0.781086
0.780997
0.780869
0.780686
0.780524
0.780640
0.054451
0.693240
0.655139
0.544912
0.660750
0.660055
0.573091
0.605339
0.566980
0.600083
0.560773
0.524628
0.488413
0.524854
0.513991
0.489833
0.502557
0.491025
0.494215
0.515626
0.540008
0.545451
0.548113
0.545836
0.540174
0.536691
0.577895
0.588230
0.629565
0.624228
0.611416
0.625520
0.618552
0.622770
0.617973
0.626478
0.624083
0.625394
0.613097
0.620600
0.640638
0.658126
0.649982
0.655073
0.663500
0.681302
0.672282
0.661410
0.650106
0.666482
0.665969
0.654981
0.656315
0.653589
0.644636
0.651935
0.669477
0.667206
0.659435
0.649269
0.642031
0.632701
0.640930
0.634646
0.634909
0.625944
0.618358
0.616586
0.613539
0.609216
0.601168
0.594408
0.596282
0.591989
0.588111
0.582514
0.575941
0.570799
0.571928
0.578224
0.571608
0.567961
0.567235
0.563056
0.564257
0.559876
0.559753
0.568797
0.563139
0.561057
0.558037
0.555088
0.560753
0.557127
0.553095
0.553122
0.548743
0.548742
0.550652
0.547872
0.545550
0.540663
0.537419
0.534474
0.536963
0.534690
0.535109
0.532411
0.528661
0.535808
0.540342
0.542837
0.538261
0.536989
0.534109
0.545386
0.543885
0.548655
0.553160
0.556048
0.558864
0.557846
0.553511
0.554679
0.551208
0.549260
0.551712
0.547918
0.553978
0.557223
0.555491
0.551973
0.552245
0.549602
0.548584
0.546075
0.547560
0.546574
0.543321
0.539707
0.540930
0.540481
0.540798
0.537654
0.534545
0.531043
0.530071
0.527845
0.530831
0.528726
0.526414
0.526342
0.524441
0.524240
0.521753
0.522568
0.522966
0.524427
0.523437
0.522066
0.522431
0.519898
0.525137
0.522560
0.525164
0.522591
0.520248
0.519529
0.518168
0.516268
0.515528
0.513483
0.512102
0.512283
0.513292
0.515931
0.515138
0.517104
0.514633
0.513169
0.523757
0.523387
0.526060
0.529156
0.528281
0.534616
0.541628
0.540213
0.537576
0.538754
0.536056
0.542293
0.540062
0.543651
0.543507
0.544698
0.545521
0.543863
0.541368
0.539613
0.537013
0.536196
0.536716
0.539949
0.539376
0.538636
0.536719
0.538345
0.538474
0.539514
0.540651
0.538816
0.538388
0.542393
0.543731
0.542201
0.547098
0.547852
0.547866
0.546185
0.547571
0.550179
0.548740
0.549665
0.552333
0.550223
0.548983
0.549748
0.548017
0.546787
0.546733
0.544929
0.544195
0.542137
0.545674
0.550109
0.553093
0.553015
0.553102
0.551747
