0.100000
0.050000
0.033333
0.025000
0.040000
0.066667
0.057143
0.050000
0.055556
0.050000
0.045455
0.041667
0.053846
0.057143
0.053333
0.056250
0.052941
0.050000
0.047368
0.050000
0.047619
0.054545
0.056522
0.054167
0.052000
0.050000
0.048148
0.050000
0.048276
0.050000
0.051613
0.053125
0.057576
0.058824
0.062857
0.061111
0.062162
0.065789
0.066667
0.070000
0.073171
0.071429
0.072093
0.072727
0.071111
0.071739
0.070213
0.072917
0.075510
0.078000
0.078431
0.078846
0.081132
0.083333
0.083636
0.087500
0.089474
0.093103
0.098305
0.098333
0.098361
0.100000
0.098413
0.101562
0.104615
0.103030
0.102985
0.105882
0.108696
0.111429
0.114085
0.116667
0.117808
0.117568
0.118667
0.122368
0.123377
0.124359
0.124051
0.127500
0.129630
0.129268
0.132530
0.132143
0.132941
0.136047
0.136782
0.138636
0.141573
0.143333
0.145055
0.148913
0.149462
0.151064
0.149474
0.155208
0.156701
0.162245
0.161616
0.164000
0.166337
0.168627
0.168932
0.171154
0.174286
0.174528
0.173832
0.175926
0.177064
0.179091
0.181081
0.181250
0.183186
0.186842
0.189565
0.192241
0.195726
0.197458
0.198319
0.198333
0.200000
0.201639
0.204065
0.205645
0.208800
0.208730
0.208661
0.208594
0.212403
0.216154
0.216794
0.217424
0.219549
0.220896
0.220741
0.222794
0.224818
0.224638
0.224460
0.226429
0.226950
0.229577
0.230769
0.231944
0.233793
0.236301
0.237415
0.240541
0.241611
0.242000
0.244371
0.246711
0.249673
0.250649
0.250968
0.252564
0.254140
0.256962
0.258491
0.258750
0.261491
0.262346
0.262577
0.264024
0.264242
0.266265
0.267066
0.267857
0.270414
0.271765
0.273684
0.275000
0.276879
0.278161
0.280000
0.281818
0.283616
0.283708
0.283799
0.285000
0.287845
0.289011
0.290710
0.292391
0.294054
0.294624
0.295722
0.297872
0.300000
0.302105
0.303665
0.305208
0.307254
0.308763
0.309231
0.310714
0.311168
0.312121
0.314070
0.316000
0.317910
0.318812
0.320197
0.322549
0.323902
0.326214
0.328019
0.328365
0.329187
0.330952
0.331754
0.331604
0.334272
0.334579
0.335814
0.337500
0.338710
0.339908
0.340639
0.342727
0.343891
0.344595
0.345740
0.345536
0.347111
0.348673
0.350661
0.352193
0.352838
0.354783
0.356710
0.357328
0.359227
0.361538
0.363404
0.364831
0.365401
0.366387
0.366109
0.367083
0.367635
0.368182
0.368724
0.370902
0.371837
0.372358
0.372470
0.373387
0.375502
0.376400
0.378486
0.379365
0.380632
0.381890
0.382353
0.382422
0.384047
0.384496
0.385328
0.386923
0.388123
0.388168
0.388973
0.391288
0.392830
0.393233
0.395506
0.395522
0.397026
0.397778
0.398524
0.400000
0.401099
0.402555
0.404364
0.404710
0.405776
0.406475
0.407885
0.409643
0.410676
0.411702
0.412367
0.413028
0.412632
0.413986
0.414286
0.415972
0.416955
0.418276
0.419244
0.420890
0.420478
0.422449
0.423051
0.423649
0.424916
0.425839
0.427425
0.428333
0.429568
0.430795
0.432343
0.433224
0.433770
0.434314
0.435831
0.436688
0.437864
0.439355
0.440193
0.440705
0.441214
0.441720
0.442540
0.443038
0.443218
0.443396
0.444201
0.444688
0.445171
0.445652
0.446440
0.447840
0.448923
0.449693
0.451070
0.451829
0.452888
0.454242
0.454985
0.455120
0.456456
0.457784
0.458209
0.459226
0.459941
0.460651
0.461652
0.462647
0.463636
0.463743
0.464723
0.465407
0.465797
0.466763
0.467147
0.468103
0.468768
0.469714
0.469516
0.469886
0.470822
0.471751
0.472394
0.472753
0.473950
0.474581
0.474930
0.476111
0.476454
0.477348
0.477961
0.478846
0.479452
0.479781
0.480926
0.481793
0.482114
0.482703
0.483019
0.482796
0.483914
0.483957
0.484533
0.484840
0.485676
0.486243
0.487335
0.488421
0.488976
0.489791
0.490862
0.491146
0.492208
0.492746
0.493282
0.494072
0.494087
0.494615
0.495396
0.496173
0.495929
0.496701
0.496962
0.497980
0.498489
0.499497
0.500000
0.501000
0.501995
0.502736
0.503226
0.503218
0.503951
0.504680
0.505405
0.505882
0.507090
0.507805
0.508759
0.509466
0.509927
0.510870
0.512048
0.512260
0.512710
0.513397
0.514320
0.515000
0.515677
0.516351
0.516548
0.517217
0.517647
0.518075
0.518735
0.519159
0.520047
0.520930
0.521578
0.522222
0.522633
0.522811
0.523448
0.523165
0.522883
0.523059
0.523462
0.523409
0.524263
0.524661
0.525282
0.525450
0.525618
0.526233
0.526398
0.527232
0.527171
0.528000
0.528160
0.528982
0.529581
0.529956
0.529890
0.530921
0.531510
0.532314
0.532680
0.532609
0.533189
0.533766
0.534125
0.534052
0.534409
0.534979
0.535760
0.536538
0.537313
0.538085
0.538854
0.539195
0.539746
0.540295
0.540632
0.541387
0.541929
0.542259
0.543006
0.543542
0.543867
0.544191
0.544720
0.545041
0.545567
0.546091
0.546407
0.546926
0.547648
0.548163
0.548880
0.549593
0.550101
0.550405
0.551111
0.551411
0.551710
0.551807
0.552505
0.553200
0.553293
0.553386
0.553280
0.553770
0.554257
0.554545
0.555030
0.555512
0.555992
0.556863
0.557339
0.558008
0.558674
0.559533
0.560000
0.560853
0.561509
0.561969
0.562620
0.562885
0.563340
0.563602
0.564245
0.564885
0.565333
0.565779
0.566224
0.567045
0.567297
0.567358
0.567420
0.567857
0.568480
0.569101
0.569533
0.570149
0.570205
0.570074
0.570501
0.571111
0.571719
0.571956
0.572560
0.573162
0.573945
0.573993
0.574771
0.575000
0.575592
0.576000
0.576225
0.576993
0.577758
0.578339
0.578739
0.578957
0.579533
0.579749
0.579964
0.580536
0.580749
0.581139
0.581350
0.581560
0.581947
0.582155
0.582892
0.583275
0.583480
0.584035
0.584238
0.584441
0.584991
0.585366
0.585739
0.586111
0.586482
0.587197
0.587565
0.588276
0.588640
0.588832
0.589537
0.589726
0.590256
0.589932
0.590119
0.590646
0.590832
0.591186
0.591709
0.592061
0.592580
0.593266
0.593445
0.593792
0.594137
0.594314
0.594491
0.595000
0.595008
0.595349
0.595522
0.595530
0.596033
0.596535
0.597199
0.597533
0.598194
0.598525
0.598854
0.599346
0.600000
0.600489
0.600976
0.601461
0.601945
0.602265
0.602262
0.602581
0.602899
0.603215
0.603371
0.603686
0.604320
0.604473
0.604944
0.605414
0.605564
0.605556
0.606181
0.900000
0.950000
0.900000
0.875000
0.820000
0.833333
0.857143
0.862500
0.877778
0.870000
0.845455
0.833333
0.830769
0.835714
0.813333
0.825000
0.817647
0.816667
0.810526
0.815000
0.814286
0.818182
0.813043
0.812500
0.816000
0.823077
0.822222
0.825000
0.817241
0.816667
0.822581
0.828125
0.830303
0.823529
0.822857
0.825000
0.821622
0.826316
0.830769
0.827500
0.826829
0.823810
0.825581
0.818182
0.822222
0.821739
0.821277
0.816667
0.818367
0.816000
0.819608
0.821154
0.818868
0.814815
0.812727
0.812500
0.810526
0.813793
0.815254
0.815000
0.814754
0.814516
0.814286
0.814063
0.815385
0.813636
0.813433
0.813235
0.813043
0.811429
0.809859
0.808333
0.808219
0.805405
0.806667
0.809211
0.807792
0.806410
0.807595
0.810000
0.809877
0.809756
0.810843
0.810714
0.811765
0.812791
0.812644
0.813636
0.813483
0.813333
0.814286
0.810870
0.809677
0.808511
0.809474
0.808333
0.808247
0.808163
0.810101
0.810000
0.811881
0.810784
0.809709
0.810577
0.811429
0.812264
0.812150
0.812037
0.812844
0.812727
0.812613
0.811607
0.811504
0.810526
0.811304
0.810345
0.809402
0.809322
0.810084
0.810000
0.810744
0.811475
0.811382
0.811290
0.812000
0.810317
0.811811
0.813281
0.814729
0.813846
0.814504
0.814394
0.814286
0.813433
0.812593
0.811765
0.812409
0.811594
0.811511
0.812857
0.813475
0.813380
0.813986
0.813889
0.813793
0.813699
0.814286
0.814865
0.816107
0.817333
0.817881
0.817763
0.818954
0.818182
0.818065
0.817949
0.817834
0.817722
0.816352
0.816875
0.816149
0.815432
0.815337
0.815854
0.816364
0.816867
0.817964
0.819048
0.819527
0.820588
0.820468
0.821512
0.822543
0.822989
0.823429
0.823295
0.823729
0.824719
0.824581
0.825000
0.825414
0.825275
0.825137
0.825000
0.825405
0.824194
0.825134
0.824468
0.824868
0.825263
0.825131
0.825000
0.824870
0.825258
0.826154
0.825000
0.825888
0.826768
0.827136
0.827000
0.827861
0.828218
0.828079
0.826961
0.827317
0.828155
0.828986
0.829327
0.829187
0.829524
0.829384
0.829245
0.828169
0.828037
0.828837
0.829167
0.829032
0.828440
0.828311
0.828636
0.828507
0.829279
0.829148
0.829018
0.828889
0.829204
0.829515
0.828947
0.829694
0.829565
0.829004
0.829310
0.829185
0.829487
0.829787
0.830085
0.829958
0.829412
0.829289
0.829167
0.828631
0.828926
0.828807
0.829098
0.829388
0.829268
0.829555
0.829435
0.829719
0.829200
0.828685
0.827778
0.827273
0.827165
0.827451
0.828125
0.828794
0.828682
0.828958
0.829231
0.829502
0.829389
0.830038
0.828409
0.829057
0.829323
0.829213
0.829478
0.829740
0.829630
0.829520
0.829412
0.829670
0.829927
0.830545
0.830435
0.829603
0.829496
0.830108
0.829286
0.829537
0.829078
0.829329
0.829577
0.829123
0.829021
0.828920
0.828819
0.829066
0.828966
0.828522
0.827740
0.827304
0.827551
0.827119
0.827365
0.827609
0.827517
0.827425
0.827000
0.826910
0.826821
0.827393
0.827303
0.827541
0.827778
0.828013
0.827597
0.827832
0.828387
0.828296
0.827564
0.827476
0.827389
0.827937
0.828165
0.828391
0.828931
0.829154
0.829063
0.828660
0.828571
0.828793
0.829321
0.829846
0.829448
0.828746
0.828963
0.829179
0.829697
0.829305
0.829518
0.829730
0.829940
0.830448
0.830952
0.830564
0.831065
0.830973
0.830882
0.831085
0.830409
0.830904
0.831105
0.831304
0.831503
0.831700
0.831897
0.831805
0.832000
0.832479
0.832102
0.832295
0.832768
0.832958
0.833146
0.833333
0.833240
0.833148
0.833611
0.833518
0.833702
0.834160
0.834066
0.834521
0.834153
0.834605
0.834783
0.834959
0.834324
0.834501
0.834409
0.834853
0.834225
0.834667
0.835106
0.834748
0.834656
0.834565
0.834737
0.834646
0.834293
0.833943
0.834375
0.834026
0.833938
0.833592
0.833247
0.832391
0.832564
0.832737
0.832653
0.832824
0.833249
0.833418
0.832828
0.833249
0.833417
0.833835
0.833750
0.833915
0.834080
0.833995
0.833663
0.833827
0.833005
0.831941
0.832353
0.832274
0.832683
0.833090
0.833010
0.832930
0.833092
0.833253
0.833173
0.833573
0.833971
0.834368
0.834286
0.834442
0.834834
0.834752
0.834906
0.834824
0.835211
0.835129
0.834813
0.834732
0.834651
0.834803
0.834722
0.835104
0.835023
0.834943
0.835092
0.835240
0.835388
0.835763
0.835455
0.835601
0.835068
0.835440
0.835586
0.835730
0.835874
0.835794
0.836161
0.836303
0.836222
0.836142
0.836062
0.836424
0.836344
0.836484
0.836842
0.836980
0.836900
0.836601
0.836957
0.837093
0.837229
0.837365
0.836853
0.836774
0.837124
0.836831
0.836538
0.836247
0.836170
0.836093
0.836229
0.836575
0.836920
0.837053
0.836975
0.837107
0.836820
0.837161
0.837292
0.837214
0.837344
0.837267
0.837603
0.837732
0.837860
0.837988
0.838320
0.838241
0.838163
0.838086
0.838211
0.838540
0.838866
0.838788
0.838306
0.838431
0.838353
0.838477
0.838400
0.838323
0.838645
0.838569
0.838690
0.838812
0.838538
0.838264
0.838386
0.838507
0.838627
0.838356
0.837891
0.838207
0.837743
0.837282
0.837016
0.837331
0.837259
0.836994
0.837308
0.837044
0.836590
0.836520
0.836260
0.836571
0.836502
0.836243
0.836553
0.836295
0.836226
0.836158
0.836278
0.836023
0.835955
0.836262
0.836381
0.836127
0.836431
0.836364
0.836481
0.836414
0.836347
0.836648
0.836581
0.836514
0.836447
0.836563
0.836314
0.836430
0.836545
0.836661
0.836413
0.836528
0.836462
0.836577
0.836871
0.836625
0.836738
0.836494
0.836250
0.836185
0.835765
0.835879
0.835638
0.835575
0.835512
0.835273
0.835387
0.835501
0.835439
0.835727
0.835839
0.835777
0.835714
0.835652
0.835764
0.836049
0.836332
0.836615
0.836724
0.836833
0.836942
0.837050
0.837329
0.837436
0.837543
0.837819
0.837585
0.837351
0.836949
0.837225
0.837331
0.837605
0.837879
0.837815
0.837919
0.838191
0.838294
0.838397
0.838333
0.838103
0.838206
0.838308
0.838576
0.838843
0.838614
0.838550
0.838487
0.838259
0.838361
0.838462
0.838399
0.838662
0.838599
0.838537
0.838312
0.838250
0.838188
0.838126
0.838226
0.838164
0.838264
0.838042
0.838301
0.838400
0.837859
0.837799
0.837739
0.837997
0.838254
0.838352
0.500000
0.700000
0.733333
0.775000
0.780000
0.816667
0.842857
0.850000
0.833333
0.840000
0.854545
0.858333
0.846154
0.835714
0.840000
0.837500
0.841176
0.850000
0.857895
0.865000
0.857143
0.854545
0.856522
0.854167
0.852000
0.850000
0.855556
0.853571
0.858621
0.863333
0.861290
0.862500
0.866667
0.858824
0.860000
0.861111
0.859459
0.860526
0.861538
0.860000
0.860976
0.857143
0.855814
0.856818
0.855556
0.856522
0.853191
0.854167
0.857143
0.852000
0.850980
0.848077
0.849057
0.848148
0.849091
0.850000
0.845614
0.846552
0.842373
0.843333
0.844262
0.843548
0.844444
0.845313
0.847692
0.848485
0.847761
0.848529
0.846377
0.845714
0.846479
0.845833
0.846575
0.847297
0.848000
0.848684
0.844156
0.839744
0.840506
0.841250
0.838272
0.839024
0.838554
0.836905
0.836471
0.833721
0.833333
0.832955
0.834831
0.835556
0.836264
0.836957
0.837634
0.838298
0.840000
0.840625
0.840206
0.839796
0.837374
0.838000
0.838614
0.840196
0.839806
0.840385
0.838095
0.839623
0.837383
0.837963
0.839450
0.840909
0.840541
0.840179
0.840708
0.839474
0.839130
0.839655
0.840171
0.840678
0.841176
0.842500
0.843802
0.845082
0.845528
0.845968
0.847200
0.847619
0.848031
0.848437
0.848062
0.847692
0.846565
0.847727
0.845865
0.844776
0.844444
0.844118
0.844526
0.844928
0.844604
0.844286
0.843972
0.844366
0.844755
0.844444
0.842069
0.842466
0.842857
0.843919
0.844295
0.845333
0.845695
0.845395
0.845098
0.845455
0.846452
0.846795
0.845860
0.846835
0.847799
0.848125
0.847205
0.847531
0.846626
0.847561
0.847273
0.846988
0.846108
0.845833
0.846154
0.845882
0.845614
0.845349
0.845087
0.844828
0.845714
0.845455
0.845198
0.844944
0.845251
0.846111
0.845856
0.845055
0.845355
0.845109
0.845405
0.846237
0.846524
0.847340
0.847090
0.846842
0.846073
0.846354
0.846632
0.847423
0.848205
0.848469
0.848223
0.848485
0.849246
0.849500
0.850249
0.850000
0.850739
0.850490
0.850732
0.850971
0.850725
0.850962
0.851675
0.851905
0.852133
0.851887
0.852113
0.852804
0.852558
0.852778
0.852995
0.853670
0.853881
0.854091
0.853394
0.853604
0.852915
0.853571
0.853333
0.853540
0.854185
0.854386
0.854585
0.854783
0.855411
0.855603
0.855365
0.855128
0.855745
0.855508
0.855274
0.855882
0.855230
0.855833
0.856017
0.856198
0.855967
0.855738
0.855102
0.854472
0.854656
0.854435
0.855020
0.855200
0.854582
0.855159
0.854545
0.854724
0.854118
0.853125
0.853307
0.853876
0.853282
0.853077
0.853640
0.852672
0.852852
0.852652
0.852830
0.852632
0.852434
0.852612
0.852788
0.852963
0.853506
0.854044
0.854212
0.853650
0.853455
0.853623
0.853069
0.853597
0.853763
0.853929
0.854448
0.854255
0.853710
0.853169
0.853684
0.853497
0.854007
0.853472
0.853287
0.852759
0.852921
0.853082
0.852901
0.852381
0.852542
0.852027
0.851178
0.851007
0.850167
0.850667
0.850831
0.850993
0.850825
0.851316
0.851475
0.851634
0.851466
0.850974
0.851456
0.851935
0.852090
0.852564
0.853035
0.853185
0.853333
0.853165
0.853312
0.852830
0.852978
0.852187
0.852025
0.852174
0.852322
0.852469
0.852615
0.852454
0.852905
0.853354
0.853799
0.853939
0.853474
0.853012
0.852853
0.853293
0.853731
0.853274
0.853412
0.853846
0.853982
0.853824
0.853372
0.853801
0.853644
0.853488
0.853623
0.853468
0.853314
0.853161
0.853295
0.853143
0.852991
0.853409
0.853258
0.853390
0.853803
0.853652
0.853782
0.853631
0.854039
0.854167
0.854294
0.854420
0.854545
0.854670
0.855068
0.855191
0.854496
0.854348
0.854472
0.854865
0.854178
0.854570
0.854692
0.854813
0.855200
0.855585
0.855438
0.855291
0.855145
0.854737
0.854856
0.854974
0.855091
0.855208
0.855325
0.855699
0.855814
0.856186
0.855784
0.855897
0.856010
0.856122
0.855980
0.855076
0.854937
0.854798
0.854912
0.854271
0.854637
0.854500
0.854863
0.854726
0.854591
0.854208
0.854568
0.854680
0.854545
0.854902
0.854768
0.854878
0.854988
0.855097
0.854964
0.855072
0.855422
0.855529
0.855635
0.855742
0.855609
0.855238
0.855344
0.855687
0.855792
0.855660
0.855529
0.855869
0.855504
0.855607
0.855944
0.856047
0.855684
0.856019
0.856120
0.856221
0.856552
0.856881
0.857208
0.857306
0.857175
0.857273
0.857370
0.857466
0.857788
0.857658
0.857753
0.857848
0.857942
0.857812
0.857906
0.857556
0.857871
0.857965
0.858278
0.858370
0.858242
0.857895
0.858206
0.858297
0.858606
0.858478
0.857918
0.857792
0.857883
0.857759
0.857634
0.857725
0.857602
0.857906
0.858209
0.857872
0.857962
0.858263
0.858351
0.858228
0.858316
0.858403
0.858491
0.858787
0.858873
0.858958
0.858836
0.859129
0.859213
0.859091
0.859175
0.858642
0.858932
0.858811
0.858691
0.858980
0.859063
0.859350
0.859026
0.859312
0.859394
0.859073
0.859155
0.859237
0.859519
0.859800
0.859880
0.859960
0.859841
0.859722
0.859802
0.859684
0.859961
0.859646
0.859921
0.859804
0.859883
0.859961
0.860039
0.859922
0.860194
0.860271
0.860542
0.860425
0.860694
0.860769
0.860461
0.860728
0.860803
0.860878
0.860762
0.860646
0.860531
0.860606
0.860681
0.860566
0.860640
0.860526
0.860788
0.860861
0.860935
0.861007
0.861080
0.861338
0.861224
0.861296
0.861368
0.861439
0.861326
0.861397
0.861651
0.861722
0.861792
0.861314
0.861384
0.861636
0.861343
0.861232
0.861302
0.861011
0.860901
0.861151
0.861400
0.861470
0.861717
0.861607
0.861676
0.861922
0.861989
0.862057
0.861770
0.861661
0.861199
0.861092
0.860984
0.861053
0.861121
0.861364
0.861606
0.861847
0.861913
0.861979
0.862218
0.862111
0.862176
0.862414
0.862478
0.862199
0.861921
0.861986
0.861880
0.861775
0.861670
0.861905
0.861969
0.862203
0.862098
0.862162
0.862057
0.862121
0.862017
0.861913
0.862144
0.862375
0.862437
0.862500
0.862562
0.862292
0.862023
0.862086
0.861653
0.861881
0.861779
0.861842
0.861905
0.861639
0.861702
0.861928
0.861827
0.861564
0.861626
0.861526
0.861750
0.861489
0.861551
0.861613
0.861353
0.861254
0.861156
0.861058
0.861120
0.861182
0.861404
0.860987
0.860731
0.860794
0.860856
0.900000
0.950000
0.966667
0.950000
0.960000
0.950000
0.957143
0.950000
0.944444
0.930000
0.936364
0.925000
0.923077
0.928571
0.926667
0.925000
0.911765
0.911111
0.910526
0.905000
0.895238
0.890909
0.895652
0.891667
0.896000
0.892308
0.888889
0.889286
0.893103
0.890000
0.887097
0.884375
0.878788
0.882353
0.882857
0.883333
0.881081
0.881579
0.884615
0.885000
0.880488
0.883333
0.883721
0.881818
0.882222
0.880435
0.878723
0.881250
0.883673
0.886000
0.886275
0.884615
0.884906
0.887037
0.889091
0.889286
0.891228
0.893103
0.891525
0.893333
0.893443
0.893548
0.890476
0.889062
0.887692
0.886364
0.888060
0.886765
0.885507
0.885714
0.884507
0.886111
0.886301
0.883784
0.882667
0.881579
0.881818
0.879487
0.877215
0.877500
0.876543
0.875610
0.875904
0.876190
0.875294
0.876744
0.878161
0.878409
0.879775
0.881111
0.880220
0.879348
0.877419
0.878723
0.880000
0.880208
0.880412
0.879592
0.879798
0.880000
0.879208
0.878431
0.877670
0.877885
0.878095
0.877358
0.875701
0.875000
0.874312
0.872727
0.872072
0.873214
0.874336
0.874561
0.874783
0.872414
0.872650
0.872034
0.872269
0.871667
0.871074
0.872131
0.873171
0.873387
0.873600
0.874603
0.874803
0.872656
0.872093
0.871538
0.871756
0.872727
0.872932
0.871642
0.871111
0.872059
0.871533
0.872464
0.871942
0.872857
0.872340
0.872535
0.873427
0.874306
0.874483
0.875342
0.875510
0.875676
0.876510
0.876000
0.876159
0.875658
0.876471
0.875974
0.876774
0.877564
0.877707
0.877848
0.878616
0.878750
0.878882
0.878395
0.879141
0.878659
0.876364
0.876506
0.877246
0.877381
0.877515
0.878235
0.878947
0.879651
0.879769
0.880460
0.880571
0.881250
0.880791
0.880337
0.880447
0.880000
0.880110
0.879670
0.880328
0.880978
0.881081
0.881183
0.880749
0.880319
0.880423
0.880526
0.880628
0.880729
0.880829
0.879897
0.880000
0.880102
0.880711
0.881313
0.880402
0.880500
0.881095
0.881188
0.881281
0.881863
0.881951
0.880583
0.880676
0.881250
0.881340
0.880952
0.881517
0.881604
0.882160
0.882710
0.882791
0.883333
0.882949
0.882569
0.883105
0.883636
0.882805
0.882432
0.881614
0.880804
0.880889
0.880973
0.879736
0.879386
0.879476
0.879565
0.879654
0.879310
0.879828
0.879915
0.880000
0.879661
0.879747
0.879832
0.880335
0.880417
0.880083
0.879752
0.879424
0.879508
0.879184
0.879268
0.879757
0.880242
0.880723
0.880800
0.880478
0.880952
0.881423
0.881102
0.881176
0.881250
0.880934
0.881008
0.880309
0.880000
0.880077
0.880534
0.880608
0.880682
0.880377
0.880451
0.880899
0.880970
0.881041
0.881111
0.881550
0.881618
0.881685
0.881387
0.881091
0.880435
0.880505
0.880576
0.880645
0.880714
0.880427
0.880851
0.880565
0.880986
0.881404
0.880769
0.880836
0.880556
0.880277
0.880345
0.880756
0.880822
0.881229
0.881633
0.881695
0.882095
0.882492
0.882550
0.882274
0.882000
0.882060
0.882119
0.882178
0.882566
0.882623
0.882680
0.882085
0.882143
0.882524
0.881935
0.882315
0.881731
0.881789
0.882166
0.882540
0.882595
0.882650
0.882704
0.882759
0.883125
0.883178
0.883230
0.883282
0.883333
0.883385
0.883129
0.882875
0.882927
0.882979
0.883030
0.883384
0.883133
0.882883
0.883234
0.882388
0.882143
0.882196
0.882544
0.882596
0.882647
0.882405
0.882164
0.882216
0.882267
0.882609
0.882081
0.882133
0.881609
0.881948
0.881714
0.881766
0.882102
0.882153
0.881921
0.881690
0.882022
0.881232
0.881564
0.881616
0.881389
0.881717
0.882044
0.881818
0.881593
0.881918
0.881967
0.881199
0.881522
0.881572
0.881622
0.881402
0.881183
0.881233
0.881016
0.881333
0.881117
0.880902
0.880952
0.881003
0.881053
0.880577
0.880628
0.880940
0.880469
0.880519
0.880570
0.880362
0.880670
0.880977
0.881282
0.881586
0.881378
0.881425
0.881726
0.881772
0.881818
0.881360
0.881407
0.881704
0.881500
0.881546
0.881841
0.881638
0.881683
0.881728
0.881527
0.881572
0.881618
0.881174
0.881463
0.881509
0.880825
0.880872
0.880676
0.880723
0.880769
0.880815
0.880861
0.880668
0.880952
0.881235
0.881280
0.881324
0.880896
0.881176
0.881221
0.880796
0.880607
0.880420
0.880465
0.880046
0.879861
0.879677
0.879493
0.879310
0.879358
0.879405
0.879680
0.879727
0.879773
0.880045
0.879638
0.879910
0.880180
0.880449
0.880717
0.880537
0.880804
0.881069
0.880667
0.880710
0.880531
0.880132
0.880176
0.880440
0.880482
0.880744
0.880786
0.880610
0.880870
0.881128
0.881169
0.881210
0.881034
0.881075
0.881116
0.881370
0.881410
0.881450
0.881064
0.881104
0.881144
0.881395
0.881435
0.881684
0.881513
0.881551
0.881381
0.881420
0.881250
0.881081
0.881120
0.880952
0.880992
0.880825
0.880864
0.881109
0.881148
0.881391
0.881429
0.881059
0.880894
0.881136
0.881174
0.881010
0.880847
0.880483
0.880321
0.879760
0.880000
0.880040
0.879681
0.879722
0.879365
0.879604
0.879447
0.879684
0.879724
0.879568
0.879412
0.879452
0.879297
0.878947
0.878988
0.878447
0.877907
0.877756
0.877992
0.877842
0.877885
0.877927
0.877969
0.878011
0.877863
0.877714
0.877567
0.877609
0.877841
0.877694
0.877736
0.877589
0.877632
0.877486
0.877715
0.877196
0.877052
0.877095
0.877138
0.877180
0.877407
0.877264
0.877491
0.877716
0.877390
0.877431
0.877656
0.877697
0.877555
0.877413
0.877455
0.877677
0.877717
0.877758
0.877617
0.877658
0.877878
0.878097
0.877778
0.877460
0.877321
0.877540
0.877224
0.877265
0.876950
0.876991
0.877208
0.877072
0.876937
0.877153
0.877193
0.877233
0.877448
0.877138
0.877352
0.877565
0.877604
0.877643
0.877682
0.877547
0.877586
0.877453
0.877491
0.877187
0.877226
0.876923
0.876792
0.876491
0.876531
0.876401
0.876610
0.876481
0.876520
0.876391
0.876431
0.876303
0.876510
0.876717
0.876589
0.876461
0.876500
0.876705
0.876744
0.876949
0.876821
0.876529
0.876403
0.876112
0.876151
0.875862
0.875738
0.875777
0.875327
0.875204
0.874919
0.874472
0.874675
0.874878
0.874757
0.874637
0.874516
0.874557
0.874598
0.874478
0.874359
0.874240
0.874121
0.874003
0.874045
0.874245
0.873968
0.873851
0.900000
0.850000
0.866667
0.800000
0.840000
0.816667
0.814286
0.825000
0.844444
0.860000
0.863636
0.858333
0.853846
0.864286
0.873333
0.881250
0.888235
0.894444
0.894737
0.900000
0.900000
0.904545
0.908696
0.912500
0.908000
0.903846
0.900000
0.900000
0.896552
0.896667
0.896774
0.896875
0.893939
0.894118
0.897143
0.894444
0.889189
0.889474
0.889744
0.892500
0.887805
0.890476
0.893023
0.890909
0.891111
0.891304
0.889362
0.889583
0.887755
0.886000
0.884314
0.886538
0.886792
0.883333
0.885455
0.885714
0.885965
0.887931
0.888136
0.886667
0.885246
0.885484
0.885714
0.884375
0.886154
0.886364
0.883582
0.880882
0.881159
0.878571
0.877465
0.876389
0.876712
0.878378
0.878667
0.877632
0.877922
0.876923
0.878481
0.878750
0.875309
0.876829
0.875904
0.876190
0.877647
0.879070
0.878161
0.878409
0.875281
0.874444
0.873626
0.875000
0.875269
0.875532
0.875789
0.873958
0.874227
0.873469
0.874747
0.874000
0.873267
0.874510
0.873786
0.875000
0.874286
0.874528
0.874766
0.875000
0.875229
0.873636
0.873874
0.875000
0.875221
0.876316
0.877391
0.876724
0.877778
0.877966
0.877311
0.878333
0.876860
0.877049
0.877236
0.877419
0.877600
0.876190
0.877165
0.877344
0.877519
0.878462
0.879389
0.879545
0.878947
0.878358
0.878519
0.879412
0.878832
0.878986
0.879137
0.880000
0.879433
0.879577
0.880420
0.880556
0.880690
0.880822
0.881633
0.882432
0.882550
0.881333
0.881457
0.880921
0.881699
0.880519
0.881290
0.880128
0.880255
0.880380
0.881132
0.880625
0.878261
0.879012
0.879141
0.878659
0.879394
0.878313
0.877844
0.877381
0.878107
0.878824
0.877778
0.876744
0.876879
0.875287
0.874857
0.875568
0.875706
0.876404
0.875419
0.876111
0.876243
0.876923
0.877596
0.877717
0.877838
0.877419
0.877540
0.878191
0.878836
0.878947
0.879058
0.878646
0.878756
0.878351
0.878974
0.879082
0.879695
0.879798
0.879397
0.880000
0.880597
0.880693
0.880296
0.880882
0.881463
0.881553
0.881159
0.881250
0.881340
0.880476
0.881043
0.881604
0.881690
0.882243
0.881395
0.881481
0.880645
0.880734
0.880365
0.880455
0.879638
0.879730
0.879821
0.879464
0.879556
0.879204
0.878855
0.878509
0.878166
0.878261
0.878788
0.878448
0.878112
0.878205
0.878723
0.878390
0.878059
0.878151
0.877824
0.877917
0.877593
0.877273
0.876955
0.876639
0.876735
0.876016
0.876113
0.876613
0.876305
0.876400
0.875697
0.875397
0.875494
0.875984
0.876471
0.876563
0.877043
0.877132
0.876834
0.876538
0.877011
0.876336
0.876046
0.875758
0.875472
0.874812
0.874532
0.874627
0.874721
0.874815
0.875277
0.875368
0.875458
0.875912
0.876000
0.876087
0.875812
0.876259
0.876344
0.876429
0.876512
0.876596
0.876678
0.876408
0.876491
0.876224
0.875958
0.875694
0.875779
0.875862
0.875945
0.875685
0.875085
0.874490
0.874237
0.874324
0.873737
0.874161
0.873913
0.873333
0.873090
0.873179
0.872937
0.873355
0.873443
0.873203
0.873290
0.873377
0.873463
0.873548
0.873312
0.873718
0.873482
0.873248
0.873651
0.873418
0.873502
0.873585
0.873354
0.873437
0.873832
0.874224
0.874303
0.874691
0.873846
0.873926
0.874006
0.874085
0.874468
0.874242
0.874018
0.873795
0.873874
0.873353
0.873433
0.873512
0.873887
0.873669
0.874041
0.873824
0.873314
0.873684
0.873469
0.873256
0.872754
0.873121
0.873199
0.873276
0.873639
0.873714
0.873789
0.873580
0.873938
0.873729
0.874085
0.874157
0.873669
0.873743
0.873816
0.873611
0.873684
0.873204
0.873278
0.873077
0.872877
0.872951
0.873025
0.873370
0.873442
0.872703
0.873046
0.873118
0.873458
0.873529
0.873333
0.873138
0.873475
0.873545
0.873351
0.873158
0.873228
0.872775
0.872585
0.872917
0.872987
0.872798
0.872610
0.872423
0.872751
0.872821
0.873146
0.873214
0.873028
0.873350
0.873671
0.873990
0.874055
0.874372
0.874185
0.874000
0.874065
0.874129
0.874194
0.874505
0.874568
0.874384
0.874447
0.874510
0.874572
0.874390
0.874209
0.874515
0.874334
0.874155
0.873976
0.873798
0.874101
0.873923
0.874224
0.874048
0.873872
0.874171
0.874232
0.874528
0.874118
0.873709
0.873770
0.873364
0.873660
0.873721
0.874014
0.873843
0.873903
0.874194
0.874483
0.874541
0.874828
0.874658
0.874487
0.874318
0.874150
0.874208
0.874492
0.874775
0.875056
0.875112
0.875391
0.875000
0.875056
0.875333
0.875610
0.875885
0.875717
0.875991
0.876044
0.876316
0.876149
0.876419
0.876471
0.876522
0.876356
0.876190
0.876458
0.876509
0.876774
0.876824
0.876874
0.877137
0.877186
0.877234
0.877495
0.877119
0.876956
0.876793
0.877053
0.877311
0.876520
0.876360
0.876200
0.876458
0.876299
0.876141
0.876398
0.876653
0.876495
0.876543
0.876797
0.876844
0.876892
0.876735
0.876986
0.876829
0.876673
0.876721
0.876768
0.876613
0.876660
0.876707
0.876754
0.876400
0.876647
0.876892
0.877137
0.877381
0.877426
0.877470
0.877712
0.877953
0.878193
0.878235
0.878082
0.878320
0.878363
0.878210
0.878058
0.877713
0.877756
0.877992
0.878227
0.878077
0.877927
0.877586
0.877820
0.878053
0.877714
0.877567
0.877419
0.877462
0.877505
0.877736
0.877589
0.877820
0.878049
0.878277
0.878131
0.878358
0.878399
0.878625
0.878479
0.878519
0.878558
0.878782
0.878821
0.878309
0.877982
0.878022
0.877879
0.878102
0.878142
0.878000
0.878040
0.878080
0.878300
0.878339
0.878378
0.878237
0.878097
0.877778
0.877996
0.877857
0.877718
0.877758
0.877798
0.877660
0.877345
0.877032
0.877072
0.876937
0.876977
0.877018
0.877058
0.876923
0.876789
0.876829
0.876870
0.877083
0.876603
0.876644
0.876684
0.876724
0.876936
0.876976
0.877187
0.877055
0.877094
0.877133
0.877172
0.877211
0.877419
0.877288
0.877496
0.877534
0.877234
0.877441
0.877479
0.877349
0.877554
0.877759
0.877796
0.877833
0.878037
0.878239
0.878275
0.878146
0.878017
0.877723
0.877924
0.877796
0.877668
0.877541
0.877578
0.877614
0.877814
0.878013
0.877886
0.877760
0.877958
0.877670
0.877706
0.877903
0.877778
0.877653
0.877849
0.877885
0.877760
0.877796
0.877671
0.877707
0.877742
0.877778
0.877813
1.000000
0.900000
0.866667
0.800000
0.840000
0.866667
0.828571
0.837500
0.833333
0.840000
0.845455
0.850000
0.853846
0.857143
0.860000
0.862500
0.864706
0.866667
0.873684
0.870000
0.871429
0.877273
0.873913
0.879167
0.876000
0.873077
0.877778
0.882143
0.882759
0.886667
0.883871
0.881250
0.884848
0.888235
0.891429
0.891667
0.891892
0.894737
0.894872
0.895000
0.890244
0.892857
0.895349
0.895455
0.897778
0.900000
0.900000
0.900000
0.895918
0.898000
0.896078
0.896154
0.894340
0.894444
0.896364
0.894643
0.892982
0.887931
0.886441
0.885000
0.883607
0.883871
0.885714
0.887500
0.889231
0.887879
0.889552
0.889706
0.889855
0.891429
0.891549
0.887500
0.886301
0.886486
0.888000
0.886842
0.888312
0.889744
0.889873
0.887500
0.886420
0.885366
0.886747
0.888095
0.885882
0.886047
0.886207
0.885227
0.885393
0.883333
0.882418
0.883696
0.881720
0.881915
0.880000
0.881250
0.882474
0.880612
0.879798
0.880000
0.879208
0.879412
0.878641
0.879808
0.880000
0.880189
0.881308
0.879630
0.879817
0.877273
0.877477
0.877679
0.877876
0.875439
0.873913
0.874138
0.875214
0.874576
0.875630
0.876667
0.877686
0.877049
0.875610
0.875806
0.876000
0.876984
0.875591
0.875000
0.875969
0.875385
0.875573
0.876515
0.876692
0.876119
0.875556
0.875735
0.875912
0.873913
0.874820
0.875714
0.875177
0.876056
0.876923
0.876389
0.877241
0.877397
0.877551
0.877703
0.877852
0.878667
0.878808
0.878947
0.879085
0.878571
0.878710
0.879487
0.878344
0.878481
0.877987
0.877500
0.878261
0.878395
0.879141
0.879878
0.880000
0.880723
0.881437
0.880357
0.879882
0.880000
0.880702
0.880233
0.880347
0.880460
0.880000
0.880114
0.880791
0.881461
0.882123
0.882778
0.883425
0.883516
0.884153
0.884783
0.885405
0.884946
0.885027
0.884574
0.884127
0.884211
0.884817
0.885417
0.886010
0.886598
0.885641
0.885204
0.885279
0.884848
0.885427
0.886000
0.885572
0.885149
0.884729
0.885294
0.885854
0.885922
0.885507
0.886058
0.885646
0.885238
0.884834
0.885377
0.884507
0.884579
0.883721
0.883796
0.884332
0.884862
0.884932
0.884091
0.884163
0.884685
0.885202
0.884821
0.884444
0.884956
0.885022
0.885088
0.885590
0.886087
0.886147
0.886638
0.887124
0.887179
0.886383
0.886441
0.886498
0.886975
0.887029
0.885833
0.885892
0.886364
0.885597
0.885246
0.885714
0.885772
0.885830
0.885887
0.885542
0.885200
0.885657
0.885714
0.885771
0.885433
0.885098
0.885156
0.885214
0.884884
0.885328
0.885769
0.885441
0.885115
0.885551
0.885985
0.886038
0.886466
0.886517
0.886940
0.886617
0.886667
0.886347
0.886029
0.886447
0.886131
0.886182
0.885870
0.885199
0.885612
0.886022
0.886071
0.886121
0.886170
0.885512
0.885915
0.885614
0.886014
0.886411
0.886806
0.886505
0.886552
0.886254
0.885959
0.886348
0.886395
0.886441
0.886149
0.886195
0.886577
0.886957
0.886667
0.887043
0.887086
0.887129
0.886513
0.885574
0.885948
0.886319
0.886688
0.886731
0.886774
0.886495
0.886218
0.886262
0.886306
0.886349
0.886709
0.887066
0.887421
0.887774
0.887813
0.887850
0.887578
0.887307
0.887654
0.887385
0.887730
0.887462
0.886280
0.886626
0.886970
0.887311
0.887349
0.887387
0.887126
0.887463
0.886905
0.887240
0.887278
0.887021
0.887059
0.886510
0.885673
0.886006
0.886337
0.886667
0.886994
0.887032
0.887069
0.887106
0.887429
0.887464
0.887500
0.887535
0.887288
0.887606
0.887640
0.887395
0.886592
0.886630
0.885833
0.885596
0.885912
0.885675
0.885714
0.885479
0.885519
0.885559
0.885870
0.885908
0.885946
0.885984
0.886290
0.886327
0.886096
0.886133
0.886170
0.886472
0.886508
0.886807
0.886842
0.886614
0.886649
0.886945
0.887240
0.886494
0.886528
0.886822
0.887113
0.886375
0.886154
0.886189
0.886224
0.886005
0.886041
0.885823
0.885859
0.886146
0.886181
0.886466
0.886500
0.886783
0.887065
0.886849
0.887129
0.887407
0.887685
0.887715
0.887990
0.887531
0.887805
0.887348
0.887621
0.887893
0.888164
0.888434
0.888462
0.888249
0.888517
0.888544
0.888810
0.889074
0.888863
0.889125
0.888915
0.888471
0.888263
0.887822
0.887850
0.887646
0.887907
0.887703
0.887731
0.887760
0.888018
0.888276
0.888532
0.888101
0.887671
0.887699
0.887955
0.887982
0.888009
0.888036
0.887613
0.887640
0.887892
0.887696
0.887500
0.887528
0.887333
0.887361
0.887168
0.886976
0.886784
0.886593
0.886623
0.886871
0.886900
0.886928
0.886957
0.886768
0.886797
0.887041
0.886853
0.886882
0.887124
0.887152
0.886966
0.886780
0.886170
0.886200
0.886017
0.885835
0.885865
0.885895
0.885924
0.885954
0.885983
0.885804
0.886042
0.886071
0.886100
0.886128
0.886157
0.886186
0.886214
0.886037
0.886066
0.886094
0.886327
0.886354
0.886585
0.886815
0.886640
0.886465
0.886290
0.886519
0.886747
0.886974
0.887200
0.887425
0.887450
0.887475
0.887302
0.886931
0.886957
0.886982
0.887008
0.886640
0.886471
0.886693
0.886523
0.886355
0.886187
0.886408
0.886434
0.886654
0.886486
0.886705
0.886923
0.886948
0.887165
0.887189
0.887405
0.887238
0.887452
0.887666
0.887500
0.887146
0.887170
0.887382
0.887406
0.887242
0.887079
0.887103
0.887313
0.887337
0.887175
0.887199
0.887407
0.887431
0.887085
0.886924
0.886949
0.886972
0.886813
0.887020
0.887226
0.887432
0.887636
0.887659
0.887500
0.887703
0.887545
0.887748
0.887950
0.887792
0.887993
0.888193
0.888214
0.887879
0.887900
0.887922
0.887943
0.887965
0.887633
0.887831
0.888028
0.888225
0.888421
0.888616
0.888287
0.888133
0.887979
0.888174
0.888021
0.887868
0.887889
0.887910
0.887759
0.887780
0.887801
0.887650
0.887671
0.887863
0.887543
0.887564
0.887585
0.887606
0.887797
0.887817
0.887669
0.887352
0.887374
0.887563
0.887416
0.887437
0.887625
0.887646
0.887500
0.887687
0.887708
0.887562
0.887748
0.887934
0.887954
0.887809
0.887829
0.887849
0.887705
0.887725
0.887582
0.887765
0.887785
0.887642
0.887825
0.887682
0.887702
0.887561
0.887419
0.887440
0.887621
0.887319
0.887340
0.887520
0.887540
0.887560
0.887580
0.887758
0.887778
0.887956
1.000000
0.950000
0.900000
0.925000
0.920000
0.916667
0.914286
0.925000
0.922222
0.930000
0.918182
0.925000
0.923077
0.928571
0.933333
0.925000
0.929412
0.927778
0.931579
0.935000
0.933333
0.936364
0.939130
0.929167
0.932000
0.934615
0.933333
0.932143
0.924138
0.926667
0.925806
0.925000
0.924242
0.917647
0.917143
0.919444
0.916216
0.915789
0.917949
0.912500
0.912195
0.914286
0.916279
0.915909
0.917778
0.915217
0.917021
0.916667
0.916327
0.916000
0.917647
0.919231
0.920755
0.920370
0.918182
0.919643
0.919298
0.918966
0.916949
0.913333
0.914754
0.914516
0.912698
0.910937
0.910769
0.912121
0.913433
0.911765
0.910145
0.908571
0.907042
0.906944
0.906849
0.905405
0.905333
0.905263
0.905195
0.906410
0.906329
0.905000
0.904938
0.904878
0.904819
0.903571
0.903529
0.904651
0.902299
0.901136
0.901124
0.901111
0.902198
0.901087
0.902151
0.902128
0.902105
0.902083
0.902062
0.903061
0.901010
0.902000
0.900990
0.900000
0.900000
0.900000
0.899048
0.900000
0.899065
0.898148
0.898165
0.899091
0.900000
0.900000
0.900000
0.896491
0.896522
0.897414
0.898291
0.899153
0.898319
0.898333
0.897521
0.897541
0.898374
0.898387
0.898400
0.899206
0.899213
0.900000
0.900000
0.900000
0.900763
0.900758
0.901504
0.901493
0.902222
0.902941
0.902920
0.902899
0.903597
0.902857
0.902837
0.903521
0.904196
0.904861
0.905517
0.906164
0.904762
0.904054
0.903356
0.904000
0.904636
0.904605
0.904575
0.904545
0.903871
0.903846
0.904459
0.904430
0.904403
0.903750
0.902484
0.902469
0.902454
0.901829
0.902424
0.903012
0.902395
0.902976
0.902959
0.902353
0.901170
0.901744
0.900578
0.900575
0.901143
0.900000
0.900000
0.899438
0.899441
0.900000
0.900000
0.900549
0.901093
0.900543
0.900000
0.900000
0.900000
0.900000
0.898942
0.898421
0.897906
0.897396
0.896373
0.896392
0.896410
0.896429
0.895939
0.895960
0.895477
0.895500
0.895522
0.894554
0.894581
0.894608
0.894146
0.893204
0.893237
0.892308
0.891388
0.891429
0.891943
0.891038
0.890141
0.890654
0.890233
0.890278
0.890323
0.889908
0.890411
0.890909
0.890950
0.890991
0.891480
0.891964
0.892444
0.892035
0.892070
0.892544
0.893013
0.893043
0.893074
0.893103
0.892704
0.892735
0.892340
0.891949
0.891561
0.891597
0.891632
0.891667
0.891286
0.891736
0.891358
0.891393
0.891837
0.891870
0.891903
0.891935
0.891968
0.891600
0.890438
0.890873
0.890514
0.890157
0.889412
0.889453
0.889494
0.889535
0.889961
0.890000
0.890421
0.890840
0.891255
0.891288
0.891698
0.892105
0.892135
0.892164
0.892565
0.892963
0.892620
0.891912
0.891941
0.891606
0.891273
0.891667
0.892058
0.892446
0.892115
0.892500
0.892527
0.892199
0.892580
0.892254
0.892632
0.892657
0.892334
0.892708
0.892734
0.892414
0.892096
0.892123
0.891809
0.892177
0.891864
0.891892
0.891919
0.891946
0.891973
0.892000
0.892027
0.892384
0.892079
0.891776
0.891803
0.891503
0.891857
0.891558
0.891262
0.890968
0.891318
0.891667
0.891054
0.890446
0.890159
0.889873
0.889590
0.888994
0.889028
0.889062
0.889097
0.888509
0.888545
0.888272
0.888308
0.888344
0.888685
0.888415
0.888450
0.888788
0.889124
0.888855
0.889189
0.888623
0.888358
0.888690
0.888427
0.888462
0.888496
0.888824
0.888856
0.888889
0.888921
0.888953
0.889275
0.889017
0.889049
0.889368
0.889398
0.889714
0.890028
0.890341
0.890368
0.890678
0.890704
0.890730
0.890756
0.891061
0.891086
0.891111
0.890859
0.890884
0.890909
0.890659
0.890959
0.890984
0.891281
0.891576
0.891870
0.891622
0.891644
0.891398
0.891153
0.890909
0.890933
0.891223
0.891247
0.891534
0.891557
0.891579
0.891601
0.891361
0.891645
0.891667
0.891688
0.891710
0.891990
0.892010
0.891774
0.891795
0.891816
0.891837
0.891603
0.891624
0.891392
0.891162
0.891184
0.891206
0.891479
0.891750
0.892020
0.892289
0.892308
0.892079
0.892346
0.892365
0.892629
0.892157
0.892176
0.892195
0.892214
0.892476
0.892494
0.892029
0.891325
0.891346
0.891127
0.890670
0.890692
0.890952
0.890974
0.891232
0.891017
0.891038
0.890824
0.890376
0.890398
0.890421
0.890443
0.890465
0.890719
0.890509
0.890762
0.890553
0.890575
0.890367
0.890160
0.890183
0.890433
0.890682
0.890930
0.890724
0.890971
0.890991
0.891011
0.891256
0.891275
0.891295
0.891537
0.891333
0.890909
0.891150
0.891391
0.890749
0.890769
0.890570
0.890591
0.890830
0.890850
0.890652
0.890889
0.890476
0.890497
0.890517
0.890323
0.890343
0.890578
0.890598
0.890192
0.890213
0.890021
0.890254
0.890486
0.889873
0.889895
0.890126
0.890147
0.890377
0.890397
0.890417
0.890437
0.890456
0.890683
0.890909
0.891134
0.890741
0.890760
0.890779
0.890798
0.890816
0.890631
0.890650
0.890872
0.890891
0.890909
0.890927
0.891147
0.890964
0.890982
0.891200
0.891218
0.891036
0.891054
0.890873
0.890891
0.890909
0.890927
0.890748
0.890963
0.890784
0.890802
0.891016
0.890838
0.890661
0.890680
0.890698
0.890909
0.890927
0.891137
0.891346
0.891171
0.891379
0.891587
0.891603
0.891429
0.891635
0.891841
0.891856
0.891871
0.891698
0.891714
0.891729
0.891370
0.891386
0.891215
0.891231
0.891434
0.891264
0.890909
0.890741
0.890943
0.890775
0.890976
0.890993
0.891193
0.891026
0.891042
0.891241
0.890893
0.890909
0.891107
0.891123
0.891320
0.891155
0.891351
0.891367
0.891203
0.891398
0.891234
0.890714
0.890731
0.890747
0.890409
0.890603
0.890442
0.890459
0.890653
0.890669
0.890510
0.890526
0.890718
0.890909
0.890576
0.890592
0.890609
0.890451
0.890295
0.890311
0.890155
0.890000
0.890017
0.889863
0.890051
0.890240
0.890085
0.890102
0.890119
0.890306
0.890323
0.890169
0.890186
0.890372
0.890388
0.890236
0.890084
0.890101
0.890117
0.889799
0.889649
0.889833
0.889684
0.889701
0.889718
0.889570
0.889587
0.889769
0.889786
0.889803
0.889491
0.889508
0.889689
0.889869
0.889723
0.889739
0.889593
0.889610
0.889627
0.889482
0.889499
0.889355
0.889211
0.889389
0.889406
0.889583
0.889600
0.889776
0.889952
0.889809
0.889825
0.889841
0.890016
0.800000
0.800000
0.866667
0.850000
0.860000
0.883333
0.900000
0.912500
0.911111
0.910000
0.918182
0.916667
0.923077
0.921429
0.926667
0.931250
0.929412
0.933333
0.926316
0.930000
0.928571
0.931818
0.926087
0.929167
0.928000
0.930769
0.925926
0.917857
0.917241
0.910000
0.909677
0.909375
0.909091
0.905882
0.900000
0.900000
0.900000
0.902632
0.905128
0.905000
0.907317
0.907143
0.904651
0.906818
0.908889
0.910870
0.908511
0.908333
0.908163
0.910000
0.909804
0.909615
0.905660
0.900000
0.898182
0.898214
0.900000
0.900000
0.901695
0.901667
0.903279
0.903226
0.904762
0.906250
0.904615
0.903030
0.904478
0.904412
0.905797
0.907143
0.908451
0.908333
0.905479
0.906757
0.905333
0.905263
0.903896
0.903846
0.905063
0.905000
0.904938
0.904878
0.903614
0.902381
0.903529
0.903488
0.904598
0.902273
0.903371
0.902222
0.903297
0.903261
0.902151
0.902128
0.902105
0.902083
0.902062
0.902041
0.902020
0.903000
0.901980
0.901961
0.902913
0.901923
0.901905
0.899057
0.900000
0.900000
0.900917
0.900909
0.900901
0.899107
0.899115
0.900000
0.900870
0.901724
0.902564
0.900847
0.900840
0.900833
0.900826
0.901639
0.900000
0.900000
0.900000
0.900794
0.900787
0.899219
0.899225
0.899231
0.897710
0.896970
0.897744
0.897761
0.897037
0.897059
0.896350
0.896377
0.896403
0.897143
0.896454
0.896479
0.896503
0.895139
0.895862
0.896575
0.896599
0.895270
0.895302
0.894667
0.895364
0.896053
0.896078
0.895455
0.896129
0.894872
0.894904
0.893038
0.893711
0.893750
0.894410
0.893827
0.892638
0.892683
0.891515
0.891566
0.892216
0.892262
0.891716
0.891765
0.892398
0.892442
0.893064
0.891954
0.892571
0.892614
0.892655
0.892697
0.892737
0.892222
0.892265
0.892308
0.892896
0.893478
0.892973
0.893011
0.893583
0.893085
0.893122
0.892632
0.893194
0.893750
0.893782
0.892784
0.892308
0.891837
0.892386
0.892424
0.892965
0.892500
0.893035
0.893564
0.893596
0.893627
0.893659
0.893689
0.893720
0.893269
0.893780
0.893810
0.894313
0.894340
0.893897
0.893925
0.893953
0.893981
0.894009
0.894037
0.894064
0.893636
0.894118
0.894144
0.894170
0.893750
0.893333
0.892478
0.892070
0.892544
0.892576
0.892609
0.892208
0.891379
0.890987
0.890598
0.891064
0.890678
0.891139
0.890756
0.890795
0.890417
0.890041
0.890083
0.889712
0.889754
0.890204
0.890650
0.891093
0.891129
0.890763
0.890000
0.889243
0.889286
0.889328
0.889370
0.889020
0.889062
0.888716
0.889147
0.888031
0.888077
0.888123
0.888168
0.888593
0.889015
0.889057
0.889474
0.889888
0.890299
0.889219
0.889259
0.889668
0.889706
0.889744
0.889781
0.889818
0.890217
0.889892
0.889568
0.889964
0.890357
0.890747
0.890426
0.890813
0.890845
0.891228
0.891259
0.891289
0.891319
0.891349
0.891724
0.891409
0.891438
0.891126
0.891156
0.891525
0.891554
0.891246
0.890940
0.891304
0.891667
0.892027
0.892053
0.892409
0.892434
0.892131
0.892484
0.892834
0.892532
0.891586
0.891613
0.891640
0.891667
0.892013
0.892357
0.892381
0.892405
0.892114
0.892453
0.892476
0.892813
0.892835
0.892547
0.892260
0.892284
0.892000
0.892331
0.892661
0.892073
0.892097
0.891818
0.891843
0.892169
0.892492
0.892814
0.892537
0.892560
0.892285
0.892308
0.892625
0.892647
0.892375
0.892398
0.892420
0.892151
0.891884
0.891618
0.891931
0.892241
0.892264
0.892000
0.892308
0.891761
0.892068
0.892373
0.892676
0.892978
0.892997
0.893296
0.893315
0.893611
0.893906
0.893923
0.893939
0.894231
0.894521
0.894262
0.894278
0.894022
0.894309
0.894595
0.894879
0.895161
0.895174
0.895187
0.895200
0.894947
0.894960
0.894709
0.894987
0.895263
0.895013
0.895026
0.895039
0.895312
0.895325
0.895596
0.895607
0.895361
0.895116
0.894872
0.894629
0.894898
0.894911
0.894924
0.894684
0.894697
0.894710
0.894221
0.893484
0.893750
0.893766
0.893781
0.893548
0.893564
0.893333
0.892857
0.892875
0.893137
0.892910
0.893171
0.893187
0.893447
0.893462
0.893720
0.893735
0.893510
0.893285
0.893301
0.893079
0.893333
0.893349
0.893365
0.893381
0.893160
0.892941
0.892958
0.892740
0.892757
0.892541
0.892326
0.892575
0.892824
0.893072
0.893088
0.893103
0.893349
0.893364
0.893151
0.893394
0.893636
0.893651
0.893439
0.893454
0.893468
0.893258
0.893274
0.893512
0.893527
0.893541
0.893778
0.893570
0.893805
0.893598
0.893833
0.893846
0.893421
0.893654
0.893886
0.893682
0.893478
0.893492
0.893506
0.893305
0.893319
0.893333
0.893562
0.893576
0.893803
0.893603
0.893404
0.893631
0.893644
0.893235
0.893249
0.893263
0.893277
0.893082
0.892887
0.892902
0.893125
0.892723
0.892739
0.892340
0.892355
0.892165
0.892181
0.892197
0.892418
0.892434
0.892653
0.892872
0.892886
0.892901
0.892915
0.893131
0.893347
0.893360
0.893373
0.893587
0.893200
0.893214
0.893227
0.893439
0.893254
0.893267
0.893281
0.893097
0.893110
0.893320
0.893333
0.893346
0.892773
0.892593
0.892607
0.892427
0.892442
0.892070
0.892085
0.892100
0.892115
0.892322
0.891954
0.892161
0.892366
0.892190
0.892395
0.892220
0.892424
0.892060
0.892264
0.892279
0.892481
0.892495
0.892509
0.892710
0.892351
0.892179
0.892193
0.892022
0.892037
0.891682
0.891882
0.892081
0.892279
0.891927
0.891758
0.891408
0.891423
0.891439
0.891636
0.891652
0.891667
0.891682
0.891697
0.891712
0.891727
0.891562
0.891577
0.891592
0.891607
0.891800
0.891815
0.892007
0.892199
0.892212
0.892226
0.892063
0.892077
0.891916
0.891930
0.892119
0.891958
0.892147
0.891986
0.892000
0.892188
0.892201
0.892042
0.892228
0.892241
0.892255
0.892440
0.892453
0.892637
0.892821
0.892833
0.893015
0.892857
0.893039
0.893220
0.893232
0.893412
0.893255
0.893434
0.893277
0.893456
0.893467
0.893144
0.893322
0.893500
0.893677
0.893522
0.893035
0.893046
0.892893
0.893069
0.892916
0.892928
0.893103
0.893279
0.893290
0.893301
0.893312
0.893485
0.893496
0.893506
0.893679
0.893366
0.893538
0.893387
0.893237
0.893408
0.893419
0.893429
0.893280
0.893291
0.893461
0.893631
0.893800
0.893651
0.893661
1.000000
0.950000
0.900000
0.900000
0.920000
0.900000
0.914286
0.900000
0.911111
0.890000
0.881818
0.891667
0.900000
0.907143
0.906667
0.906250
0.911765
0.911111
0.915789
0.920000
0.919048
0.913636
0.917391
0.916667
0.916000
0.919231
0.922222
0.925000
0.927586
0.926667
0.929032
0.925000
0.924242
0.926471
0.928571
0.927778
0.924324
0.923684
0.923077
0.922500
0.919512
0.921429
0.920930
0.922727
0.922222
0.919565
0.919149
0.918750
0.916327
0.916000
0.915686
0.915385
0.915094
0.916667
0.918182
0.919643
0.921053
0.920690
0.920339
0.918333
0.919672
0.919355
0.919048
0.917188
0.915385
0.915152
0.914925
0.916176
0.915942
0.914286
0.915493
0.913889
0.913699
0.909459
0.910667
0.910526
0.910390
0.910256
0.910127
0.908750
0.907407
0.907317
0.907229
0.907143
0.905882
0.906977
0.906897
0.906818
0.906742
0.906667
0.907692
0.906522
0.906452
0.907447
0.906316
0.906250
0.904124
0.902041
0.901010
0.901000
0.900990
0.900980
0.900971
0.901923
0.901905
0.901887
0.902804
0.902778
0.903670
0.902727
0.900000
0.900000
0.899115
0.899123
0.900000
0.900862
0.900855
0.901695
0.902521
0.903333
0.901653
0.901639
0.902439
0.902419
0.901600
0.901587
0.901575
0.902344
0.902326
0.903077
0.903817
0.904545
0.903759
0.903731
0.904444
0.904412
0.904380
0.905072
0.904317
0.904286
0.904965
0.904930
0.904895
0.905556
0.906207
0.905479
0.905442
0.904730
0.905369
0.903333
0.902649
0.902632
0.901961
0.902597
0.903226
0.903205
0.902548
0.901899
0.902516
0.903125
0.902484
0.902469
0.902454
0.902439
0.903030
0.902410
0.901796
0.901190
0.901775
0.900588
0.900585
0.899419
0.900000
0.900000
0.900000
0.898864
0.897740
0.897753
0.896648
0.897222
0.897238
0.897802
0.896721
0.896196
0.895676
0.896237
0.896257
0.896277
0.896825
0.896316
0.896335
0.896875
0.897409
0.897938
0.898462
0.898469
0.898477
0.898485
0.898995
0.898500
0.899005
0.898515
0.897537
0.898039
0.897561
0.898058
0.898068
0.897115
0.896651
0.896190
0.895261
0.894811
0.894836
0.894860
0.894419
0.893981
0.894009
0.894495
0.894977
0.895000
0.895475
0.895495
0.895067
0.895536
0.896000
0.896460
0.896916
0.896930
0.897380
0.896957
0.896537
0.896552
0.896996
0.897436
0.897021
0.897034
0.897046
0.897059
0.895816
0.895833
0.896266
0.896694
0.896296
0.895902
0.895918
0.896341
0.895951
0.895968
0.896386
0.896000
0.896016
0.896429
0.896443
0.896063
0.895686
0.896094
0.896109
0.896512
0.896525
0.896538
0.896935
0.896565
0.896958
0.896591
0.895849
0.896241
0.896255
0.895522
0.895911
0.896296
0.896310
0.896691
0.895971
0.895985
0.896000
0.896377
0.896390
0.896403
0.895699
0.895357
0.895374
0.895035
0.895406
0.895423
0.895439
0.895804
0.895819
0.895486
0.895848
0.895862
0.895876
0.895890
0.895904
0.895918
0.896271
0.896622
0.896296
0.896309
0.896321
0.896000
0.895681
0.895364
0.895050
0.894408
0.894426
0.894771
0.895114
0.894805
0.894175
0.894194
0.893891
0.893269
0.892971
0.893312
0.893651
0.893671
0.893691
0.893711
0.893730
0.892813
0.893146
0.893168
0.893189
0.892901
0.892308
0.892025
0.891743
0.891159
0.891185
0.890909
0.890634
0.890060
0.890390
0.890419
0.890746
0.890179
0.890504
0.890533
0.890855
0.890882
0.891202
0.891228
0.890962
0.891279
0.891304
0.891329
0.890778
0.891092
0.891117
0.891429
0.891738
0.892045
0.892068
0.892090
0.891831
0.891854
0.892157
0.892179
0.892201
0.892500
0.891967
0.891436
0.891460
0.891209
0.891507
0.891530
0.891553
0.891576
0.891870
0.891892
0.891914
0.891667
0.891153
0.891444
0.891200
0.890957
0.890716
0.891005
0.891029
0.891316
0.891076
0.891361
0.891645
0.891667
0.891688
0.891710
0.891473
0.891495
0.891517
0.891795
0.892072
0.892347
0.892112
0.892386
0.892658
0.892677
0.892695
0.892965
0.893233
0.893000
0.893017
0.893284
0.893300
0.893564
0.893827
0.893842
0.894103
0.893873
0.893399
0.893415
0.893431
0.893447
0.893220
0.892995
0.893253
0.893269
0.893285
0.893301
0.893079
0.893333
0.893349
0.893365
0.893617
0.893632
0.893647
0.893662
0.893443
0.893458
0.893473
0.893256
0.893503
0.893519
0.893533
0.893548
0.893793
0.893807
0.894050
0.894064
0.894305
0.893636
0.893878
0.893891
0.894131
0.894144
0.893933
0.893946
0.893736
0.893527
0.893764
0.893778
0.893570
0.893584
0.893598
0.893612
0.893846
0.893640
0.893654
0.893668
0.893682
0.893696
0.893926
0.893939
0.893952
0.894181
0.894194
0.894421
0.894647
0.894872
0.894883
0.894894
0.895117
0.894703
0.894503
0.894515
0.894105
0.894118
0.894340
0.894351
0.894363
0.894583
0.894595
0.894606
0.894824
0.894628
0.894845
0.894856
0.895072
0.895082
0.894683
0.894694
0.894908
0.894919
0.895132
0.895344
0.895556
0.895565
0.895573
0.895783
0.895591
0.895600
0.895808
0.896016
0.896223
0.896230
0.895644
0.895257
0.895069
0.895079
0.895285
0.894902
0.895108
0.895117
0.895127
0.894747
0.894369
0.894380
0.894197
0.894402
0.894412
0.894038
0.893666
0.893678
0.893690
0.893511
0.893524
0.893726
0.893738
0.893750
0.893762
0.893962
0.894162
0.894361
0.894559
0.894757
0.894953
0.895149
0.895345
0.895353
0.895547
0.895556
0.895379
0.895572
0.895764
0.895588
0.895780
0.895971
0.895978
0.895985
0.895993
0.895818
0.895100
0.894928
0.894937
0.894946
0.894955
0.895144
0.895153
0.894982
0.895170
0.895179
0.895365
0.895196
0.895204
0.895390
0.895398
0.895406
0.895414
0.895423
0.895606
0.895614
0.895797
0.895629
0.895462
0.895296
0.895478
0.895486
0.895667
0.895848
0.895855
0.895517
0.895697
0.895876
0.895883
0.895890
0.896068
0.896246
0.896252
0.896259
0.896435
0.896271
0.896277
0.896284
0.896459
0.896465
0.896471
0.895805
0.895812
0.895987
0.895993
0.896000
0.896173
0.896346
0.896186
0.896192
0.896198
0.896205
0.896211
0.896053
0.896223
0.896230
0.896399
0.896078
0.896248
0.896254
0.896260
0.896266
0.896272
0.896440
0.896607
0.896613
0.896457
0.896463
0.896148
0.896314
0.896160
0.896006
0.896172
0.896178
0.896343
0.896032
0.896038
1.000000
0.900000
0.900000
0.825000
0.860000
0.866667
0.871429
0.887500
0.877778
0.880000
0.881818
0.875000
0.869231
0.864286
0.866667
0.875000
0.876471
0.883333
0.884211
0.885000
0.890476
0.877273
0.865217
0.870833
0.872000
0.876923
0.874074
0.875000
0.879310
0.883333
0.887097
0.890625
0.893939
0.894118
0.891429
0.888889
0.891892
0.892105
0.894872
0.897500
0.900000
0.900000
0.902326
0.904545
0.904444
0.904348
0.906383
0.908333
0.908163
0.910000
0.911765
0.913462
0.913208
0.911111
0.912727
0.912500
0.910526
0.912069
0.908475
0.906667
0.908197
0.908065
0.907937
0.907813
0.907692
0.909091
0.907463
0.905882
0.907246
0.905714
0.907042
0.906944
0.906849
0.905405
0.905333
0.905263
0.905195
0.903846
0.902532
0.902500
0.903704
0.904878
0.904819
0.903571
0.900000
0.900000
0.900000
0.901136
0.900000
0.897778
0.896703
0.894565
0.894624
0.895745
0.896842
0.896875
0.897938
0.898980
0.898990
0.898000
0.898020
0.898039
0.898058
0.899038
0.899048
0.899057
0.900000
0.900000
0.900000
0.899091
0.900000
0.900893
0.899115
0.900000
0.900000
0.900000
0.900000
0.900847
0.899160
0.899167
0.897521
0.896721
0.897561
0.897581
0.897600
0.896032
0.895276
0.894531
0.895349
0.894615
0.894656
0.894697
0.893985
0.893284
0.893333
0.892647
0.891971
0.891304
0.892086
0.890714
0.889362
0.890141
0.890909
0.891667
0.890345
0.891096
0.891837
0.891892
0.891946
0.892667
0.892715
0.892105
0.892810
0.892857
0.893548
0.893590
0.892994
0.893038
0.893082
0.893750
0.893789
0.893827
0.893865
0.893902
0.894545
0.895181
0.895808
0.895833
0.895266
0.895882
0.895906
0.895349
0.895954
0.895402
0.895429
0.894886
0.894915
0.895506
0.894972
0.895000
0.895580
0.896154
0.895082
0.894565
0.895135
0.894086
0.893048
0.893085
0.893122
0.893158
0.893194
0.893229
0.893264
0.892268
0.892308
0.891837
0.891371
0.890404
0.889950
0.889500
0.890050
0.890099
0.890148
0.890686
0.891220
0.889806
0.889372
0.889423
0.888038
0.888571
0.888152
0.887736
0.887793
0.887850
0.887907
0.887963
0.888018
0.887615
0.887215
0.887727
0.887783
0.887387
0.887444
0.887946
0.887111
0.887611
0.888106
0.888596
0.887773
0.887391
0.887446
0.887500
0.887554
0.888034
0.888085
0.888559
0.889030
0.888655
0.889121
0.888750
0.889212
0.888017
0.887654
0.887705
0.886939
0.886585
0.886235
0.886694
0.886747
0.886400
0.886853
0.887302
0.887747
0.887795
0.887059
0.886328
0.886381
0.886822
0.887259
0.886538
0.886973
0.887405
0.886692
0.887121
0.887547
0.887594
0.888015
0.887687
0.887732
0.888148
0.888561
0.888971
0.888645
0.887956
0.888000
0.887681
0.887004
0.887050
0.887455
0.887143
0.887544
0.887589
0.887633
0.888028
0.887719
0.887063
0.886411
0.886458
0.886505
0.886552
0.885911
0.885616
0.885324
0.885714
0.886102
0.885473
0.885185
0.885235
0.885284
0.885333
0.884385
0.884437
0.884818
0.884539
0.884262
0.884641
0.885016
0.885065
0.884790
0.885161
0.885209
0.884936
0.885304
0.885669
0.885397
0.885759
0.885489
0.885849
0.885580
0.885625
0.885981
0.886025
0.886068
0.886420
0.886462
0.886810
0.886850
0.886890
0.887234
0.887576
0.887613
0.887952
0.887988
0.887425
0.886866
0.887202
0.887240
0.887278
0.887611
0.887353
0.887683
0.887427
0.887172
0.886919
0.886957
0.887283
0.887608
0.887356
0.887106
0.887143
0.887179
0.886932
0.887252
0.887288
0.887324
0.887640
0.887675
0.887709
0.887744
0.887778
0.887535
0.887293
0.886777
0.886813
0.886575
0.886339
0.886649
0.886413
0.886450
0.886216
0.885984
0.886290
0.886595
0.886898
0.886933
0.887234
0.887268
0.887566
0.887599
0.887368
0.887664
0.887958
0.887990
0.888281
0.888312
0.888601
0.888630
0.888918
0.888689
0.888718
0.889003
0.888776
0.888550
0.888832
0.888861
0.888636
0.888917
0.888945
0.889223
0.889500
0.889776
0.889552
0.889330
0.889604
0.889630
0.889655
0.889926
0.889951
0.889487
0.889268
0.889538
0.889563
0.889831
0.890097
0.890120
0.889904
0.889928
0.889713
0.889976
0.890000
0.889549
0.889810
0.890071
0.890330
0.889647
0.889906
0.889696
0.889953
0.889977
0.890000
0.890255
0.890278
0.890531
0.890323
0.890575
0.890826
0.890618
0.890639
0.890888
0.890909
0.890930
0.890724
0.890745
0.890991
0.891011
0.891256
0.891499
0.891741
0.891759
0.891778
0.892018
0.892257
0.892494
0.892511
0.892747
0.892763
0.892779
0.893013
0.893028
0.893043
0.893275
0.893506
0.893521
0.893750
0.893978
0.893991
0.894004
0.893803
0.894030
0.894255
0.894480
0.894703
0.894926
0.894726
0.894737
0.894958
0.894969
0.894979
0.894990
0.894792
0.894802
0.894813
0.895031
0.895248
0.895464
0.895473
0.895483
0.895697
0.895706
0.895918
0.895927
0.895935
0.895740
0.895951
0.895758
0.895565
0.895372
0.895382
0.895591
0.895800
0.895609
0.895817
0.896024
0.896032
0.895842
0.896047
0.896252
0.896457
0.896071
0.895882
0.896086
0.896094
0.895906
0.895914
0.895922
0.895736
0.895551
0.895560
0.895376
0.895385
0.895585
0.895594
0.895793
0.895992
0.896190
0.896388
0.896395
0.896591
0.896786
0.896792
0.896610
0.896805
0.896998
0.896816
0.896636
0.896828
0.897020
0.896840
0.896660
0.896852
0.896673
0.896310
0.896501
0.896691
0.896881
0.896886
0.896892
0.896715
0.896721
0.896727
0.896915
0.897101
0.897107
0.897292
0.897477
0.897302
0.897307
0.897491
0.897496
0.897321
0.897504
0.897687
0.897869
0.897518
0.897345
0.897350
0.897178
0.897183
0.897364
0.897368
0.897548
0.897727
0.897557
0.897561
0.897565
0.897743
0.897920
0.897751
0.897582
0.897069
0.897074
0.896907
0.896741
0.896918
0.897094
0.897099
0.897104
0.897109
0.897114
0.897288
0.897462
0.897297
0.897302
0.897475
0.897311
0.897315
0.896985
0.896990
0.896828
0.896833
0.897005
0.896844
0.897015
0.897185
0.897025
0.897030
0.897199
0.897368
0.897373
0.897541
0.897545
0.897549
0.897716
0.897557
0.897561
0.897727
0.897569
0.897735
0.897900
0.897903
0.897585
0.897749
0.897432
0.897115
0.897280
0.897125
0.896970
0.897134
0.897138
0.897302
0.897464
