5.625287
5.259605
4.573086
4.592027
5.349498
5.332766
5.427571
5.521927
5.686906
5.697055
5.886820
5.733844
5.871012
5.785706
5.914751
5.979805
5.997604
5.968004
6.011235
6.019798
5.940432
6.003836
6.033897
6.121241
6.183572
6.173492
6.194844
6.219069
6.224012
6.239702
6.271840
6.242729
6.259732
6.307602
6.350033
6.328301
6.363606
6.392712
6.413354
6.424312
6.453171
6.460737
6.491677
6.507155
6.519820
6.542419
6.545000
6.544394
6.567256
6.548238
6.582967
6.568134
6.601029
6.610327
6.660524
6.665952
6.658093
6.687907
6.661573
6.641289
6.620731
6.628081
6.596569
6.606231
6.611560
6.609243
6.606765
6.623393
6.629667
6.594615
6.584759
6.611819
6.621287
6.602736
6.552154
6.559924
6.561354
6.552012
6.561480
6.574882
6.608854
6.623222
6.618833
6.611494
6.649068
6.670732
6.684567
6.659016
6.682768
6.686388
6.683087
6.660396
6.696250
6.684898
6.678602
6.676590
6.687814
6.675829
6.667329
6.670244
6.676694
6.665411
6.674885
6.680484
6.664930
6.691612
6.696154
6.690159
6.679143
6.688452
6.671713
6.674279
6.682663
6.678397
6.663512
6.664268
6.654933
6.650904
6.657275
6.656065
6.673835
6.671981
6.667450
6.652619
6.648684
6.654741
6.654635
6.661481
6.645152
6.662193
6.655911
6.648698
6.636635
6.635123
6.645700
6.638613
6.645368
6.655600
6.664334
6.652022
6.637318
6.625124
6.636550
6.640597
6.652004
6.658520
6.668451
6.659142
6.676620
6.683939
6.670891
6.655279
6.644783
6.642499
6.638600
6.636277
6.658394
6.668345
6.667432
6.675311
6.671237
6.675399
6.678558
6.677163
6.675883
6.662090
6.664427
6.652285
6.644182
6.635756
6.633964
6.634921
6.628563
6.607210
6.621171
6.613661
6.625042
6.630824
6.634039
6.635573
6.640085
6.639583
6.622805
6.624936
6.622878
6.617476
6.622352
6.614570
6.612219
6.606559
6.602275
6.611827
6.603556
6.602857
6.588449
6.595375
6.613742
6.613318
6.598469
6.591146
6.590359
6.600768
6.592346
6.593328
6.582007
6.580409
6.580908
6.587886
6.579291
6.581373
6.577609
6.577413
6.580359
6.583327
6.584140
6.582386
6.582442
6.591811
6.582590
6.578299
6.581226
6.570695
6.568872
6.558689
6.553787
6.545596
6.543580
6.540640
6.545578
6.528191
6.522193
6.512953
6.511544
6.511050
6.498194
6.495424
6.493859
6.504513
6.513991
6.515841
6.518930
6.509879
6.514263
6.522367
6.518169
6.516730
6.516165
6.515137
6.515823
6.510618
6.506455
6.509383
6.505464
6.499203
6.491333
6.492680
6.493429
6.488027
6.481127
6.474077
6.475730
6.478939
6.481893
6.467273
6.462982
6.459533
6.457770
6.452424
6.454321
6.445729
6.440740
6.441363
6.442897
6.437368
6.436953
6.429501
6.434982
6.428624
6.426569
6.431394
6.425945
6.430235
6.427371
6.428965
6.426169
6.420985
6.417293
6.419183
6.407921
6.408636
6.411722
6.402441
6.396105
6.394189
6.395339
6.390191
6.379842
6.370041
6.364379
6.357162
6.350763
6.350368
6.344843
6.340173
6.342261
6.344734
6.334848
6.331582
6.330122
6.329274
6.324626
6.322762
6.316123
6.320469
6.314960
6.316163
6.318782
6.320269
6.320786
6.320494
6.312200
6.313560
6.318652
6.303891
6.304357
6.305013
6.296838
6.299744
6.300262
6.293049
6.288060
6.282427
6.274308
6.264690
6.261024
6.256867
6.253037
6.261853
6.261431
6.252541
6.255186
6.253787
6.253586
6.243215
6.237145
6.237388
6.236475
6.231967
6.228254
6.219694
6.216433
6.204904
6.202840
6.201220
6.204840
6.204832
6.202489
6.203394
6.198217
6.201763
6.195680
6.201764
6.200523
6.200472
6.194591
6.190369
6.188092
6.177394
6.172053
6.173228
6.162688
6.162049
6.160339
6.154406
6.150008
6.142823
6.147677
6.143808
6.136621
6.134938
6.131089
6.126373
6.120474
6.121781
6.125369
6.119915
6.120885
6.118583
6.111716
6.111894
6.108354
6.106485
6.111088
6.107670
6.103766
6.103834
6.099842
6.102583
6.102513
6.103885
6.099079
6.102381
6.097781
6.093522
6.088818
6.087298
6.084947
6.083224
6.085786
6.083745
6.083842
6.082811
6.080315
6.086365
6.082328
6.086160
6.080813
6.077366
6.081701
6.082173
6.072788
6.075993
6.069478
6.059578
6.053293
6.056944
6.054474
6.046209
6.045094
6.039232
6.027362
6.023332
6.026174
6.021458
6.023314
6.016841
6.016733
6.012182
6.009361
6.004744
6.005708
6.003959
5.998914
5.995566
5.993580
5.997842
5.995517
5.990712
5.983722
5.983035
5.972362
5.965831
5.963845
5.958615
5.957188
5.951688
5.951788
5.944761
5.946938
5.943849
5.942739
5.938173
5.932353
5.928832
5.930958
5.926403
5.923405
5.922504
5.918669
5.918406
5.916445
5.912354
5.909025
5.908807
5.906017
5.906949
5.907145
5.905103
5.902046
5.896920
5.903089
5.902054
5.902490
5.899614
5.901311
5.899591
5.900472
5.898247
5.889353
5.883836
5.885638
5.888539
5.893250
5.890574
5.885805
5.886908
5.887108
5.885800
5.876341
5.873715
5.868900
5.873268
5.871492
5.869928
5.873006
5.871366
5.873316
5.869201
5.868964
5.862564
5.860377
5.861424
5.855881
5.853623
5.856687
5.856831
5.858074
5.856147
5.856791
5.854946
5.847807
5.843920
5.844897
5.843980
5.845367
5.844490
5.845691
5.844625
5.842138
5.840685
5.838085
5.832428
5.829389
5.828769
5.823684
5.826188
5.821959
5.822714
5.816801
5.814488
5.811739
5.810817
5.809238
5.801794
5.802523
5.805525
5.806881
5.806835
5.806126
5.804716
5.803282
5.797084
5.797213
5.796331
5.796132
5.802054
5.798118
5.792467
5.786385
5.788861
5.788964
5.785103
5.781334
5.778749
5.775946
5.776980
5.773150
5.765523
5.764493
5.762404
5.757661
5.759009
5.758669
5.761110
5.757529
5.756425
5.753455
5.749927
5.749452
5.747951
5.747720
5.742108
5.735682
5.738970
5.737710
5.736613
5.735602
5.729903
5.724479
5.720133
5.722881
5.720275
5.721577
5.713252
5.711370
5.713144
5.713316
5.713902
5.708527
5.706191
5.710409
5.711475
5.718241
5.716077
5.710281
5.707352
5.709470
5.712018
5.707434
5.705439
5.703700
5.705456
5.704935
5.699003
5.696878
5.693585
5.687800
5.688196
5.680997
5.677066
5.679908
5.677649
5.671650
5.668398
5.669582
5.667751
5.667478
5.666158
5.664941
5.663583
5.666162
5.664058
5.664586
5.661742
5.661141
5.657921
5.655517
5.650004
5.651287
5.644388
5.639051
5.637713
5.636414
5.632722
5.632102
5.633061
5.626715
5.624445
5.625572
5.622497
5.627426
5.624201
5.620426
5.618506
5.621879
5.620053
5.622759
5.625367
5.625072
5.620352
5.615287
5.611771
5.606087
5.606338
5.601626
5.597383
5.595120
5.595183
5.593951
5.591239
5.587257
5.582759
5.577543
5.578771
5.575480
5.573078
5.569081
5.568230
5.565507
5.565786
5.567002
5.563424
5.560938
5.559453
5.559197
5.559917
5.555621
5.551623
5.547434
5.545571
5.541386
5.540953
5.538821
5.535609
5.531293
5.529034
5.527629
5.522947
5.519000
5.516143
5.515370
5.512193
5.506745
5.504893
5.501516
5.501490
5.499662
5.494662
5.491423
5.490891
5.490679
5.491145
5.488459
5.486574
5.483468
5.480978
5.481350
5.476098
5.472178
5.470033
5.471229
5.467417
5.463782
5.463321
5.462488
5.464082
5.460205
5.460515
5.458798
5.457309
5.458115
5.457156
5.455110
5.452167
5.450722
5.452687
5.451365
5.450782
5.449369
5.448960
5.447373
5.444966
5.442925
5.443607
5.440933
5.441139
5.439910
5.436898
5.435339
5.436070
5.430760
5.427369
5.426920
5.423110
5.420573
5.418751
5.415442
5.415869
5.414346
5.412810
5.409583
5.406661
5.405944
5.405067
5.402442
5.405152
5.405038
5.402105
5.401485
5.399682
5.400487
5.400616
5.398901
5.396856
5.394900
5.393337
5.389827
5.389274
5.388302
5.388761
5.386841
5.387611
5.385490
5.383434
5.382263
5.381002
5.378134
5.376643
5.372505
5.370610
5.371009
5.369337
5.369637
5.366417
5.366571
5.365242
5.364868
5.362051
5.360525
5.361351
5.356986
5.354450
5.350944
5.351371
5.350935
5.351277
5.351785
5.349733
5.346823
5.343833
5.344553
5.340795
5.336215
5.332831
5.329937
5.328901
5.327436
5.326887
5.324248
5.321782
5.321592
5.316634
5.311558
5.312583
5.309635
5.306632
5.300627
5.301006
5.300396
5.297313
5.295619
5.291222
5.289238
5.286621
5.281320
5.279293
5.276761
5.271780
5.267872
5.266183
5.267290
5.267427
5.266252
5.262611
5.260613
5.259229
5.253325
5.252849
5.256423
5.254840
5.251243
5.249110
5.250101
5.247455
5.244049
5.240509
5.236846
5.235571
5.236413
5.235671
5.233326
5.233644
5.231428
5.228826
5.225955
5.226150
5.224475
5.220902
5.219816
5.218273
5.217832
5.218211
5.218028
5.216995
5.216386
5.219213
5.217649
5.213298
5.210287
5.211051
5.208043
5.205254
5.202184
5.198804
5.195627
5.192672
5.191274
5.189604
5.186211
5.183666
5.182242
5.180565
5.181216
5.178260
5.177575
5.174807
5.172099
5.170655
5.167731
5.164801
5.163137
5.161294
5.158440
5.157540
5.157068
5.154204
5.153866
5.153192
5.150949
5.150581
5.148180
5.144053
5.141011
5.139822
5.134564
5.130539
5.128371
5.128146
5.128312
5.126526
5.127035
5.125225
5.123529
5.121231
5.119247
5.120079
5.119314
5.117799
5.115672
5.112819
5.111302
5.110103
5.106869
5.104680
5.104194
5.099424
5.095904
5.093059
5.090737
5.088031
5.085723
5.081886
5.078603
5.074384
5.075121
5.073117
5.068196
5.065723
5.061944
5.058231
5.060085
5.056873
5.054495
5.051729
5.047444
5.049074
5.046675
5.047107
5.044329
5.044841
5.045985
5.042820
5.041280
5.038683
5.036629
5.033159
5.033051
5.029459
5.030945
5.027728
5.025597
5.022474
5.018072
5.017028
5.017511
5.013561
5.011318
5.006537
5.005461
5.004486
5.000479
5.002314
5.001085
5.000628
4.999861
4.996207
4.994483
4.992866
4.988865
4.989431
4.987566
4.984885
4.985860
4.982761
4.982407
4.981018
4.978997
4.976967
4.974216
4.969884
4.968066
4.968726
4.966417
4.964889
4.962484
4.960787
4.960130
4.958832
4.957460
4.960001
4.959415
4.956594
4.953170
4.950381
4.951362
4.949739
4.949836
4.950670
4.947770
4.946511
4.943506
4.942403
4.939659
4.936789
4.932898
4.929544
4.927844
4.925944
4.926430
4.925723
4.925921
4.925991
4.925089
4.927254
4.926181
4.925455
4.925562
4.925808
4.922622
4.922198
4.921672
4.917489
4.914431
4.913148
4.912635
4.910656
4.908536
4.904289
4.902315
4.898811
4.896363
4.897032
4.892730
4.889156
4.888616
4.890282
4.889981
4.887133
4.887085
4.887167
4.885959
4.881905
4.879403
4.879662
4.879447
4.876829
4.877782
4.876211
4.873859
4.871528
4.871335
4.871131
4.870678
4.871911
4.870264
4.868459
4.866849
4.866049
4.866267
4.864190
4.863568
4.862033
4.861362
4.861126
4.856892
4.854019
4.851137
4.850587
4.849304
4.846980
4.845390
4.845460
4.843183
4.838939
4.835944
4.835701
4.835183
4.833594
4.832720
4.829157
4.829091
4.827229
4.828014
4.824293
4.822354
4.821204
4.818898
4.816975
4.821154
4.819347
4.815863
4.817168
4.814703
4.811026
4.807777
4.808917
4.811224
4.808660
4.807972
4.805918
4.804251
4.803252
4.801683
4.799069
4.798734
4.795892
4.793943
4.796359
4.796519
4.796932
4.798258
4.796335
4.796481
4.792624
4.790788
4.787827
4.787111
4.788420
4.786587
4.786624
4.785073
4.782044
4.781286
4.779359
4.776406
4.775026
4.774219
4.772615
4.772023
4.771822
4.771539
4.768689
4.768423
4.768897
4.767644
4.767267
4.764718
4.763991
4.762068
4.761268
4.758089
4.754427
4.751615
4.749836
4.752038
4.751073
4.751578
4.748997
4.748767
4.745351
4.742275
4.741646
4.739152
4.737317
4.735183
4.733017
4.733360
4.732446
4.732932
4.731772
4.728670
4.727029
4.727686
4.727697
4.724893
4.722766
4.722313
4.720586
4.718247
4.717268
4.715105
4.712695
4.709983
4.708717
4.708947
4.707417
4.706221
4.705082
4.701406
4.701383
4.699911
4.699671
4.699136
4.699986
4.700187
4.697313
4.696065
4.695422
4.694085
4.695283
4.693406
4.693049
4.692232
4.692603
4.692247
4.689725
4.690418
4.688320
4.688419
4.689029
4.690148
4.689098
4.686595
4.686728
4.685849
4.685592
4.684753
4.682310
4.682966
4.683865
4.683815
4.686021
4.683666
4.681336
4.681807
4.680059
4.678946
4.677573
4.678503
4.677384
4.677723
4.676865
4.674188
4.671131
4.669349
4.667843
4.666588
4.665643
4.662865
4.661729
4.661735
4.661561
4.659062
4.658347
4.655525
4.655033
4.652368
4.653506
4.654079
4.654635
4.654334
4.653238
4.652260
4.653598
4.654563
4.653313
4.652195
4.652356
4.651267
4.652913
4.652629
4.651506
4.651116
4.649782
4.647996
4.646946
4.647353
4.646575
4.643933
4.641532
4.639576
4.639807
4.640823
4.638907
4.638702
4.637076
4.637252
4.637442
4.636405
4.635721
4.634579
4.632128
4.631075
4.630862
4.628895
4.628930
4.626754
4.626523
4.625733
4.623095
4.621247
4.619626
4.621070
4.619929
4.617569
4.616866
4.616727
4.614819
4.612696
4.611880
4.610752
4.609814
4.609903
4.610337
4.607854
4.605402
4.601961
4.600457
4.598435
4.597199
4.596035
4.595351
4.593355
4.589950
4.590311
4.591352
4.592464
4.591195
4.588864
4.588341
4.587032
4.587979
4.584804
4.583074
4.581222
4.579351
4.577262
4.576774
4.575320
4.574744
4.573732
4.572678
4.570300
4.569656
4.568253
4.566525
4.565923
4.564871
4.563746
4.561658
4.561555
4.562238
4.560607
4.557704
4.558596
4.560018
4.559149
4.560472
4.560603
4.561254
4.560886
4.559949
4.557230
4.554172
4.552535
4.551054
4.553142
4.553152
4.552725
4.550584
4.549056
4.547424
4.546786
4.546529
4.544407
4.545779
4.545687
4.543420
4.541657
4.540926
4.540611
4.539840
4.541633
4.540267
4.541518
4.540350
4.540798
4.541979
4.540888
4.539149
4.538111
4.535332
4.533525
4.531096
4.527968
4.526976
4.524975
4.524260
4.522404
4.521801
4.521199
4.519533
4.519247
4.517946
4.516091
4.514338
4.514663
4.512621
4.511608
4.508759
4.506332
4.504397
4.505177
4.505362
4.503590
4.502191
4.502172
4.502077
4.503084
4.503707
4.504822
4.503819
4.505028
4.505287
4.504528
4.502328
4.502800
4.502660
4.502569
4.501339
4.498428
4.498085
4.497191
4.495315
4.495893
4.495191
4.493652
4.492490
4.492983
4.491700
4.490104
4.488998
4.486857
4.486504
4.486028
4.484356
4.482969
4.480569
4.479289
4.480023
4.479529
4.477496
4.476225
4.475171
4.473213
4.473221
4.472010
4.471185
4.471962
4.471188
4.472711
4.472485
4.470582
4.470738
4.471961
4.470983
4.470608
4.470402
4.470192
4.468187
4.466986
4.465653
4.466115
4.466930
4.465475
4.464166
4.466058
4.465847
4.465548
4.464792
4.462950
4.463911
4.462726
4.459907
4.460198
4.458770
4.457415
4.457255
4.456395
4.455773
4.455553
4.453899
4.452007
4.452777
4.451717
4.451185
4.449402
4.448887
4.447506
4.447740
4.447020
4.447487
4.448147
4.447953
4.446194
4.444993
4.444694
4.444853
4.444352
4.444195
4.443905
4.443848
4.443366
4.442612
4.442253
4.440510
4.439407
4.437653
4.437684
4.436910
4.436914
4.434897
4.433693
4.432490
4.431242
4.430050
4.430954
4.430328
4.430165
4.428456
4.427495
4.428318
4.427565
4.427137
4.425799
4.425690
4.423285
4.423240
4.421822
4.420064
4.419942
4.420393
4.418286
4.415916
4.416360
4.416171
4.414762
4.416611
4.415570
4.415571
4.414997
4.414592
4.413426
4.412965
4.411636
4.410539
4.408392
4.406962
4.404440
4.402985
4.403125
4.402634
4.403026
4.402884
4.400448
4.398951
4.399180
4.398675
4.396049
4.397330
4.396533
4.396006
4.394976
4.396672
4.395798
4.396501
4.394730
4.393871
4.392772
4.391501
4.390967
4.389924
4.388897
4.387996
4.386144
4.384300
4.382267
4.381855
4.379843
4.379119
4.377370
4.376259
4.374681
4.374020
4.372987
4.372273
4.372552
4.372635
4.373017
4.372511
4.372389
4.372643
4.371318
4.372079
4.370437
4.369757
4.368346
4.368714
4.367976
4.367434
4.365760
4.364526
4.362509
4.362175
4.361123
4.359319
4.358236
4.356223
4.354175
4.353277
4.350812
4.350294
4.349985
4.349106
4.347459
4.345313
4.345314
4.342869
4.343236
4.343954
4.342278
4.340482
4.340295
4.340819
4.339368
4.337684
4.335915
4.335226
4.335230
4.335227
4.334579
4.332217
4.332475
4.332160
4.331057
4.329926
4.330638
4.329613
4.328998
4.329166
4.327420
4.326140
4.326041
4.325962
4.326095
4.325620
4.324982
4.323757
4.322817
4.323336
4.322340
4.321479
4.321962
4.321439
4.320354
4.319420
4.319844
4.320248
4.318288
4.317840
4.316276
4.315936
4.315718
4.315662
4.315350
4.312829
4.312982
4.311236
4.311922
4.310789
4.310830
4.309098
4.309677
4.308112
4.306608
4.305966
4.305839
4.305443
4.304862
4.304733
4.302911
4.303937
4.302308
4.301555
4.301514
4.300909
4.299593
4.297393
4.296215
4.294082
4.293744
4.294153
4.292218
4.291052
4.292586
4.291906
4.293042
4.293371
4.292730
4.290551
4.288172
4.287675
4.286934
4.286789
4.286895
4.285957
4.285259
4.283628
4.282128
4.279852
4.280895
4.278795
4.277739
4.277653
4.276132
4.277354
4.277147
4.275742
4.274113
4.274687
4.273440
4.273210
4.273734
4.272172
4.271890
4.273581
4.273139
4.272833
4.273868
4.273906
4.272939
4.272688
4.270987
4.270554
4.272513
4.271636
4.270808
4.269681
4.268945
4.268710
4.268045
4.268736
4.267380
4.267569
4.267333
4.268834
4.270932
4.270783
4.269475
4.267931
4.266943
4.266460
4.265165
4.265394
4.263206
4.262261
4.261628
4.261364
4.262201
4.261523
4.262015
4.262070
4.262125
4.260730
4.260360
4.259701
4.258402
4.256831
4.257900
4.258076
4.256789
4.258096
4.256467
4.256540
4.256324
4.256028
4.256243
4.256230
4.255145
4.256089
4.255398
4.254679
4.252594
4.253032
4.251515
4.250303
4.249519
4.250240
4.249123
4.250345
4.249476
4.248675
4.248954
4.247700
4.247392
4.247485
4.247667
4.246789
4.246379
4.245006
4.246211
4.244655
4.242746
4.240983
4.239033
4.236991
4.238356
4.238139
4.237139
4.235278
4.235097
4.234910
4.234726
4.234813
4.233750
4.232736
4.232395
4.230663
4.230035
4.228856
4.227374
4.226532
4.225716
4.225178
4.225087
4.224282
4.223353
4.222983
4.221610
4.222182
4.222100
4.221175
4.220436
4.219259
4.218912
4.218803
4.219042
4.217504
4.216731
4.217509
4.217514
4.216313
4.214813
4.213615
4.213862
4.211700
4.210480
4.209689
4.209867
4.210128
4.210734
4.208555
4.208906
4.209223
4.207609
4.207823
4.208425
4.208043
4.207201
4.209069
4.208881
4.209347
4.207780
4.207077
4.208699
4.207696
4.209340
4.208174
4.206914
4.207083
4.206967
4.205596
4.205274
4.205131
4.204880
4.204830
4.203424
4.202072
4.201762
4.200270
4.198687
4.198286
4.199025
4.197460
4.196005
4.195011
4.195135
4.194903
4.194041
4.193440
4.193312
4.194450
4.195109
4.195358
4.194560
4.193118
4.191846
4.190505
4.188978
4.188889
4.187191
4.186927
4.186432
4.187148
4.186499
4.185416
4.184966
4.184085
4.184204
4.183493
4.182157
4.182306
4.182884
4.181952
4.181217
4.179244
4.177095
4.176243
4.175314
4.174391
4.175867
4.175395
4.176260
4.175759
4.176171
4.174419
4.173787
4.173685
4.172892
4.173517
4.174319
4.174043
4.175439
4.175618
4.174369
4.173461
4.173324
4.173087
4.173398
4.172182
4.170678
4.169915
4.167890
4.166375
4.167447
4.167217
4.167550
4.166548
4.166527
4.166396
4.165499
4.165977
4.166071
4.165579
4.163555
4.163378
4.163557
4.162710
4.163343
4.162664
4.162133
4.163067
4.162568
4.161158
4.161063
4.160733
4.159522
4.160143
4.159271
4.159116
4.157554
4.157071
4.156941
4.156979
4.157418
4.159456
4.158953
4.158156
4.157969
4.156830
4.154894
4.154074
4.154670
4.154966
4.155787
4.155444
4.153672
4.153780
4.153120
4.153679
4.152883
4.152345
4.150846
4.151678
4.151303
4.150070
4.149110
4.148492
4.147800
4.147261
4.148145
4.148659
4.148545
4.147952
4.148256
4.147008
4.147464
4.146913
4.145520
4.146290
4.146258
4.146184
4.145876
4.146394
4.146451
4.146487
4.146762
4.146890
4.146913
4.146577
4.145793
4.144366
4.145001
4.144712
4.143737
4.142980
4.141959
4.142068
4.141061
4.141195
4.140846
4.140803
4.139656
4.141001
4.140531
4.139947
4.140384
4.140066
4.141828
4.142457
4.140497
4.139930
4.138778
4.138671
4.137542
4.138206
4.137504
4.136179
4.134918
4.133536
4.132508
4.132844
4.133441
4.133919
4.132814
4.133128
4.133281
4.131445
4.130871
4.130964
4.130275
4.131328
4.130635
4.129947
4.128912
4.127496
4.128206
4.128913
4.130567
4.131976
4.131322
4.131800
4.132639
4.133600
4.132878
4.131714
4.131097
4.130537
4.129634
4.129666
4.130211
4.128572
4.129243
4.129444
4.129580
4.129060
4.131180
4.132586
4.132641
4.131572
4.131612
4.131961
4.132272
4.131002
4.132572
4.131010
4.129274
4.129081
4.128733
4.127416
4.127425
4.126477
4.127575
4.128077
4.127720
4.126270
4.126538
4.125419
4.124818
4.127225
4.126199
4.127288
4.127405
4.127105
4.126867
4.125518
4.125980
4.125133
4.124999
4.124397
4.124176
4.122393
4.121499
4.121775
4.123308
4.123265
4.122667
4.122953
4.123117
4.122902
4.122101
4.121827
4.122032
4.121173
4.121803
4.121905
4.121847
4.121898
4.122764
4.122548
4.122005
4.122052
4.122576
4.121151
4.121657
4.120785
4.121033
4.122985
4.122231
4.122269
4.122069
4.122886
4.123803
4.123997
4.123917
4.123774
4.124082
4.124049
4.123784
4.124150
4.125116
4.124308
4.123904
4.123734
4.124187
4.124140
4.123884
4.124843
4.125019
4.125198
4.124564
4.125040
4.126091
4.124688
4.124686
4.124867
4.124806
4.123777
4.123324
4.122050
4.121062
4.120989
4.122259
4.120747
4.120089
4.119191
4.119406
4.118671
4.118022
4.117380
4.116985
4.115813
4.116122
4.116050
4.114755
4.115929
4.115248
4.115943
4.116245
4.116328
4.116322
4.118009
4.119355
4.119866
4.119993
4.119529
4.118567
4.118792
4.119264
4.117872
4.118867
4.119289
4.118694
4.118307
4.117909
4.117546
4.117001
4.118026
4.117686
4.118590
4.118939
4.119141
4.119583
4.118717
4.116985
4.116482
4.116968
4.117762
4.117522
4.118341
4.117898
4.117360
4.116619
4.115956
4.114693
4.113814
4.113671
4.112515
4.112663
4.110895
4.110326
4.111189
4.110570
4.110465
4.110021
4.108814
4.108407
4.106860
4.106193
4.105213
4.105993
4.107323
4.107762
4.107793
4.106516
4.106374
4.106515
4.107093
4.106466
4.105841
4.105473
4.104956
4.103705
4.103154
4.103342
4.104928
4.103933
4.102704
4.101780
4.101376
4.102042
4.101945
4.101549
4.099855
4.099658
4.099454
4.098567
4.096846
4.097126
4.095904
4.096451
4.095449
4.094917
4.095037
4.094631
4.095226
4.094163
4.093126
4.091825
4.090155
4.089939
4.088867
4.088577
4.089102
4.088885
4.088295
4.087278
4.086695
4.086695
4.087260
4.088852
4.088032
4.086943
4.087199
4.086622
4.085783
4.084772
4.084717
4.083702
4.083931
4.083272
4.083770
4.084122
4.083686
4.083267
4.082491
4.082007
4.081124
4.080845
4.080048
4.079615
4.079831
4.079786
4.079516
4.079167
4.078566
4.080228
4.080915
4.080566
4.079456
4.078477
4.077749
4.077026
4.075953
4.077073
4.076778
4.077227
4.077674
4.077886
4.078208
4.076834
4.075497
4.074726
4.075183
4.074412
4.073522
4.073052
4.071579
4.071363
4.071868
4.071280
4.071073
4.071793
4.070654
4.070088
4.069052
4.069757
4.068729
4.068096
4.068537
4.067357
4.066850
4.067335
4.067736
4.066219
4.065375
4.064543
4.065490
4.064703
4.064334
4.064379
4.063697
4.063895
4.063789
4.063393
4.062937
4.062608
4.063161
4.063114
4.064720
4.063753
4.063868
4.063526
4.063330
4.063234
4.064714
4.065308
4.065394
4.065220
4.065492
4.065620
4.065711
4.065701
4.064494
4.063195
4.063123
4.063341
4.062907
4.063615
4.062551
4.061757
4.060372
4.059760
4.059030
4.059196
4.058040
4.058535
4.058582
4.057496
4.057598
4.057407
4.056989
4.056319
4.056213
4.056227
4.057573
4.056784
4.057580
4.056090
4.056668
4.056118
4.055468
4.054828
4.053643
4.052889
4.052545
4.051370
4.050739
4.050767
4.051118
4.051326
4.051020
4.049955
4.050688
4.050290
4.048706
4.049430
4.048590
4.049086
4.048617
4.049362
4.048406
4.048811
4.049152
4.049347
4.048524
4.048241
4.047569
4.047632
4.046823
4.046092
4.047307
4.047887
4.046890
4.046492
4.046273
4.046700
4.046223
4.045727
4.044435
4.043776
4.043527
4.043187
4.042692
4.042643
4.041780
4.041876
4.040889
4.040815
4.041419
4.039905
4.038851
4.038511
4.037320
4.037309
4.036813
4.035402
4.035638
4.035572
4.035264
4.035015
4.034340
4.032809
4.033013
4.031554
4.030558
4.029709
4.029098
4.028426
4.027189
4.027292
4.025842
4.025711
4.025382
4.025106
4.024388
4.024678
4.023770
4.023642
4.023755
4.022745
4.021277
4.021388
4.021744
4.021094
4.020755
4.020523
4.019842
4.019099
4.019808
4.018427
4.018306
4.017966
4.018529
4.017439
4.017712
4.018536
4.019396
4.019375
4.019005
4.018012
4.018246
4.018397
4.017743
4.016549
4.016230
4.016187
4.017328
4.015980
4.015079
4.014624
4.014307
4.014464
4.014289
4.014205
4.013550
4.013677
4.014858
4.014972
4.015491
4.015289
4.015359
4.015083
4.013674
4.012401
4.011886
4.011128
4.011047
4.010498
4.010805
4.010706
4.009804
4.009381
4.010092
4.011012
4.011525
4.011451
4.011146
4.011060
4.010699
4.010493
4.009768
4.009131
4.008546
4.007224
4.007158
4.007318
4.005952
4.005497
4.004407
4.005174
4.004591
4.005315
4.005178
4.003959
4.006809
4.006810
4.006277
4.005852
4.004779
4.004597
4.003874
4.003219
4.003370
4.002988
4.002618
4.001990
4.002408
4.001924
4.002951
4.002156
4.001432
4.001886
4.002102
4.002210
4.001714
4.002150
4.003139
4.002882
4.002383
4.001786
4.000900
3.999375
3.999770
3.999270
3.999469
3.997979
3.998521
3.999297
3.999545
3.999119
3.998351
3.998882
3.998770
3.999112
3.997931
3.997945
3.997831
3.997640
3.997196
3.997100
3.996803
3.996557
3.996670
3.995636
3.994919
3.993628
3.993101
3.994289
3.993759
3.992884
3.993439
3.994175
3.993130
3.993715
3.993960
3.993501
3.994622
3.993595
3.993354
3.994453
3.993803
3.992917
3.992080
3.992454
3.992109
3.992251
3.991398
3.991525
3.991909
3.991573
3.992284
3.991384
3.989956
3.990754
3.991561
3.991981
3.991422
3.990243
3.989391
3.989274
3.988545
3.987705
3.987245
3.986462
3.987044
3.986615
3.986198
3.985242
3.985075
3.984126
3.984244
3.983583
3.983012
3.983547
3.982541
3.983739
3.983297
3.982365
3.982047
3.981448
3.980939
3.980070
3.979725
3.979520
3.980086
3.979963
3.980791
3.980085
3.979693
3.978501
3.978282
3.977861
3.977175
3.977729
3.976724
3.976684
3.975955
3.976929
3.976917
3.976433
3.976994
3.976930
3.976003
3.975864
3.975915
3.976742
3.976745
3.975806
3.975341
3.975057
3.975090
3.974861
3.973604
3.972752
3.973571
3.973659
3.973495
3.973143
3.972028
3.971648
3.971774
3.972309
3.972705
3.973469
3.973646
3.972918
3.972091
3.972169
3.970793
3.970759
3.970453
3.969942
3.969614
3.969291
3.969198
3.968299
3.967476
3.968001
3.967312
3.966289
3.967265
3.967753
3.967367
3.966137
3.965553
3.965567
3.965659
3.965070
3.965713
3.965473
3.965618
3.965450
3.965870
3.964741
3.965054
3.964953
3.964488
3.965231
3.964250
3.963536
3.962978
3.961968
3.961182
3.960121
3.959371
3.958626
3.959010
3.958047
3.958038
3.959247
3.958115
3.958568
3.958113
3.957089
3.956768
3.955956
3.956402
3.955116
3.954346
3.953918
3.952709
3.951822
3.951091
3.949797
3.949304
3.948768
3.947834
3.947823
3.947062
3.946266
3.945272
3.945195
3.944638
3.944026
3.943898
3.942945
3.943118
3.943123
3.943541
3.943055
3.943410
3.942480
3.941893
3.940627
3.939748
3.939332
3.939349
3.940003
3.939173
3.938003
3.937425
3.937143
3.937607
3.937984
3.937574
3.937417
3.937128
3.937947
3.937523
3.936950
3.936921
3.936960
3.936373
3.936963
3.937466
3.938055
3.938493
3.938392
3.937204
3.937172
3.935903
3.936871
3.937013
3.936280
3.936493
3.936305
3.936205
3.935680
3.934605
3.933906
3.934044
3.933795
3.932916
3.932226
3.932149
3.931516
3.932279
3.931078
3.930881
3.930695
3.930362
3.930307
3.930034
3.929179
3.928790
3.928057
3.928594
3.928402
3.928415
3.928438
3.928516
3.929116
3.928414
3.928290
3.928131
3.927674
3.927466
3.927575
3.928034
3.928208
3.928442
3.927966
3.927579
3.926979
3.927612
3.928204
3.927352
3.926676
3.926448
3.926473
3.925950
3.925164
3.924142
3.924129
3.924204
3.923647
3.923273
3.922343
3.922200
3.921834
3.921779
3.921834
3.922144
3.922304
3.921968
3.921531
3.921564
3.922007
3.921975
3.921747
3.922627
3.923271
3.922539
3.922102
3.921895
3.921114
3.920945
3.921873
3.923144
3.922842
3.922723
3.921915
3.921278
3.921373
3.920751
3.920177
3.919138
3.918702
3.918341
3.917544
3.917665
3.917648
3.917021
3.916715
3.916296
3.915847
3.914545
3.914685
3.914220
3.913982
3.913352
3.913069
3.913152
3.912478
3.911905
3.910964
3.911008
3.910487
3.909884
3.909799
3.909478
3.908976
3.908700
3.909292
3.908466
3.908628
3.908493
3.908386
3.908121
3.907488
3.908101
3.907641
3.907125
3.906521
3.905238
3.905328
3.905195
3.904550
3.904016
3.904183
3.904336
3.905230
3.904866
3.904142
3.903806
3.903225
3.902746
3.902354
3.902407
3.901230
3.901695
3.901965
3.901560
3.900905
3.900101
3.900005
3.899309
3.899437
3.899294
3.898306
3.898978
3.898643
3.898490
3.898451
3.897965
3.897721
3.897134
3.896821
3.896563
3.895853
3.895593
3.895182
3.894325
3.894470
3.893228
3.893772
3.893480
3.894157
3.893360
3.893067
3.893858
3.894541
3.895068
3.894776
3.894862
3.894251
3.894075
3.893951
3.893555
3.892994
3.892229
3.892045
3.892681
3.892760
3.893103
3.892194
3.892675
3.892113
3.891645
3.891579
3.891503
3.892257
3.893382
3.893886
3.893485
3.893104
3.893718
3.892984
3.892355
3.892412
3.891894
3.892869
3.892518
3.892070
3.891631
3.891982
3.892059
3.891266
3.890970
3.891983
3.891448
3.892316
3.892192
3.892084
3.891200
3.890967
3.890480
3.890232
3.889609
3.888928
3.887879
3.887778
3.886687
3.887922
3.886752
3.886866
3.886465
3.886418
3.885607
3.886124
3.885727
3.884943
3.883955
3.883214
3.882999
3.882910
3.881721
3.881244
3.881494
3.881691
3.881574
3.881358
3.881604
3.881790
3.882065
3.880851
3.881282
3.882272
3.882735
3.882576
3.882689
3.882427
3.882051
3.881347
3.881419
3.880668
3.880234
3.880568
3.881022
3.879899
3.879472
3.878488
3.877905
3.878141
3.878210
3.877578
3.878166
3.877950
3.878247
3.877491
3.877480
3.876507
3.875780
3.875855
3.876292
3.876702
3.878233
3.877332
3.878133
3.878569
3.878808
3.879072
3.878026
3.877080
3.876187
3.875687
3.875279
3.874912
3.874868
3.874689
3.874352
3.873248
3.873880
3.872980
3.873826
3.872601
3.872346
3.871958
3.871667
3.872048
3.871686
3.870931
3.870724
3.869981
3.869526
3.869237
3.868498
3.868561
3.868401
3.867399
3.866490
3.865802
3.865612
3.865040
3.865529
3.864776
3.864633
3.864528
3.864373
3.865205
3.865143
3.865376
3.865431
3.865246
3.865574
3.865294
3.864732
3.864202
3.863620
3.863663
3.863348
3.863197
3.862690
3.861981
3.862520
3.862167
3.861348
3.862286
3.862398
3.862069
3.861433
3.862321
3.861731
3.861482
3.860727
3.860904
3.860912
3.861597
3.860913
3.860961
3.861384
3.861423
3.860453
3.859552
3.859528
3.860173
3.860342
3.860146
3.859333
3.858926
3.859092
3.859348
3.858532
3.858729
3.858261
3.858532
3.858218
3.857916
3.857303
3.856874
3.856728
3.855643
3.855314
3.855769
3.856243
3.856133
3.855872
3.856128
3.856867
3.857705
3.857216
3.856813
3.856830
3.856873
3.856692
3.856150
3.856381
3.855673
3.856020
3.855901
3.855220
3.854610
3.854535
3.854233
3.853751
3.853017
3.852773
3.852702
3.852730
3.852116
3.852167
3.851821
3.851622
3.851778
3.851736
3.851573
3.851367
3.851362
3.851182
3.850523
3.850670
3.850446
3.850333
3.849651
3.849019
3.847877
3.847710
3.847872
3.847247
3.847565
3.846548
3.846217
3.847201
3.846218
3.846609
3.846855
3.846172
3.845689
3.844982
3.844710
3.845092
3.845362
3.844654
3.843495
3.844052
3.843657
3.843391
3.842677
3.842290
3.842251
3.842038
3.842997
3.843062
3.843744
3.844122
3.844744
3.844280
3.843484
3.842744
3.842419
3.841346
3.841172
3.840450
3.840764
3.840173
3.840122
3.840219
3.839167
3.838933
3.838679
3.838340
3.838267
3.837191
3.836532
3.837029
3.836352
3.835848
3.835677
3.835483
3.834335
3.834325
3.834388
3.834027
3.834102
3.833860
3.833766
3.834211
3.833895
3.833391
3.833474
3.834055
3.834230
3.833611
3.833296
3.832716
3.832810
3.831754
3.831658
3.831840
3.831453
3.830930
3.831388
3.830911
3.831222
3.830879
3.830541
3.830915
3.831018
3.831302
3.831270
3.831155
3.830807
3.829747
3.830273
3.830200
3.830128
3.829883
3.830218
3.829731
3.830019
3.830892
3.830564
3.830578
3.829984
3.829443
3.828929
3.828994
3.829291
3.828310
3.828054
3.827468
3.827429
3.826677
3.827205
3.827290
3.826701
3.826419
3.825675
3.825634
3.826996
3.827693
3.827851
3.828746
3.828636
3.827849
3.828204
3.828208
3.827914
3.827322
3.826970
3.827604
3.828087
3.827750
3.826901
3.826257
3.826103
3.825470
3.824357
3.824021
3.823894
3.823559
3.823130
3.822038
3.822122
3.821928
3.822219
3.821755
3.821542
3.821996
3.822204
3.821699
3.821522
3.821186
3.821045
3.820749
3.820855
3.820441
3.820654
3.819839
3.819059
3.819511
3.819100
3.818911
3.818695
3.818933
3.818615
3.818274
3.817624
3.817878
3.817543
3.817276
3.816800
3.816657
3.816616
3.816605
3.816075
3.815261
3.815290
3.814963
3.814700
3.814191
3.814202
3.815130
3.814702
3.814478
3.814987
3.814723
3.814660
3.815376
3.815710
3.815769
3.815356
3.814654
3.814528
3.814381
3.813956
3.813419
3.813385
3.813845
3.812813
3.812651
3.812490
3.811850
3.811626
3.811215
3.810933
3.810163
3.810272
3.809510
3.808645
3.808769
3.807916
3.806964
3.806853
3.806325
3.806209
3.806492
3.806445
3.806881
3.806609
3.805865
3.805718
3.806703
3.805805
3.805110
3.804782
3.804838
3.805379
3.805209
3.804958
3.805620
3.805346
3.804849
3.804256
3.803888
3.803847
3.802866
3.802527
3.803327
3.802662
3.801965
3.802364
3.802010
3.801432
3.801320
3.801386
3.801907
3.801872
3.800822
3.800197
3.800415
3.799406
3.799573
3.800365
3.800626
3.800733
3.800740
3.801163
3.801034
3.800578
3.801336
3.800939
3.800560
3.799879
3.799707
3.799620
3.798650
3.797971
3.798444
3.799982
3.800384
3.800647
3.799727
3.800088
3.800196
3.800021
3.799885
3.800236
3.799877
3.799847
3.800259
3.800592
3.800925
3.800971
3.801454
3.801353
3.801356
3.801654
3.802048
3.801418
3.801281
3.800967
3.801263
3.800939
3.802874
3.803177
3.803084
3.802899
3.802470
3.803160
3.802744
3.802355
3.801747
3.802296
3.801477
3.801933
3.801186
3.800834
3.800911
3.800175
3.800483
3.800778
3.799799
3.799259
3.798215
3.798385
3.798505
3.798145
3.799190
3.798805
3.798565
3.797931
3.796955
3.796019
3.796064
3.796040
3.795285
3.794793
3.794186
3.794868
3.794155
3.795171
3.795556
3.795409
3.795584
3.796054
3.796393
3.796099
3.795606
3.795785
3.795990
3.796506
3.796578
3.795712
3.795338
3.794300
3.794563
3.794391
3.794628
3.794959
3.795456
3.795837
3.795573
3.795523
3.795436
3.795017
3.795091
3.794709
3.794084
3.794076
3.794260
3.794396
3.793714
3.794211
3.793966
3.794308
3.793964
3.793912
3.794538
3.794017
3.794750
3.793808
3.793863
3.794147
3.793872
3.793702
3.793594
3.793884
3.794301
3.793760
3.793344
3.792502
3.791868
3.792451
3.791735
3.791278
3.790613
3.789932
3.789527
3.789402