4.316084
3.996198
3.853003
3.753200
3.567061
3.458906
3.364975
3.309928
3.344535
3.309573
3.262689
3.220713
3.202504
3.193408
3.177250
3.162116
3.120382
3.102882
3.085068
3.057680
3.026902
2.993264
2.984034
2.946756
2.928606
2.917093
2.888081
2.871509
2.857899
2.844102
2.821410
2.796266
2.783445
2.773188
2.752457
2.736605
2.721869
2.707263
2.691433
2.675412
2.669984
2.659535
2.647501
2.633282
2.621589
2.603268
2.586130
2.571982
2.560779
2.550778
2.535843
2.525009
2.512117
2.498947
2.490112
2.478394
2.473519
2.460675
2.450681
2.443084
2.432324
2.423688
2.415594
2.408989
2.398069
2.390317
2.380178
2.369703
2.358592
1.725715
1.728527
1.611896
1.649021
1.657880
1.682693
1.649904
1.653278
1.656528
1.643752
1.653746
1.656414
1.654194
1.663508
1.673393
1.669752
1.665811
1.675432
1.675313
1.660888
1.654109
1.646391
1.645400
1.639432
1.648198
1.642925
1.644076
1.642681
1.641284
1.643357
1.642466
1.644171
1.647040
1.637946
1.631704
1.628097
1.621203
1.622879
1.614839
1.611058
1.604562
1.605728
1.603859
1.599264
1.596097
1.589495
1.587331
1.590559
1.586906
1.587038
1.580221
1.579503
1.576641
1.576554
1.572499
1.568800
1.567549
1.568680
1.566366
1.560784
1.554024
1.556080
1.550217
1.549978
1.551036
1.548024
1.544255
1.543192
1.542987
1.430450
1.347104
1.358535
1.404335
1.432002
1.424173
1.408100
1.408268
1.387775
1.369942
1.359485
1.362499
1.369169
1.359404
1.364361
1.362549
1.382116
1.377805
1.387682
1.391978
1.380375
1.388998
1.386838
1.391004
1.380692
1.369024
1.373692
1.364023
1.361098
1.358147
1.362326
1.365180
1.374607
1.374088
1.372239
1.371466
1.374453
1.368342
1.365264
1.360915
1.353158
1.355769
1.362309
1.362962
1.354499
1.355979
1.353398
1.355826
1.358751
1.354482
1.358870
1.357107
1.361819
1.355160
1.352716
1.355325
1.350581
1.349343
1.344910
1.345726
1.348197
1.345835
1.344626
1.343256
1.343899
1.343255
1.339632
1.341219
1.340689
1.025513
1.214150
1.238372
1.231722
1.294910
1.293315
1.299700
1.283252
1.275914
1.263425
1.282498
1.279774
1.291931
1.284783
1.287392
1.295786
1.302384
1.300070
1.305007
1.298782
1.294962
1.283604
1.273569
1.284606
1.274493
1.280421
1.267726
1.276056
1.281614
1.274049
1.279577
1.272302
1.277464
1.276307
1.273478
1.265888
1.267985
1.266781
1.269319
1.269097
1.271070
1.271041
1.274672
1.274748
1.277775
1.279544
1.277288
1.276070
1.273176
1.274791
1.275891
1.275773
1.273942
1.274133
1.272505
1.273761
1.274458
1.278838
1.277271
1.277418
1.275354
1.272650
1.276465
1.273949
1.277170
1.279088
1.276704
1.277793
1.277431
1.275934
1.282799
1.205788
1.253233
1.271932
1.256155
1.253841
1.227379
1.223877
1.221280
1.222555
1.210572
1.226738
1.220932
1.216844
1.219148
1.208897
1.238675
1.238922
1.240702
1.238800
1.239141
1.244307
1.242468
1.242453
1.254035
1.266700
1.257973
1.255549
1.253208
1.249424
1.249284
1.246567
1.248353
1.239008
1.238279
1.237902
1.233873
1.229365
1.226785
1.233509
1.233441
1.232611
1.234457
1.232980
1.236390
1.235033
1.232884
1.229754
1.231242
1.230985
1.228218
1.235140
1.243096
1.241977
1.245103
1.244228
1.241725
1.242208
1.241393
1.245584
1.245060
1.244415
1.244039
1.242444
1.238834
1.238767
1.240130
1.240267
1.243169
1.409412
1.235194
1.231170
1.174603
1.220040
1.244185
1.235211
1.228395
1.252619
1.251985
1.253512
1.253899
1.242991
1.245471
1.234944
1.241963
1.231499
1.225569
1.211617
1.233072
1.224528
1.228610
1.223000
1.219812
1.224013
1.227203
1.219939
1.220757
1.216618
1.214870
1.213292
1.206028
1.204439
1.205897
1.206981
1.211388
1.201810
1.196040
1.198817
1.201602
1.208499
1.210749
1.210898
1.215413
1.212611
1.216997
1.212326
1.210443
1.206084
1.209672
1.212150
1.213823
1.210421
1.206084
1.205473
1.208750
1.206933
1.204010
1.204701
1.202728
1.208311
1.210028
1.206416
1.204762
1.202406
1.202215
1.203598
1.205522
1.208874
1.759854
1.293194
1.289387
1.209825
1.225548
1.168565
1.181297
1.182408
1.189292
1.177150
1.173514
1.182927
1.179012
1.174700
1.155452
1.169201
1.163042
1.153197
1.152669
1.141483
1.146031
1.152396
1.158836
1.151390
1.150582
1.149493
1.155141
1.168198
1.177367
1.173265
1.162134
1.160527
1.159592
1.161765
1.163599
1.165145
1.167923
1.170568
1.173139
1.168126
1.168535
1.166655
1.166554
1.171927
1.170580
1.174991
1.168521
1.164557
1.168700
1.169055
1.172988
1.176009
1.180123
1.180224
1.176701
1.178494
1.180208
1.180700
1.182920
1.184130
1.186007
1.189401
1.190721
1.190690
1.192228
1.199666
1.201976
1.200999
1.202730
1.199032
1.157904
1.304115
1.296856
1.270776
1.175272
1.202080
1.231204
1.223542
1.264351
1.271862
1.269497
1.260931
1.256894
1.236269
1.230580
1.224408
1.226509
1.230304
1.229971
1.224332
1.223478
1.220335
1.207463
1.212013
1.213343
1.209274
1.203178
1.203931
1.204394
1.207111
1.214303
1.205469
1.211090
1.210709
1.215874
1.212706
1.213613
1.207948
1.204905
1.207688
1.209072
1.211648
1.203256
1.211301
1.210114
1.212340
1.213487
1.210709
1.210000
1.212428
1.211021
1.207777
1.209245
1.204378
1.201944
1.199523
1.196251
1.194512
1.198149
1.196492
1.195781
1.198587
1.202885
1.199360
1.198722
1.194405
1.198073
1.196896
1.192927
0.985546
1.335692
1.325037
1.220982
1.230321
1.245734
1.192930
1.213544
1.196670
1.203793
1.186208
1.186082
1.197392
1.203586
1.198232
1.207216
1.202005
1.211626
1.208774
1.196092
1.202842
1.203045
1.203428
1.201383
1.199629
1.197704
1.197322
1.187764
1.185930
1.183132
1.177416
1.175657
1.179221
1.178469
1.182622
1.184088
1.181714
1.171718
1.174811
1.166348
1.163647
1.172358
1.176326
1.174734
1.172190
1.172532
1.179295
1.184523
1.186310
1.181244
1.180832
1.178790
1.177693
1.177601
1.177256
1.177531
1.174719
1.173848
1.170501
1.173538
1.171374
1.175484
1.177662
1.172886
1.175796
1.175785
1.177083
1.177457
1.178172
1.606632
1.126919
1.147796
1.169168
1.164495
1.170091
1.194609
1.200457
1.171590
1.191642
1.176996
1.183856
1.176313
1.191692
1.183855
1.185925
1.179105
1.176186
1.188700
1.186257
1.186700
1.196034
1.208417
1.210232
1.200377
1.192781
1.194707
1.186970
1.183667
1.180745
1.174558
1.174788
1.172409
1.168743
1.167180
1.176607
1.177755
1.179767
1.177466
1.174249
1.169758
1.167369
1.168528
1.169098
1.167439
1.163493
1.162802
1.161188
1.159431
1.157595
1.154111
1.154461
1.154579
1.151728
1.157470
1.158605
1.157433
1.157357
1.159004
1.166037
1.167529
1.162844
1.163105
1.162953
1.164565
1.163692
1.163208
1.160965
1.164485
1.166533
