0.227723
0.178218
0.178218
0.202970
0.217822
0.207921
0.205092
0.211634
0.220022
0.228713
0.234923
0.242574
0.248286
0.253182
0.256766
0.259901
0.266744
0.273377
0.279833
0.285149
0.290429
0.297930
0.302626
0.309406
0.314851
0.319117
0.327466
0.333805
0.340048
0.345215
0.352603
0.358911
0.364236
0.370122
0.375389
0.378988
0.383463
0.388484
0.391978
0.397277
0.402560
0.405469
0.410085
0.416742
0.420462
0.424451
0.425321
0.428424
0.431602
0.434257
0.436226
0.437167
0.439006
0.442061
0.445725
0.448727
0.451798
0.455446
0.457795
0.459736
0.462912
0.465027
0.468490
0.469678
0.472353
0.475248
0.478794
0.481800
0.483857
0.671429
0.672515
0.691176
0.680965
0.698312
0.693913
0.693787
0.689833
0.692483
0.690501
0.699074
0.696867
0.696568
0.695589
0.699461
0.701577
0.700474
0.697258
0.697034
0.698341
0.697129
0.696942
0.697644
0.697451
0.700481
0.698266
0.700668
0.700393
0.701518
0.702234
0.703871
0.704467
0.704422
0.702909
0.703482
0.704577
0.707771
0.706330
0.708291
0.707907
0.709489
0.709570
0.710343
0.710628
0.711786
0.712676
0.713953
0.715383
0.715738
0.715282
0.716992
0.717870
0.718339
0.719159
0.720130
0.721067
0.720747
0.720439
0.721323
0.721844
0.721860
0.721393
0.721889
0.723457
0.724977
0.725848
0.725653
0.725903
0.725858
0.769231
0.728571
0.751037
0.748538
0.762980
0.751838
0.761240
0.764075
0.760331
0.760549
0.765491
0.765217
0.768985
0.766272
0.766690
0.765766
0.766163
0.764237
0.765213
0.767109
0.766391
0.767593
0.766917
0.768840
0.768169
0.767161
0.767355
0.765365
0.767353
0.767857
0.769306
0.769401
0.768878
0.767200
0.767060
0.769446
0.768163
0.769862
0.771473
0.768979
0.769061
0.769139
0.770147
0.772250
0.770689
0.770506
0.770758
0.770372
0.770411
0.770850
0.770289
0.771098
0.772255
0.772441
0.771527
0.770468
0.771378
0.772602
0.772257
0.773591
0.774881
0.775161
0.776226
0.776945
0.776411
0.775288
0.774795
0.775051
0.774866
0.750000
0.779817
0.804762
0.797428
0.798544
0.781676
0.780130
0.777622
0.773284
0.778626
0.785855
0.787310
0.795902
0.794852
0.791842
0.786605
0.784483
0.779710
0.778204
0.777893
0.780572
0.782997
0.784753
0.785500
0.786595
0.787209
0.787016
0.787569
0.787377
0.788560
0.787689
0.785601
0.787654
0.788087
0.789657
0.790573
0.791164
0.792523
0.791732
0.791741
0.792737
0.792480
0.792471
0.793611
0.794699
0.794641
0.796089
0.794111
0.793451
0.794029
0.793397
0.793177
0.794106
0.793509
0.794215
0.794356
0.795374
0.796357
0.796113
0.796045
0.796309
0.795753
0.796332
0.795793
0.796663
0.796744
0.796823
0.796900
0.797557
0.797477
0.743590
0.776536
0.796429
0.808399
0.809129
0.813036
0.799708
0.806369
0.804740
0.805471
0.806985
0.801514
0.804651
0.805176
0.798928
0.797238
0.797521
0.795543
0.797996
0.795193
0.797903
0.801728
0.802174
0.800500
0.802958
0.804456
0.803624
0.802496
0.802134
0.802793
0.803089
0.804300
0.804230
0.805629
0.805239
0.803211
0.802908
0.802359
0.802605
0.805078
0.805488
0.804693
0.806481
0.806152
0.805396
0.803374
0.803133
0.802902
0.803086
0.802467
0.802262
0.802257
0.802064
0.802430
0.802603
0.802592
0.803104
0.803599
0.803908
0.803214
0.803030
0.802212
0.802208
0.802826
0.802660
0.802348
0.802491
0.802191
0.801756
0.893617
0.858108
0.835341
0.820000
0.811530
0.807971
0.811639
0.819629
0.816374
0.809623
0.812677
0.813472
0.815727
0.815441
0.816564
0.818822
0.817198
0.815193
0.816622
0.816887
0.816159
0.815498
0.814015
0.814768
0.812222
0.811042
0.809577
0.809301
0.808348
0.809812
0.811830
0.811517
0.812138
0.809763
0.810974
0.810720
0.806679
0.805497
0.805663
0.805569
0.805725
0.805874
0.806249
0.807745
0.808729
0.809669
0.810356
0.809345
0.810010
0.810048
0.810281
0.809542
0.809964
0.810556
0.808580
0.807390
0.807470
0.807719
0.808298
0.806693
0.806615
0.806862
0.806942
0.806708
0.806174
0.805808
0.805452
0.806281
0.805929
0.812500
0.811966
0.798165
0.815047
0.819048
0.831094
0.831190
0.828492
0.830097
0.827027
0.822612
0.815439
0.809446
0.813394
0.811189
0.810581
0.811275
0.805540
0.806434
0.806718
0.802554
0.803463
0.804290
0.802480
0.802869
0.801653
0.802801
0.801677
0.801336
0.798302
0.799737
0.797903
0.797414
0.796357
0.796232
0.796959
0.797645
0.796962
0.797872
0.798230
0.797337
0.797931
0.796853
0.796742
0.796861
0.795659
0.796010
0.795927
0.795641
0.795569
0.796684
0.796981
0.796697
0.796796
0.796527
0.796266
0.796016
0.796293
0.796731
0.795649
0.795095
0.796017
0.795636
0.796206
0.796914
0.797447
0.797516
0.797435
0.797211
0.797709
0.802326
0.780749
0.763889
0.763496
0.771429
0.771574
0.776012
0.769231
0.778523
0.787940
0.790146
0.791145
0.791217
0.790565
0.788000
0.782636
0.785546
0.784803
0.787815
0.789526
0.792498
0.794744
0.795927
0.797011
0.794821
0.795481
0.795354
0.797369
0.798902
0.798342
0.797818
0.798259
0.800181
0.798772
0.798295
0.798122
0.798764
0.797018
0.796891
0.797516
0.798594
0.799858
0.801294
0.801084
0.800883
0.800691
0.801352
0.801573
0.802392
0.802582
0.802765
0.802750
0.803110
0.803457
0.804693
0.804113
0.803553
0.802156
0.802153
0.801158
0.800846
0.799904
0.799149
0.799504
0.799084
0.799729
0.799171
0.799358
0.800259
0.727273
0.782051
0.782101
0.762570
0.764706
0.771429
0.773071
0.775591
0.774044
0.775934
0.778404
0.771012
0.777427
0.780702
0.782845
0.785987
0.780969
0.782731
0.787507
0.786727
0.788916
0.786305
0.785244
0.785534
0.786608
0.787984
0.790004
0.790798
0.791537
0.791890
0.791572
0.790960
0.789778
0.789256
0.789625
0.789972
0.789217
0.789557
0.788595
0.789685
0.790232
0.790276
0.789621
0.789677
0.790398
0.790217
0.790896
0.791129
0.791352
0.792766
0.792948
0.791587
0.791031
0.789941
0.790162
0.790374
0.789704
0.789229
0.790800
0.789990
0.789861
0.789897
0.791673
0.792770
0.793527
0.793051
0.792888
0.793902
0.794164
0.958333
0.840000
0.845133
0.828746
0.813084
0.818526
0.820635
0.818057
0.819712
0.812433
0.806576
0.804405
0.798544
0.801795
0.796940
0.793372
0.795732
0.793797
0.797503
0.796706
0.795499
0.799534
0.801425
0.803153
0.800245
0.801098
0.800377
0.800800
0.799790
0.798171
0.797970
0.798732
0.797297
0.794757
0.794679
0.794324
0.793443
0.791545
0.792853
0.793591
0.794291
0.792317
0.792077
0.792077
0.792972
0.793828
0.794861
0.793125
0.792488
0.791273
0.791486
0.789758
0.789613
0.788730
0.789522
0.791181
0.791373
0.790867
0.791227
0.792078
0.790598
0.792078
0.792396
0.792547
0.791615
0.791774
0.791928
0.792520
0.792223
0.791935
