2.968916
3.820183
3.667366
3.850350
3.784940
3.773965
3.785673
3.771106
3.684304
3.747270
3.686580
3.660632
3.600607
3.617257
3.610514
3.595344
3.553819
3.517546
3.518635
3.499987
3.463035
3.402948
3.412941
3.418327
3.409386
3.417555
3.402785
3.366070
3.361575
3.329463
3.312013
3.297264
3.285573
3.277426
3.267698
3.251700
3.244481
3.225766
3.220547
3.207866
3.189736
3.182109
3.168890
3.146547
3.142213
3.142022
3.142124
3.141263
3.120396
3.109229
3.090922
3.077202
3.069486
3.062132
3.053774
3.035744
3.018307
3.007015
2.997326
2.989030
2.988023
2.977869
2.977858
2.966772
2.954654
2.950107
2.935608
2.927331
2.911200
2.903542
2.889061
2.874793
2.866535
2.863853
2.854965
2.844222
2.834216
2.825687
2.827327
2.815598
2.811026
2.805768
2.790992
2.788188
2.777576
2.769340
2.760567
2.755857
2.744217
2.739377
2.731078
2.723421
2.715479
2.705637
2.699273
2.683641
2.682071
2.665753
2.662264
2.653617
2.646614
2.639020
2.637076
2.629074
2.620630
2.614977
2.615559
2.611002
2.602637
2.596222
2.589008
2.587749
2.581329
2.572024
2.564605
2.559969
2.547681
2.546049
2.543685
2.543619
2.534764
2.526937
2.516796
2.510433
2.504453
2.502115
2.499228
2.494901
2.487084
2.477795
2.470886
2.467727
2.462749
2.455868
2.451445
2.447256
2.443968
2.445161
2.447488
2.439980
2.440490
2.433160
2.427068
2.422539
2.417477
2.410472
2.407879
2.400450
2.395292
2.392690
2.387238
2.382681
2.373907
2.370219
2.370040
2.365678
2.361950
2.353799
2.351075
2.348005
2.341777
2.338560
2.336337
2.332037
2.331779
2.326250
2.324869
2.319045
2.310294
2.304872
2.299139
2.292695
2.287278
2.281778
2.274382
2.269047
2.266632
2.264097
2.264407
2.260363
2.252884
2.249117
2.244913
2.238564
2.235782
2.232758
2.228474
2.221520
2.215915
2.210368
2.205402
2.199517
2.193859
2.190134
2.188224
2.183821
2.181760
2.179820
2.174336
2.167353
2.162142
2.158305
2.154294
2.149638
2.145622
2.138197
2.132248
2.128690
2.124847
2.119857
2.117932
2.115762
2.110255
2.110515
2.107245
2.102542
2.098565
2.093772
2.091711
2.086240
2.084211
2.080264
2.078189
2.075763
2.071516
2.067315
2.061827
2.056343
2.052041
2.047481
2.042650
2.039410
2.033692
2.028331
2.024068
2.022072
2.019475
2.016295
2.015563
2.011863
2.009787
2.006846
2.004954
1.999806
1.996734
1.994037
1.992129
1.989233
1.982933
1.979357
1.974714
1.970474
1.966951
1.962509
1.960298
1.956960
1.952845
1.950378
1.947392
1.942765
1.939510
1.939383
1.936380
1.930553
1.925719
1.922559
1.916820
1.915945
1.911808
1.908794
1.907088
1.904232
1.900098
1.896933
1.891360
1.891335
1.889269
1.886367
1.882002
1.877304
1.875879
1.872917
1.869707
1.868702
1.868205
1.865246
1.864375
1.859794
1.857388
1.854470
1.851686
1.847190
1.847795
1.843587
1.840310
1.837989
1.834824
1.831717
1.827897
1.825895
1.821588
1.818035
1.814288
1.811987
1.809466
1.806653
1.802807
1.800538
1.796847
1.794469
1.791874
1.788972
1.786613
1.783603
1.782034
1.781230
1.779700
1.778815
1.776131
1.774427
1.772997
1.770636
1.767520
1.763695
1.759998
1.758700
1.755395
1.754607
1.751110
1.747133
1.744547
1.743886
1.740353
1.736231
1.733783
1.730482
1.728514
1.726739
1.724080
1.721565
1.718831
1.716912
1.713730
1.711175
1.709384
1.706745
1.705506
1.702969
1.701147
1.698775
1.697809
1.695346
1.692490
1.690052
1.688146
1.687843
1.684436
1.681693
1.680715
1.677964
1.677190
1.674780
1.672027
1.668839
1.666379
1.665488
1.662482
1.660321
1.659058
1.657801
1.656570
1.656356
1.654234
1.654813
1.652175
1.651116
1.649308
1.646738
1.643613
1.641209
1.641113
1.638538
1.635855
1.634440
1.632229
1.630096
1.628383
1.625642
1.624654
1.621712
1.620082
1.617772
1.616482
1.614271
1.613287
1.610783
1.608703
1.605801
1.604587
1.601881
1.599013
1.596547
1.594273
1.593118
1.590693
1.589338
1.587054
1.586131
1.583292
1.580909
1.578858
1.576670
1.575309
1.572871
1.570064
1.568193
1.566605
1.564382
1.562749
1.560753
1.558223
1.555752
1.555039
1.553582
1.552513
1.550681
1.549094
1.547687
1.545596
1.543151
1.540889
1.538510
1.537093
1.535974
1.534555
1.533737
1.532505
1.530913
1.529919
1.528516
1.526049
1.524017
1.522635
1.521854
1.520163
1.518755
1.516911
1.515155
1.515748
1.513195
1.512717
1.510369
1.508393
1.507550
1.507270
1.504775
1.502492
1.499968
1.498297
1.498782
1.497559
1.495775
1.494624
1.494840
1.493151
1.491101
1.488992
1.486762
1.484572
1.482602
1.480546
1.479602
1.478417
1.477375
1.476323
1.474332
1.472390
1.471766
1.469429
1.467708
1.467125
1.466154
1.464913
1.464729
1.462945
1.461548
1.460078
1.458342
1.456555
1.455128
1.453006
1.451303
1.449597
1.447954
1.446785
1.446322
1.445958
1.446073
1.444145
1.442113
1.440664
1.439825
1.439324
1.437434
1.436739
1.435846
1.433938
1.432428
1.431058
1.429061
1.427785
1.426040
1.424781
1.422684
1.420822
1.418888
1.417247
1.415812
1.413637
1.412491
1.411172
1.409674
1.408513
1.406489
1.405686
1.404218
1.402992
1.400766
1.399716
1.398999
1.398173
1.396711
1.394969
1.393200
1.391795
1.390069
1.390443
1.389786
1.388154
1.386266
1.384929
1.383524
1.381609
1.379989
1.377830
1.377830
1.375842
1.374849
1.373233
1.371710
1.371832
1.369881
1.367895
1.366210
1.365071
1.364274
1.362416
1.361732
1.360854
1.359035
1.358142
1.356635
1.355319
1.355059
1.353558
1.353074
1.351226
1.350278
1.349170
1.347350
1.346641
1.345672
1.344230
1.343772
1.342896
1.342399
1.341497
1.339626
1.338273
1.336478
1.335281
1.334017
1.332293
1.331964
1.330095
1.330549
1.329897
1.328510
1.328376
1.327084
1.325648
1.324653
1.323100
1.321370
1.320315
1.320046
1.318535
1.318048
1.316733
1.315502
1.314854
1.313638
1.312735
1.313181
1.311736
1.310148
1.308406
1.307295
1.305504
1.305193
1.303791
1.302461
1.300749
1.299882
1.298668
1.297274
1.295933
1.295437
1.295028
1.294048
1.292933
1.292137
1.291693
1.290357
1.288717
1.288658
1.287057
1.286114
1.285452
1.284715
1.283406
0.365511
0.294352
0.452015
0.454045
0.566580
0.543404
0.515606
0.556978
0.523927
0.519156
0.595771
0.629082
0.656051
0.638383
0.652557
0.624126
0.625265
0.618306
0.622343
0.607584
0.610526
0.596923
0.599366
0.594128
0.589024
0.577164
0.597625
0.586723
0.619703
0.613212
0.600334
0.589588
0.595765
0.614564
0.628876
0.619525
0.629880
0.619340
0.611267
0.627504
0.626133
0.630306
0.629631
0.647407
0.640601
0.638966
0.638367
0.643474
0.637554
0.644710
0.639112
0.633615
0.636517
0.639962
0.643923
0.647700
0.652093
0.644582
0.641350
0.642723
0.643031
0.646046
0.653583
0.650830
0.649902
0.653603
0.652082
0.654970
0.655205
0.659361
0.662616
0.674251
0.671481
0.681546
0.676750
0.671975
0.672195
0.676075
0.674956
0.670009
0.677261
0.682529
0.678899
0.678636
0.674251
0.675058
0.671725
0.667919
0.670557
0.673011
0.670114
0.679697
0.691702
0.693266
0.691238
0.690912
0.693527
0.696578
0.692841
0.689474
0.684575
0.684078
0.685336
0.681910
0.678778
0.676478
0.678774
0.678420
0.676551
0.679091
0.680142
0.680903
0.682725
0.685618
0.685148
0.684163
0.682535
0.681872
0.680461
0.684387
0.685070
0.682864
0.681843
0.680396
0.679753
0.680624
0.676740
0.673348
0.669359
0.669546
0.666831
0.668616
0.667717
0.670416
0.669455
0.673016
0.673789
0.676005
0.675227
0.672034
0.669714
0.670884
0.667675
0.668916
0.672385
0.670415
0.668558
0.666557
0.664416
0.661387
0.662629
0.661851
0.659305
0.659577
0.658902
0.658474
0.657352
0.656630
0.658423
0.658718
0.659882
0.663237
0.663175
0.660628
0.659755
0.660549
0.657998
0.655819
0.654033
0.651797
0.651773
0.650255
0.647995
0.647731
0.645628
0.646077
0.644642
0.642912
0.641524
0.640629
0.638657
0.639239
0.637652
0.638898
0.639317
0.640698
0.638197
0.640296
0.638690
0.637913
0.638750
0.640902
0.640820
0.639233
0.637035
0.640651
0.638469
0.636302
0.637266
0.637637
0.635685
0.634621
0.636148
0.637421
0.636166
0.634237
0.632211
0.631036
0.631406
0.630344
0.631433
0.632211
0.634185
0.635365
0.634003
0.633427
0.633362
0.633100
0.634201
0.634706
0.634371
0.632403
0.631930
0.631681
0.633504
0.632353
0.631118
0.631581
0.629965
0.631550
0.632843
0.631729
0.631689
0.630069
0.628793
0.628905
0.628315
0.628079
0.627389
0.627221
0.628221
0.626912
0.626219
0.624654
0.623443
0.624495
0.623781
0.623017
0.622947
0.626529
0.626705
0.628594
0.629598
0.630403
0.629633
0.628030
0.626360
0.625566
0.624186
0.623394
0.622267
0.621896
0.620235
0.627511
0.625758
0.625232
0.625322
0.624407
0.623482
0.623247
0.624887
0.624414
0.623593
0.622641
0.621080
0.620959
0.621322
0.623020
0.621207
0.623851
0.622941
0.624184
0.624439
0.624487
0.624361
0.624347
0.625294
0.625471
0.625505
0.625347
0.625907
0.626270
0.627473
0.626387
0.627495
0.626492
0.625653
0.626130
0.626810
0.627582
0.626843
0.626439
0.624989
0.625287
0.624278
0.623720
0.622631
0.624639
0.624076
0.622689
0.622926
0.623876
0.623976
0.624434
0.623571
0.622584
0.622268
0.621202
0.620223
0.621377
0.622170
0.623886
0.622668
0.621308
0.620074
0.620849
0.623424
0.622662
0.622655
0.621211
0.621358
0.620918
0.619773
0.619326
0.617934
0.617242
0.617849
0.616571
0.617267
0.618350
0.617738
0.618069
0.617092
0.616274
0.616534
0.616152
0.616131
0.615108
0.615187
0.614508
0.613220
0.616191
0.615616
0.614708
0.614632
0.613923
0.612727
0.612670
0.613730
0.612541
0.612833
0.612324
0.611219
0.610949
0.609898
0.609702
0.608755
0.608815
0.607956
0.610476
0.610727
0.610277
0.609080
0.610344
0.609488
0.608224
0.609383
0.609261
0.610142
0.609542
0.609743
0.610548
0.611614
0.610699
0.614308
0.613859
0.615163
0.616484
0.617793
0.617082
0.617203
0.616935
0.616243
0.615217
0.615947
0.616968
0.616055
0.615569
0.614338
0.613961
0.613648
0.614239
0.614219
0.614738
0.614378
0.615667
0.617840
0.617016
0.616894
0.616186
0.615378
0.615394
0.615137
0.614381
0.613770
0.614361
0.613544
0.612517
0.611792
0.612732
0.611938
0.610888
0.611518
0.610546
0.610220
0.609466
0.610267
0.612180
0.612395
0.612108
0.611425
0.612904
0.612015
0.612175
0.612011
0.611420
0.610620
0.610461
0.609659
0.610161
0.610063
0.611626
0.610564
0.609614
0.609402
0.608615
0.607932
0.607079
0.606582
0.606631
0.606908
0.606831
0.606039
0.606427
0.606815
0.605825
0.605911
0.606450
0.609587
0.609242
0.609488
0.609087
0.608711
0.609272
0.608901
0.607943
0.609103
0.609814
0.609829
0.609515
0.610004
0.609666
0.608777
0.608260
0.607426
0.608010
0.607825
0.608849
0.608207
0.607454
0.606884
0.606386
0.606132
0.605342
0.605315
0.604797
0.604290
0.603345
0.602733
0.603752
0.603972
0.604454
0.603789
0.602837
0.602597
0.603908
0.603505
0.603283
0.603178
0.602770
0.602682
0.602163
0.602383
0.602383
0.602595
0.602933
0.603330
0.602843
0.603270
0.602858
0.603551
0.604902
0.604196
0.605305
0.606043
0.606871
0.605950
0.605818
0.606305
0.605471
0.605730
0.606747
0.606498
0.606974
0.606034
0.607288
0.608223
0.607461
0.608107
0.608244
0.608572
0.608328
0.608813
0.609000
0.608210
0.607583
0.608504
0.607791
0.607597
0.607238
0.607198
0.607951
0.607295
0.608101
0.608656
0.608435
0.608314
0.609236
0.608695
0.608330
0.608069
0.608118
0.607543
0.608394
0.608042
0.607544
0.608003
0.608198
0.609477
0.610125
0.609941
0.610895
0.610483
0.611089
0.611080
0.612005
0.612814
0.612693
0.612281
0.611837
0.611148
0.610610
0.611739
0.611453
0.611850
0.611688
0.610936
0.610300
0.609534
0.608810
0.608133
0.607485
0.606801
0.606271
0.606981
0.607023
0.606478
0.607027
0.607227
0.607723
0.607015
0.607643
0.607138
0.606359
0.606324
0.606144
0.605407
0.605272
0.604621
0.604824
0.605950
0.605571
0.605747
0.604898
0.604009
0.605128
0.604758
0.604422
0.605040
0.605160
0.605077
0.605384
0.604879
0.604500
0.604431
0.605973
0.605388
0.605493
0.605177
0.604808
0.605072
0.604562
0.605598
0.605173
0.604648
0.605908
0.605694
0.606426
0.605876
0.605229
0.605097
1.923051
1.105413
0.911679
0.759816
0.675079
0.593347
0.517442
0.489939
0.565779
0.550131
0.534857
0.523409
0.561024
0.589891
0.587057
0.580335
0.600454
0.581982
0.557955
0.541338
0.559302
0.552416
0.551094
0.551375
0.555675
0.553786
0.542408
0.543224
0.532419
0.520073
0.515876
0.518561
0.506979
0.563654
0.564802
0.556160
0.562348
0.556733
0.548820
0.545246
0.545751
0.551157
0.554552
0.553008
0.553565
0.549942
0.566139
0.559504
0.550480
0.557906
0.554971
0.566430
0.562770
0.564004
0.558425
0.552100
0.561835
0.558265
0.562305
0.556596
0.553884
0.557293
0.559412
0.559060
0.553346
0.556618
0.555174
0.556210
0.556291
0.560200
0.558860
0.563838
0.559280
0.559984
0.556746
0.557525
0.567295
0.582440
0.577636
0.572678
0.577132
0.574641
0.578496
0.576727
0.576184
0.578886
0.582719
0.585296
0.579622
0.583626
0.582441
0.581550
0.579465
0.576670
0.572542
0.571385
0.569739
0.569967
0.580796
0.578624
0.578167
0.573815
0.573214
0.571927
0.573454
0.570161
0.572694
0.572124
0.568590
0.565662
0.567841
0.568495
0.566228
0.570044
0.574700
0.573428
0.573267
0.570437
0.571426
0.567834
0.564076
0.561063
0.560418
0.561090
0.559199
0.556391
0.553235
0.550490
0.552671
0.553676
0.555166
0.552484
0.554944
0.556700
0.557188
0.556688
0.557564
0.557713
0.557486
0.556549
0.558490
0.556413
0.554799
0.557053
0.559513
0.558742
0.556913
0.554688
0.553938
0.551726
0.551512
0.551949
0.551327
0.554692
0.552674
0.552026
0.554637
0.552202
0.549988
0.549577
0.552166
0.550478
0.551268
0.549858
0.551316
0.552629
0.557849
0.558037
0.557565
0.559145
0.559575
0.560683
0.561968
0.561132
0.558705
0.558372
0.558339
0.557741
0.557202
0.555430
0.555237
0.556540
0.555146
0.555263
0.554820
0.553087
0.553780
0.552077
0.552184
0.554268
0.555344
0.553883
0.555331
0.553509
0.551376
0.550038
0.549929
0.548749
0.547327
0.545972
0.544771
0.544539
0.543264
0.542745
0.544037
0.543408
0.545208
0.544750
0.542820
0.541457
0.540668
0.541051
0.541485
0.539451
0.539675
0.539766
0.539443
0.538171
0.537511
0.536934
0.537196
0.536685
0.541987
0.541236
0.542299
0.541710
0.539820
0.538300
0.539255
0.538542
0.536863
0.539123
0.538444
0.539312
0.537531
0.536888
0.536799
0.535400
0.534909
0.533474
0.532195
0.531047
0.533143
0.533614
0.535774
0.537176
0.537203
0.539669
0.538640
0.537967
0.539249
0.538153
0.540070
0.539418
0.540908
0.544723
0.544304
0.542562
0.544424
0.543617
0.542139
0.543961
0.543208
0.544318
0.544631
0.544597
0.545126
0.544155
0.543714
0.543404
0.542167
0.540639
0.539849
0.541254
0.542479
0.542051
0.543413
0.541861
0.540821
0.540205
0.538648
0.539083
0.540063
0.541695
0.540096
0.540987
0.539763
0.540728
0.541346
0.542152
0.543394
0.542213
0.542700
0.544097
0.544359
0.545953
0.547471
0.546711
0.549565
0.548334
0.548307
0.548683
0.548520
0.547578
0.547509
0.547603
0.549382
0.549581
0.548323
0.546959
0.546429
0.545466
0.544485
0.543742
0.543623
0.543731
0.543586
0.545174
0.544137
0.544534
0.544975
0.545271
0.544281
0.544495
0.543775
0.544968
0.543881
0.543100
0.541909
0.542084
0.541794
0.543004
0.543402
0.542402
0.541233
0.541195
0.540711
0.539641
0.539164
0.539692
0.540187
0.539315
0.539515
0.538878
0.537860
0.538455
0.538458
0.538183
0.537608
0.538847
0.539357
0.538034
0.538114
0.537594
0.536579
0.536797
0.536890
0.538710
0.537858
0.538768
0.537932
0.538941
0.538088
0.537284
0.536384
0.535850
0.538849
0.538540
0.538245
0.537190
0.537533
0.536326
0.536565
0.536573
0.535832
0.535297
0.535545
0.536447
0.536566
0.538071
0.538982
0.538667
0.539020
0.539755
0.539243
0.538219
0.538617
0.537705
0.537427
0.536643
0.536407
0.537073
0.539853
0.543981
0.544554
0.544960
0.544457
0.544842
0.544023
0.546034
0.544912
0.544700
0.545830
0.547672
0.546862
0.546549
0.546742
0.546064
0.545914
0.545608
0.545060
0.545078
0.545293
0.544632
0.543973
0.543432
0.542886
0.543339
0.543010
0.545753
0.545542
0.544523
0.544136
0.544195
0.544310
0.543189
0.544451
0.543741
0.542770
0.542555
0.543101
0.542570
0.542261
0.541789
0.540944
0.539900
0.539120
0.538854
0.539708
0.539213
0.538416
0.538004
0.537325
0.536748
0.537195
0.536427
0.536001
0.536103
0.535384
0.535965
0.535164
0.535138
0.534398
0.533978
0.533743
0.534503
0.533550
0.533375
0.532486
0.533516
0.535048
0.536723
0.536127
0.536547
0.537738
0.537800
0.538003
0.537240
0.536355
0.536310
0.536872
0.536171
0.536374
0.536396
0.536906
0.536349
0.536366
0.535530
0.535866
0.535386
0.535173
0.534902
0.534359
0.534742
0.534269
0.535829
0.535152
0.534754
0.534950
0.534479
0.534228
0.533393
0.533659
0.532997
0.532612
0.532883
0.532246
0.531912
0.530968
0.530371
0.530018
0.529399
0.529899
0.529845
0.529210
0.529387
0.528551
0.529037
0.528208
0.528235
0.528491
0.528132
0.528316
0.528416
0.527859
0.527649
0.527095
0.527985
0.527323
0.527122
0.527776
0.526965
0.527288
0.526840
0.528226
0.528125
0.528036
0.527509
0.527770
0.528043
0.527714
0.528475
0.527822
0.527556
0.527121
0.526564
0.526023
0.525347
0.526246
0.525978
0.525556
0.525668
0.526269
0.525879
0.525267
0.525089
0.524497
0.526442
0.526452
0.525752
0.526406
0.526297
0.525730
0.526629
0.526536
0.525829
0.525380
0.525438
0.524822
0.525956
0.526718
0.526243
0.526507
0.525877
0.526202
0.527094
0.528657
0.529210
0.528958
0.528760
0.528436
0.527796
0.527184
0.526527
0.526084
0.525600
0.524968
0.524793
0.524945
0.524399
0.523971
0.524405
0.524676
0.524846
0.525484
0.525635
0.525312
0.524807
0.524613
0.524142
0.524889
0.525129
0.525927
0.525649
0.526187
0.526005
0.525433
0.524738
0.524623
0.524289
0.524708
0.527405
0.528801
0.528419
0.528953
0.528334
0.528640
0.528636
0.528271
0.528495
0.528368
0.527900
0.527604
0.529190
0.528896
0.528985
0.528426
0.528245
0.528074
0.527791
0.528545
0.528546
0.528950
0.529017
0.528652
0.528371
0.527717
0.529121
0.529493
0.529769
0.529596
0.243082
0.229861
0.195718
0.217914
0.218502
0.237132
0.223192
0.250178
0.289038
0.313974
0.304631
0.354923
0.352054
0.342123
0.328825
0.324150
0.384144
0.372220
0.369702
0.389872
0.420865
0.425432
0.410747
0.418032
0.406108
0.405221
0.411045
0.411734
0.402395
0.411093
0.425861
0.426825
0.432799
0.427084
0.450752
0.444398
0.447024
0.458387
0.452261
0.468001
0.480550
0.473647
0.470365
0.468431
0.468524
0.488601
0.487825
0.481409
0.473709
0.467107
0.463815
0.467098
0.467781
0.465048
0.458489
0.455448
0.449749
0.445207
0.448191
0.444463
0.442121
0.444891
0.444683
0.446935
0.455158
0.459592
0.454313
0.453994
0.453675
0.450630
0.455839
0.452549
0.448592
0.458616
0.465805
0.466471
0.470890
0.473744
0.475849
0.473314
0.473360
0.475744
0.473192
0.470646
0.473887
0.470512
0.467446
0.464630
0.460576
0.458224
0.460117
0.462370
0.470892
0.468572
0.466119
0.464393
0.462789
0.462299
0.464199
0.462943
0.466505
0.465860
0.471991
0.469893
0.467891
0.469758
0.470714
0.469519
0.469891
0.474286
0.473999
0.471348
0.468290
0.470837
0.469832
0.475147
0.474087
0.474386
0.472851
0.472342
0.473458
0.471140
0.467743
0.466355
0.468709
0.466452
0.469925
0.471905
0.471760
0.471748
0.473802
0.472617
0.472060
0.478186
0.480216
0.478035
0.483504
0.480557
0.480780
0.479067
0.479190
0.478769
0.476531
0.473795
0.472422
0.471250
0.469727
0.470167
0.468368
0.467988
0.471485
0.476637
0.474164
0.473904
0.472462
0.470869
0.471267
0.470568
0.468838
0.468423
0.466841
0.469209
0.468311
0.470690
0.475448
0.474558
0.472151
0.473760
0.472510
0.470606
0.468781
0.466662
0.466760
0.465785
0.466998
0.465564
0.467070
0.467615
0.466572
0.466308
0.466520
0.467803
0.465974
0.463959
0.463116
0.464383
0.465252
0.465132
0.467201
0.466185
0.464934
0.463305
0.462906
0.467753
0.468801
0.467302
0.466126
0.464449
0.468052
0.467301
0.466078
0.465740
0.465093
0.463785
0.462763
0.464340
0.463313
0.461770
0.462933
0.463497
0.461845
0.460825
0.458963
0.457342
0.456359
0.454853
0.457216
0.457305
0.456552
0.454867
0.455741
0.456177
0.459654
0.462632
0.464831
0.464700
0.466508
0.466694
0.465726
0.465095
0.464578
0.464054
0.462404
0.461624
0.460803
0.461978
0.463347
0.463134
0.461774
0.461098
0.462635
0.463818
0.465046
0.465217
0.467060
0.469290
0.467785
0.466604
0.465132
0.465292
0.465389
0.464304
0.463597
0.463321
0.462536
0.461815
0.462330
0.462218
0.463053
0.462842
0.463046
0.461677
0.461439
0.460527
0.460167
0.459252
0.457771
0.457182
0.457099
0.456543
0.455214
0.455423
0.454874
0.455496
0.457435
0.460599
0.460707
0.461057
0.460416
0.459462
0.461890
0.460893
0.461064
0.460020
0.458810
0.463270
0.462408
0.463072
0.462700
0.463048
0.462701
0.461889
0.460923
0.459987
0.459807
0.458663
0.457429
0.456618
0.457281
0.457168
0.459426
0.459211
0.459215
0.458350
0.457861
0.457728
0.458706
0.458231
0.457120
0.459655
0.458685
0.460288
0.461152
0.460013
0.458751
0.458635
0.457843
0.457281
0.456687
0.455682
0.455822
0.455520
0.454912
0.454674
0.454163
0.453825
0.454762
0.454852
0.454136
0.453910
0.452998
0.453433
0.454387
0.453569
0.455701
0.458093
0.458353
0.457461
0.456969
0.456382
0.458262
0.459030
0.458579
0.458203
0.457211
0.459468
0.459922
0.462464
0.461752
0.461567
0.461234
0.460206
0.460231
0.459775
0.460452
0.459434
0.461572
0.460651
0.460339
0.461611
0.460579
0.459654
0.460455
0.461045
0.460274
0.460400
0.463662
0.463008
0.462249
0.462490
0.462992
0.462762
0.462307
0.462468
0.462059
0.462843
0.463795
0.464097
0.463299
0.463866
0.465525
0.464970
0.464668
0.466691
0.466986
0.466509
0.466305
0.465519
0.464899
0.463907
0.463265
0.463785
0.463602
0.462875
0.462147
0.461394
0.462739
0.462653
0.461825
0.461585
0.462435
0.461822
0.462231
0.462145
0.461305
0.462203
0.461872
0.461325
0.461458
0.460730
0.460412
0.460920
0.461072
0.460809
0.460237
0.459533
0.459106
0.458784
0.458556
0.458061
0.457131
0.456674
0.456465
0.458246
0.457802
0.457963
0.460891
0.461084
0.460709
0.460708
0.461148
0.461918
0.462624
0.463962
0.465342
0.465197
0.465647
0.464756
0.465949
0.465615
0.464897
0.465771
0.464895
0.464008
0.463270
0.462545
0.464067
0.463331
0.462777
0.463823
0.464609
0.465126
0.465231
0.465757
0.465015
0.464852
0.464229
0.463756
0.463776
0.463071
0.462356
0.462093
0.461740
0.461627
0.461319
0.461985
0.461307
0.460720
0.461123
0.462088
0.461800
0.462219
0.461589
0.461571
0.460946
0.461059
0.460771
0.461084
0.460977
0.461029
0.461544
0.462635
0.462687
0.462331
0.462926
0.462782
0.462125
0.461658
0.461072
0.461066
0.461509
0.461888
0.461226
0.461091
0.460970
0.461214
0.461564
0.462002
0.464157
0.463758
0.464123
0.464687
0.464507
0.465404
0.464788
0.465854
0.465103
0.464951
0.466141
0.466687
0.466493
0.466735
0.469155
0.469671
0.472177
0.472964
0.472816
0.472090
0.473116
0.473153
0.472641
0.472524
0.472416
0.472212
0.472240
0.472698
0.472503
0.471762
0.471756
0.471540
0.471936
0.471590
0.472430
0.472100
0.473704
0.473477
0.472968
0.472593
0.472221
0.471698
0.471770
0.471344
0.470701
0.472369
0.471824
0.471527
0.470935
0.471290
0.471533
0.471063
0.470417
0.470162
0.470829
0.471533
0.471860
0.471507
0.471009
0.472453
0.474428
0.474567
0.474198
0.474423
0.474101
0.474292
0.474920
0.474382
0.475069
0.475019
0.474490
0.474183
0.473696
0.473092
0.474083
0.473727
0.473253
0.472838
0.472809
0.473687
0.474817
0.474726
0.475666
0.475786
0.477324
0.477127
0.478763
0.479186
0.480434
0.480445
0.480631
0.480197
0.480241
0.479919
0.479803
0.479477
0.480804
0.480294
0.479676
0.480060
0.479931
0.480515
0.479992
0.479676
0.478987
0.478676
0.479835
0.480415
0.482273
0.482029
0.482424
0.483093
0.482983
0.484579
0.484431
0.484491
0.485269
0.484879
0.484401
0.484968
0.485839
0.486479
0.487307
0.486919
0.486939
0.487385
0.487635
0.487464
0.487605
0.487631
0.487042
0.487140
0.487515
0.367754
0.434811
0.375580
0.641993
0.548328
0.704959
0.713003
0.699120
0.630829
0.592698
0.565017
0.565253
0.556987
0.533041
0.504186
0.478377
0.457922
0.451312
0.441065
0.423594
0.425821
0.417022
0.408958
0.399952
0.414546
0.429777
0.436286
0.429028
0.467269
0.457107
0.473780
0.467639
0.484357
0.474588
0.465587
0.474523
0.506906
0.509391
0.511199
0.502777
0.518901
0.510990
0.501294
0.495837
0.491014
0.485059
0.488381
0.483814
0.493900
0.502350
0.501349
0.494737
0.499350
0.510927
0.506628
0.506543
0.504519
0.500256
0.507327
0.507042
0.505173
0.508495
0.507225
0.510034
0.504515
0.504231
0.511637
0.512486
0.512420
0.519938
0.517467
0.516632
0.517473
0.511930
0.511470
0.510790
0.507828
0.509002
0.504601
0.500954
0.507254
0.502671
0.507171
0.517208
0.512009
0.509040
0.508660
0.507126
0.512528
0.518224
0.523319
0.519393
0.522885
0.520624
0.517549
0.520952
0.520500
0.519897
0.518212
0.521879
0.520350
0.517314
0.524410
0.520383
0.518966
0.517771
0.519797
0.517979
0.516418
0.516288
0.513563
0.510892
0.508184
0.504497
0.500709
0.501927
0.498875
0.496543
0.495589
0.494341
0.496135
0.494811
0.492559
0.491327
0.488920
0.495262
0.492183
0.495163
0.495512
0.492753
0.490074
0.487483
0.490882
0.498183
0.495830
0.493441
0.492095
0.490722
0.488414
0.486293
0.487415
0.486825
0.484642
0.482723
0.486450
0.486116
0.483056
0.480969
0.481302
0.485152
0.483926
0.484912
0.482897
0.487109
0.484828
0.489893
0.488864
0.492606
0.490864
0.490740
0.496021
0.494680
0.493634
0.493508
0.491182
0.495610
0.495816
0.496878
0.494871
0.492484
0.491724
0.494464
0.495558
0.499080
0.497651
0.495507
0.494832
0.494211
0.498923
0.497048
0.498093
0.496323
0.494409
0.497325
0.496739
0.496062
0.497975
0.496184
0.494452
0.492597
0.493804
0.494158
0.493974
0.494596
0.493480
0.493767
0.492060
0.491967
0.492629
0.490520
0.488353
0.490880
0.491354
0.490118
0.488217
0.487384
0.486731
0.485984
0.485394
0.490287
0.488663
0.486926
0.489602
0.487689
0.487257
0.485952
0.485653
0.484231
0.483690
0.483406
0.483613
0.483299
0.481975
0.481817
0.482146
0.482457
0.482505
0.482430
0.483417
0.482536
0.480881
0.481337
0.481983
0.482617
0.481370
0.481104
0.481131
0.480147
0.482407
0.483003
0.483746
0.486373
0.486864
0.486535
0.487123
0.486803
0.486436
0.485008
0.484533
0.483640
0.486663
0.485746
0.485386
0.484492
0.482861
0.482645
0.481296
0.482012
0.482694
0.483642
0.482300
0.482407
0.482272
0.482835
0.483136
0.487391
0.487303
0.486506
0.486261
0.485875
0.484462
0.484503
0.483480
0.482709
0.482725
0.482269
0.482281
0.481184
0.480535
0.480711
0.479940
0.478942
0.478286
0.478863
0.479280
0.479129
0.478538
0.478122
0.477293
0.476362
0.475558
0.475591
0.477276
0.478229
0.478295
0.477899
0.479942
0.478538
0.478413
0.478427
0.477955
0.477679
0.477844
0.477044
0.476280
0.477194
0.477632
0.476827
0.476369
0.475828
0.476468
0.475448
0.475294
0.477068
0.476445
0.478145
0.477336
0.477177
0.478545
0.477597
0.476590
0.475823
0.474710
0.473775
0.478640
0.478195
0.478242
0.478911
0.477845
0.477291
0.477911
0.477633
0.477272
0.478315
0.477634
0.476973
0.475973
0.476754
0.475864
0.476561
0.478070
0.476872
0.477908
0.478858
0.479148
0.478325
0.479047
0.478231
0.477216
0.477030
0.476186
0.475995
0.474848
0.475436
0.474410
0.474283
0.475091
0.475253
0.474933
0.475236
0.474983
0.475338
0.474659
0.474368
0.474931
0.474383
0.473905
0.473096
0.472684
0.475716
0.475092
0.474789
0.473917
0.473560
0.475111
0.475401
0.474844
0.475623
0.475240
0.475381
0.475235
0.476110
0.476619
0.475771
0.475437
0.476257
0.476972
0.476553
0.475791
0.476604
0.475500
0.474685
0.476568
0.475580
0.474704
0.473905
0.473846
0.473032
0.474176
0.474388
0.474070
0.473656
0.472765
0.472060
0.471762
0.472155
0.471528
0.470894
0.470920
0.472259
0.472343
0.471657
0.472220
0.473208
0.473775
0.474003
0.473085
0.473256
0.472323
0.473102
0.473327
0.472826
0.472681
0.472016
0.472965
0.475520
0.476008
0.475754
0.475097
0.474608
0.474005
0.475106
0.474621
0.473823
0.473001
0.472957
0.472139
0.472289
0.472397
0.473325
0.472942
0.473183
0.472372
0.471465
0.470662
0.470000
0.469463
0.469733
0.469067
0.468208
0.467435
0.466670
0.469088
0.468281
0.467998
0.467320
0.468042
0.467395
0.468359
0.468699
0.469177
0.469655
0.468837
0.468270
0.467576
0.467457
0.467053
0.466418
0.466141
0.465764
0.465045
0.465276
0.465971
0.466155
0.465470
0.464906
0.467555
0.467660
0.468678
0.468097
0.469277
0.469117
0.468378
0.467710
0.467942
0.467670
0.466876
0.467291
0.466768
0.466626
0.466184
0.465804
0.466051
0.465831
0.465829
0.465747
0.465513
0.465405
0.465063
0.465302
0.464657
0.463902
0.463232
0.462520
0.462064
0.463126
0.462509
0.461854
0.461141
0.461467
0.461234
0.460785
0.460521
0.460449
0.460431
0.460759
0.460403
0.459910
0.459398
0.459331
0.458964
0.459546
0.459154
0.458400
0.459423
0.460136
0.459955
0.459601
0.459673
0.459159
0.459273
0.458769
0.458231
0.457535
0.458794
0.458084
0.457986
0.457466
0.458761
0.458389
0.458002
0.457328
0.456761
0.457391
0.459253
0.458770
0.459599
0.459039
0.459150
0.459802
0.459580
0.459296
0.458567
0.458233
0.458063
0.458665
0.458505
0.459017
0.458494
0.458387
0.459037
0.458589
0.458931
0.460208
0.461430
0.461645
0.461678
0.461721
0.461535
0.462756
0.462531
0.462513
0.462512
0.463204
0.462840
0.462240
0.463568
0.463342
0.463534
0.463858
0.463313
0.462884
0.462363
0.462315
0.462643
0.462730
0.462807
0.462520
0.461896
0.462166
0.461515
0.461118
0.461596
0.460997
0.461453
0.461318
0.460793
0.460146
0.460055
0.460604
0.460290
0.459867
0.459440
0.459891
0.459905
0.460295
0.459862
0.461161
0.462161
0.463058
0.462967
0.462677
0.462153
0.461598
0.461897
0.461853
0.461535
0.462271
0.462655
0.462084
0.462113
0.462438
0.461928
0.461538
0.462324
0.462090
0.462101
0.462967
0.463149
0.463039
0.462598
0.123706
0.536562
0.532003
0.611901
0.531156
0.461818
0.579993
0.535051
0.544550
0.549320
0.533263
0.527701
0.512946
0.516435
0.519420
0.498212
0.527463
0.521810
0.498045
0.495113
0.481064
0.462658
0.490469
0.474533
0.476177
0.507170
0.490407
0.481869
0.473188
0.462834
0.465443
0.464758
0.454244
0.447152
0.439653
0.437634
0.433004
0.423514
0.434490
0.438916
0.462008
0.455890
0.446577
0.441014
0.432046
0.424463
0.419555
0.422541
0.439736
0.434732
0.436432
0.444807
0.450286
0.452045
0.445445
0.444849
0.448679
0.451837
0.450864
0.456643
0.469615
0.464525
0.458326
0.453320
0.448684
0.446902
0.442173
0.448307
0.450009
0.445600
0.442018
0.465814
0.470157
0.465763
0.461526
0.460540
0.455912
0.452903
0.454173
0.460075
0.461618
0.463815
0.460937
0.457142
0.460652
0.459346
0.459716
0.459868
0.459550
0.468559
0.480467
0.476788
0.486242
0.490676
0.494694
0.490942
0.486955
0.493083
0.495188
0.493624
0.498821
0.495965
0.494612
0.491433
0.493275
0.491539
0.487982
0.492193
0.490732
0.496738
0.496377
0.493371
0.490878
0.499484
0.503158
0.502432
0.500485
0.500137
0.497163
0.494123
0.491202
0.489649
0.488567
0.490336
0.489160
0.485948
0.493486
0.498169
0.495300
0.497073
0.495703
0.493311
0.492344
0.495918
0.500087
0.499002
0.497177
0.500615
0.498554
0.495696
0.496500
0.494361
0.491776
0.496079
0.494236
0.492525
0.490797
0.490029
0.488576
0.485985
0.484366
0.486070
0.486720
0.486002
0.486920
0.484650
0.488904
0.488878
0.490990
0.490537
0.488497
0.490683
0.488211
0.485902
0.487630
0.485756
0.483801
0.484568
0.486190
0.485344
0.483398
0.482771
0.481553
0.480763
0.484804
0.485470
0.484158
0.481988
0.479831
0.477925
0.475849
0.474791
0.472761
0.470765
0.469073
0.469974
0.469982
0.470055
0.469479
0.469184
0.467165
0.465432
0.463867
0.461794
0.464094
0.466484
0.466047
0.466689
0.465125
0.463586
0.464352
0.463862
0.464350
0.462444
0.460706
0.461355
0.462997
0.461627
0.461628
0.462758
0.464201
0.462969
0.465632
0.465011
0.467220
0.466020
0.464487
0.463081
0.462374
0.463631
0.462920
0.461767
0.460796
0.461641
0.463370
0.461705
0.461928
0.461504
0.460111
0.458902
0.459670
0.458453
0.456980
0.456028
0.457743
0.457145
0.457299
0.455737
0.454907
0.462794
0.462159
0.460510
0.461641
0.462126
0.461277
0.460786
0.461244
0.460433
0.461247
0.461893
0.460697
0.459865
0.461982
0.461394
0.462628
0.462351
0.461129
0.463510
0.462244
0.461360
0.461246
0.463369
0.462259
0.461405
0.460895
0.459758
0.459835
0.458484
0.460059
0.459019
0.459221
0.459977
0.459274
0.460366
0.460014
0.459579
0.461121
0.459683
0.458421
0.457871
0.457167
0.456743
0.458270
0.456909
0.457110
0.456216
0.455211
0.454686
0.455110
0.454710
0.456012
0.456156
0.455053
0.456282
0.456070
0.456194
0.455695
0.454751
0.453970
0.453630
0.452496
0.452189
0.451472
0.452645
0.453413
0.452465
0.451339
0.450712
0.451378
0.450995
0.452613
0.454926
0.454560
0.454339
0.454501
0.453779
0.452796
0.452084
0.451350
0.451129
0.451115
0.450513
0.451077
0.450305
0.452526
0.451390
0.452451
0.455917
0.454930
0.454054
0.452931
0.452228
0.451948
0.453386
0.452691
0.453408
0.452186
0.452835
0.452835
0.452971
0.453987
0.454714
0.453942
0.453048
0.451919
0.450990
0.450748
0.450701
0.450094
0.449014
0.448870
0.448296
0.447692
0.449759
0.448684
0.447951
0.449046
0.450058
0.449338
0.450032
0.451493
0.450482
0.454265
0.454101
0.455563
0.455731
0.455730
0.454816
0.454490
0.454205
0.454391
0.453599
0.453520
0.454287
0.453911
0.454330
0.453512
0.452947
0.451975
0.452250
0.452305
0.451775
0.450707
0.450173
0.450906
0.451447
0.450647
0.449642
0.450819
0.451511
0.451102
0.450855
0.451255
0.450786
0.451330
0.450702
0.450175
0.450091
0.449357
0.448701
0.447828
0.447149
0.450368
0.449548
0.448668
0.447752
0.447525
0.446721
0.447338
0.446436
0.448074
0.447219
0.446784
0.445953
0.445313
0.444884
0.445583
0.444996
0.445288
0.444436
0.443561
0.443807
0.442996
0.443413
0.443501
0.444260
0.445411
0.445254
0.444954
0.444148
0.444159
0.443813
0.444194
0.443430
0.442760
0.442181
0.442920
0.443369
0.443702
0.442953
0.442568
0.442994
0.442381
0.443525
0.444011
0.443540
0.443375
0.443864
0.443525
0.443774
0.444246
0.447277
0.448161
0.448429
0.448629
0.448990
0.448288
0.449216
0.448922
0.448441
0.448610
0.448388
0.447639
0.447697
0.447246
0.446554
0.446315
0.446529
0.447720
0.449449
0.449745
0.449783
0.450402
0.450281
0.449811
0.449521
0.450506
0.449991
0.450242
0.449472
0.449760
0.449299
0.449712
0.449081
0.448631
0.448104
0.448452
0.448646
0.448288
0.447765
0.447716
0.447192
0.446755
0.446831
0.446546
0.447818
0.447154
0.446383
0.445645
0.444846
0.444151
0.443730
0.443273
0.443350
0.443647
0.443429
0.443146
0.442700
0.443052
0.444041
0.443550
0.444226
0.444248
0.444521
0.443982
0.443687
0.443046
0.445154
0.444527
0.443807
0.443704
0.443110
0.442711
0.442064
0.443558
0.443026
0.442430
0.443866
0.444837
0.444326
0.443797
0.443843
0.443977
0.444735
0.444405
0.443747
0.443505
0.443846
0.443960
0.443278
0.442863
0.443956
0.444108
0.443988
0.443864
0.445219
0.444560
0.443909
0.443417
0.442779
0.443699
0.443671
0.443059
0.443162
0.442585
0.442061
0.442403
0.441768
0.441151
0.440735
0.440764
0.440464
0.440038
0.440576
0.440799
0.440749
0.440405
0.439902
0.439328
0.438804
0.438179
0.439209
0.439671
0.439505
0.438880
0.439175
0.439231
0.439744
0.439550
0.441144
0.440716
0.441122
0.441304
0.441125
0.440755
0.440747
0.440699
0.440330
0.440084
0.439456
0.440237
0.440143
0.440529
0.441186
0.440819
0.441339
0.441077
0.440400
0.440262
0.440939
0.440566
0.440211
0.441095
0.440547
0.439946
0.440573
0.440888
0.441735
0.441468
0.442186
0.441829
0.443175
0.442538
0.442680
0.442863
0.442444
0.442237
0.442338
0.442726
0.442642
0.442691
0.442276
0.443406
0.443224
0.442704
0.443210
0.442806
0.442759
0.442301
0.442101
0.441640
0.134032
0.284185
0.308334
0.281012
0.346319
0.362539
0.340854
0.331977
0.392568
0.365129
0.382527
0.362791
0.378798
0.364228
0.354271
0.365920
0.353684
0.349491
0.340954
0.327962
0.347770
0.340832
0.331695
0.342895
0.331854
0.323566
0.324731
0.325844
0.341431
0.332704
0.340560
0.341333
0.350148
0.369994
0.366010
0.358388
0.361471
0.358835
0.352741
0.363307
0.363337
0.357848
0.351769
0.350672
0.346027
0.366388
0.361974
0.366924
0.363718
0.361994
0.359013
0.352945
0.348519
0.345899
0.354724
0.351253
0.357396
0.369866
0.372511
0.376328
0.372168
0.370035
0.371571
0.373019
0.372046
0.369324
0.365286
0.370633
0.373700
0.380476
0.395804
0.394738
0.403770
0.403526
0.401174
0.397928
0.396102
0.392935
0.390945
0.391072
0.389921
0.389870
0.389316
0.387519
0.385165
0.381680
0.387247
0.392122
0.390211
0.390873
0.388460
0.392529
0.389857
0.395482
0.395642
0.395312
0.406010
0.404462
0.411142
0.407745
0.407324
0.411111
0.409015
0.406970
0.407739
0.405862
0.404758
0.411808
0.411030
0.408692
0.406091
0.404958
0.403465
0.417058
0.417781
0.415373
0.413313
0.411583
0.410915
0.409268
0.410295
0.409448
0.406954
0.409041
0.411549
0.408760
0.408311
0.405754
0.405752
0.404232
0.402645
0.402168
0.400255
0.398593
0.396978
0.395088
0.395435
0.394305
0.393079
0.394680
0.394312
0.392667
0.391159
0.389528
0.389301
0.387105
0.391695
0.394301
0.397167
0.395740
0.394152
0.393941
0.393102
0.392789
0.395913
0.397225
0.396272
0.395196
0.393783
0.398599
0.399778
0.399083
0.398255
0.399109
0.397928
0.396459
0.399927
0.398762
0.399257
0.399935
0.402413
0.400498
0.403295
0.403662
0.401952
0.404911
0.405694
0.406311
0.405320
0.403900
0.403416
0.401689
0.399949
0.402741
0.405352
0.405445
0.405103
0.406090
0.410341
0.409970
0.410314
0.411224
0.412543
0.411566
0.411094
0.410090
0.410367
0.409481
0.409643
0.408852
0.408529
0.413564
0.413352
0.412261
0.413479
0.416960
0.416956
0.422525
0.424251
0.423171
0.421747
0.422468
0.423011
0.421218
0.421787
0.420665
0.419722
0.422699
0.421108
0.420015
0.418996
0.417938
0.416447
0.414804
0.413169
0.414698
0.413739
0.412818
0.411612
0.410962
0.410370
0.410604
0.413801
0.413392
0.415626
0.415519
0.415102
0.414420
0.413334
0.412719
0.413866
0.412485
0.414611
0.416291
0.415046
0.414385
0.416942
0.417379
0.416445
0.416840
0.420094
0.418864
0.420259
0.421029
0.422287
0.421692
0.423275
0.424711
0.423615
0.423266
0.422393
0.421106
0.420089
0.419912
0.418610
0.417820
0.417026
0.416776
0.415396
0.414658
0.415966
0.417059
0.417054
0.420165
0.420915
0.419764
0.418523
0.417197
0.418228
0.417158
0.416399
0.417357
0.416288
0.417993
0.416805
0.417264
0.416970
0.415938
0.415657
0.415723
0.416835
0.416418
0.417870
0.416804
0.419824
0.419285
0.418544
0.418319
0.418355
0.418160
0.419068
0.418109
0.418545
0.418454
0.417861
0.418465
0.417443
0.420004
0.421209
0.421345
0.420500
0.419710
0.421491
0.421700
0.422684
0.424143
0.423654
0.425646
0.427826
0.427608
0.426894
0.427591
0.428331
0.428171
0.427600
0.427050
0.426784
0.427013
0.427219
0.426161
0.425496
0.425466
0.424456
0.425350
0.425438
0.424416
0.426016
0.425556
0.425103
0.424057
0.423597
0.423721
0.423768
0.423035
0.422107
0.422921
0.423576
0.423200
0.422844
0.422112
0.421393
0.420839
0.422145
0.421320
0.420885
0.420268
0.420060
0.419145
0.418811
0.419438
0.419794
0.419580
0.420743
0.422072
0.421334
0.422073
0.421231
0.420338
0.419633
0.420176
0.419535
0.420328
0.421220
0.421120
0.420655
0.419859
0.419597
0.418844
0.419705
0.419986
0.419413
0.419375
0.418640
0.418638
0.418360
0.419259
0.418699
0.418286
0.419469
0.419207
0.419871
0.419425
0.419502
0.419305
0.419141
0.421449
0.421004
0.421532
0.420748
0.420011
0.419274
0.418543
0.419735
0.419952
0.419120
0.420435
0.419832
0.421653
0.422295
0.421749
0.421285
0.420593
0.420405
0.421920
0.422623
0.422649
0.424198
0.424975
0.424849
0.424228
0.425619
0.425024
0.425525
0.424963
0.424865
0.425714
0.425921
0.425520
0.425595
0.425511
0.424717
0.424884
0.424217
0.423999
0.424280
0.424464
0.424683
0.424110
0.423358
0.422834
0.421960
0.422482
0.421993
0.421517
0.421541
0.420792
0.420894
0.420490
0.419784
0.421671
0.423776
0.423207
0.422424
0.424562
0.424514
0.425339
0.425187
0.424397
0.424093
0.424184
0.423485
0.424803
0.424715
0.424147
0.423934
0.423799
0.423032
0.423258
0.424559
0.424811
0.426099
0.425366
0.424798
0.425427
0.425260
0.424501
0.424572
0.424181
0.423830
0.423760
0.423314
0.424524
0.424062
0.423350
0.422881
0.424072
0.423692
0.423365
0.423343
0.423135
0.423676
0.423435
0.422802
0.422396
0.421979
0.422047
0.421363
0.422066
0.422159
0.421388
0.421040
0.420970
0.421633
0.422343
0.422064
0.421904
0.421784
0.422943
0.422583
0.423323
0.423018
0.422375
0.422261
0.423287
0.423059
0.422685
0.422262
0.422287
0.421622
0.421033
0.420864
0.420250
0.419784
0.419783
0.420613
0.419982
0.419386
0.419046
0.418813
0.418792
0.419115
0.418852
0.419157
0.418886
0.420026
0.420124
0.419687
0.420322
0.421570
0.422764
0.422216
0.422969
0.422422
0.422017
0.421382
0.421965
0.421863
0.421359
0.421774
0.421529
0.421110
0.420924
0.420536
0.421247
0.420887
0.420568
0.421298
0.420897
0.422027
0.423195
0.422833
0.423096
0.423248
0.422760
0.422798
0.423350
0.422854
0.422471
0.422980
0.422874
0.422327
0.421757
0.423303
0.423282
0.422871
0.423165
0.423147
0.422821
0.422798
0.424352
0.424762
0.425006
0.424526
0.424111
0.424597
0.424451
0.424305
0.423838
0.423763
0.424484
0.424558
0.424076
0.423778
0.424050
0.423935
0.423685
0.423971
0.425415
0.425741
0.425254
0.425644
0.425993
0.425833
0.426064
0.426379
0.425976
0.426311
0.426916
0.427179
0.426976
0.426639
0.426315
0.426284
0.426717
0.427526
0.427892
0.427887
0.427952
0.427609
0.428499
0.428952
0.428419
0.428521
0.428100
0.427800
0.427440
0.426937
0.428108
0.427772
0.427886
0.427372
0.210417
0.377870
0.302196
0.435585
0.434166
0.390784
0.358456
0.329622
0.321707
0.345512
0.325163
0.321268
0.299013
0.309297
0.297134
0.295489
0.293104
0.282823
0.315771
0.305837
0.304071
0.297216
0.304468
0.302957
0.307174
0.299363
0.301375
0.315062
0.325142
0.352722
0.354720
0.348572
0.342880
0.347097
0.391224
0.385965
0.379751
0.372672
0.366904
0.363943
0.360684
0.359246
0.366633
0.359626
0.353893
0.350293
0.357489
0.354767
0.357355
0.354421
0.362112
0.368047
0.378475
0.383733
0.388453
0.385246
0.380187
0.377228
0.372706
0.371898
0.368054
0.368326
0.364596
0.361422
0.361627
0.366627
0.361905
0.365653
0.364222
0.360105
0.356432
0.355861
0.362763
0.358419
0.363443
0.362115
0.361471
0.359137
0.355414
0.356404
0.354986
0.356903
0.358783
0.358387
0.356023
0.354701
0.352646
0.358303
0.356145
0.358935
0.358144
0.356302
0.357506
0.356916
0.357608
0.357435
0.356554
0.355068
0.353705
0.352160
0.355812
0.354449
0.352961
0.353583
0.351500
0.357522
0.355142
0.356707
0.355700
0.354816
0.355634
0.367964
0.368351
0.365595
0.363086
0.360523
0.358816
0.364121
0.363798
0.362935
0.363026
0.360443
0.363058
0.365830
0.368450
0.367234
0.366124
0.370668
0.369777
0.369678
0.379254
0.378608
0.376769
0.377014
0.378334
0.377382
0.380170
0.378676
0.378020
0.375926
0.377969
0.376707
0.377321
0.385673
0.385425
0.383568
0.382691
0.388102
0.387874
0.394982
0.393234
0.390996
0.391892
0.393519
0.392011
0.395304
0.395406
0.400104
0.399143
0.398774
0.397298
0.403297
0.404606
0.405859
0.408969
0.411504
0.409820
0.409083
0.409492
0.409357
0.407570
0.406005
0.404322
0.406117
0.404037
0.403212
0.403515
0.402957
0.404763
0.404284
0.403061
0.402131
0.400115
0.398355
0.401228
0.400502
0.398787
0.400895
0.400521
0.401843
0.400300
0.398853
0.398075
0.401478
0.401726
0.405215
0.404280
0.403221
0.401619
0.402632
0.400929
0.399533
0.399326
0.401048
0.400903
0.400320
0.401771
0.403776
0.402421
0.403255
0.401703
0.400914
0.401615
0.404762
0.404187
0.403114
0.402879
0.404083
0.403795
0.407229
0.405638
0.405408
0.404605
0.404720
0.406289
0.408692
0.409922
0.409035
0.409903
0.409283
0.409278
0.411556
0.412123
0.412436
0.410892
0.412220
0.411570
0.411697
0.411153
0.410872
0.412582
0.414299
0.414355
0.413711
0.412738
0.411477
0.410273
0.409399
0.410997
0.410577
0.412109
0.412049
0.411205
0.410744
0.410213
0.409342
0.410297
0.408993
0.410154
0.410048
0.409473
0.409285
0.408478
0.407591
0.407406
0.406117
0.404870
0.403968
0.412112
0.412582
0.412054
0.411310
0.410919
0.410020
0.409924
0.408711
0.408441
0.407843
0.406920
0.405683
0.404780
0.406590
0.405480
0.405264
0.404152
0.404257
0.403633
0.404623
0.404160
0.403111
0.406095
0.406184
0.407346
0.407891
0.406762
0.406225
0.406424
0.406822
0.405874
0.405046
0.404078
0.403657
0.402508
0.402591
0.403559
0.402594
0.401534
0.402724
0.403461
0.403347
0.402936
0.402869
0.402185
0.401152
0.400444
0.399665
0.401136
0.400366
0.401508
0.400880
0.402018
0.403353
0.405631
0.405333
0.406447
0.405702
0.404777
0.406350
0.407339
0.407380
0.407038
0.406046
0.405170
0.404352
0.405420
0.406175
0.406065
0.406053
0.405215
0.404856
0.405218
0.405013
0.405412
0.406248
0.407733
0.408147
0.407372
0.406473
0.406029
0.407025
0.406167
0.408541
0.407577
0.406725
0.406147
0.405450
0.404706
0.403675
0.404486
0.403449
0.402681
0.402375
0.403729
0.402862
0.402281
0.403101
0.403731
0.404198
0.403349
0.402518
0.401731
0.400795
0.401215
0.400768
0.401089
0.402466
0.401873
0.401614
0.400774
0.400126
0.399729
0.399132
0.399054
0.398422
0.397758
0.397220
0.396706
0.396432
0.396241
0.396662
0.398306
0.397416
0.397165
0.396597
0.398568
0.398223
0.397935
0.398309
0.401153
0.400328
0.399926
0.399918
0.400267
0.399958
0.400261
0.400607
0.401299
0.400594
0.403554
0.402856
0.403514
0.402627
0.402285
0.401639
0.401653
0.401976
0.404682
0.404320
0.405743
0.405044
0.404643
0.405391
0.407346
0.407103
0.407252
0.407440
0.407547
0.408073
0.409739
0.411114
0.410410
0.409720
0.409188
0.408855
0.408727
0.408145
0.408780
0.408411
0.407727
0.407223
0.407094
0.407331
0.407303
0.407086
0.407845
0.407491
0.406853
0.406884
0.406794
0.406044
0.406513
0.405957
0.405988
0.405195
0.405399
0.405229
0.404537
0.403911
0.404349
0.406420
0.406500
0.407137
0.407884
0.407747
0.408324
0.407616
0.407325
0.406678
0.406676
0.406722
0.406093
0.405997
0.407511
0.407142
0.406834
0.406365
0.406525
0.407229
0.407413
0.406762
0.407788
0.408595
0.410048
0.409680
0.410925
0.410465
0.410218
0.409901
0.410050
0.409392
0.408848
0.409084
0.408672
0.408444
0.407930
0.407313
0.406951
0.406595
0.405929
0.407602
0.407160
0.406961
0.406475
0.407030
0.406726
0.406705
0.406748
0.406376
0.406047
0.406576
0.406454
0.408215
0.408299
0.408221
0.408446
0.408059
0.408472
0.408842
0.408680
0.408170
0.407695
0.408381
0.407738
0.407236
0.408791
0.408396
0.410777
0.410198
0.411647
0.411040
0.411631
0.411020
0.410774
0.410651
0.410306
0.412708
0.413541
0.413298
0.413939
0.413710
0.415068
0.414648
0.414002
0.413654
0.415986
0.416148
0.416491
0.416933
0.417521
0.416963
0.417030
0.417273
0.416771
0.416637
0.416378
0.416831
0.418362
0.418457
0.418571
0.418457
0.418126
0.418205
0.417847
0.417165
0.417801
0.417416
0.417454
0.417114
0.417322
0.417290
0.416679
0.416990
0.416396
0.416533
0.417236
0.416852
0.416840
0.417619
0.417180
0.417918
0.417625
0.417001
0.417232
0.416688
0.416421
0.416194
0.415629
0.416923
0.416493
0.415881
0.415618
0.415240
0.415024
0.414609
0.414983
0.414392
0.414194
0.414559
0.414076
0.413522
0.412986
0.413038
0.414769
0.414451
0.414633
0.414046
0.415250
0.414998
0.414410
0.413879
0.413922
0.413980
0.413732
0.413229
0.413769
0.413563
0.413088
0.414219
0.413840
0.413811
0.413763
0.413226
0.413067
0.412947
0.413268
0.413326
0.412766
0.412332
0.411802
0.412480
0.412363
0.077940
0.116270
0.234458
0.291533
0.242243
0.288795
0.261793
0.293310
0.275488
0.313769
0.341970
0.328120
0.317951
0.302480
0.329029
0.320080
0.304659
0.303324
0.291272
0.285341
0.283438
0.301305
0.289752
0.300638
0.302379
0.296180
0.298208
0.294210
0.288171
0.303591
0.295201
0.307361
0.312558
0.306537
0.301111
0.300861
0.302493
0.302281
0.299282
0.309538
0.320905
0.318454
0.322484
0.317359
0.322620
0.335415
0.331838
0.332192
0.333957
0.331022
0.333230
0.333749
0.333775
0.329387
0.325175
0.321260
0.316982
0.317876
0.319209
0.321812
0.317630
0.318141
0.317381
0.326332
0.326319
0.326260
0.324342
0.322677
0.324263
0.330658
0.327319
0.329230
0.327927
0.339302
0.336815
0.334577
0.333908
0.338725
0.338728
0.352980
0.355863
0.356035
0.354145
0.357729
0.358324
0.355245
0.356604
0.358373
0.360601
0.365167
0.362770
0.371451
0.373727
0.370588
0.373752
0.374471
0.393049
0.395182
0.399705
0.397148
0.396663
0.395548
0.398878
0.396091
0.395545
0.397213
0.394721
0.395598
0.393802
0.393408
0.403447
0.405157
0.409600
0.410216
0.407285
0.404460
0.404149
0.401848
0.400095
0.397920
0.402736
0.403780
0.401500
0.399837
0.404378
0.403753
0.401611
0.399501
0.398354
0.396499
0.394036
0.391728
0.395689
0.395109
0.392894
0.391856
0.390088
0.387819
0.392794
0.391229
0.389590
0.388249
0.386583
0.384484
0.382370
0.383403
0.382791
0.385381
0.383528
0.390078
0.390717
0.389900
0.390725
0.389291
0.387852
0.387930
0.392397
0.394725
0.392832
0.390661
0.390231
0.389217
0.390015
0.389044
0.387808
0.394462
0.394797
0.395836
0.394594
0.395768
0.395001
0.395613
0.394074
0.393404
0.392332
0.397357
0.398876
0.399673
0.400728
0.399356
0.399173
0.397534
0.399085
0.401059
0.405356
0.404132
0.403388
0.403294
0.401661
0.401667
0.400656
0.398995
0.397245
0.395690
0.394804
0.394740
0.394206
0.393585
0.393437
0.395499
0.394345
0.397233
0.400461
0.398923
0.399676
0.398114
0.397964
0.399049
0.398954
0.399085
0.402677
0.403249
0.402894
0.402165
0.402648
0.403581
0.403405
0.401948
0.400618
0.399911
0.398464
0.399820
0.400245
0.399456
0.398059
0.396883
0.395732
0.396864
0.395311
0.396719
0.398966
0.397856
0.396522
0.395407
0.398520
0.402121
0.403643
0.402847
0.406488
0.406039
0.404761
0.403610
0.405386
0.405367
0.406164
0.404925
0.406306
0.405814
0.404876
0.404426
0.403496
0.402416
0.401620
0.401244
0.402924
0.401956
0.401837
0.400797
0.400540
0.400111
0.399113
0.398900
0.398086
0.399582
0.400970
0.399832
0.402693
0.403474
0.402260
0.401340
0.400559
0.399529
0.401585
0.402758
0.402658
0.401657
0.401043
0.400403
0.401584
0.403160
0.402791
0.404169
0.403146
0.402775
0.401961
0.400883
0.400175
0.404956
0.404047
0.403732
0.403034
0.402482
0.402446
0.401766
0.400908
0.400012
0.401135
0.400707
0.400969
0.402445
0.402613
0.404357
0.404566
0.406360
0.407060
0.406194
0.405264
0.406126
0.407782
0.407679
0.408347
0.409751
0.410048
0.409230
0.408376
0.408391
0.408205
0.407975
0.407268
0.408431
0.407727
0.408347
0.408188
0.408416
0.410183
0.411338
0.411730
0.412230
0.411777
0.414386
0.414339
0.415876
0.415186
0.414642
0.413607
0.414105
0.413444
0.412894
0.412146
0.412925
0.411974
0.412901
0.414499
0.413495
0.413511
0.413929
0.415431
0.414704
0.415177
0.414662
0.413636
0.412652
0.411951
0.413018
0.413507
0.412899
0.411825
0.411295
0.410803
0.410186
0.411999
0.414917
0.414809
0.414469
0.413469
0.413560
0.414384
0.413744
0.412922
0.412165
0.412046
0.411676
0.413130
0.412107
0.412902
0.415225
0.415811
0.414942
0.414227
0.413354
0.413502
0.412824
0.412193
0.411732
0.411798
0.411168
0.413736
0.413412
0.413890
0.412910
0.412204
0.411265
0.411367
0.410757
0.410367
0.410284
0.410630
0.410138
0.409269
0.409814
0.409702
0.408931
0.408684
0.407900
0.407324
0.408678
0.407909
0.408458
0.409096
0.408679
0.408139
0.407921
0.408185
0.408488
0.407667
0.407331
0.406990
0.407530
0.407654
0.406954
0.408021
0.407739
0.406978
0.407112
0.407299
0.407940
0.407807
0.407316
0.406910
0.407039
0.406454
0.406218
0.405776
0.405592
0.404797
0.404474
0.403923
0.403599
0.402908
0.404296
0.403537
0.403356
0.402532
0.402703
0.403215
0.402976
0.403899
0.404269
0.403867
0.403778
0.403914
0.404146
0.403544
0.403968
0.403301
0.403764
0.403392
0.403186
0.402967
0.402608
0.402059
0.401738
0.401593
0.400866
0.401794
0.401397
0.400661
0.399888
0.400500
0.400039
0.399453
0.400297
0.400135
0.400508
0.401583
0.401636
0.400935
0.401317
0.400828
0.400160
0.399924
0.399569
0.399102
0.399967
0.399500
0.399455
0.398936
0.398747
0.398811
0.399616
0.399142
0.399014
0.398378
0.397936
0.397363
0.397998
0.397629
0.397120
0.397123
0.397717
0.397126
0.396518
0.395922
0.396471
0.396962
0.398005
0.398046
0.398514
0.397990
0.399252
0.398984
0.399931
0.400007
0.400677
0.400894
0.400562
0.400695
0.400174
0.400567
0.401396
0.403548
0.404963
0.404632
0.404752
0.405759
0.405116
0.405420
0.406206
0.406032
0.405568
0.404957
0.404358
0.403635
0.403260
0.402641
0.402085
0.401558
0.401175
0.400775
0.400309
0.400283
0.399884
0.399493
0.399699
0.399222
0.398685
0.398274
0.399566
0.399291
0.399331
0.400276
0.400500
0.400090
0.400114
0.400929
0.400388
0.400143
0.401116
0.400626
0.400501
0.400165
0.401810
0.401710
0.401184
0.400742
0.401492
0.401437
0.401112
0.400649
0.400545
0.399956
0.399861
0.400564
0.401043
0.400539
0.400341
0.399757
0.399194
0.399402
0.400217
0.399669
0.399251
0.399092
0.399328
0.398880
0.398345
0.398238
0.398057
0.397683
0.397432
0.397338
0.397196
0.396673
0.396546
0.396741
0.397840
0.398100
0.397587
0.397768
0.398573
0.398118
0.397656
0.398264
0.397866
0.399125
0.399054
0.398782
0.398922
0.398366
0.398214
0.397712
0.398497
0.398167
0.398374
0.398389
0.398296
0.397964
0.397592
0.397113
0.396873
0.397326
0.398167
0.398389
0.398105
0.399251
0.400661
0.400236
0.399898
0.399520
0.400405
0.400103
0.131614
0.199447
0.278016
0.556823
0.466410
0.491316
0.463024
0.415257
0.415642
0.391062
0.376895
0.419968
0.450063
0.461766
0.457635
0.433592
0.424528
0.410910
0.397133
0.404501
0.392927
0.426645
0.473391
0.456911
0.490445
0.482188
0.503196
0.497567
0.484589
0.469981
0.459562
0.446907
0.437279
0.429241
0.429897
0.428349
0.421003
0.422762
0.413813
0.405770
0.399986
0.399669
0.391831
0.385205
0.391682
0.387201
0.380028
0.374996
0.371632
0.368831
0.363890
0.359370
0.366292
0.369799
0.365535
0.364702
0.371871
0.366690
0.370460
0.377033
0.372365
0.371610
0.368686
0.369622
0.366110
0.362424
0.363566
0.363576
0.358923
0.358621
0.354762
0.357309
0.359141
0.366978
0.365656
0.364467
0.363861
0.366371
0.375453
0.376799
0.375082
0.372158
0.375523
0.378372
0.384972
0.386280
0.386352
0.384209
0.384781
0.385532
0.390012
0.399849
0.402076
0.399865
0.396695
0.397293
0.393651
0.390517
0.388870
0.391023
0.390250
0.395092
0.394118
0.391788
0.391647
0.389506
0.388132
0.387585
0.386557
0.388379
0.385337
0.382901
0.387469
0.384718
0.386718
0.385448
0.383931
0.381455
0.385892
0.384387
0.385576
0.386963
0.384556
0.383697
0.383873
0.388346
0.391852
0.392325
0.390569
0.393194
0.391351
0.394863
0.397997
0.399235
0.398657
0.399804
0.404781
0.406484
0.404530
0.406616
0.410983
0.408974
0.407111
0.404901
0.416146
0.414781
0.412638
0.414375
0.412752
0.412074
0.410714
0.415894
0.413582
0.414574
0.412488
0.413875
0.417277
0.417151
0.415973
0.413575
0.412016
0.411602
0.410776
0.409315
0.408160
0.406377
0.404652
0.406809
0.406776
0.405646
0.405163
0.404159
0.402320
0.403066
0.402455
0.404355
0.403932
0.402514
0.404799
0.403649
0.402321
0.400360
0.404039
0.408068
0.406342
0.409015
0.410643
0.409960
0.409898
0.409031
0.408627
0.407957
0.406746
0.408965
0.408309
0.409037
0.409751
0.412001
0.415583
0.416061
0.414386
0.413656
0.413845
0.412015
0.410609
0.413122
0.413154
0.412254
0.413194
0.411768
0.411662
0.412785
0.412232
0.411163
0.410561
0.410842
0.410612
0.410332
0.409791
0.408657
0.408987
0.408471
0.408666
0.407516
0.408449
0.407016
0.405731
0.404595
0.406350
0.406087
0.405761
0.405856
0.406548
0.405123
0.404545
0.403191
0.401778
0.402885
0.401610
0.405586
0.404127
0.405124
0.407310
0.406147
0.407702
0.407714
0.410765
0.409540
0.409538
0.413658
0.412555
0.411609
0.410408
0.410426
0.412819
0.414786
0.414008
0.412707
0.411464
0.411756
0.410563
0.409234
0.410084
0.408751
0.407776
0.408461
0.407303
0.407683
0.406836
0.405943
0.404664
0.403685
0.405874
0.407840
0.406763
0.408227
0.409388
0.409755
0.408866
0.409929
0.408787
0.408115
0.407910
0.407011
0.407230
0.409824
0.412853
0.412254
0.412851
0.414056
0.415605
0.415660
0.418055
0.416784
0.415831
0.416313
0.416605
0.415974
0.417246
0.416968
0.419495
0.418887
0.418029
0.418674
0.421398
0.420257
0.419292
0.419996
0.420631
0.419432
0.418785
0.419835
0.419098
0.418229
0.418239
0.417384
0.417816
0.416991
0.416779
0.416376
0.415519
0.415341
0.414629
0.413629
0.413396
0.412612
0.413947
0.414166
0.413427
0.412498
0.412322
0.411672
0.411668
0.412747
0.415726
0.414913
0.414436
0.413956
0.413126
0.413969
0.412881
0.414698
0.415046
0.415270
0.414994
0.413932
0.413157
0.413150
0.415891
0.416312
0.416320
0.417146
0.416699
0.416256
0.417011
0.416299
0.416395
0.418420
0.417770
0.417155
0.417866
0.420649
0.421608
0.421845
0.422455
0.423278
0.422367
0.423118
0.422419
0.423164
0.423476
0.422490
0.421818
0.420978
0.420527
0.419774
0.419205
0.418483
0.417994
0.417713
0.416730
0.416027
0.415526
0.414858
0.414520
0.413696
0.413949
0.413418
0.413059
0.413751
0.413178
0.413746
0.414050
0.413499
0.415231
0.416524
0.415896
0.415844
0.415224
0.414897
0.414276
0.414216
0.414961
0.414390
0.413927
0.413234
0.412378
0.412008
0.413832
0.414403
0.413803
0.413315
0.412801
0.412216
0.411989
0.412237
0.411993
0.411823
0.411033
0.410505
0.412297
0.411764
0.411158
0.410508
0.413259
0.412401
0.414767
0.414367
0.415185
0.415444
0.414726
0.415618
0.415122
0.415238
0.414755
0.414154
0.414528
0.414075
0.413605
0.413286
0.413042
0.414815
0.415874
0.415462
0.415514
0.415037
0.414413
0.413797
0.413539
0.413605
0.413214
0.412509
0.412019
0.412267
0.411550
0.412045
0.412064
0.411757
0.412742
0.412463
0.411963
0.411267
0.411952
0.411334
0.410586
0.410101
0.409890
0.409951
0.409225
0.408658
0.407927
0.407484
0.406734
0.407080
0.407176
0.406552
0.406510
0.406347
0.405819
0.406705
0.408258
0.407865
0.407213
0.406723
0.406152
0.405868
0.405943
0.405416
0.405210
0.404640
0.404755
0.404851
0.404588
0.404061
0.404992
0.405725
0.405808
0.407115
0.406441
0.406012
0.405933
0.405316
0.404702
0.404957
0.405414
0.404743
0.404044
0.403471
0.405078
0.405621
0.405356
0.405323
0.405394
0.405265
0.405242
0.406941
0.407207
0.406805
0.406915
0.406561
0.406293
0.406147
0.405541
0.404985
0.404404
0.403755
0.403314
0.403029
0.402569
0.402280
0.402297
0.401646
0.401035
0.401470
0.401949
0.401447
0.400898
0.401638
0.401584
0.400936
0.401529
0.402683
0.402081
0.401734
0.401212
0.400943
0.400657
0.400762
0.400479
0.400351
0.399677
0.399166
0.398809
0.398250
0.397688
0.398715
0.398540
0.398132
0.398206
0.399534
0.398959
0.398323
0.397698
0.398188
0.398503
0.398483
0.398613
0.398270
0.397741
0.397472
0.397113
0.396533
0.397825
0.397870
0.397856
0.397266
0.396657
0.397339
0.397460
0.399386
0.399046
0.399427
0.399555
0.399111
0.398678
0.398365
0.398757
0.398329
0.398404
0.397821
0.397416
0.397221
0.398337
0.397734
0.398481
0.398143
0.398464
0.398176
0.398423
0.398262
0.397767
0.397918
0.397406
0.396899
0.397853
0.397883
0.397452
0.397084
0.396922
0.396573
0.396154
0.396259
0.395731
0.396174
0.395834
0.395417
0.395535
0.395039
0.394656
0.394295
0.395374
0.394997
0.396254
0.396532
0.396141
0.396163
0.395861
0.395406
0.395289
0.394819
0.394427
