6.700093
5.618252
5.449292
5.054072
4.866341
4.682530
4.584741
4.427324
4.334313
4.202857
4.122585
4.024942
3.897936
3.807359
3.725960
3.643056
3.575062
3.497655
3.424266
3.350904
3.266220
3.201120
3.120754
3.067479
3.000282
2.939929
2.876872
2.812941
2.765475
2.725883
2.681370
2.638908
2.591285
2.547986
2.512118
2.465329
2.432174
2.386025
2.358760
2.322718
2.289977
2.251225
2.222264
2.188017
2.156039
2.132016
2.109428
2.080020
2.048883
2.017607
1.998272
1.969533
1.949987
1.926847
1.906162
1.888528
1.870157
1.850437
1.830019
1.808149
1.789136
1.767848
0.566683
0.679661
0.639145
0.640821
0.676381
0.670074
0.671413
0.684104
0.678435
0.690658
0.680904
0.675748
0.665932
0.654552
0.642151
0.647493
0.643415
0.652492
0.645401
0.639484
0.635939
0.635779
0.640974
0.651046
0.651729
0.652027
0.649409
0.650956
0.644526
0.646079
0.643232
0.636648
0.634958
0.631613
0.622404
0.619785
0.615016
0.614326
0.612034
0.609966
0.609238
0.607551
0.601741
0.600940
0.597717
0.595203
0.594614
0.591178
0.584504
0.583871
0.585511
0.585831
0.582365
0.585622
0.580840
0.582742
0.587479
0.586291
0.583629
0.580372
0.577886
0.573275
0.571076
0.463758
0.497351
0.533557
0.473924
0.458119
0.459466
0.443453
0.422670
0.436598
0.427970
0.414683
0.406616
0.407412
0.421425
0.422088
0.424648
0.419375
0.416746
0.421536
0.425862
0.425249
0.433850
0.428368
0.426770
0.432555
0.434684
0.434727
0.432303
0.427816
0.423648
0.425957
0.425433
0.424249
0.428214
0.436551
0.437054
0.434230
0.435035
0.434884
0.435882
0.433559
0.435957
0.431561
0.431931
0.431785
0.433180
0.433743
0.434852
0.432739
0.429899
0.425498
0.429021
0.432323
0.436978
0.441547
0.440808
0.439762
0.443359
0.441599
0.441028
0.441090
0.441147
0.241093
0.453868
0.360281
0.349620
0.371703
0.360020
0.355988
0.379170
0.365680
0.372732
0.390826
0.408583
0.400891
0.400667
0.390489
0.395857
0.410644
0.413016
0.410708
0.411626
0.411770
0.411926
0.410374
0.409425
0.411152
0.406186
0.405835
0.398372
0.402473
0.397809
0.395524
0.396336
0.394866
0.400528
0.398569
0.397215
0.394841
0.393473
0.394942
0.390894
0.388195
0.386729
0.389095
0.387587
0.385053
0.388453
0.387052
0.388249
0.386324
0.386066
0.385150
0.386664
0.387875
0.386690
0.387339
0.387566
0.385444
0.385156
0.383947
0.383425
0.383413
0.382412
0.382174
0.501653
0.544824
0.518502
0.480457
0.426456
0.417916
0.394246
0.371128
0.377899
0.382881
0.376827
0.367942
0.369121
0.376188
0.382395
0.378200
0.378854
0.372068
0.368698
0.361648
0.353846
0.353168
0.361109
0.356310
0.355946
0.359450
0.355537
0.356094
0.357156
0.350714
0.346223
0.345399
0.347182
0.341848
0.341108
0.340847
0.338742
0.340199
0.340677
0.346142
0.342506
0.338852
0.335563
0.341371
0.339927
0.339558
0.340184
0.340584
0.340510
0.339803
0.340896
0.340819
0.344758
0.346091
0.346221
0.345818
0.346832
0.346002
0.344852
0.344241
0.343354
0.344664
0.071472
0.209995
0.276244
0.331770
0.347918
0.347858
0.332697
0.320468
0.302236
0.317885
0.310092
0.299634
0.300113
0.312851
0.306516
0.320874
0.324670
0.322981
0.323726
0.326668
0.334040
0.333315
0.335165
0.334749
0.329599
0.328381
0.330920
0.330652
0.331314
0.329908
0.326790
0.320719
0.319238
0.319641
0.317344
0.320184
0.316262
0.323591
0.321531
0.320909
0.321644
0.322728
0.322403
0.319982
0.317580
0.318182
0.316879
0.314963
0.314179
0.317134
0.316593
0.316014
0.315885
0.314542
0.315952
0.315065
0.314398
0.313828
0.313816
0.317380
0.316740
0.315490
0.313942
0.394913
0.386286
0.345670
0.287537
0.276451
0.293591
0.296140
0.303166
0.296462
0.301367
0.306180
0.309379
0.319595
0.319437
0.320158
0.316715
0.323944
0.326200
0.320180
0.314860
0.308686
0.313020
0.313762
0.308432
0.312862
0.308703
0.307057
0.304125
0.306765
0.308798
0.305470
0.303093
0.300804
0.300995
0.299075
0.306566
0.306748
0.308621
0.305938
0.303669
0.301584
0.302116
0.301049
0.299875
0.298911
0.300963
0.299936
0.300966
0.300451
0.299107
0.300568
0.299394
0.296756
0.295036
0.295795
0.292555
0.291376
0.292465
0.291476
0.294069
0.292373
0.290637
0.081763
0.247672
0.245741
0.269132
0.260839
0.266793
0.261257
0.262206
0.272177
0.270610
0.275831
0.285206
0.282158
0.286712
0.284777
0.283245
0.290404
0.283386
0.284193
0.277900
0.270111
0.265618
0.263947
0.272093
0.277219
0.277826
0.273477
0.271694
0.273827
0.272800
0.273400
0.271393
0.274312
0.276707
0.275934
0.276522
0.278262
0.275840
0.277403
0.275710
0.279508
0.278188
0.279499
0.280753
0.280391
0.281854
0.280855
0.278571
0.276355
0.274643
0.271097
0.270409
0.270469
0.275334
0.273683
0.274256
0.274461
0.274693
0.272216
0.272029
0.273111
0.272696
0.273496
0.163321
0.159294
0.158789
0.192773
0.200838
0.199197
0.200733
0.209114
0.230142
0.227007
0.223165
0.230118
0.231423
0.231059
0.227910
0.234510
0.237586
0.251182
0.253167
0.246012
0.243876
0.254227
0.254241
0.251497
0.247286
0.249726
0.252800
0.248572
0.247531
0.248031
0.242061
0.243888
0.242506
0.242462
0.239483
0.236347
0.232610
0.237453
0.239887
0.239519
0.239266
0.238652
0.240088
0.240783
0.243228
0.244433
0.243260
0.242950
0.243951
0.246812
0.246667
0.248909
0.247594
0.246345
0.247110
0.247039
0.248094
0.248778
0.250632
0.252329
0.252200
0.253310
0.051441
0.393428
0.290109
0.266656
0.222522
0.240859
0.249655
0.234174
0.260933
0.258404
0.258306
0.270297
0.260392
0.259063
0.257174
0.255888
0.249887
0.249455
0.242768
0.241917
0.244375
0.248161
0.242346
0.244513
0.249132
0.250561
0.248443
0.255212
0.256935
0.258815
0.255501
0.257074
0.257648
0.256911
0.255968
0.251785
0.252372
0.248644
0.247674
0.248365
0.246491
0.246955
0.244903
0.245093
0.244867
0.247594
0.244917
0.244401
0.241973
0.240963
0.240660
0.241447
0.239676
0.245554
0.243428
0.242701
0.243286
0.241982
0.243254
0.245748
0.244492
0.243344
0.245584
