0.118812
0.118812
0.118812
0.133663
0.150495
0.153465
0.161245
0.160891
0.155116
0.160396
0.155716
0.155116
0.155369
0.155587
0.154455
0.152228
0.152592
0.156216
0.158416
0.162376
0.166431
0.171917
0.172191
0.178630
0.180990
0.182407
0.185185
0.185997
0.186753
0.186469
0.190035
0.194616
0.197720
0.199185
0.201980
0.205171
0.206315
0.209224
0.211729
0.215347
0.217339
0.219236
0.221506
0.223672
0.227063
0.228368
0.232357
0.236386
0.238432
0.240000
0.242089
0.244669
0.247712
0.249725
0.251305
0.254066
0.255862
0.258621
0.261118
0.263036
0.265541
0.267966
0.271099
0.273205
0.274943
0.276178
0.276784
0.278538
0.280385
0.357143
0.403509
0.437500
0.434316
0.447257
0.427826
0.431953
0.422136
0.417995
0.424923
0.407407
0.403895
0.408736
0.409978
0.411725
0.413249
0.411625
0.414661
0.415784
0.422826
0.424402
0.427202
0.426702
0.427497
0.425020
0.430058
0.432122
0.434752
0.439268
0.439813
0.440968
0.442674
0.444579
0.447840
0.447774
0.449653
0.450081
0.450749
0.452405
0.453979
0.454745
0.456661
0.459416
0.462271
0.463890
0.464355
0.464377
0.464812
0.467670
0.467822
0.468555
0.469450
0.471251
0.473170
0.474837
0.476978
0.479218
0.480178
0.481781
0.482999
0.483034
0.483871
0.485313
0.486243
0.486685
0.487415
0.488272
0.489688
0.489478
0.641026
0.507143
0.510373
0.540936
0.553047
0.556985
0.567442
0.565684
0.571429
0.565401
0.567207
0.566087
0.561950
0.559911
0.555403
0.554054
0.560121
0.561503
0.561120
0.560266
0.558038
0.556944
0.551968
0.554191
0.554608
0.554602
0.551970
0.551338
0.550052
0.553235
0.551320
0.551735
0.551513
0.552195
0.551396
0.552602
0.552109
0.555085
0.557132
0.556058
0.556754
0.555502
0.556178
0.555911
0.556993
0.557155
0.559018
0.560384
0.560057
0.560545
0.559245
0.559730
0.558874
0.559162
0.558165
0.557025
0.557858
0.557798
0.557911
0.559520
0.560420
0.561774
0.561974
0.562637
0.563586
0.563446
0.565250
0.565383
0.565079
0.750000
0.596330
0.561905
0.565916
0.572816
0.590643
0.586319
0.593007
0.591912
0.591058
0.589391
0.592493
0.601639
0.607116
0.602672
0.598162
0.594212
0.595362
0.593647
0.588480
0.586785
0.588070
0.588789
0.582154
0.581414
0.581129
0.585801
0.583912
0.584274
0.586313
0.584595
0.585855
0.584568
0.586351
0.587449
0.587638
0.585346
0.587717
0.587884
0.588042
0.587451
0.587852
0.588000
0.588370
0.588275
0.586866
0.588311
0.588854
0.588550
0.588461
0.588573
0.589261
0.589734
0.591121
0.593006
0.593385
0.592514
0.592715
0.594272
0.594604
0.595254
0.596207
0.596491
0.595982
0.595025
0.594401
0.594696
0.595129
0.595841
0.594525
0.615385
0.648045
0.660714
0.661417
0.645228
0.636364
0.630117
0.621656
0.620767
0.626140
0.634191
0.635828
0.636434
0.635514
0.635389
0.631513
0.632231
0.631198
0.629219
0.630946
0.627741
0.626194
0.627826
0.624740
0.623501
0.621975
0.621672
0.621034
0.622849
0.619554
0.618726
0.618884
0.618127
0.620639
0.620444
0.619983
0.620625
0.619659
0.621042
0.620612
0.619961
0.620763
0.620370
0.619995
0.618532
0.618646
0.618967
0.618860
0.620179
0.621245
0.621295
0.619430
0.619512
0.619039
0.618583
0.618321
0.618242
0.619195
0.618598
0.616366
0.615673
0.615323
0.615773
0.614967
0.615255
0.615535
0.615510
0.615047
0.615174
0.531915
0.614865
0.646586
0.654286
0.643016
0.641304
0.641654
0.636605
0.639766
0.639121
0.635762
0.637306
0.637808
0.636765
0.637235
0.630602
0.630788
0.630952
0.631635
0.631740
0.625544
0.619926
0.621419
0.620675
0.620801
0.621695
0.623644
0.622927
0.623304
0.622984
0.622684
0.624292
0.623971
0.623077
0.623097
0.621999
0.624219
0.624207
0.623423
0.619669
0.619525
0.620821
0.619958
0.618679
0.621242
0.620427
0.621777
0.620776
0.621246
0.620096
0.619188
0.617353
0.618419
0.619444
0.618433
0.618529
0.618797
0.618711
0.617612
0.617882
0.617324
0.616946
0.617689
0.618253
0.618799
0.619026
0.617757
0.619020
0.618944
0.562500
0.606838
0.600917
0.614420
0.611905
0.614203
0.607717
0.614108
0.618932
0.621622
0.629630
0.624667
0.628664
0.634312
0.634266
0.636185
0.635417
0.634160
0.635769
0.634625
0.634578
0.636406
0.639410
0.637879
0.637705
0.636757
0.635503
0.636165
0.634669
0.634635
0.637886
0.638068
0.637315
0.636011
0.636232
0.636722
0.636637
0.636824
0.634925
0.634893
0.635108
0.635314
0.633866
0.632943
0.633857
0.633414
0.632132
0.632794
0.631990
0.632628
0.633044
0.632088
0.629841
0.629354
0.630165
0.629689
0.629055
0.629309
0.629043
0.629958
0.629855
0.628946
0.629022
0.628625
0.628704
0.628476
0.628255
0.627598
0.627687
0.629062
0.593023
0.614973
0.614583
0.601542
0.616327
0.631134
0.630058
0.629256
0.620805
0.616080
0.622263
0.620718
0.618644
0.617584
0.624667
0.622736
0.623384
0.625069
0.624475
0.627431
0.627255
0.627096
0.632149
0.629722
0.627092
0.625814
0.626475
0.628155
0.628346
0.626534
0.629012
0.626982
0.625980
0.627961
0.625284
0.625794
0.625202
0.625163
0.626656
0.627081
0.626272
0.627159
0.628928
0.627907
0.629360
0.629454
0.629755
0.628595
0.629510
0.631380
0.632009
0.631659
0.632259
0.630998
0.631227
0.631271
0.631139
0.632381
0.633244
0.633912
0.634234
0.634224
0.634531
0.634207
0.634809
0.635092
0.635219
0.633591
0.633448
0.545455
0.615385
0.626459
0.650838
0.651416
0.650000
0.650530
0.652231
0.651217
0.652490
0.658216
0.656089
0.651144
0.654240
0.651464
0.652229
0.651107
0.649549
0.649760
0.651976
0.648675
0.647518
0.642951
0.642557
0.642598
0.644574
0.646028
0.646298
0.648283
0.648123
0.646353
0.648148
0.647703
0.646989
0.647177
0.645682
0.645895
0.647943
0.646545
0.647471
0.647619
0.646330
0.644636
0.644384
0.643254
0.641739
0.641566
0.641191
0.641444
0.641687
0.640157
0.639839
0.642359
0.642567
0.641677
0.640998
0.640343
0.639195
0.640791
0.640339
0.641047
0.641892
0.641444
0.642256
0.642123
0.640937
0.640976
0.641454
0.641052
0.541667
0.656000
0.676991
0.654434
0.640187
0.652174
0.657143
0.660739
0.656250
0.647374
0.643133
0.637885
0.641586
0.639491
0.645341
0.644574
0.645122
0.646180
0.642780
0.644879
0.644325
0.641958
0.643366
0.645931
0.646242
0.647313
0.645660
0.646674
0.646213
0.644429
0.645711
0.644691
0.645577
0.643730
0.642857
0.640629
0.642077
0.642382
0.642672
0.642695
0.641240
0.643938
0.643929
0.643462
0.643241
0.642591
0.643041
0.644100
0.643678
0.643073
0.643279
0.644058
0.643669
0.642738
0.642388
0.641154
0.641021
0.641757
0.641789
0.641986
0.642341
0.643492
0.643493
0.643651
0.644112
0.645014
0.642900
0.643646
0.642774
0.642500
