0.128713
0.158416
0.168317
0.175743
0.190099
0.216172
0.217822
0.230198
0.235424
0.236634
0.241224
0.252475
0.271135
0.278642
0.291089
0.295173
0.305183
0.312981
0.318395
0.327723
0.337105
0.342034
0.352561
0.357673
0.366337
0.374334
0.384305
0.393918
0.400478
0.408581
0.415842
0.424196
0.434143
0.441759
0.447525
0.457096
0.461868
0.472121
0.476517
0.482426
0.487563
0.493871
0.498964
0.504050
0.511111
0.515067
0.518854
0.524959
0.531218
0.537426
0.541642
0.547791
0.551653
0.555922
0.560036
0.562765
0.566788
0.570502
0.574593
0.579538
0.583185
0.587831
0.822222
0.815068
0.821862
0.816092
0.804009
0.807273
0.809524
0.808511
0.814771
0.812369
0.816114
0.820934
0.821002
0.826215
0.830021
0.825000
0.827213
0.825766
0.828771
0.829430
0.830024
0.828717
0.827084
0.825169
0.825435
0.825681
0.825159
0.825036
0.827358
0.826833
0.828293
0.829660
0.830943
0.831853
0.834148
0.834637
0.834827
0.835537
0.836209
0.837098
0.837209
0.837554
0.839515
0.839790
0.840722
0.841394
0.841398
0.842446
0.844267
0.844413
0.843572
0.843533
0.843874
0.843090
0.843790
0.843750
0.842659
0.843330
0.844147
0.845103
0.846355
0.847889
0.847788
0.900000
0.879581
0.859589
0.870229
0.874494
0.877311
0.880747
0.889586
0.883073
0.881882
0.884545
0.886761
0.889401
0.886671
0.886303
0.886604
0.887456
0.887106
0.887317
0.887506
0.888626
0.888286
0.889273
0.889764
0.889021
0.889484
0.889175
0.889244
0.889993
0.890692
0.890064
0.890717
0.889825
0.888986
0.886493
0.886621
0.887010
0.886857
0.886965
0.886076
0.886199
0.885843
0.886657
0.886984
0.887517
0.887810
0.888725
0.887740
0.887606
0.888470
0.889689
0.888952
0.888431
0.887195
0.885642
0.885917
0.886182
0.885582
0.886012
0.886758
0.886667
0.886738
0.911765
0.866667
0.902542
0.905045
0.899543
0.899814
0.904687
0.898785
0.903800
0.899258
0.896552
0.889083
0.893258
0.894581
0.896409
0.894771
0.887879
0.890348
0.892549
0.890425
0.889484
0.888631
0.889628
0.890115
0.890561
0.892536
0.893233
0.894966
0.894829
0.896389
0.896214
0.896367
0.895897
0.894268
0.894464
0.895209
0.895640
0.895784
0.895919
0.896300
0.897644
0.897725
0.896165
0.896504
0.897499
0.897139
0.897863
0.897720
0.897788
0.897853
0.898112
0.897589
0.897276
0.897717
0.897413
0.898193
0.898946
0.899327
0.899695
0.899383
0.899737
0.899758
0.899619
0.873418
0.861111
0.875445
0.882199
0.894410
0.895548
0.902190
0.904580
0.900789
0.901822
0.904500
0.905042
0.903950
0.902299
0.898192
0.899624
0.899705
0.902004
0.903005
0.904905
0.907575
0.908636
0.906562
0.907577
0.909309
0.908218
0.908688
0.908767
0.908497
0.909907
0.910582
0.910903
0.910903
0.912368
0.912326
0.913116
0.913863
0.913784
0.913965
0.912394
0.913328
0.913981
0.914835
0.913388
0.913553
0.913927
0.913862
0.913386
0.913538
0.913484
0.912849
0.912428
0.911649
0.910898
0.911260
0.911431
0.911247
0.911412
0.911740
0.912057
0.912038
0.911218
1.000000
0.943548
0.933333
0.914110
0.908665
0.905303
0.906200
0.908219
0.915764
0.910944
0.911907
0.913580
0.912551
0.911677
0.914405
0.910923
0.908481
0.909195
0.908745
0.907827
0.907489
0.907649
0.908686
0.909207
0.910911
0.911303
0.910910
0.910909
0.910207
0.909892
0.911235
0.913443
0.914593
0.914779
0.915823
0.915402
0.915824
0.914628
0.915566
0.915699
0.916072
0.915946
0.915826
0.916170
0.916723
0.917250
0.917755
0.918658
0.918703
0.918544
0.918391
0.918438
0.918483
0.918899
0.918386
0.918430
0.918824
0.918858
0.918891
0.918088
0.918461
0.918661
0.919014
0.911765
0.905325
0.918519
0.935310
0.936441
0.931937
0.931751
0.931613
0.931507
0.929376
0.924861
0.926209
0.924219
0.921072
0.920378
0.921668
0.921615
0.919328
0.921527
0.921490
0.922414
0.921425
0.922271
0.923463
0.921348
0.922484
0.922791
0.923077
0.923343
0.921922
0.922531
0.922476
0.923030
0.922670
0.922901
0.921732
0.921976
0.921945
0.923195
0.923883
0.923077
0.923260
0.923434
0.923373
0.923537
0.923477
0.922995
0.922949
0.922905
0.923062
0.923408
0.923165
0.923684
0.924184
0.924122
0.925307
0.925227
0.924464
0.925076
0.924340
0.924445
0.925028
1.000000
0.938053
0.939252
0.930159
0.937500
0.938104
0.935275
0.931850
0.935366
0.935939
0.935421
0.932324
0.932190
0.931321
0.930575
0.931893
0.929975
0.931174
0.928962
0.930606
0.932579
0.933427
0.933751
0.931478
0.930624
0.929444
0.930250
0.931727
0.930634
0.930636
0.929652
0.930640
0.930025
0.928849
0.928613
0.928390
0.927906
0.928248
0.928312
0.928879
0.928184
0.928485
0.928068
0.927669
0.928187
0.927803
0.927866
0.928136
0.928601
0.928845
0.929870
0.930273
0.930471
0.929916
0.929930
0.929944
0.930134
0.929971
0.930494
0.930497
0.930171
0.930342
0.930347
0.947368
0.962025
0.961390
0.952778
0.954447
0.951957
0.950226
0.946335
0.939884
0.940994
0.940019
0.940068
0.941686
0.943796
0.944256
0.942112
0.942020
0.939684
0.939200
0.940789
0.941261
0.939394
0.940325
0.941176
0.942362
0.941131
0.941111
0.941451
0.941768
0.942398
0.943959
0.943852
0.943144
0.942478
0.942996
0.943486
0.944219
0.943068
0.941977
0.941692
0.941421
0.941639
0.941614
0.941364
0.940458
0.940026
0.940464
0.940258
0.939857
0.939473
0.939299
0.939132
0.939537
0.939741
0.939212
0.939416
0.938911
0.938768
0.937954
0.937832
0.937715
0.937118
1.000000
0.931373
0.950739
0.953947
0.960494
0.952569
0.950577
0.951977
0.948084
0.949451
0.948566
0.946043
0.946414
0.948250
0.946996
0.946570
0.948052
0.947031
0.948323
0.946875
0.946066
0.944392
0.946019
0.945353
0.944330
0.943785
0.944043
0.942815
0.943089
0.943345
0.943583
0.943167
0.943087
0.943311
0.942940
0.943722
0.943085
0.943553
0.943735
0.942893
0.942588
0.942540
0.942729
0.942680
0.942407
0.941047
0.941683
0.941660
0.942256
0.942424
0.941992
0.941188
0.941367
0.940792
0.941155
0.941325
0.940781
0.940952
0.940775
0.940436
0.940274
0.940766
0.940444
