0.100000
0.050000
0.033333
0.050000
0.080000
0.150000
0.142857
0.162500
0.166667
0.170000
0.172727
0.166667
0.161538
0.164286
0.166667
0.162500
0.158824
0.172222
0.173684
0.170000
0.180952
0.181818
0.178261
0.175000
0.176000
0.173077
0.170370
0.167857
0.168966
0.180000
0.183871
0.184375
0.187879
0.185294
0.197143
0.197222
0.194595
0.200000
0.202564
0.205000
0.209756
0.209524
0.216279
0.215909
0.215556
0.215217
0.214894
0.218750
0.220408
0.220000
0.219608
0.221154
0.218868
0.222222
0.221818
0.225000
0.228070
0.227586
0.227119
0.230000
0.231148
0.237097
0.239683
0.242188
0.243077
0.240909
0.241791
0.247059
0.252174
0.252857
0.253521
0.254167
0.254795
0.256757
0.257333
0.257895
0.259740
0.261538
0.267089
0.266250
0.266667
0.268293
0.272289
0.275000
0.275294
0.274419
0.274713
0.275000
0.275281
0.276667
0.274725
0.279348
0.280645
0.280851
0.283158
0.286458
0.285567
0.288776
0.292929
0.294000
0.295050
0.295098
0.297087
0.297115
0.298095
0.298113
0.300935
0.303704
0.302752
0.303636
0.303604
0.305357
0.307965
0.308772
0.308696
0.310345
0.310256
0.311864
0.313445
0.313333
0.315702
0.318033
0.319512
0.323387
0.324800
0.327778
0.329134
0.328125
0.329457
0.330769
0.333588
0.334091
0.335338
0.335821
0.335556
0.337500
0.340876
0.343478
0.344604
0.345714
0.347518
0.348592
0.351049
0.353472
0.356552
0.357534
0.358503
0.359459
0.359732
0.362000
0.362252
0.362500
0.363399
0.366234
0.365806
0.366026
0.366879
0.367722
0.369811
0.370625
0.371429
0.373457
0.374233
0.376220
0.376364
0.377108
0.377246
0.377381
0.376923
0.374706
0.376023
0.379070
0.379769
0.381034
0.382286
0.381250
0.381921
0.383146
0.383240
0.383889
0.384530
0.385165
0.386339
0.386413
0.388649
0.389247
0.391444
0.392021
0.391534
0.392632
0.394764
0.395833
0.395855
0.396907
0.398462
0.400000
0.400508
0.402020
0.402010
0.403500
0.405970
0.407426
0.408374
0.408824
0.410244
0.410194
0.412560
0.412981
0.414833
0.416667
0.418483
0.418396
0.419718
0.420093
0.421395
0.422222
0.423041
0.424771
0.425571
0.426364
0.425792
0.427027
0.427803
0.427679
0.428444
0.428761
0.430396
0.431140
0.433188
0.433913
0.435498
0.435776
0.435622
0.436752
0.438298
0.440254
0.440506
0.441176
0.441423
0.442500
0.443568
0.444628
0.445267
0.445902
0.446939
0.447967
0.448583
0.449194
0.449799
0.450800
0.451394
0.451984
0.452964
0.453937
0.454510
0.455859
0.456420
0.456977
0.456757
0.457308
0.458238
0.458397
0.459316
0.460985
0.461887
0.462406
0.463670
0.463806
0.464684
0.465185
0.466052
0.465809
0.467033
0.468248
0.469091
0.469565
0.470397
0.470863
0.472401
0.472143
0.473310
0.474113
0.474912
0.475000
0.475439
0.475874
0.477003
0.477083
0.477855
0.478966
0.479038
0.478767
0.479522
0.480272
0.480678
0.481081
0.481145
0.481879
0.481940
0.482000
0.482724
0.482781
0.482838
0.483224
0.483607
0.483987
0.484365
0.485390
0.486408
0.487419
0.488103
0.488462
0.489137
0.489172
0.489841
0.489873
0.490221
0.491195
0.492163
0.492188
0.492835
0.493168
0.493808
0.494136
0.494769
0.495092
0.495719
0.496951
0.497568
0.497879
0.497885
0.497892
0.498498
0.498503
0.498806
0.499405
0.500297
0.500592
0.501180
0.500882
0.501760
0.502339
0.502915
0.503198
0.503768
0.504335
0.504611
0.505172
0.504585
0.505143
0.505413
0.505398
0.505666
0.505932
0.506479
0.506742
0.507003
0.507821
0.508914
0.509722
0.509418
0.509116
0.509917
0.510440
0.510685
0.511202
0.511989
0.512228
0.512466
0.513243
0.514016
0.514516
0.514477
0.515241
0.515200
0.514628
0.515119
0.515608
0.515831
0.515789
0.515748
0.515969
0.515927
0.516146
0.515584
0.515285
0.514987
0.515206
0.515681
0.515641
0.516368
0.517092
0.517557
0.517513
0.518228
0.518687
0.518892
0.519347
0.520050
0.520000
0.520948
0.520896
0.521092
0.521040
0.521481
0.521921
0.522113
0.522794
0.522983
0.523659
0.524088
0.524272
0.524939
0.525604
0.526265
0.527163
0.527578
0.527751
0.527924
0.527857
0.528266
0.528673
0.528842
0.529245
0.529412
0.530047
0.530445
0.531542
0.531469
0.532326
0.532715
0.533102
0.533718
0.533410
0.533563
0.534174
0.534783
0.535160
0.535535
0.536136
0.536735
0.537557
0.538149
0.538288
0.539101
0.540135
0.541163
0.541964
0.542316
0.542889
0.543016
0.543584
0.544150
0.544053
0.543956
0.543640
0.544420
0.544978
0.544880
0.545217
0.544469
0.545022
0.545572
0.545905
0.546452
0.546137
0.546039
0.546795
0.546908
0.547234
0.547346
0.547246
0.547992
0.548523
0.549263
0.549790
0.549895
0.550209
0.550522
0.550833
0.551351
0.551867
0.552381
0.552686
0.552784
0.553086
0.554004
0.554303
0.554601
0.554898
0.555601
0.555894
0.555781
0.555870
0.556364
0.556250
0.556539
0.556426
0.556713
0.556800
0.557285
0.557171
0.557455
0.557937
0.558416
0.559091
0.559566
0.559449
0.560118
0.559804
0.560078
0.560547
0.560624
0.561284
0.561942
0.562597
0.562863
0.563707
0.564162
0.564038
0.564107
0.564368
0.564818
0.565076
0.565333
0.565589
0.565844
0.565909
0.566541
0.566792
0.567043
0.567857
0.568105
0.568165
0.568598
0.569216
0.570019
0.570446
0.570315
0.570926
0.570980
0.571587
0.572192
0.572610
0.573211
0.573626
0.574223
0.574818
0.575228
0.575455
0.575681
0.575725
0.575949
0.576173
0.576216
0.576439
0.576840
0.576882
0.576744
0.577143
0.577184
0.577224
0.577442
0.577660
0.578053
0.578622
0.579012
0.579049
0.578910
0.579298
0.578984
0.579021
0.579232
0.579443
0.579652
0.580208
0.580936
0.581488
0.581693
0.581897
0.581928
0.582131
0.582504
0.583048
0.582906
0.582935
0.582964
0.583333
0.583531
0.583898
0.584433
0.584966
0.584992
0.585354
0.585882
0.586577
0.586767
0.587458
0.587646
0.588167
0.588519
0.588538
0.588723
0.589238
0.589091
0.589439
0.590115
0.590296
0.590476
0.590656
0.590507
0.590850
0.590701
0.591368
0.591707
0.591883
0.592220
0.592395
0.592892
0.593065
0.593237
0.593408
0.593900
0.594071
0.594240
0.594569
0.594418
0.594586
0.595072
0.594762
0.594770
0.594778
0.595261
0.595426
0.595748
0.595912
0.595918
0.596238
0.596557
0.596875
0.597192
0.597508
0.597823
0.598447
0.598450
0.598762
0.598609
0.598611
0.598613
0.598769
0.599078
0.599233
0.599234
0.599541
0.599542
0.600000
0.600457
0.600912
0.600910
0.601061
0.601210
0.601208
0.601357
0.601657
0.602105
0.602252
0.602099
0.602395
0.602691
0.602836
0.603130
0.603423
0.603863
0.604154
0.604444
0.604734
0.604579
0.604720
0.604860
0.605441
0.605727
0.606158
0.606003
0.605994
0.605985
0.606122
0.606405
0.606395
0.606531
0.606812
0.607091
0.607225
0.607504
0.607493
0.607194
0.607328
0.607604
0.608023
0.608155
0.608714
0.608845
0.609117
0.609388
0.609517
0.609645
0.609490
0.609901
0.610311
0.610719
0.610986
0.610830
0.611096
0.611360
0.611765
0.611888
0.612151
0.612134
0.612396
0.612378
0.612639
0.612621
0.612881
0.613140
0.613536
0.613655
0.614050
0.614305
0.614286
0.614540
0.614932
0.615185
0.615574
0.615825
0.615940
0.615918
0.616033
0.616147
0.616260
0.616373
0.616622
0.616464
0.616712
0.616958
0.617473
0.617987
0.618097
0.618608
0.618717
0.618959
0.618933
0.619308
0.619681
0.619788
0.620027
0.620132
0.620370
0.620740
0.620976
0.621344
0.621579
0.621945
0.622310
0.622543
0.622775
0.623137
0.623238
0.623207
0.623437
0.623537
0.623896
0.624125
0.624611
0.625097
0.625452
0.625419
0.625258
0.625611
0.625835
0.626059
0.626026
0.626248
0.626598
0.626948
0.626913
0.627134
0.627226
0.627573
0.627919
0.628264
0.628101
0.628319
0.628662
0.628878
0.629219
0.629057
0.629146
0.629360
0.629825
0.630038
0.630250
0.630337
0.630549
0.630511
0.630721
0.630932
0.630893
0.630855
0.630817
0.631026
0.631235
0.631689
0.632143
0.631980
0.631941
0.631902
0.632230
0.632558
0.632763
0.632967
0.633293
0.633496
0.633942
0.634143
0.634223
0.634303
0.634625
0.634946
0.635145
0.635344
0.635422
0.635740
0.636058
0.636134
0.636211
0.636407
0.636364
0.636440
0.636635
0.636830
0.637024
0.637099
0.637173
0.637248
0.637322
0.637396
0.637352
0.637544
0.637736
0.637809
0.638118
0.638308
0.638263
0.638335
0.638290
0.638012
0.638201
0.638506
0.638462
0.638650
0.638488
0.638792
0.638979
0.639282
0.639352
0.639769
0.639838
0.639908
0.639862
0.640046
0.640345
0.640528
0.640711
0.640779
0.641076
0.640914
0.640868
0.640821
0.641002
0.641069
0.641023
0.641317
0.641156
0.641110
0.641063
0.641243
0.641648
0.641939
0.641892
0.642070
0.642135
0.642200
0.642152
0.642217
0.642282
0.642458
0.642411
0.642698
0.642873
0.643159
0.643444
0.643507
0.643681
0.643632
0.643916
0.644088
0.644371
0.644432
0.644604
0.644554
0.644615
0.645005
0.645175
0.645455
0.645624
0.645792
0.646070
0.646238
0.646405
0.646681
0.646522
0.646688
0.646638
0.646696
0.647078
0.647135
0.647408
0.647681
0.647953
0.648116
0.647957
0.647905
0.647961
0.648124
0.648287
0.648449
0.648504
0.648773
0.649041
0.648882
0.649149
0.649203
0.649363
0.649629
0.650000
0.650265
0.650634
0.650581
0.650844
0.650685
0.650737
0.650894
0.650945
0.650997
0.650943
0.651309
0.651569
0.651724
0.651879
0.652033
0.651979
0.652237
0.652495
0.652856
0.653112
0.653264
0.653416
0.653568
0.653512
0.653457
0.653402
0.653553
0.653601
0.653649
0.653696
0.653538
0.653586
0.653634
0.653885
0.653830
0.653878
0.653925
0.654175
0.654425
0.654370
0.654416
0.654462
0.654711
0.654858
0.654904
0.654949
0.655096
0.655242
0.655186
0.655231
0.655578
0.655823
0.655868
0.655912
0.656156
0.656200
0.656543
0.656587
0.656730
0.656673
0.656716
0.656660
0.656802
0.656845
0.657086
0.657327
0.657369
0.657708
0.657749
0.657890
0.657931
0.658169
0.658505
0.658644
0.658783
0.659020
0.659256
0.659491
0.659531
0.659766
0.659805
0.660136
0.660273
0.660311
0.660447
0.660777
0.660912
0.661047
0.661278
0.661412
0.661546
0.661776
0.661909
0.661946
0.661886
0.662115
0.662056
0.662188
0.662128
0.662069
0.662201
0.662428
0.662369
0.662691
0.662917
0.663143
0.663083
0.662738
0.662678
0.662619
0.662749
0.662784
0.662630
0.662665
0.662984
0.663113
0.663242
0.663465
0.663500
0.663722
0.663850
0.663884
0.664011
0.664139
0.663985
0.663925
0.663866
0.663899
0.664212
0.664432
0.664558
0.664870
0.664995
0.665121
0.665338
0.665278
0.665495
0.665712
0.665651
0.665590
0.665806
0.666022
0.666237
0.666360
0.666667
0.666881
0.666728
0.666667
0.666880
0.667002
0.667306
0.667245
0.667183
0.667395
0.667516
0.667636
0.667666
0.667604
0.667906
0.668025
0.668054
0.667902
0.667751
0.667870
0.667809
0.667928
0.667957
0.668076
0.668104
0.668133
0.668072
0.668190
0.668308
0.668605
0.668901
0.668839
0.668867
0.668895
0.668744
0.668772
0.668978
0.669094
0.669299
0.669415
0.669708
0.669646
0.669673
0.669700
0.669903
0.670018
0.670132
0.670246
0.670097
0.670299
0.670325
0.670351
0.670465
0.670665
0.670779
0.670979
0.671004
0.671030
0.670968
0.671167
0.671366
0.671478
0.671677
0.671701
0.671639
0.671837
0.672035
0.672232
0.672256
0.672280
0.672304
0.672328
0.672524
0.672461
0.672485
0.672423
0.672446
0.672556
0.672494
0.672517
0.672455
0.672393
0.672502
0.672696
0.672805
0.672913
0.673021
0.673129
0.673322
0.673430
0.673537
0.673729
0.673836
0.674027
0.674134
0.674240
0.674515
0.674705
0.674726
0.674916
0.675105
0.675294
0.675399
0.675671
0.675692
0.675796
0.675816
0.676003
0.676023
0.675876
0.675813
0.676000
0.676103
0.676290
0.676392
0.676495
0.676432
0.676617
0.676636
0.676738
0.676923
0.677107
0.677291
0.677558
0.677741
0.677759
0.677860
0.677961
0.678225
0.678407
0.678507
0.678689
0.678870
0.678887
0.679150
0.679167
0.679429
0.679445
0.679625
0.679479
0.679577
0.679675
0.679773
0.679951
0.680049
0.680146
0.680081
0.680340
0.680517
0.680614
0.680549
0.680565
0.680580
0.680676
0.680933
0.681109
0.681124
0.681380
0.681556
0.681731
0.681585
0.681600
0.681775
0.681709
0.681724
0.681818
0.681833
0.682086
0.682100
0.682194
0.682288
0.682460
0.682474
0.682726
0.682819
0.682674
0.682846
0.682938
0.683110
0.683123
0.683058
0.683307
0.683399
0.683491
0.683661
0.683909
0.684078
0.684248
0.684260
0.684351
0.684519
0.684531
0.684465
0.684477
0.684723
0.684891
0.685136
0.685148
0.685082
0.685016
0.685105
0.685271
0.685283
0.685372
0.685538
0.685626
0.685637
0.685725
0.685891
0.685978
0.686066
0.686077
0.686164
0.686175
0.686186
0.686350
0.686284
0.686524
0.686534
0.686697
0.686784
0.686947
0.687033
0.687119
0.687205
0.687367
0.687376
0.687614
0.687775
0.687709
0.687642
0.687803
0.687964
0.688124
0.688133
0.688066
0.688075
0.688084
0.688093
0.688102
0.688111
0.688120
0.688054
0.688063
0.688147
0.688081
0.688165
0.688323
0.688257
0.688416
0.688499
0.688657
0.688665
0.688674
0.688757
0.688690
0.688848
0.689004
0.689087
0.689021
0.689177
0.689333
0.689415
0.689571
0.689653
0.689808
0.690037
0.690192
0.690346
0.690501
0.690581
0.690735
0.690889
0.690969
0.691123
0.691276
0.691502
0.691508
0.691661
0.691667
0.691819
0.691898
0.691758
0.691983
0.692061
0.692213
0.692291
0.692369
0.692375
0.692525
0.692531
0.692681
0.692614
0.692619
0.692697
0.692702
0.692924
0.693001
0.693079
0.693300
0.693305
0.693165
0.693242
0.693319
0.693324
0.693400
0.693333
0.693481
0.693629
0.693777
0.693853
0.693929
0.693933
0.694009
0.694227
0.694373
0.694448
0.694666
0.694741
0.694886
0.694890
0.695035
0.695110
0.694972
0.695188
0.695120
0.695124
0.695127
0.695201
0.695134
0.695137
0.695141
0.695215
0.695288
0.695362
0.695506
0.695579
0.695792
0.696006
0.696218
0.696151
0.696154
0.696226
0.696299
0.696511
0.696444
0.696376
0.696518
0.696521
0.696662
0.696734
0.696806
0.696947
0.697018
0.696951
0.697091
0.697163
0.697234
0.697167
0.697307
0.697447
0.697586
0.697588
0.697727
0.697729
0.697937
0.698076
0.698283
0.698421
0.698422
0.698424
0.698562
0.698700
0.698632
0.698565
0.698702
0.698771
0.698772
0.698705
0.698774
0.698979
0.699048
0.699184
0.699185
0.699253
0.699254
0.699186
0.699255
0.699391
0.699391
0.699527
0.699595
0.699595
0.699663
0.699730
0.699865
0.699865
0.699933
0.700067
0.700134
0.700269
0.700268
0.700268
0.700402
0.700469
0.700669
0.700669
0.700802
0.700735
0.700868
0.701001
0.700933
0.700866
0.700932
0.701065
0.701197
0.701329
0.701394
0.701526
0.701525
0.701723
0.701854
0.701853
0.701852
0.701917
0.701915
0.701914
0.702045
0.702044
0.702240
0.702370
0.702434
0.702498
0.702694
0.702889
0.702953
0.702951
0.703145
0.703274
0.703207
0.703401
0.703399
0.703592
0.703590
0.703783
0.703911
0.703974
0.703906
0.704034
0.704161
0.704224
0.704351
0.704348
0.704345
0.704342
0.704275
0.704401
0.704398
0.704460
0.704587
0.704713
0.704839
0.704836
0.704961
0.705023
0.704955
0.704887
0.705013
0.705074
0.705135
0.705196
0.705385
0.705445
0.705570
0.705630
0.705563
0.705623
0.705683
0.705743
0.705867
0.705991
0.706051
0.706174
0.706298
0.706357
0.706353
0.706540
0.706662
0.706785
0.706717
0.706776
0.706899
0.706894
0.707080
0.707265
0.707323
0.707382
0.707440
0.707498
0.707494
0.707552
0.707610
0.707794
0.707915
0.707784
0.707905
0.708025
0.708083
0.708140
0.708073
0.708068
0.708187
0.708307
0.708177
0.708110
0.708042
0.708100
0.708219
0.708401
0.708209
0.708266
0.708385
0.708380
0.708437
0.708555
0.708612
0.708731
0.708911
0.708967
0.708962
0.709018
0.709074
0.709007
0.709063
0.709181
0.709298
0.709292
0.709410
0.709465
0.709398
0.709454
0.709448
0.709565
0.709498
0.709492
0.709547
0.709602
0.709597
0.709713
0.709890
0.710006
0.710122
0.710238
0.710353
0.710530
0.710645
0.710699
0.710632
0.710747
0.710862
0.710916
0.710848
0.710963
0.711077
0.711131
0.711306
0.711299
0.711413
0.711527
0.711580
0.711573
0.711747
0.711680
0.711853
0.711966
0.712139
0.712132
0.712125
0.712178
0.712290
0.712223
0.712216
0.712089
0.712141
0.712074
0.712067
0.712060
0.712172
0.712105
0.712157
0.712269
0.712440
0.712374
0.712366
0.712537
0.712708
0.712760
0.712752
0.712863
0.713033
0.713144
0.713195
0.713247
0.713357
0.713526
0.713636
0.713628
0.713679
0.713612
0.713722
0.713832
0.713941
0.713992
0.714160
0.714151
0.714261
0.714311
0.714361
0.714411
0.714461
0.714511
0.714561
0.714670
0.714603
0.714653
0.714644
0.714636
0.714685
0.714677
0.714668
0.714718
0.714709
0.714643
0.714750
0.714858
0.714907
0.714957
0.715006
0.715055
0.715104
0.715153
0.715087
0.715251
0.715242
0.715349
0.715513
0.715620
0.715611
0.715659
0.715765
0.715929
0.715920
0.716025
0.716073
0.716179
0.716284
0.716447
0.716552
0.716714
0.716762
0.716752
0.716857
0.716962
0.717009
0.717114
0.717104
0.717151
0.717312
0.717302
0.717349
0.717339
0.717216
0.717320
0.717310
0.717243
0.717347
0.717507
0.717610
0.717714
0.717704
0.717694
0.717740
0.717787
0.717889
0.718049
0.718095
0.718028
0.718187
0.718346
0.718391
0.718437
0.718483
0.718529
0.718575
0.718620
0.718722
0.718824
0.718869
0.718802
0.718848
0.718949
0.718994
0.719040
0.719085
0.719241
0.719398
0.719443
0.719432
0.719421
0.719355
0.719455
0.719500
0.719545
0.719645
0.719689
0.719678
0.719723
0.719657
0.719646
0.719801
0.719900
0.719945
0.720099
0.720199
0.720298
0.720397
0.720551
0.720650
0.720748
0.720847
0.720946
0.720934
0.720977
0.721076
0.721174
0.721217
0.721315
0.721413
0.721456
0.721389
0.721432
0.721475
0.721409
0.721452
0.721549
0.721592
0.721689
0.721786
0.721938
0.721926
0.721914
0.721848
0.721890
0.721878
0.721975
0.722072
0.722168
0.722264
0.722361
0.722457
0.722499
0.722486
0.722582
0.722624
0.722558
0.722546
0.722642
0.722791
0.722779
0.722874
0.722862
0.722957
0.723052
0.723147
0.723242
0.723230
0.723164
0.723151
0.723246
0.723340
0.723274
0.723369
0.723463
0.723504
0.723599
0.723586
0.723467
0.723614
0.723548
0.723482
0.723630
0.723723
0.723870
0.723911
0.723951
0.723992
0.723979
0.724019
0.724059
0.724047
0.724140
0.724286
0.724326
0.724419
0.724459
0.724498
0.724485
0.724473
0.724512
0.724552
0.724539
0.724632
0.724619
0.724606
0.724593
0.724632
0.724672
0.724764
0.724751
0.724738
0.724830
0.724974
0.725013
0.725052
0.725039
0.725131
0.725170
0.725261
0.725300
0.725391
0.725274
0.725260
0.725143
0.725182
0.725273
0.725312
0.725351
0.725441
0.725532
0.725571
0.725661
0.725648
0.725790
0.725880
0.725970
0.726060
0.726047
0.726085
0.726123
0.726109
0.726147
0.726289
0.726378
0.726468
0.726608
0.726595
0.726632
0.726721
0.726810
0.726951
0.726988
0.727026
0.727114
0.727100
0.727189
0.727277
0.727212
0.727249
0.727287
0.727324
0.727463
0.727551
0.727588
0.727676
0.727713
0.727648
0.727583
0.727518
0.727504
0.727541
0.727577
0.727716
0.727752
0.727789
0.727826
0.727964
0.728051
0.728036
0.728123
0.728261
0.728247
0.728283
0.728370
0.728406
0.728492
0.728478
0.728463
0.728600
0.728737
0.728773
0.728909
0.728995
0.728980
0.729016
0.729102
0.729188
0.729223
0.729259
0.729344
0.729329
0.729315
0.729450
0.729385
0.729471
0.729506
0.729541
0.729576
0.729711
0.729746
0.729831
0.729816
0.729851
0.729786
0.729871
0.729955
0.729990
0.730074
0.730159
0.730193
0.730228
0.730362
0.730396
0.730480
0.730514
0.730549
0.730632
0.730617
0.730602
0.730587
0.730671
0.730754
0.730739
0.730724
0.730758
0.730743
0.730728
0.730811
0.730894
0.730928
0.731011
0.731094
0.731176
0.731210
0.731195
0.731229
0.731262
0.731345
0.731378
0.731461
0.731543
0.731576
0.731610
0.731692
0.731676
0.731612
0.731646
0.731727
0.731761
0.731891
0.731924
0.731957
0.731942
0.732072
0.732105
0.732235
0.732219
0.732300
0.732333
0.732463
0.732495
0.732576
0.732609
0.732496
0.732529
0.732562
0.732690
0.732723
0.732659
0.732643
0.732676
0.732756
0.732788
0.732773
0.732853
0.732885
0.732917
0.732998
0.733126
0.733253
0.733190
0.733222
0.733206
0.733190
0.733270
0.733349
0.733429
0.733413
0.733540
0.733572
0.733699
0.733778
0.733857
0.733936
0.733968
0.733951
0.733888
0.733967
0.733998
0.734124
0.734156
0.734139
0.734218
0.734344
0.734470
0.734548
0.734532
0.734563
0.734546
0.734672
0.734703
0.734828
0.734858
0.734936
0.734967
0.734998
0.735028
0.735059
0.735183
0.735120
0.735197
0.735322
0.735352
0.735336
0.735413
0.735396
0.735380
0.735363
0.735393
0.735423
0.735500
0.735344
0.735327
0.735404
0.735481
0.735511
0.735588
0.735711
0.735788
0.735864
0.735894
0.735970
0.735953
0.735983
0.735967
0.735857
0.735794
0.735870
0.735807
0.735837
0.735913
0.735850
0.735833
0.735817
0.735846
0.735876
0.735998
0.735982
0.736057
0.736087
0.736116
0.736192
0.736083
0.736158
0.736234
0.736309
0.736293
0.736276
0.736305
0.736334
0.736364
0.736347
0.736376
0.736314
0.736343
0.736280
0.736355
0.736384
0.736414
0.736305
0.736380
0.736409
0.736438
0.736422
0.736496
0.736434
0.736554
0.736583
0.736658
0.736777
0.736897
0.736880
0.736909
0.737029
0.737148
0.737131
0.737250
0.737324
0.737398
0.737336
0.737319
0.737438
0.737466
0.737404
0.737523
0.737596
0.737669
0.737743
0.737816
0.737844
0.737962
0.738080
0.738198
0.738181
0.738299
0.738327
0.738354
0.738292
0.738320
0.738303
0.738330
0.738358
0.738251
0.738279
0.738351
0.738334
0.738406
0.738479
0.738506
0.738623
0.738695
0.738723
0.738795
0.738777
0.738805
0.738832
0.738948
0.739020
0.739047
0.739074
0.739057
0.739040
0.739067
0.739183
0.739210
0.739281
0.739308
0.739379
0.739273
0.739344
0.739327
0.739398
0.739469
0.739540
0.739611
0.739638
0.739753
0.739823
0.739894
0.739921
0.740035
0.740150
0.740220
0.740291
0.740361
0.740387
0.740413
0.740484
0.740554
0.740580
0.740562
0.740588
0.740570
0.740552
0.740666
0.740736
0.740718
0.740700
0.740770
0.740796
0.740865
0.740804
0.740917
0.740943
0.740925
0.740951
0.741064
0.741046
0.741115
0.741228
0.741210
0.741192
0.741217
0.741243
0.741138
0.741207
0.741189
0.741302
0.741327
0.741352
0.741421
0.741490
0.741558
0.741497
0.741522
0.741548
0.741573
0.741555
0.741623
0.741735
0.741846
0.741871
0.741983
0.741965
0.741990
0.742015
0.742083
0.742022
0.742046
0.742114
0.742096
0.742164
0.742146
0.742257
0.742324
0.742349
0.742416
0.742484
0.742551
0.742619
0.742643
0.742711
0.742778
0.742802
0.742827
0.742894
0.742961
0.742985
0.743052
0.743076
0.743143
0.743210
0.743277
0.743301
0.743325
0.743349
0.743415
0.743439
0.743463
0.743445
0.743469
0.743578
0.743602
0.743668
0.743734
0.743800
0.743866
0.743932
0.743914
0.743895
0.743877
0.743943
0.744008
0.744032
0.744056
0.744121
0.744187
0.744253
0.744360
0.744426
0.744491
0.744599
0.744706
0.744771
0.744794
0.744859
0.744924
0.744948
0.745013
0.745119
0.745226
0.745249
0.745356
0.745420
0.745443
0.745508
0.745530
0.745637
0.745701
0.745724
0.745746
0.745727
0.745750
0.745773
0.745837
0.745776
0.745840
0.745863
0.745968
0.745991
0.746055
0.746077
0.746183
0.746163
0.746227
0.746249
0.746313
0.746377
0.746358
0.746338
0.746402
0.746424
0.746364
0.746427
0.746491
0.746595
0.746658
0.746680
0.746661
0.746724
0.746829
0.746933
0.746914
0.747018
0.747039
0.747102
0.747165
0.747269
0.747291
0.747353
0.747375
0.747355
0.747377
0.747481
0.747420
0.747442
0.747422
0.747444
0.747383
0.747487
0.747467
0.747489
0.747551
0.747572
0.747635
0.747656
0.747759
0.747821
0.747883
0.747904
0.748007
0.748028
0.748049
0.748070
0.748172
0.748153
0.748174
0.748195
0.748297
0.748318
0.748298
0.748319
0.748381
0.748240
0.748261
0.748281
0.748222
0.748283
0.748223
0.748284
0.748305
0.748407
0.748508
0.748569
0.748550
0.748611
0.748551
0.748612
0.748632
0.748613
0.748633
0.748734
0.748715
0.748735
0.748836
0.748817
0.748837
0.748938
0.748918
0.748899
0.748839
0.748820
0.748840
0.748780
0.748681
0.748742
0.748722
0.748743
0.748723
0.748783
0.748804
0.748824
0.748845
0.748865
0.748925
0.748945
0.749045
0.749145
0.749205
0.749225
0.749325
0.749385
0.749484
0.749544
0.749524
0.749544
0.749564
0.749584
0.749683
0.749782
0.749881
0.749941
0.750000
0.750020
0.750039
0.750099
0.750158
0.750178
0.750197
0.750256
0.750276
0.750295
0.750354
0.750413
0.750472
0.750492
0.750511
0.750570
0.750511
0.750569
0.750549
0.750608
0.750627
0.750686
0.750745
0.750725
0.750783
0.750881
0.750978
0.750997
0.751016
0.751036
0.751133
0.751191
0.751132
0.751190
0.751248
0.751267
0.751208
0.751149
0.751168
0.751226
0.751245
0.751264
0.751361
0.751419
0.751360
0.751340
0.751320
0.751416
0.751435
0.751493
0.751550
0.751492
0.751472
0.751568
0.751548
0.751605
0.751585
0.751604
0.751584
0.751603
0.751660
0.751640
0.751620
0.751678
0.751696
0.751715
0.751810
0.751791
0.751809
0.751866
0.751923
0.751903
0.751922
0.752017
0.751997
0.752054
0.751957
0.751975
0.751994
0.752089
0.752107
0.752049
0.752029
0.752047
0.752104
0.752046
0.752102
0.752159
0.752139
0.752195
0.752290
0.752308
0.752403
0.752421
0.752477
0.752571
0.752589
0.752646
0.752740
0.752720
0.752700
0.752756
0.752812
0.752791
0.752809
0.752865
0.752959
0.753015
0.753033
0.753126
0.753220
0.753237
0.753255
0.753235
0.753328
0.753422
0.753477
0.753457
0.753474
0.753567
0.753623
0.753678
0.753695
0.753675
0.753693
0.753710
0.753727
0.753782
0.753837
0.753930
0.753947
0.754040
0.754095
0.754112
0.754054
0.754071
0.754014
0.754031
0.754123
0.754065
0.753970
0.754025
0.754079
0.754134
0.754114
0.754168
0.754185
0.754240
0.754294
0.754349
0.754440
0.754457
0.754437
0.754342
0.754359
0.754376
0.754356
0.754373
0.754390
0.754444
0.754461
0.754478
0.754532
0.754549
0.754529
0.754508
0.754599
0.754616
0.754707
0.754650
0.754704
0.754795
0.754737
0.754791
0.754845
0.754898
0.754952
0.755006
0.755096
0.755113
0.755092
0.755146
0.755199
0.755252
0.755343
0.755396
0.755339
0.755429
0.755445
0.755462
0.755404
0.755458
0.755511
0.755527
0.755470
0.755486
0.755429
0.755519
0.755535
0.755551
0.755604
0.755547
0.755564
0.755653
0.755706
0.755576
0.755556
0.755608
0.755588
0.755604
0.755657
0.755673
0.755762
0.755815
0.755831
0.755883
0.755936
0.755988
0.756041
0.756093
0.756182
0.756234
0.756323
0.756339
0.756354
0.756370
0.756422
0.756402
0.756454
0.756470
0.756486
0.756501
0.756553
0.756533
0.756512
0.756383
0.756435
0.756487
0.756539
0.756555
0.756570
0.756586
0.756638
0.756726
0.756777
0.756793
0.756772
0.756788
0.756731
0.756783
0.756835
0.756886
0.756973
0.756953
0.756968
0.756984
0.756999
0.757015
0.757030
0.757117
0.757168
0.757255
0.757342
0.757358
0.757301
0.757317
0.757403
0.757490
0.757505
0.757521
0.757571
0.757587
0.757637
0.757688
0.757739
0.757683
0.757662
0.757677
0.757692
0.757779
0.757829
0.757915
0.757966
0.758016
0.758102
0.758153
0.758168
0.758182
0.758233
0.758283
0.758262
0.758348
0.758363
0.758307
0.758357
0.758442
0.758528
0.758543
0.758557
0.758501
0.758516
0.758460
0.758475
0.758489
0.758574
0.758589
0.758639
0.758654
0.758668
0.758683
0.758697
0.758712
0.758691
0.758706
0.758790
0.758875
0.758855
0.758939
0.758989
0.759038
0.759053
0.759102
0.759081
0.759166
0.759075
0.759124
0.759174
0.759153
0.759062
0.759147
0.759161
0.759210
0.759224
0.759273
0.759323
0.759337
0.759386
0.759435
0.759414
0.759463
0.759547
0.759457
0.759506
0.759520
0.759534
0.759583
0.759597
0.759680
0.759764
0.759847
0.759861
0.759806
0.759750
0.759729
0.759639
0.759688
0.759737
0.759785
0.759834
0.759917
0.760000
0.760083
0.760062
0.760041
0.760090
0.760104
0.760152
0.760200
0.760145
0.760159
0.760207
0.760255
0.760303
0.760351
0.760365
0.760448
0.760461
0.760475
0.760523
0.760571
0.760584
0.760632
0.760680
0.760625
0.760638
0.760617
0.760631
0.760713
0.760727
0.760740
0.760788
0.760835
0.760883
0.760896
0.760910
0.760957
0.761005
0.761052
0.760997
0.761045
0.761024
0.761105
0.761153
0.761200
0.761213
0.761227
0.761274
0.761321
0.761300
0.761347
0.761327
0.761374
0.761353
0.761366
0.761447
0.761426
0.761439
0.761486
0.761499
0.761512
0.761559
0.761572
0.761585
0.761598
0.761645
0.761726
0.761739
0.761718
0.761731
0.761811
0.761892
0.761972
0.762019
0.762032
0.762112
0.762192
0.762205
0.762218
0.762230
0.762209
0.762256
0.762269
0.762248
0.762294
0.762340
0.762319
0.762332
0.762277
0.762324
0.762403
0.762450
0.762496
0.762575
0.762588
0.762567
0.762580
0.762525
0.762504
0.762416
0.762429
0.762341
0.762354
0.762333
0.762345
0.762391
0.762437
0.762450
0.762496
0.762508
0.762554
0.762500
0.762479
0.762492
0.762504
0.762583
0.762629
0.762542
0.762587
0.762633
0.762679
0.762724
0.762737
0.762749
0.762795
0.762741
0.762753
0.762765
0.762678
0.762691
0.762736
0.762748
0.762761
0.762773
0.762785
0.762864
0.762876
0.762954
0.762967
0.763045
0.763090
0.763135
0.763147
0.763127
0.763007
0.763052
0.763130
0.763142
0.763187
0.763232
0.763212
0.763257
0.763236
0.763248
0.763293
0.763305
0.763251
0.763329
0.763407
0.763419
0.763463
0.763475
0.763455
0.763532
0.763511
0.763491
0.763535
0.763514
0.763526
0.763538
0.763583
0.763627
0.763639
0.763651
0.763696
0.763708
0.763752
0.763731
0.763776
0.763755
0.763734
0.763811
0.763855
0.763932
0.763911
0.763923
0.763902
0.763979
0.764056
0.764068
0.764079
0.764058
0.764103
0.764147
0.764223
0.764300
0.764344
0.764420
0.764496
0.764508
0.764519
0.764466
0.764510
0.764489
0.764500
0.764544
0.764588
0.764599
0.764611
0.764655
0.764698
0.764710
0.764689
0.764732
0.764808
0.764852
0.764895
0.764939
0.764982
0.765026
0.764973
0.764984
0.764931
0.764974
0.765018
0.765061
0.765104
0.765116
0.765191
0.765170
0.765245
0.765321
0.765332
0.765375
0.765386
0.765397
0.765472
0.765419
0.765462
0.765505
0.765580
0.765591
0.765666
0.765645
0.765656
0.765635
0.765710
0.765753
0.765732
0.765774
0.765849
0.765828
0.765903
0.765850
0.765892
0.765840
0.765819
0.765798
0.765840
0.765851
0.765830
0.765841
0.765884
0.765926
0.765937
0.765948
0.765959
0.766001
0.766012
0.766023
0.766002
0.766044
0.766087
0.766129
0.766171
0.766214
0.766256
0.766235
0.766214
0.766256
0.766330
0.766341
0.766383
0.766393
0.766404
0.766383
0.766425
0.766436
0.766446
0.766457
0.766436
0.766447
0.766426
0.766499
0.766572
0.766583
0.766593
0.766604
0.766646
0.766656
0.766667
0.766677
0.766594
0.766667
0.766677
0.766688
0.766729
0.766740
0.766750
0.766792
0.766802
0.766844
0.766854
0.766833
0.766875
0.766854
0.766864
0.766906
0.766947
0.766989
0.766999
0.767040
0.766988
0.767030
0.767071
0.767113
0.767154
0.767195
0.767237
0.767247
0.767226
0.767205
0.767091
0.767163
0.767235
0.767308
0.767349
0.767359
0.767369
0.767379
0.767389
0.767461
0.767502
0.767543
0.767522
0.767563
0.767635
0.767676
0.767655
0.767634
0.767675
0.767716
0.767788
0.767798
0.767838
0.767848
0.767858
0.767868
0.767816
0.767826
0.767836
0.767877
0.767856
0.767866
0.767907
0.767824
0.767834
0.767844
0.767854
0.767894
0.767904
0.767914
0.767955
0.767995
0.768036
0.767984
0.767994
0.768004
0.768044
0.768115
0.768125
0.768073
0.768114
0.768185
0.768194
0.768173
0.768153
0.768193
0.768264
0.768304
0.768344
0.768354
0.768394
0.768342
0.768413
0.768453
0.768432
0.768472
0.768482
0.768522
0.768501
0.768541
0.768581
0.768591
0.768661
0.768731
0.768680
0.768720
0.768759
0.768769
0.768839
0.768879
0.768888
0.768898
0.768937
0.768886
0.768926
0.768935
0.768914
0.768894
0.768903
0.768882
0.768952
0.768961
0.769031
0.769101
0.769110
0.769150
0.769189
0.769228
0.769268
0.769247
0.769226
0.769205
0.769245
0.769224
0.769263
0.769242
0.769282
0.769351
0.769360
0.769399
0.769379
0.769388
0.769427
0.769496
0.769505
0.769454
0.769494
0.769503
0.769542
0.769581
0.769590
0.769569
0.769578
0.769557
0.769567
0.769516
0.769525
0.769564
0.769603
0.769642
0.769651
0.769720
0.769758
0.769767
0.769747
0.769785
0.769824
0.769833
0.769812
0.769792
0.769801
0.769750
0.769819
0.769828
0.769837
0.769816
0.769825
0.769863
0.769902
0.769911
0.769890
0.769929
0.769997
0.770036
0.770015
0.770024
0.770062
0.770101
0.770080
0.770089
0.770098
0.770136
0.770145
0.770213
0.770222
0.770260
0.770298
0.770218
0.770168
0.770147
0.770186
0.770195
0.770174
0.770183
0.770250
0.770259
0.770268
0.770306
0.770315
0.770353
0.770362
0.770370
0.770408
0.770447
0.770514
0.770552
0.770590
0.770628
0.770578
0.770645
0.770683
0.770692
0.770730
0.770709
0.770747
0.770814
0.770881
0.770889
0.770956
0.770965
0.770973
0.771040
0.771107
0.771145
0.771212
0.771278
0.771345
0.771324
0.771362
0.771341
0.771379
0.771416
0.771395
0.771433
0.771383
0.771333
0.771283
0.771350
0.771329
0.771337
0.771375
0.771441
0.771478
0.771487
0.771524
0.771561
0.771569
0.771520
0.771557
0.771594
0.771631
0.771669
0.771619
0.771685
0.771693
0.771730
0.771710
0.771718
0.771697
0.771705
0.771742
0.771750
0.771701
0.771709
0.771775
0.771841
0.771907
0.771972
0.771952
0.771960
0.772025
0.772091
0.772070
0.772078
0.772086
0.772152
0.772189
0.772225
0.772262
0.772299
0.772249
0.772229
0.772294
0.772359
0.772425
0.772433
0.772354
0.772391
0.772399
0.772436
0.772415
0.772423
0.772431
0.772496
0.772446
0.772397
0.772376
0.772356
0.772335
0.772371
0.772408
0.772416
0.772424
0.772374
0.772411
0.772447
0.772512
0.772548
0.772556
0.772564
0.772572
0.772608
0.772644
0.772652
0.772632
0.772639
0.772676
0.772570
0.772606
0.772670
0.772735
0.772771
0.772807
0.772872
0.772908
0.772944
0.773008
0.773044
0.773080
0.773088
0.773124
0.773188
0.773252
0.773288
0.773126
0.773133
0.773169
0.773177
0.773213
0.773249
0.773256
0.773264
0.773328
0.773335
0.773371
0.773435
0.773471
0.773506
0.773514
0.773549
0.773557
0.773564
0.773572
0.773579
0.773615
0.773594
0.773573
0.773581
0.773504
0.773567
0.773631
0.773695
0.773758
0.773765
0.773801
0.773808
0.773731
0.773767
0.773802
0.773810
0.773817
0.773880
0.773915
0.773951
0.773930
0.773881
0.773889
0.773896
0.773903
0.773911
0.773890
0.773897
0.773905
0.773940
0.773919
0.773954
0.773989
0.773997
0.773948
0.773955
0.773991
0.773998
0.774033
0.774040
0.774047
0.774082
0.774117
0.774125
0.774187
0.774222
0.774257
0.774292
0.774216
0.774279
0.774286
0.774293
0.774300
0.774307
0.774342
0.774377
0.774384
0.774391
0.774453
0.774516
0.774550
0.774558
0.774509
0.774544
0.774579
0.774558
0.774593
0.774600
0.774579
0.774558
0.774483
0.774462
0.774524
0.774559
0.774621
0.774573
0.774608
0.774587
0.774566
0.774546
0.774553
0.774587
0.774649
0.774629
0.774636
0.774643
0.774595
0.774657
0.774664
0.774671
0.774705
0.774739
0.774774
0.774836
0.774815
0.774877
0.774911
0.774945
0.775007
0.774986
0.774938
0.774973
0.775007
0.775041
0.775020
0.775027
0.775089
0.775068
0.775048
0.775109
0.775171
0.775123
0.775184
0.775191
0.775198
0.775150
0.775211
0.775245
0.775279
0.775340
0.775320
0.775354
0.775415
0.775421
0.775401
0.775408
0.775387
0.775448
0.775455
0.775434
0.775441
0.775421
0.775481
0.775515
0.775576
0.775556
0.775562
0.775623
0.775684
0.775690
0.775751
0.775785
0.775818
0.775825
0.775804
0.775865
0.775844
0.775878
0.775884
0.775864
0.775870
0.775904
0.775883
0.775890
0.775923
0.775903
0.775936
0.775970
0.776003
0.776037
0.776016
0.775969
0.776002
0.775982
0.775961
0.775968
0.775974
0.775927
0.775933
0.775940
0.775973
0.776006
0.776013
0.776073
0.776133
0.776193
0.776199
0.776233
0.776185
0.776219
0.776278
0.776312
0.776345
0.776378
0.776438
0.776497
0.776557
0.776510
0.776570
0.776603
0.776609
0.776642
0.776675
0.776628
0.776634
0.776667
0.776646
0.776679
0.776739
0.776692
0.776591
0.776544
0.776577
0.776583
0.776616
0.776676
0.776735
0.776741
0.776774
0.776833
0.776839
0.776845
0.776905
0.776937
0.776970
0.777029
0.777062
0.777094
0.777100
0.777133
0.777113
0.777145
0.777178
0.777184
0.777190
0.777222
0.777202
0.777234
0.777293
0.777326
0.777332
1.000000
0.800000
0.833333
0.850000
0.840000
0.850000
0.871429
0.862500
0.866667
0.850000
0.854545
0.866667
0.876923
0.864286
0.866667
0.868750
0.864706
0.866667
0.863158
0.860000
0.852381
0.850000
0.847826
0.845833
0.848000
0.846154
0.833333
0.832143
0.824138
0.823333
0.825806
0.825000
0.821212
0.823529
0.822857
0.825000
0.827027
0.828947
0.833333
0.832500
0.831707
0.830952
0.832558
0.831818
0.833333
0.830435
0.831915
0.835417
0.838776
0.838000
0.839216
0.842308
0.841509
0.840741
0.841818
0.839286
0.835088
0.834483
0.835593
0.838333
0.839344
0.841935
0.842857
0.843750
0.843077
0.845455
0.846269
0.847059
0.847826
0.847143
0.849296
0.851389
0.849315
0.851351
0.850667
0.852632
0.854545
0.856410
0.854430
0.852500
0.854321
0.854878
0.855422
0.855952
0.855294
0.855814
0.855172
0.853409
0.855056
0.855556
0.854945
0.855435
0.853763
0.854255
0.855789
0.856250
0.857732
0.857143
0.856566
0.857000
0.856436
0.857843
0.858252
0.859615
0.859048
0.859434
0.859813
0.860185
0.861468
0.858182
0.856757
0.855357
0.856637
0.856140
0.857391
0.855172
0.854701
0.854237
0.853782
0.853333
0.853719
0.854098
0.855285
0.854839
0.856000
0.856349
0.855118
0.856250
0.855039
0.854615
0.854198
0.854545
0.854135
0.854478
0.854815
0.855882
0.854015
0.853623
0.854676
0.855714
0.855319
0.855634
0.855245
0.856250
0.857241
0.858219
0.857823
0.858108
0.857718
0.858000
0.858940
0.857895
0.858170
0.858442
0.858710
0.858333
0.858599
0.856962
0.857233
0.856875
0.857143
0.857407
0.857055
0.857927
0.857576
0.858434
0.858683
0.858929
0.858580
0.858824
0.859064
0.859302
0.858960
0.858046
0.858286
0.856250
0.855932
0.855618
0.856425
0.856667
0.854696
0.853297
0.853005
0.852717
0.852432
0.850538
0.849733
0.850000
0.850794
0.850526
0.851309
0.850521
0.851295
0.850515
0.850256
0.849490
0.849239
0.849495
0.850251
0.851000
0.851741
0.851485
0.850739
0.850980
0.850732
0.850971
0.851691
0.850962
0.850718
0.850952
0.850237
0.850943
0.850704
0.850467
0.850233
0.850463
0.850230
0.850000
0.849315
0.850000
0.849774
0.848649
0.849327
0.848661
0.847556
0.848230
0.848458
0.847807
0.848035
0.848261
0.848052
0.848276
0.848498
0.849145
0.848936
0.848729
0.848945
0.848319
0.848536
0.848750
