5.817044
5.215415
4.840625
4.625232
4.492347
4.511607
4.371272
4.222425
4.100423
4.029109
3.933151
3.842072
3.751258
3.698467
3.618232
3.547350
3.464599
3.391317
3.333008
3.297526
3.237679
3.185411
3.145801
3.099703
3.051002
3.010204
2.961276
2.919735
2.874785
2.832400
2.793031
2.754767
2.725004
2.681357
2.654191
2.627816
2.611248
2.582969
2.566388
2.539654
2.516816
2.498977
2.475786
2.445951
2.421036
2.396628
2.382607
2.358408
2.341867
2.321895
2.306045
2.293738
2.278235
2.259189
2.244846
2.228382
2.208396
2.194426
2.177282
2.164213
2.149766
2.138776
2.123768
2.112075
2.102905
2.088586
2.073087
2.058471
2.048127
0.966915
1.114777
1.099220
1.222522
1.210685
1.170995
1.125271
1.116793
1.092458
1.071469
1.052397
1.054226
1.060779
1.077286
1.057240
1.056119
1.050344
1.046812
1.052918
1.047733
1.056847
1.042122
1.042391
1.036065
1.030728
1.030177
1.028665
1.034626
1.038754
1.028633
1.031455
1.025282
1.031582
1.043438
1.034496
1.026748
1.020455
1.018327
1.004965
1.010461
1.004793
0.997956
0.993174
0.993561
0.985289
0.981492
0.978573
0.979142
0.974019
0.980390
0.976801
0.977072
0.970918
0.968306
0.966913
0.962193
0.964872
0.965624
0.966736
0.966557
0.962360
0.966346
0.963576
0.963129
0.960358
0.954441
0.954946
0.952097
0.953751
1.296396
0.958226
0.986395
0.952232
0.954972
0.970106
0.931586
0.918141
0.907311
0.877644
0.871499
0.886186
0.876599
0.889265
0.895931
0.891558
0.893298
0.892631
0.884034
0.885062
0.894832
0.887144
0.879345
0.878701
0.870483
0.874638
0.870351
0.879235
0.870146
0.870414
0.868280
0.863524
0.864180
0.858296
0.856897
0.851619
0.850716
0.845978
0.848285
0.846714
0.847170
0.845771
0.841162
0.837732
0.839005
0.838760
0.833734
0.834466
0.831988
0.826562
0.824013
0.822854
0.818238
0.816180
0.818269
0.818871
0.818963
0.816139
0.816019
0.816426
0.813030
0.812793
0.811093
0.812788
0.809227
0.810121
0.809778
0.806439
0.807539
0.158311
0.785590
0.744295
0.733185
0.699546
0.748649
0.751712
0.773548
0.796087
0.785999
0.779960
0.783840
0.775029
0.777360
0.771858
0.800762
0.816500
0.820377
0.830485
0.815880
0.810017
0.814060
0.810706
0.796349
0.786145
0.782282
0.780163
0.767128
0.766385
0.769660
0.767678
0.772591
0.767624
0.761727
0.766655
0.759606
0.754663
0.753749
0.755658
0.753605
0.752518
0.749961
0.751774
0.750239
0.751601
0.749337
0.749476
0.748033
0.746432
0.744488
0.748034
0.751290
0.748761
0.751319
0.748557
0.746564
0.747022
0.744858
0.742589
0.745538
0.746258
0.747424
0.745380
0.748883
0.752372
0.750135
0.750506
0.753419
0.748473
0.750463
0.793862
0.672774
0.656044
0.604656
0.617061
0.634426
0.687276
0.693929
0.751657
0.740288
0.752732
0.760092
0.740464
0.761965
0.748440
0.743689
0.740742
0.739668
0.745196
0.758266
0.766223
0.773586
0.762724
0.756858
0.753427
0.752009
0.751760
0.745738
0.749989
0.746947
0.745278
0.749871
0.751496
0.747398
0.754805
0.749491
0.748589
0.746346
0.745941
0.741956
0.741222
0.737995
0.733322
0.740914
0.738887
0.735180
0.734084
0.735051
0.730145
0.728211
0.726303
0.724040
0.722055
0.724635
0.722201
0.719615
0.718556
0.718761
0.719703
0.713912
0.714776
0.719324
0.726136
0.722540
0.721419
0.719648
0.718705
0.716984
0.717600
0.469207
0.570588
0.487525
0.583351
0.597454
0.623773
0.595992
0.591490
0.574789
0.573350
0.593668
0.624266
0.622725
0.621455
0.626876
0.617305
0.609051
0.613054
0.600870
0.604397
0.603980
0.602812
0.609065
0.615384
0.629426
0.637940
0.648206
0.648495
0.648499
0.650150
0.644153
0.643884
0.645707
0.658423
0.665130
0.666336
0.667652
0.667257
0.674925
0.683420
0.683751
0.685752
0.689636
0.693152
0.689190
0.692523
0.691678
0.694868
0.692449
0.692385
0.688136
0.685264
0.682050
0.681605
0.685526
0.691702
0.691170
0.693961
0.695851
0.698647
0.699565
0.698863
0.698303
0.698703
0.701333
0.702682
0.708902
0.709345
0.708763
1.429345
0.730787
0.697807
0.725697
0.663939
0.630864
0.627786
0.600413
0.607591
0.611368
0.633734
0.636134
0.646179
0.637291
0.637191
0.642404
0.635753
0.647952
0.654053
0.666014
0.674291
0.663139
0.669062
0.673883
0.681748
0.681543
0.674704
0.671620
0.672349
0.683495
0.679914
0.673865
0.672201
0.668433
0.672379
0.668424
0.671481
0.669856
0.668812
0.672984
0.671508
0.670132
0.670401
0.673571
0.674207
0.677731
0.671207
0.671835
0.668604
0.673032
0.670889
0.675601
0.673026
0.675444
0.674070
0.676954
0.675344
0.678487
0.679916
0.684546
0.690162
0.689607
0.689511
0.690661
0.696411
0.693983
0.690538
0.694134
0.691967
0.691958
0.552923
0.708276
0.709831
0.741073
0.701437
0.735941
0.708749
0.709162
0.689292
0.699052
0.692725
0.680015
0.679374
0.678538
0.683041
0.692132
0.694397
0.701528
0.699461
0.709996
0.703443
0.690025
0.683173
0.684981
0.682076
0.682906
0.686062
0.677098
0.675652
0.679245
0.673790
0.679863
0.677466
0.685394
0.687858
0.681651
0.677824
0.682111
0.683325
0.686530
0.682425
0.683215
0.679666
0.681791
0.677482
0.672765
0.672934
0.672452
0.675657
0.675885
0.681883
0.679799
0.678914
0.680683
0.677848
0.678593
0.683170
0.681177
0.681128
0.680673
0.683984
0.684711
0.684295
0.686076
0.686409
0.686886
0.687253
0.682684
0.678548
0.535438
0.662703
0.697628
0.697570
0.682539
0.703023
0.691430
0.689017
0.688314
0.679514
0.671112
0.669482
0.658269
0.657475
0.664366
0.661536
0.669311
0.672879
0.673507
0.663484
0.656152
0.670755
0.671085
0.666044
0.675566
0.668783
0.667954
0.671472
0.667857
0.669481
0.669743
0.672316
0.670428
0.666535
0.672597
0.669266
0.670550
0.668461
0.669743
0.660346
0.664005
0.659113
0.663808
0.666176
0.670006
0.668426
0.666879
0.666858
0.662706
0.663459
0.666150
0.667009
0.674273
0.676469
0.674564
0.672719
0.672011
0.672203
0.668374
0.668543
0.669971
0.670000
0.667424
0.667355
0.670943
0.669974
0.666663
0.664170
0.665387
0.237674
0.600314
0.573777
0.618431
0.557331
0.581279
0.590124
0.593604
0.584654
0.605562
0.615359
0.617621
0.621309
0.610814
0.624685
0.621760
0.621447
0.631491
0.636698
0.635089
0.639530
0.630714
0.630036
0.617935
0.618509
0.611101
0.619982
0.611197
0.617898
0.631250
0.636685
0.637475
0.633491
0.639515
0.635330
0.630832
0.632552
0.634233
0.629979
0.629898
0.628138
0.629816
0.633435
0.639082
0.643839
0.639554
0.639181
0.639570
0.645002
0.648558
0.645910
0.647594
0.646906
0.646576
0.647317
0.646307
0.644653
0.642650
0.642168
0.643149
0.643666
0.639764
0.635728
0.636559
0.640945
0.642455
0.643963
0.643126
0.646886
0.647663
