5.920435
5.510031
5.183965
4.971963
4.839259
4.685071
4.530511
4.399767
4.309015
4.178628
4.098494
3.988339
3.895152
3.807400
3.718490
3.643852
3.570300
3.505056
3.432212
3.371384
3.300606
3.233053
3.175857
3.116416
3.054741
3.004400
2.958691
2.905808
2.850433
2.803418
2.757977
2.715100
2.678848
2.646535
2.610385
2.579860
2.543222
2.521446
2.489783
2.453081
2.425121
2.398692
2.369683
2.342535
2.312944
2.291014
2.261900
2.238514
2.217811
2.200454
2.176025
2.157938
2.136817
2.114652
2.092822
2.073025
2.057716
2.037601
2.016453
1.998694
1.978579
1.961473
1.942011
1.930635
1.914661
1.902041
1.884053
1.871076
1.852984
1.837922
1.823818
1.811083
1.799088
1.783271
1.768322
1.757903
1.743417
1.731794
1.720532
1.714457
1.704354
1.691927
1.677596
1.669042
1.658146
1.648507
1.636598
1.624792
1.615125
1.605914
1.598429
1.592413
1.585383
1.577290
1.567741
1.558403
1.548853
1.543082
1.533515
1.524782
1.517337
1.511042
1.504056
1.497939
1.491862
1.485390
1.477982
1.470660
1.462855
1.455307
1.450368
1.445383
1.439597
1.433334
1.426127
1.418913
1.411101
1.406014
1.399653
1.392976
1.387952
1.381881
1.375347
1.371504
1.368576
1.365034
1.360075
1.356456
1.350425
1.343970
1.340410
1.334890
1.329053
1.324465
1.319780
1.313387
1.307655
1.303089
1.297383
1.292420
1.289354
1.284708
1.279958
1.275697
1.270461
1.265235
1.260416
1.254803
1.250365
1.245191
1.240527
1.235725
1.232991
1.227916
1.223611
1.220886
1.216099
1.212548
1.210515
1.206421
1.201534
1.196828
1.192973
1.189425
1.185304
1.183827
1.181594
1.177886
1.174037
1.170854
1.166648
1.163420
1.159478
1.156018
1.153457
1.150325
1.148608
1.144921
1.140738
1.138417
1.135080
1.131115
1.127359
1.124618
1.121553
1.120050
1.117412
1.114122
1.111018
1.107783
1.104482
1.101302
1.098308
1.095310
1.091734
1.088912
1.085913
1.084046
1.080673
1.078259
1.075019
1.071677
1.069220
1.067476
1.064436
1.061932
1.059059
1.057052
1.053780
1.051590
1.048809
1.046042
1.044350
1.041651
1.040119
1.037952
1.035601
1.032843
1.030892
1.028515
1.027587
1.024602
1.022885
1.020665
1.017561
1.015188
1.012488
1.009568
1.007998
1.005495
1.003118
1.000851
1.000068
0.998752
0.996428
0.995003
0.992806
0.990713
0.989404
0.987272
0.984640
0.983072
0.981970
0.979818
0.978231
0.976753
0.975290
0.973210
0.971465
0.968964
0.966583
0.964532
0.963222
0.961440
0.958372
0.957212
0.955702
0.954515
0.952706
0.951191
0.950347
0.948716
0.947026
0.945091
0.943003
0.941808
0.940158
0.937970
0.936033
0.934417
0.932440
0.931419
0.929103
0.927078
0.925116
0.924044
0.922815
0.921683
0.920387
0.919321
0.918494
0.916513
0.916125
0.914520
0.913293
0.911272
0.909950
0.908325
0.906815
0.905880
0.904153
0.903632
0.902223
0.901471
0.899738
0.898879
0.897208
0.895373
0.893916
0.892347
0.891367
0.889509
0.888427
0.887074
0.885737
0.884800
0.882862
0.881300
0.880344
0.878957
0.877887
0.875812
0.874289
0.872681
0.871386
0.869707
0.868362
0.866670
0.864926
0.863630
0.862382
0.861123
0.859496
0.858199
0.856514
0.855172
0.853553
0.852390
0.850924
0.850281
0.849789
0.848882
0.847774
0.846664
0.845419
0.844903
0.844595
0.843296
0.842077
0.840921
0.840643
0.839525
0.838802
0.837712
0.835994
0.834677
0.833473
0.832156
0.830433
0.828855
0.827934
0.827049
0.825631
0.824088
0.822942
0.821579
0.820591
0.819344
0.818387
0.817545
0.816916
0.815897
0.815038
0.814883
0.814057
0.812962
0.811815
0.810463
0.809377
0.808534
0.807242
0.806163
0.805316
0.804750
0.803537
0.802284
0.801607
0.800676
0.799488
0.798503
0.797554
0.796416
0.795685
0.794824
0.793624
0.792584
0.791688
0.790376
0.789395
0.788593
0.787299
0.786363
0.785716
0.785562
0.784728
0.784012
0.782705
0.782284
0.781373
0.780774
0.779830
0.779451
0.778241
0.778059
0.777702
0.777256
0.776183
0.775289
0.774313
0.773881
0.773012
0.772462
0.771848
0.771415
0.770507
0.769810
0.768953
0.767864
0.767187
0.765714
0.765123
0.764051
0.763205
0.762356
0.761215
0.760980
0.760540
0.759730
0.759160
0.758425
0.757646
0.756736
0.755679
0.754606
0.753733
0.752906
0.752180
0.751162
0.750186
0.749330
0.748824
0.748341
0.747239
0.746366
0.745715
0.746137
0.745305
0.744530
0.743933
0.743532
0.742913
0.742303
0.741321
0.740596
0.739765
0.738877
0.738030
0.737182
0.736516
0.735820
0.735381
0.734750
0.734155
0.733211
0.732791
0.731814
0.730883
0.730313
0.729569
0.728948
0.728127
0.727607
0.726957
0.726376
0.725672
0.724915
0.724339
0.723584
0.723220
0.722216
0.721225
0.720478
0.719658
0.719223
0.718674
0.717668
0.716983
0.716340
0.715640
0.714837
0.714384
0.714134
0.713925
0.712928
0.712466
0.711744
0.711350
0.710760
0.709955
0.709635
0.709163
0.708549
0.708170
0.707807
0.707111
0.706950
0.705988
0.705768
0.705300
0.704414
0.704209
0.703461
0.702639
0.702002
0.701175
0.700536
0.699936
0.699227
0.698746
0.698384
0.697471
0.696590
0.695657
0.694773
0.694224
0.693494
0.692814
0.692086
0.691697
0.691187
0.690121
0.689812
0.689425
0.688586
0.688229
0.687756
0.687459
0.687064
0.686606
0.685946
0.685348
0.684790
0.684187
0.683583
0.682907
0.682397
0.682202
0.681791
0.681411
0.680806
0.680208
0.679601
0.678906
0.678524
0.677875
0.677317
0.676447
0.675983
0.675294
0.674747
0.674356
0.673788
0.673251
0.672972
0.672585
0.672325
0.671911
0.671459
0.670702
0.670480
0.669705
0.669045
0.668329
0.668206
0.667855
0.667690
0.667173
0.666648
0.665981
0.665452
0.664825
0.664154
0.663471
0.663129
0.662427
0.661785
0.661137
0.660607
0.659980
0.659436
0.658866
0.658281
0.657737
0.657261
0.656482
0.656294
0.655807
0.655088
0.654380
0.653674
0.653192
0.652776
0.652228
0.652094
0.651518
0.651018
0.650558
0.650355
0.650040
0.649426
0.649139
0.648787
0.648678
0.648175
0.647779
0.647256
0.646951
0.646500
0.646188
0.645667
0.645037
0.644605
0.643876
0.643608
0.643175
0.642671
0.642223
0.642134
0.641695
0.641435
0.640940
0.640330
0.639769
0.639385
0.638952
0.638533
0.638274
0.638301
0.637718
0.637443
0.636835
0.636310
0.635872
0.635263
0.634744
0.634714
0.634217
0.633576
0.633024
0.632567
0.632013
0.631556
0.630909
0.630496
0.630094
0.629662
0.629293
0.628897
0.628636
0.628179
0.627954
0.627364
0.627098
0.626803
0.626521
0.626130
0.625551
0.625039
0.625010
0.624461
0.624271
0.624200
0.624041
0.623576
0.623274
0.622872
0.622601
0.622461
0.622357
0.621935
0.621638
0.621196
0.620922
0.620634
0.620191
0.620103
0.619798
0.619503
0.619096
0.618709
0.618328
0.618071
0.617549
0.617406
0.617071
0.616589
0.616214
0.615859
0.615674
0.615259
0.615240
0.615120
0.615054
0.614595
0.614262
0.613789
0.613323
0.612868
0.612531
0.612237
0.612031
0.611708
0.611317
0.610895
0.610771
0.610456
0.610085
0.609755
0.609522
0.609173
0.608698
0.608297
0.607875
0.607661
0.607369
0.606862
0.606399
0.606043
0.605844
0.605572
0.605331
0.605185
0.604808
0.604682
0.604292
0.604221
0.603938
0.603474
0.603210
0.602688
0.602499
0.602313
0.601863
0.601322
0.600974
0.600657
0.600320
0.599962
0.599474
0.599153
0.598787
0.598515
0.598108
0.598031
0.597758
0.597571
0.597179
0.597077
0.596877
0.596445
0.596009
0.595540
0.595034
0.594708
0.594447
0.594246
0.593953
0.593675
0.593383
0.593321
0.593029
0.592541
0.592202
0.591959
0.591900
0.591484
0.591429
0.591354
0.591025
0.590718
0.590483
0.590473
0.590093
0.590039
0.589522
0.589087
0.588624
0.588426
0.588109
0.588121
0.587813
0.587598
0.587443
0.587236
0.586827
0.586441
0.586135
0.585853
0.585627
0.585585
0.585149
0.584948
0.584801
0.584328
0.584048
0.583719
0.583609
0.583231
0.582936
0.582889
0.582673
0.582383
0.581972
0.581707
0.581337
0.581088
0.580829
0.580521
0.580274
0.580031
0.579511
0.579092
0.578738
0.578657
0.578197
0.577914
0.577741
0.577487
0.577312
0.576796
0.576550
0.576447
0.576123
0.575803
0.575617
0.575441
0.575125
0.574775
0.574494
0.574085
0.573794
0.573748
0.573367
0.573138
0.572784
0.572535
0.572453
0.572551
0.572222
0.571869
0.571695
0.571528
0.571194
0.570763
0.570612
0.570298
0.570002
0.569703
0.569329
0.569095
0.568814
0.568443
0.568035
0.567660
0.567360
0.567156
0.566883
0.566694
0.566681
0.566341
0.566005
0.565843
0.565464
0.565119
0.564785
0.564616
0.564521
0.564305
0.564038
0.563595
0.563536
0.563373
0.563256
0.562964
0.562783
0.562613
0.562308
0.562156
0.561997
0.561724
0.561391
0.561102
0.560845
0.560703
0.560497
0.560027
0.559577
0.559272
0.559148
0.558879
0.558625
0.558386
0.558173
0.557790
0.557512
0.557251
0.557182
0.556833
0.556633
0.556571
0.556217
0.556018
0.555743
0.555548
0.555179
0.554942
0.554667
0.554333
0.554120
0.553894
0.553534
0.553177
0.552944
0.552753
0.552504
0.552147
0.551933
0.551739
0.551498
0.551348
0.551072
0.550849
0.550526
0.550336
0.549923
0.549676
0.549412
0.549209
0.548862
0.548610
0.548318
0.548127
0.547944
0.547801
0.547429
0.547250
0.547013
0.546636
0.546429
0.546310
0.546206
0.545977
0.545780
0.545460
0.545143
0.544935
0.544656
0.544455
0.544156
0.543875
0.543657
0.543386
0.543084
0.542780
0.542587
0.542473
0.542287
0.542028
0.541787
0.541556
0.541443
0.541025
0.540707
0.540348
0.539900
0.539747
0.539435
0.539055
0.538796
0.538658
0.538485
0.538240
0.538121
0.537922
0.537666
0.537395
0.537239
0.537159
0.536981
0.536801
0.536538
0.536322
0.536102
0.535796
0.535465
0.535300
0.535107
0.534858
0.534572
0.534329
0.534003
0.533862
0.533648
0.533466
0.533300
0.533073
0.532854
0.532787
0.532581
0.532286
0.531988
0.531823
0.531424
0.531203
0.531241
0.531046
0.530955
0.530766
0.530451
0.530217
0.530249
0.529904
0.529630
0.529288
0.529073
0.528968
0.528718
0.528406
0.528163
0.528291
0.528101
0.527972
0.527754
0.527493
0.527294
0.527011
0.526725
0.526478
0.526193
0.525982
0.525753
0.525551
0.525326
0.525069
0.524971
0.524789
0.524747
0.524475
0.524228
0.524006
0.523795
0.523487
0.523110
0.522794
0.522617
0.522312
0.522106
0.521800
0.521584
0.521369
0.521270
0.521130
0.520818
0.520591
0.520411
0.520168
0.519880
0.519710
0.519497
0.519343
0.519141
0.518939
0.518926
0.518695
0.518416
0.518233
0.518047
0.517929
0.517817
0.517735
0.517636
0.517451
0.517408
0.517203
0.517025
0.516884
0.516666
0.516522
0.516349
0.516192
0.515929
0.515631
0.515608
0.515447
0.515303
0.515132
0.515007
0.514804
0.514578
0.514372
0.514203
0.514169
0.514058
0.513846
0.513717
0.513563
0.513285
0.513284
0.512983
0.512729
0.512546
0.512338
0.512077
0.512021
0.511815
0.511553
0.511370
0.511131
0.510932
0.510577
0.510490
0.510286
0.510025
0.510000
0.509766
0.509590
0.509336
0.509125
0.508946
0.508757
0.508569
0.508560
0.508337
0.508334
0.508131
0.507874
0.507644
0.507462
0.507383
0.507064
0.506871
0.506703
0.506493
0.506424
0.506216
0.506077
0.505797
0.505710
0.505760
0.505571
0.505380
0.505281
0.505264
0.504970
0.504821
0.504614
0.504568
0.504521
0.504415
0.504262
0.503950
0.503742
0.503697
0.503543
0.503425
0.503142
0.502926
0.502727
0.502673
0.502501
0.502312
0.502221
0.501935
0.501770
0.501589
0.501292
0.501069
0.500928
0.500740
0.500465
0.500212
0.500090
0.500128
0.500018
0.499773
0.499608
0.499533
0.499348
0.499243
0.498953
0.498747
0.498682
0.498620
0.498526
0.498391
0.498252
0.498016
0.497895
0.497651
0.497483
0.497401
0.497249
0.497085
0.496945
0.496734
0.496511
0.496379
0.496211
0.495997
0.495669
0.495515
0.495379
0.495169
0.495055
0.494847
0.494636
0.494396
0.494204
0.494074
0.493928
0.493743
0.493546
0.493362
0.493088
0.493163
0.493043
0.492858
0.492651
0.492405
0.492196
0.492079
0.491935
0.491741
0.491564
0.491476
0.491420
0.491216
0.491080
0.490931
0.490898
0.490702
0.490701
0.490565
0.490382
0.490285
0.490115
0.489895
0.489694
0.489659
0.489688
0.489536
0.489361
0.489168
0.489134
0.489135
0.488977
0.488796
0.488731
0.488569
0.488421
0.488330
0.488253
0.488173
0.487986
0.487797
0.487742
0.487544
0.487348
0.487134
0.486947
0.486876
0.486625
0.486409
0.486281
0.486103
0.485954
0.485823
0.485584
0.485457
0.485454
0.485370
0.485241
0.485032
0.484930
0.484701
0.484434
0.484336
0.484135
0.484003
0.483813
0.483680
0.483712
0.483576
0.483395
0.483371
0.483219
0.483213
0.483010
0.483131
0.482972
0.482782
0.482741
0.482564
0.482343
0.482261
0.482075
0.481880
0.481799
0.481596
0.481432
0.481270
0.481054
0.480923
0.480877
0.480697
0.480563
0.480413
0.480224
0.480132
0.479980
0.479866
0.479699
0.479481
0.479285
0.479005
0.478796
0.478611
0.478552
0.478468
0.478500
0.478364
0.478142
0.477996
0.477958
0.477830
0.477663
0.477540
0.477486
0.477214
0.477107
0.476922
0.476657
0.476682
0.476459
0.476334
0.476206
0.476029
0.475972
0.475918
0.475747
0.475850
0.475719
0.475597
0.475440
0.475313
0.475234
0.475097
0.474977
0.474830
0.474739
0.474587
0.474440
0.474348
0.474173
0.474030
0.473856
0.473634
0.473412
0.473333
0.473191
0.472972
0.472922
0.472716
0.472592
0.472485
0.472340
0.472231
0.472183
0.471921
0.471743
0.471722
0.471675
0.471512
0.471462
0.471411
0.471236
0.471176
0.471114
0.470932
0.470845
0.470664
0.470534
0.470366
0.470172
0.470107
0.469982
0.469864
0.469707
0.469549
0.469380
0.469153
0.469152
0.468979
0.468881
0.468813
0.468680
0.468574
0.468496
0.468417
0.468215
0.468095
0.468067
0.467972
0.467864
0.467755
0.467653
0.467483
0.467403
0.467264
0.467139
0.466898
0.466746
0.466612
0.466553
0.466391
0.466168
0.465997
0.465853
0.465650
0.465519
0.465430
0.465335
0.465162
0.465013
0.464916
0.464789
0.464539
0.464489
0.464386
0.464261
0.464188
0.464135
0.463979
0.463836
0.463699
0.463610
0.463525
0.463452
0.463388
0.463335
0.463218
0.463163
0.463049
0.462900
0.462755
0.462648
0.462494
0.462331
0.462367
0.462204
0.462160
0.461987
0.461886
0.461656
0.461523
0.461386
0.461346
0.461333
0.461141
0.461042
0.460889
0.460733
0.460588
0.460577
0.460488
0.460415
0.460328
0.460452
0.460389
0.460302
0.460307
0.460197
0.460044
0.459815
0.459748
0.459537
0.459426
0.459281
0.459116
0.458952
0.458879
0.458852
0.458724
0.458592
0.458682
0.458655
0.458477
0.238202
0.189713
0.253413
0.280560
0.274687
0.274003
0.284101
0.276256
0.271821
0.265166
0.259040
0.263528
0.260584
0.258920
0.258581
0.262355
0.260454
0.263789
0.275020
0.275218
0.278011
0.279755
0.285053
0.282271
0.285587
0.293603
0.292996
0.292555
0.296292
0.299231
0.298483
0.300809
0.302441
0.303546
0.300581
0.300736
0.296866
0.298291
0.293438
0.290328
0.288346
0.289368
0.286294
0.286160
0.285542
0.284397
0.284266
0.281860
0.285189
0.287041
0.287890
0.287059
0.286697
0.288052
0.290072
0.291282
0.291662
0.290812
0.291315
0.290358
0.290386
0.289647
0.290712
0.290324
0.291090
0.292449
0.292540
0.291319
0.290122
0.289016
0.289462
0.288576
0.286953
0.287210
0.287187
0.288218
0.290460
0.288531
0.287111
0.287837
0.288726
0.289737
0.289392
0.289967
0.291006
0.289026
0.288619
0.288483
0.289528
0.288019
0.288341
0.286963
0.286848
0.290191
0.289112
0.288786
0.289669
0.290278
0.289906
0.291905
0.291783
0.294003
0.295010
0.294638
0.293934
0.295313
0.295978
0.295965
0.295783
0.297159
0.296613
0.295285
0.295550
0.295866
0.297848
0.299180
0.298842
0.300446
0.299819
0.300314
0.300693
0.299611
0.299968
0.298753
0.298158
0.298450
0.299606
0.300009
0.299223
0.298161
0.298613
0.298365
0.298144
0.297650
0.296723
0.297954
0.297878
0.298819
0.298299
0.298807
0.297986
0.297220
0.298305
0.298314
0.298500
0.297585
0.298128
0.297306
0.296673
0.296988
0.296928
0.295956
0.296210
0.295694
0.296615
0.297349
0.297893
0.297645
0.298014
0.297298
0.296766
0.297153
0.296848
0.296282
0.296035
0.296927
0.296299
0.296286
0.296052
0.297100
0.296855
0.296329
0.297227
0.296854
0.297302
0.297631
0.297439
0.297261
0.297157
0.297749
0.297439
0.298556
0.298334
0.299115
0.298491
0.298396
0.297975
0.297588
0.297385
0.297348
0.297631
0.298574
0.298265
0.298376
0.299029
0.298193
0.298569
0.297529
0.297033
0.296899
0.296694
0.296565
0.297084
0.296981
0.296645
0.297423
0.297360
0.297822
0.297373
0.297287
0.296723
0.296233
0.296326
0.296715
0.296216
0.295885
0.295572
0.294922
0.294924
0.294610
0.294957
0.294696
0.294644
0.294897
0.294885
0.294264
0.294230
0.294687
0.293895
0.293846
0.293710
0.294138
0.294661
0.294187
0.295151
0.295239
0.295246
0.295066
0.295041
0.295555
0.295821
0.296640
0.297190
0.297527
0.297183
0.296933
0.296679
0.296356
0.296571
0.296307
0.295471
0.295679
0.295201
0.295457
0.295339
0.295087
0.295992
0.295429
0.295689
0.295535
0.295452
0.295012
0.294825
0.294556
0.294757
0.294663
0.294731
0.295141
0.296203
0.296622
0.296384
0.296524
0.296925
0.296675
0.296723
0.296693
0.297028
0.297110
0.297371
0.297716
0.297926
0.297568
0.297166
0.297427
0.297090
0.296982
0.296636
0.296412
0.296821
0.296719
0.296410
0.295999
0.295367
0.295099
0.295575
0.295384
0.294980
0.294663
0.294996
0.294607
0.294414
0.294160
0.294343
0.294178
0.293723
0.293601
0.293460
0.293263
0.293868
0.294154
0.294486
0.294134
0.293891
0.293391
0.293733
0.293780
0.293635
0.293515
0.293738
0.293421
0.293165
0.292980
0.292600
0.292566
0.292478
0.292233
0.292020
0.291840
0.291780
0.291629
0.291868
0.291687
0.291502
0.291418
0.291191
0.291035
0.290854
0.290449
0.290329
0.290280
0.289978
0.290072
0.289760
0.289469
0.289543
0.289783
0.289469
0.289820
0.289939
0.289922
0.289796
0.289538
0.289920
0.289959
0.289768
0.289736
0.289765
0.290039
0.290406
0.290153
0.290640
0.290207
0.289933
0.289761
0.289365
0.289059
0.289344
0.289205
0.289502
0.289731
0.289568
0.289370
0.289331
0.289204
0.289060
0.289875
0.290261
0.290381
0.290211
0.290478
0.290179
0.289986
0.289944
0.289655
0.289885
0.290110
0.289963
0.290203
0.290201
0.289969
0.289690
0.289962
0.289701
0.289613
0.289513
0.289681
0.289361
0.289064
0.289044
0.289171
0.289438
0.289658
0.289619
0.289301
0.289247
0.289812
0.289832
0.289530
0.289360
0.289268
0.289363
0.289216
0.289692
0.289720
0.289605
0.289624
0.289506
0.289458
0.289677
0.289963
0.289628
0.289512
0.289414
0.289759
0.289571
0.289628
0.289563
0.289740
0.289558
0.289463
0.289868
0.290386
0.290298
0.290435
0.290406
0.290505
0.290248
0.290028
0.290131
0.290096
0.290064
0.290166
0.290209
0.290216
0.290188
0.290282
0.290145
0.290004
0.289847
0.289756
0.289876
0.289972
0.290035
0.290166
0.290251
0.289975
0.289879
0.290098
0.290108
0.290127
0.290039
0.290105
0.290042
0.290335
0.290393
0.290348
0.290224
0.290044
0.289894
0.289594
0.289208
0.289188
0.288807
0.288742
0.288850
0.289154
0.288880
0.289062
0.288969
0.288926
0.289084
0.289154
0.289143
0.289115
0.289191
0.289516
0.289591
0.290082
0.290040
0.290072
0.290177
0.290100
0.290204
0.290073
0.289872
0.289963
0.289898
0.289832
0.289798
0.289514
0.289381
0.289059
0.289022
0.289042
0.289089
0.289325
0.289305
0.289130
0.289115
0.289017
0.288929
0.288973
0.289240
0.289466
0.289513
0.289521
0.289738
0.289694
0.289876
0.290128
0.290297
0.290275
0.290159
0.289913
0.289807
0.289880
0.289659
0.289735
0.289618
0.289742
0.289850
0.289881
0.289644
0.289728
0.289558
0.289587
0.289639
0.289361
0.289229
0.289232
0.289042
0.288962
0.288982
0.288959
0.288835
0.288866
0.288735
0.288478
0.288208
0.288129
0.288243
0.288551
0.288420
0.288350
0.288408
0.288214
0.288257
0.287983
0.287893
0.287805
0.287511
0.287507
0.287309
0.287235
0.287474
0.287311
0.287236
0.287342
0.287507
0.287536
0.287407
0.287257
0.287210
0.287374
0.287326
0.287121
0.287014
0.287505
0.287363
0.287465
0.287225
0.287241
0.287337
0.287249
0.287453
0.287340
0.287133
0.287431
0.287339
0.287259
0.287310
0.287417
0.287299
0.287017
0.286942
0.286840
0.286573
0.286471
0.286565
0.286609
0.286389
0.286286
0.286497
0.286482
0.286559
0.286291
0.286170
0.286128
0.285905
0.286198
0.286028
0.286008
0.286127
0.286152
0.286132
0.285907
0.286047
0.286063
0.285817
0.285636
0.285729
0.285588
0.285451
0.285507
0.285538
0.285442
0.285567
0.285366
0.285251
0.285270
0.285202
0.285157
0.285233
0.285470
0.285550
0.285507
0.285188
0.285059
0.284948
0.284895
0.284976
0.285151
0.284906
0.284744
0.284778
0.284662
0.284799
0.285019
0.285271
0.285249
0.285090
0.285145
0.285138
0.285156
0.284958
0.285209
0.285191
0.285120
0.285004
0.285331
0.285099
0.285179
0.285036
0.285020
0.284802
0.284712
0.284677
0.284607
0.284517
0.284592
0.284619
0.285116
0.285045
0.284924
0.284920
0.284927
0.284720
0.284890
0.284957
0.285227
0.285194
0.285356
0.285294
0.285191
0.285209
0.284934
0.284847
0.284841
0.285038
0.285082
0.285067
0.285017
0.285008
0.284982
0.284984
0.284954
0.285045
0.284960
0.284815
0.284722
0.284570
0.284443
0.284317
0.284154
0.284476
0.284322
0.284142
0.284206
0.284131
0.284155
0.284180
0.284250
0.284003
0.283973
0.284076
0.283935
0.283938
0.283770
0.283667
0.283560
0.283722
0.283534
0.283584
0.283551
0.283521
0.283497
0.283589
0.283459
0.283581
0.283693
0.284045
0.283861
0.283848
0.284051
0.283989
0.284092
0.284182
0.284196
0.284186
0.284028
0.284168
0.284184
0.284005
0.283883
0.283801
0.283746
0.283665
0.283491
0.283446
0.283508
0.283587
0.283484
0.283410
0.283448
0.283314
0.283236
0.283544
0.283518
0.283624
0.283711
0.283698
0.283635
0.283662
0.283532
0.283497
0.283389
0.283419
0.283418
0.283424
0.283367
0.283253
0.283560
0.283414
0.283347
0.283464
0.283345
0.283247
0.283128
0.283127
0.283031
0.282873
0.282894
0.282923
0.282802
0.282642
0.282516
0.282746
0.282579
0.282504
0.282458
0.282487
0.282462
0.282562
0.282410
0.282315
0.282227
0.282144
0.282116
0.282147
0.282068
0.281888
0.281962
0.281800
0.281748
0.281653
0.281910
0.281844
0.281895
0.281884
0.281920
0.282000
0.282125
0.282132
0.282094
0.281954
0.281986
0.282005
0.282083
0.282220
0.282004
0.281874
0.281865
0.282027
0.282063
0.282292
0.282156
0.282164
0.282264
0.282258
0.282420
0.282337
0.282601
0.282579
0.282415
0.282458
0.282608
0.282478
0.282334
0.282375
0.282466
0.282385
0.282537
0.282447
0.282368
0.282305
0.282156
0.282098
0.282090
0.282083
0.282152
0.282217
0.282220
0.282205
0.282138
0.282124
0.282226
0.282333
0.282133
0.282038
0.281965
0.281892
0.281857
0.281722
0.281714
0.281644
0.281602
0.281391
0.281381
0.281353
0.281604
0.281600
0.281542
0.281482
0.281415
0.281439
0.281319
0.281383
0.281396
0.281391
0.281251
0.281272
0.281085
0.280914
0.280878
0.281014
0.281084
0.281133
0.281188
0.281282
0.281330
0.281429
0.281447
0.281575
0.281532
0.281631
0.281734
0.281675
0.281692
0.281682
0.281633
0.281626
0.281746
0.281710
0.281638
0.281527
0.281434
0.281416
0.281373
0.281265
0.281277
0.281214
0.281085
0.280980
0.280901
0.281034
0.280959
0.280859
0.280761
0.280821
0.280802
0.280699
0.280680
0.280654
0.280540
0.280527
0.280578
0.280529
0.280475
0.280478
0.280687
0.280829
0.280794
0.280736
0.280536
0.280452
0.280408
0.280328
0.280437
0.280466
0.280337
0.280166
0.280154
0.280097
0.280275
0.280254
0.280300
0.280396
0.280506
0.280496
0.280432
0.280415
0.280390
0.280413
0.280505
0.280419
0.280388
0.280372
0.280393
0.280401
0.280374
0.280376
0.280389
0.280415
0.280337
0.280390
0.280346
0.280267
0.280314
0.280240
0.280108
0.280174
0.280024
0.279928
0.279877
0.279877
0.279881
0.279737
0.279632
0.279573
0.279539
0.279489
0.279501
0.279439
0.279376
0.279368
0.279316
0.279249
0.279175
0.279057
0.278935
0.279007
0.278959
0.278893
0.278793
0.278733
0.278912
0.278841
0.278722
0.278698
0.278699
0.278757
0.278767
0.278833
0.278721
0.278683
0.278601
0.278547
0.278612
0.278763
0.278702
0.278751
0.278825
0.278846
0.278792
0.278798
0.278877
0.278700
0.278603
0.278555
0.278492
0.278534
0.278491
0.278376
0.278275
0.278462
0.278402
0.278419
0.278325
0.278275
0.278392
0.278374
0.278411
0.278448
0.278598
0.278579
0.278492
0.278698
0.278684
0.278791
0.278648
0.278566
0.278533
0.278648
0.278538
0.278456
0.278560
0.278571
0.278595
0.278525
0.278449
0.278516
0.278442
0.278415
0.278397
0.278432
0.278409
0.278388
0.278488
0.278424
0.278343
0.278363
0.278509
0.278398
0.278378
0.278353
0.278496
0.278417
0.278379
0.278335
0.278300
0.278362
0.278244
0.278188
0.278397
0.278270
0.278295
0.278341
0.278197
0.278176
0.278093
0.278038
0.278123
0.278308
0.278356
0.278229
0.278165
0.278188
0.278179
0.278233
0.278186
0.278152
0.278131
0.278157
0.278083
0.278055
0.277947
0.277921
0.277845
0.277924
0.278038
0.278008
0.277964
0.277844
0.277823
0.277684
0.277702
0.277674
0.277657
0.277665
0.277641
0.277593
0.277528
0.277470
0.277455
0.277429
0.277330
0.277253
0.277186
0.277125
0.277038
0.277020
0.277005
0.277102
0.277017
0.277056
0.277108
0.277122
0.277183
0.277094
0.277089
0.276982
0.276981
0.277011
0.277134
0.277046
0.277040
0.276967
0.276950
0.276963
0.276837
0.276909
0.276837
0.276767
0.276863
0.276839
0.276708
0.276688
0.276730
0.276801
0.276817
0.276850
0.276749
0.276658
0.276634
0.276524
0.276521
0.276433
0.276385
0.276428
0.276511
0.276446
0.276712
0.276593
0.276469
0.276456
0.276387
0.276247
0.276232
0.276100
0.276062
0.276087
0.276051
0.276064
0.276122
0.276055
0.276023
0.275961
0.275886
0.275842
0.275756
0.275668
0.275609
0.275819
0.275821
0.275808
0.275763
0.275755
0.275794
0.275734
0.276099
0.276067
0.276030
0.276023
0.276017
0.275958
0.275870
0.275788
0.275653
0.275587
0.275571
0.275521
0.275474
0.275344
0.275348
0.275275
0.275326
0.275258
0.275312
0.275410
0.275499
0.275442
0.275479
0.275521
0.275510
0.275506
0.275568
0.275874
0.275765
0.275804
0.275802
0.275740
0.275898
0.275902
0.275833
0.275863
0.275971
0.275893
0.275841
0.275868
0.275953
0.275953
0.275911
0.275877
0.276002
0.276046
0.276006
0.276065
0.275996
0.275983
0.275929
0.275995
0.276005
0.275941
0.275878
0.275816
0.275794
0.275722
0.275752
0.275675
0.275628
0.275554
0.275447
0.275597
0.275539
0.275590
0.275536
0.275475
0.275370
0.275319
0.275272
0.275265
0.275326
0.275396
0.275331
0.275432
0.275409
0.275437
0.275383
0.275415
0.275396
0.275432
0.275341
0.275363
0.275479
0.275449
0.275426
0.275447
0.275343
0.275385
0.275270
0.275238
0.275491
0.275407
0.275374
0.275397
0.275347
0.275405
0.275402
0.275388
0.275323
0.275270
0.275227
0.275226
0.275159
0.275130
0.275085
0.275065
0.275036
0.274966
0.274946
0.274866
0.274814
0.274811
0.274732
0.274718
0.274854
0.274816
0.274801
0.274791
0.274897
0.274842
0.274802
0.274855
0.274824
0.274822
0.274804
0.274877
0.274923
0.274962
0.274860
0.274805
0.274885
0.274838
0.274877
0.274773
0.274653
0.274707
0.274642
0.274532
0.274528
0.274472
0.274425
0.274449
0.274441
0.274401
0.274467
0.274431
0.274484
0.274488
0.274485
0.274389
0.274433
0.274461
0.274476
0.274530
0.274620
0.274558
0.274452
0.274475
0.274442
0.274395
0.274410
0.274334
0.274347
0.274423
0.274470
0.274436
0.274453
0.274468
0.274401
0.274355
0.274328
0.274289
0.274249
0.274188
0.274153
0.274088
0.274012
0.274007
0.273907
0.273884
0.273955
0.273943
0.273921
0.274048
0.274084
0.273985
0.274003
0.273914
0.273898
0.273909
0.273928
0.273955
0.273986
0.273979
0.273914
0.273933
0.273926
0.273922
0.273941
0.273995
0.274054
0.274036
0.273913
0.273825
0.273735
0.273695
0.273736
0.273838
0.273795
0.273774
0.273770
0.273890
0.273922
0.274018
0.273894
0.273860
0.273833
0.273811
0.273814
0.273770
0.273826
0.273741
0.273721
0.273809
0.273745
0.273810
0.273748
0.273696
0.273683
0.273596
0.273609
0.273683
0.273702
0.273740
0.273684
0.273596
0.273582
0.273547
0.273549
0.273452
0.273472
0.273552
0.273610
0.273612
0.273615
0.273647
0.273561
0.273488
0.273532
0.273675
0.273667
0.273723
0.273687
0.273626
0.273551
0.273571
0.273494
0.273468
0.273419
0.273357
0.273392
0.273338
0.273315
0.273265
0.273220
0.273268
0.273279
0.273283
0.273277
0.273225
0.273217
0.273206
0.273160
0.273201
0.273177
0.273058
0.273101
0.273026
0.273020
0.273012
0.273032
0.272966
0.272953
0.272874
0.272854
0.273061
0.273041
0.272928
0.272886
0.272899
0.272904
0.272917
0.272910
0.272921
0.272920
0.272854
0.272983
0.272922
0.272882
0.272835
0.272783
0.272834
0.272781
0.272729
0.272762
0.272757
0.210576
0.225557
0.217957
0.252398
0.264437
0.299429
0.291104
0.288916
0.283825
0.298832
0.286880
0.285871
0.287040
0.290492
0.287539
0.279283
0.272508
0.268861
0.269420
0.264170
0.270193
0.274611
0.275355
0.268728
0.264061
0.261623
0.274168
0.274202
0.272979
0.273534
0.272377
0.273489
0.274558
0.274107
0.271956
0.270932
0.269334
0.270011
0.269454
0.266540
0.267127
0.266812
0.265070
0.266792
0.271076
0.271009
0.270262
0.271593
0.272505
0.271233
0.270255
0.269547
0.267886
0.269922
0.267306
0.267151
0.266777
0.266827
0.266588
0.267458
0.265424
0.266629
0.268371
0.268841
0.267369
0.266201
0.265174
0.263934
0.261902
0.259597
0.258388
0.260316
0.259459
0.261067
0.260940
0.265498
0.264904
0.264228
0.262899
0.262328
0.261340
0.261210
0.260938
0.261348
0.261759
0.262995
0.263603
0.262100
0.262596
0.262675
0.261829
0.261664
0.261194
0.260871
0.261228
0.261167
0.262179
0.261589
0.261170
0.260352
0.260477
0.260944
0.261880
0.261398
0.261595
0.261148
0.260656
0.259743
0.259535
0.258518
0.257472
0.257681
0.256721
0.255786
0.255828
0.255102
0.255347
0.256506
0.257370
0.256122
0.256941
0.257382
0.257468
0.258008
0.256848
0.256524
0.256602
0.257131
0.257724
0.257278
0.257415
0.256913
0.256279
0.256369
0.256031
0.255544
0.255211
0.255086
0.254258
0.253616
0.253781
0.253570
0.253119
0.252411
0.252811
0.252552
0.252125
0.253025
0.252869
0.252347
0.251768
0.251895
0.251977
0.252406
0.251490
0.251569
0.250470
0.250711
0.250539
0.250419
0.250841
0.250783
0.249835
0.250581
0.250087
0.250268
0.249872
0.249440
0.249540
0.250432
0.250853
0.250596
0.249972
0.249867
0.249984
0.249726
0.250115
0.250446
0.250000
0.250067
0.250890
0.251513
0.250698
0.251154
0.250686
0.250148
0.250056
0.250293
0.249939
0.251114
0.251088
0.252299
0.251919
0.251865
0.251316
0.251421
0.251559
0.252312
0.252173
0.252747
0.253078
0.252484
0.252617
0.252606
0.252719
0.252621
0.252109
0.251756
0.251865
0.251729
0.252000
0.251426
0.251160
0.251636
0.250933
0.250877
0.251053
0.250888
0.251189
0.251214
0.251012
0.250681
0.250187
0.250318
0.250174
0.250069
0.250202
0.250297
0.250310
0.250158
0.249840
0.249592
0.250256
0.249824
0.249648
0.249350
0.248841
0.248727
0.248835
0.249040
0.249170
0.248858
0.249293
0.249302
0.248708
0.249058
0.249411
0.249175
0.249059
0.249767
0.250097
0.250317
0.250339
0.249942
0.249450
0.249224
0.249166
0.249163
0.249069
0.248781
0.248630
0.248861
0.248979
0.248891
0.248778
0.248380
0.248426
0.248258
0.248252
0.248421
0.248055
0.247924
0.248201
0.248465
0.248358
0.248645
0.248492
0.248840
0.248798
0.248852
0.248755
0.249045
0.248876
0.248458
0.248040
0.247989
0.247845
0.247837
0.247751
0.248162
0.247917
0.247606
0.247925
0.247819
0.248009
0.248177
0.248801
0.248835
0.248360
0.248272
0.248692
0.248898
0.249341
0.249240
0.249097
0.249465
0.249559
0.249612
0.249309
0.249163
0.249401
0.249507
0.249460
0.249018
0.249050
0.248781
0.248599
0.248974
0.249171
0.249445
0.249454
0.249504
0.249291
0.249116
0.249229
0.248919
0.248995
0.248823
0.248870
0.248824
0.248815
0.248808
0.248681
0.249208
0.249222
0.249064
0.249251
0.249395
0.249305
0.249175
0.249087
0.249140
0.248961
0.248916
0.248687
0.248977
0.248793
0.249117
0.248859
0.249285
0.249234
0.249144
0.249044
0.248789
0.249074
0.248840
0.248658
0.249014
0.249124
0.249194
0.249137
0.249148
0.248985
0.248833
0.248396
0.248289
0.248510
0.248311
0.248139
0.248003
0.247689
0.247720
0.247442
0.247284
0.247354
0.247435
0.247283
0.247253
0.247405
0.247221
0.246986
0.247014
0.247088
0.246667
0.246510
0.246374
0.246216
0.246286
0.246370
0.246252
0.246903
0.246749
0.246619
0.246505
0.246669
0.246812
0.246693
0.246392
0.246293
0.246736
0.246942
0.246750
0.246874
0.246711
0.246489
0.246534
0.246576
0.246433
0.246326
0.246091
0.246096
0.246143
0.246636
0.246790
0.246622
0.246684
0.246887
0.247033
0.247206
0.247058
0.246956
0.246716
0.246684
0.246698
0.246781
0.246755
0.246483
0.246149
0.246169
0.246463
0.246495
0.246348
0.246193
0.246293
0.246248
0.246326
0.246505
0.246429
0.246151
0.246187
0.246463
0.246543
0.246401
0.246355
0.246621
0.246518
0.246798
0.247030
0.246909
0.246894
0.247248
0.247390
0.247195
0.247224
0.247163
0.247053
0.247219
0.247300
0.247675
0.247630
0.247634
0.247870
0.247730
0.247697
0.247447
0.247512
0.247370
0.247259
0.246981
0.246787
0.246776
0.246710
0.246740
0.246712
0.246538
0.246526
0.246505
0.246439
0.246697
0.246794
0.247074
0.246941
0.246843
0.246938
0.246822
0.246716
0.246751
0.246673
0.246588
0.246641
0.246545
0.246988
0.247110
0.247091
0.247151
0.247221
0.247080
0.247113
0.247321
0.247333
0.247104
0.247223
0.247211
0.247130
0.247258
0.247274
0.247381
0.247165
0.247614
0.247780
0.247776
0.247908
0.247749
0.247787
0.248098
0.248135
0.248094
0.247853
0.247980
0.247950
0.248238
0.248263
0.248320
0.248215
0.248345
0.248381
0.248634
0.248764
0.248774
0.248642
0.248457
0.248300
0.248139
0.248204
0.248216
0.248487
0.248621
0.248590
0.248576
0.248365
0.248174
0.248103
0.248008
0.247998
0.247948
0.247820
0.247742
0.247994
0.247974
0.248309
0.248196
0.248012
0.247827
0.247792
0.247638
0.247579
0.247416
0.247526
0.247591
0.247874
0.247745
0.247578
0.247637
0.247645
0.247619
0.248017
0.248094
0.247951
0.248080
0.248219
0.247893
0.247785
0.247795
0.247872
0.247707
0.247920
0.247714
0.247888
0.247869
0.247826
0.247728
0.247892
0.248038
0.248326
0.248217
0.248329
0.248256
0.248746
0.248836
0.248790
0.248810
0.248802
0.248642
0.248555
0.248586
0.248664
0.248511
0.248316
0.248396
0.248338
0.248408
0.248523
0.248473
0.248574
0.248558
0.248675
0.248643
0.248941
0.249190
0.249219
0.248959
0.249128
0.248996
0.248941
0.249036
0.248916
0.249189
0.249156
0.249076
0.249026
0.249055
0.248961
0.248806
0.248740
0.248599
0.248502
0.248563
0.248505
0.248654
0.248728
0.248666
0.248800
0.248942
0.248960
0.248775
0.248749
0.248563
0.248509
0.248729
0.249098
0.249144
0.249195
0.249146
0.249171
0.249069
0.249023
0.248846
0.248805
0.248865
0.248872
0.248844
0.248667
0.248670
0.248580
0.248705
0.248622
0.248713
0.248792
0.248933
0.248846
0.248842
0.248662
0.248605
0.248442
0.248393
0.248283
0.248326
0.248584
0.248352
0.248303
0.248300
0.248336
0.248572
0.248555
0.248743
0.248604
0.248565
0.248798
0.248887
0.248911
0.248973
0.248916
0.248877
0.248898
0.249193
0.249087
0.249135
0.249197
0.249304
0.249377
0.249184
0.249188
0.249012
0.249278
0.249389
0.249428
0.249353
0.249561
0.249493
0.249629
0.249641
0.249637
0.249598
0.249496
0.249335
0.249374
0.249439
0.249416
0.249309
0.249192
0.249121
0.249166
0.249056
0.249163
0.249230
0.249246
0.249252
0.249280
0.249251
0.249267
0.249385
0.249311
0.249191
0.249102
0.249060
0.249096
0.249121
0.249132
0.249208
0.249313
0.249326
0.249119
0.249198
0.249064
0.249007
0.248874
0.248861
0.248665
0.248771
0.248645
0.248654
0.248707
0.248654
0.248497
0.248809
0.248784
0.248837
0.248824
0.248758
0.248665
0.248517
0.248491
0.248344
0.248313
0.248372
0.248306
0.248217
0.248264
0.248212
0.248274
0.248320
0.248150
0.248246
0.248395
0.248290
0.248161
0.248335
0.248230
0.248234
0.248258
0.248135
0.248080
0.248070
0.248131
0.248065
0.248054
0.248187
0.248279
0.248171
0.248051
0.248105
0.248012
0.247928
0.247995
0.248053
0.247977
0.248001
0.247900
0.247935
0.247972
0.247858
0.247726
0.247709
0.247581
0.247414
0.247330
0.247219
0.247123
0.247029
0.247216
0.247188
0.247187
0.247193
0.247190
0.247210
0.247089
0.247033
0.247038
0.246949
0.246935
0.246923
0.247115
0.246923
0.247165
0.247085
0.247132
0.247241
0.247207
0.247065
0.247101
0.246868
0.246825
0.246790
0.246831
0.246956
0.246886
0.247117
0.246952
0.246857
0.246881
0.246937
0.246782
0.246859
0.246723
0.246883
0.246976
0.247333
0.247372
0.247402
0.247373
0.247392
0.247390
0.247415
0.247483
0.247408
0.247356
0.247296
0.247349
0.247288
0.247259
0.247151
0.247385
0.247278
0.247174
0.247129
0.247054
0.247024
0.246952
0.246801
0.246798
0.246816
0.246757
0.246662
0.246710
0.246718
0.246658
0.246712
0.246760
0.246814
0.246785
0.246855
0.246804
0.246781
0.246820
0.246880
0.246970
0.247038
0.247055
0.247137
0.247196
0.247214
0.247358
0.247466
0.247370
0.247327
0.247262
0.247206
0.247265
0.247241
0.247348
0.247268
0.247127
0.247321
0.247274
0.247269
0.247402
0.247378
0.247385
0.247413
0.247289
0.247290
0.247197
0.247375
0.247292
0.247272
0.247102
0.247031
0.247115
0.247023
0.247173
0.247210
0.247353
0.247201
0.247086
0.247046
0.247015
0.247074
0.247248
0.247324
0.247202
0.247161
0.247290
0.247292
0.247279
0.247297
0.247295
0.247226
0.247354
0.247316
0.247215
0.247361
0.247660
0.247669
0.247775
0.247752
0.247662
0.247652
0.247585
0.247764
0.247628
0.247527
0.247628
0.247566
0.247455
0.247485
0.247477
0.247440
0.247385
0.247433
0.247560
0.247585
0.247506
0.247455
0.247509
0.247465
0.247469
0.247430
0.247448
0.247345
0.247318
0.247276
0.247310
0.247337
0.247482
0.247400
0.247292
0.247225
0.247214
0.247135
0.247148
0.247140
0.247102
0.247130
0.247074
0.247060
0.247207
0.247193
0.247352
0.247270
0.247277
0.247317
0.247282
0.247216
0.247262
0.247303
0.247303
0.247321
0.247364
0.247399
0.247359
0.247267
0.247160
0.247094
0.247113
0.247239
0.247249
0.247293
0.247334
0.247285
0.247411
0.247440
0.247367
0.247341
0.247313
0.247281
0.247254
0.247148
0.247154
0.247204
0.247150
0.247152
0.247050
0.247072
0.247047
0.246997
0.246909
0.247159
0.247098
0.247038
0.247056
0.247035
0.246904
0.246954
0.246871
0.246862
0.246959
0.246884
0.246889
0.246876
0.246901
0.246816
0.246930
0.246810
0.246790
0.246796
0.246742
0.246751
0.246858
0.246826
0.246779
0.246722
0.246670
0.246609
0.246604
0.246608
0.246671
0.246615
0.246723
0.246804
0.246706
0.246769
0.246679
0.246534
0.246505
0.246561
0.246473
0.246462
0.246385
0.246271
0.246338
0.246207
0.246135
0.246090
0.246064
0.246016
0.245985
0.246166
0.246032
0.245922
0.245975
0.246118
0.246074
0.246186
0.246065
0.246180
0.246130
0.246300
0.246206
0.246309
0.246360
0.246303
0.246260
0.246293
0.246182
0.246127
0.246128
0.246003
0.245935
0.245881
0.245915
0.245968
0.245931
0.245904
0.245889
0.245850
0.245871
0.245948
0.245955
0.245967
0.245952
0.245885
0.245918
0.246021
0.245997
0.245967
0.245889
0.245838
0.245799
0.245708
0.245693
0.245845
0.245819
0.245836
0.245827
0.245810
0.245941
0.245920
0.245915
0.245864
0.245881
0.245900
0.246161
0.246328
0.246415
0.246370
0.246360
0.246236
0.246219
0.246249
0.246180
0.246130
0.246059
0.245981
0.246091
0.246072
0.246056
0.246012
0.245996
0.246037
0.246033
0.246147
0.246332
0.246335
0.246466
0.246424
0.246328
0.246357
0.246376
0.246513
0.246527
0.246504
0.246427
0.246417
0.246370
0.246475
0.246467
0.246414
0.246458
0.246514
0.246493
0.246486
0.246452
0.246354
0.246319
0.246364
0.246287
0.246284
0.246476
0.246415
0.246376
0.246352
0.246330
0.246318
0.246243
0.246362
0.246553
0.246486
0.246477
0.246474
0.246346
0.246266
0.246184
0.246190
0.246140
0.246214
0.246215
0.246351
0.246283
0.246396
0.246307
0.246330
0.246312
0.246260
0.246486
0.246468
0.246377
0.246332
0.246362
0.246366
0.246280
0.246288
0.246330
0.246365
0.246418
0.246379
0.246331
0.246275
0.246211
0.246182
0.246098
0.246052
0.245962
0.245905
0.245908
0.245800
0.245828
0.245857
0.245845
0.245836
0.245872
0.245754
0.245859
0.245937
0.245963
0.245829
0.245866
0.245919
0.245825
0.245689
0.245700
0.245598
0.245573
0.245534
0.245555
0.245549
0.245557
0.245666
0.245817
0.245895
0.245910
0.245818
0.245867
0.245892
0.245879
0.245861
0.245970
0.245911
0.245956
0.246022
0.245998
0.246150
0.246105
0.246122
0.246029
0.245932
0.245895
0.245921
0.246095
0.246119
0.246059
0.246125
0.246321
0.246298
0.246388
0.246356
0.246254
0.246208
0.246370
0.246336
0.246389
0.246385
0.246305
0.246380
0.246534
0.246486
0.246550
0.246580
0.246684
0.246674
0.246672
0.246732
0.246716
0.246698
0.246811
0.246761
0.246654
0.246633
0.246533
0.246557
0.246517
0.246578
0.246518
0.246490
0.246600
0.246680
0.246596
0.246625
0.246536
0.246598
0.246534
0.246511
0.246512
0.246534
0.246590
0.246679
0.246744
0.246776
0.246734
0.246745
0.246842
0.246908
0.246820
0.246832
0.246835
0.246768
0.246744
0.246695
0.246667
0.246596
0.246566
0.246525
0.246489
0.246512
0.246445
0.246577
0.246487
0.246469
0.246440
0.246365
0.246336
0.246447
0.246442
0.246400
0.246348
0.246364
0.246341
0.246244
0.246279
0.246470
0.246416
0.246352
0.246433
0.246459
0.246439
0.246433
0.246334
0.246351
0.246269
0.246264
0.246202
0.246300
0.246366
0.246269
0.246264
0.246248
0.246186
0.246192
0.246302
0.246240
0.246174
0.246173
0.246189
0.246190
0.246146
0.246194
0.246158
0.246206
0.246164
0.246081
0.245969
0.245874
0.245824
0.245806
0.245749
0.245867
0.245888
0.245827
0.245879
0.245834
0.245797
0.245801
0.245739
0.245664
0.245606
0.245611
0.245562
0.245613
0.245572
0.245566
0.245514
0.245554
0.245489
0.245429
0.245401
0.245327
0.245265
0.245150
0.245166
0.245168
0.245266
0.245225
0.245249
0.245196
0.245152
0.245190
0.245171
0.245124
0.245101
0.245065
0.245031
0.245060
0.245060
0.245000
0.244982
0.244957
0.244891
0.244888
0.244883
0.244871
0.244797
0.244858
0.244829
0.244874
0.244812
0.244715
0.244698
0.244694
0.244604
0.244569
0.244566
0.244505
0.244548
0.244515
0.244431
0.244511
0.244427
0.244367
0.244514
0.244402
0.244408
0.244309
0.244272
0.244210
0.244241
0.244211
0.244136
0.244073
0.244054
0.244056
0.244047
0.244100
0.244157
0.244067
0.244087
0.244087
0.244057
0.244021
0.244030
0.244103
0.244086
0.244050
0.243993
0.244041
0.244048
0.244015
0.243978
0.244035
0.244038
0.244048
0.244030
0.244034
0.244011
0.244160
0.244125
0.244052
0.243974
0.244014
0.244001
0.244050
0.243968
0.244114
0.244098
0.244140
0.244064
0.244166
0.244224
0.244328
0.244289
0.244259
0.244295
0.244312
0.244266
0.244238
0.244217
0.244136
0.244104
0.244304
0.172900
0.193808
0.195415
0.210326
0.224522
0.234357
0.230497
0.216892
0.211788
0.224372
0.219343
0.232082
0.232544
0.225086
0.229131
0.224582
0.221437
0.222971
0.219043
0.219829
0.218900
0.214957
0.216648
0.220675
0.218887
0.221698
0.221987
0.230126
0.227561
0.225075
0.225493
0.223671
0.224433
0.225091
0.224371
0.226060
0.224866
0.222538
0.224042
0.224332
0.227462
0.227887
0.226045
0.227072
0.227092
0.225361
0.227164
0.226657
0.225320
0.224479
0.224736
0.227995
0.228032
0.227026
0.228452
0.228351
0.225832
0.226701
0.232017
0.231622
0.231966
0.230364
0.230136
0.228905
0.229486
0.228720
0.228776
0.228120
0.227231
0.228738
0.229041
0.229136
0.227384
0.228512
0.230437
0.231469
0.230867
0.230332
0.229040
0.228201
0.227202
0.226229
0.225646
0.224794
0.223945
0.223536
0.222666
0.221999
0.221235
0.220834
0.220491
0.219489
0.218213
0.217830
0.217414
0.219118
0.218375
0.219364
0.218377
0.218216
0.218584
0.218344
0.219019
0.220204
0.219851
0.220796
0.221431
0.221084
0.221295
0.221085
0.221419
0.221132
0.220135
0.219876
0.219141
0.218589
0.218974
0.218856
0.218684
0.219052
0.218938
0.218480
0.217671
0.217603
0.217428
0.217141
0.216371
0.217166
0.218546
0.217473
0.218297
0.217815
0.217597
0.216685
0.217586
0.217491
0.218278
0.217888
0.218709
0.219104
0.219378
0.218717
0.219609
0.220176
0.221265
0.220268
0.219769
0.219862
0.219185
0.219146
0.219353
0.219986
0.220132
0.221574
0.221830
0.222389
0.222877
0.222391
0.222313
0.222159
0.222940
0.223324
0.223195
0.224338
0.223609
0.224098
0.223669
0.223688
0.223728
0.223065
0.224667
0.224344
0.224548
0.224641
0.224968
0.224778
0.224885
0.225321
0.224725
0.224107
0.224349
0.224698
0.224124
0.224495
0.224968
0.224694
0.224868
0.224913
0.225182
0.225349
0.225033
0.225022
0.224486
0.224319
0.225516
0.225790
0.225527
0.225496
0.225613
0.225867
0.225692
0.225265
0.225594
0.225377
0.225144
0.225267
0.225065
0.225039
0.224800
0.225146
0.225736
0.225937
0.226008
0.226208
0.226074
0.226827
0.226884
0.226730
0.227123
0.227208
0.227558
0.227090
0.227317
0.227310
0.227315
0.227153
0.227849
0.227887
0.227547
0.227357
0.226943
0.226811
0.226293
0.226585
0.226290
0.226447
0.226060
0.226368
0.226373
0.226267
0.225907
0.225951
0.226047
0.226304
0.226006
0.225844
0.225541
0.226547
0.226364
0.226500
0.226191
0.226127
0.226353
0.226504
0.226277
0.225820
0.225565
0.225531
0.225359
0.225832
0.226167
0.226396
0.226351
0.226696
0.227040
0.227024
0.227971
0.227730
0.227893
0.227909
0.227778
0.227770
0.227612
0.227811
0.228020
0.227819
0.227586
0.227608
0.227155
0.227117
0.226803
0.227032
0.226963
0.227210
0.227577
0.227353
0.227189
0.227206
0.226914
0.226822
0.227620
0.227429
0.227305
0.227254
0.227125
0.226905
0.227009
0.226817
0.227100
0.227120
0.227306
0.227350
0.226971
0.226977
0.226725
0.226380
0.226183
0.226405
0.226143
0.225856
0.226194
0.226328
0.226601
0.226442
0.226944
0.226662
0.226515
0.226343
0.226508
0.226478
0.226428
0.226553
0.226545
0.226688
0.227094
0.226733
0.226601
0.226260
0.226084
0.225952
0.226128
0.226174
0.226719
0.226581
0.226529
0.226531
0.226464
0.226489
0.226460
0.226530
0.226443
0.227108
0.226818
0.226801
0.226940
0.226683
0.226880
0.226765
0.226771
0.227127
0.227604
0.227375
0.227285
0.226955
0.226731
0.226699
0.226499
0.226241
0.226281
0.226674
0.226756
0.227025
0.226772
0.226605
0.226383
0.226295
0.226324
0.226365
0.226277
0.226274
0.226276
0.226538
0.226595
0.226858
0.226911
0.227287
0.227306
0.227229
0.227092
0.226993
0.226889
0.226918
0.227210
0.227203
0.227400
0.227543
0.227347
0.227998
0.228144
0.228308
0.228577
0.228606
0.228316
0.228166
0.227934
0.228183
0.228161
0.228160
0.228319
0.228421
0.228158
0.228258
0.228566
0.228587
0.228418
0.228571
0.228439
0.228916
0.228872
0.228810
0.228766
0.228991
0.228792
0.228962
0.228713
0.228744
0.228872
0.228845
0.228726
0.228611
0.228807
0.228903
0.228811
0.228906
0.229080
0.229015
0.228897
0.229001
0.229038
0.229360
0.229386
0.229520
0.229803
0.229859
0.229700
0.229611
0.229397
0.229166
0.229162
0.229302
0.229213
0.229282
0.229214
0.229558
0.229474
0.229578
0.229643
0.229825
0.229529
0.229572
0.229528
0.229488
0.229468
0.229445
0.229309
0.229363
0.229279
0.229174
0.229115
0.229229
0.229163
0.229351
0.229329
0.229111
0.229216
0.229134
0.229573
0.229534
0.229386
0.229461
0.229488
0.230012
0.230217
0.230039
0.229929
0.229818
0.229979
0.229953
0.230058
0.230054
0.230002
0.229948
0.229600
0.229674
0.229411
0.229395
0.229343
0.229598
0.229472
0.229366
0.229190
0.229184
0.229247
0.229484
0.229862
0.229972
0.229868
0.229765
0.229581
0.229498
0.229237
0.229346
0.229234
0.229175
0.229163
0.229237
0.229162
0.229294
0.229451
0.229448
0.229322
0.229458
0.229394
0.229542
0.229530
0.229492
0.229506
0.229485
0.229594
0.229522
0.229387
0.229374
0.229330
0.229471
0.229385
0.229375
0.229527
0.229546
0.229551
0.229722
0.229558
0.229591
0.229748
0.229718
0.229725
0.229648
0.229728
0.229712
0.229625
0.229542
0.229732
0.229645
0.229652
0.229908
0.229768
0.229662
0.229670
0.229480
0.229266
0.229450
0.229342
0.229351
0.229316
0.229239
0.229302
0.229182
0.229157
0.228980
0.228895
0.228746
0.228880
0.229100
0.229202
0.229378
0.229221
0.229087
0.229131
0.229132
0.229039
0.228864
0.228766
0.228717
0.228753
0.228986
0.228902
0.229107
0.229148
0.229162
0.229250
0.229083
0.229345
0.229475
0.229372
0.229326
0.229392
0.229518
0.229630
0.229794
0.229901
0.229852
0.229751
0.230018
0.230045
0.229995
0.230050
0.230047
0.230057
0.229914
0.229966
0.229821
0.230010
0.229979
0.230077
0.230360
0.230336
0.230327
0.230348
0.230383
0.230241
0.230360
0.230445
0.230422
0.230240
0.230143
0.230269
0.230210
0.230117
0.230205
0.230397
0.230567
0.230368
0.230331
0.230235
0.230213
0.230280
0.230170
0.230164
0.230107
0.230036
0.229891
0.229655
0.229606
0.229504
0.229419
0.229273
0.229240
0.229610
0.229886
0.229717
0.229753
0.229680
0.229519
0.229363
0.229313
0.229294
0.229348
0.229376
0.229449
0.229398
0.229213
0.229304
0.229200
0.229146
0.229109
0.229075
0.229171
0.229170
0.229170
0.229459
0.229584
0.229724
0.229732
0.229801
0.229756
0.229698
0.229681
0.229528
0.229538
0.229629
0.229863
0.229989
0.229999
0.229942
0.230038
0.230034
0.230289
0.230181
0.230174
0.230240
0.230526
0.230405
0.230495
0.230554
0.230605
0.230497
0.230387
0.230306
0.230252
0.230143
0.230087
0.230289
0.230300
0.230201
0.230165
0.230362
0.230360
0.230274
0.230150
0.230455
0.230606
0.230749
0.230848
0.230873
0.230762
0.230787
0.230744
0.230823
0.230717
0.230673
0.230790
0.230811
0.230714
0.230834
0.231019
0.231105
0.231007
0.231184
0.231090
0.230954
0.230927
0.230939
0.231042
0.230978
0.230985
0.230956
0.230930
0.231013
0.231009
0.230845
0.230783
0.230817
0.230673
0.230595
0.230573
0.230513
0.230479
0.230475
0.230543
0.230934
0.230863
0.230898
0.230832
0.230762
0.230836
0.230877
0.231262
0.231142
0.231134
0.231071
0.230999
0.230879
0.230907
0.230897
0.230827
0.230887
0.230809
0.230990
0.231159
0.231140
0.231149
0.231102
0.231192
0.231173
0.231106
0.231148
0.230995
0.231072
0.230991
0.230978
0.230952
0.230849
0.230842
0.230655
0.230608
0.230510
0.230350
0.230382
0.230495
0.230287
0.230321
0.230224
0.230125
0.230144
0.230022
0.229990
0.230044
0.230005
0.229919
0.230015
0.230050
0.230054
0.230048
0.230160
0.230298
0.230304
0.230377
0.230275
0.230181
0.230107
0.230177
0.230100
0.230100
0.230079
0.230039
0.229955
0.229857
0.229776
0.229703
0.229797
0.229812
0.229829
0.229809
0.229686
0.229561
0.229566
0.229734
0.229944
0.229861
0.229875
0.229905
0.229861
0.229835
0.229879
0.229762
0.229739
0.229848
0.229985
0.229968
0.229918
0.230021
0.230080
0.229993
0.229948
0.229857
0.229853
0.229727
0.229823
0.229789
0.229878
0.229839
0.229788
0.229870
0.229939
0.229797
0.229776
0.229763
0.229740
0.229711
0.229633
0.229592
0.229583
0.229516
0.229546
0.229551
0.229411
0.229482
0.229553
0.229711
0.229679
0.229623
0.229663
0.229733
0.229792
0.229766
0.229791
0.229794
0.229852
0.229902
0.229789
0.229810
0.229799
0.229975
0.230196
0.230338
0.230354
0.230436
0.230348
0.230243
0.230107
0.229980
0.230194
0.230088
0.230033
0.230081
0.230005
0.229894
0.229903
0.230196
0.230108
0.230104
0.230306
0.230365
0.230400
0.230384
0.230304
0.230262
0.230192
0.230031
0.230029
0.230129
0.230023
0.230064
0.229963
0.229929
0.229959
0.229918
0.229889
0.229788
0.229747
0.229818
0.229901
0.229850
0.229831
0.230085
0.230105
0.230195
0.230266
0.230212
0.230198
0.230209
0.230090
0.229984
0.229924
0.229932
0.229858
0.229872
0.229908
0.229917
0.229875
0.230013
0.229846
0.229919
0.229818
0.229858
0.229774
0.229716
0.229898
0.230038
0.230029
0.229920
0.229963
0.230099
0.230151
0.230149
0.230222
0.230231
0.230288
0.230157
0.230282
0.230241
0.230213
0.230135
0.230130
0.230112
0.230073
0.229939
0.230020
0.229983
0.229982
0.229997
0.229935
0.230007
0.230069
0.230004
0.230003
0.230127
0.230075
0.230168
0.230161
0.230268
0.230272
0.230199
0.230199
0.230084
0.230049
0.229985
0.230021
0.230007
0.229934
0.230016
0.230006
0.229994
0.230017
0.229967
0.229975
0.229861
0.229865
0.229939
0.229972
0.230000
0.229953
0.229987
0.229860
0.229849
0.229867
0.229821
0.229934
0.229964
0.229990
0.229993
0.229931
0.229811
0.230014
0.230066
0.229993
0.229851
0.229827
0.229935
0.229817
0.229860
0.229874
0.229845
0.229851
0.229749
0.229773
0.229748
0.229891
0.229858
0.229853
0.229834
0.229727
0.229639
0.229598
0.229768
0.229767
0.229778
0.229747
0.229691
0.229651
0.229630
0.229595
0.229506
0.229461
0.229683
0.229745
0.229814
0.229911
0.229868
0.229973
0.230168
0.230125
0.230073
0.230056
0.230033
0.229953
0.229966
0.229970
0.229964
0.229938
0.229904
0.229787
0.229980
0.230178
0.230236
0.230320
0.230332
0.230326
0.230254
0.230185
0.230052
0.230045
0.229998
0.229941
0.229964
0.229914
0.229830
0.229790
0.229698
0.229684
0.229744
0.229749
0.229783
0.229798
0.229759
0.229753
0.229773
0.229781
0.229764
0.229691
0.229590
0.229719
0.229760
0.229841
0.229848
0.229962
0.230005
0.230119
0.230130
0.230106
0.230117
0.230100
0.230140
0.230106
0.230215
0.230234
0.230348
0.230542
0.230596
0.230641
0.230692
0.230674
0.230629
0.230693
0.230670
0.230603
0.230653
0.230659
0.230590
0.230628
0.230592
0.230695
0.230715
0.230707
0.230604
0.230648
0.230682
0.230805
0.230776
0.230704
0.230623
0.230578
0.230643
0.230697
0.230716
0.230789
0.230677
0.230621
0.230708
0.230675
0.230627
0.230580
0.230489
0.230479
0.230370
0.230415
0.230568
0.230506
0.230473
0.230361
0.230216
0.230143
0.230102
0.230193
0.230116
0.230027
0.230095
0.230029
0.229998
0.230069
0.230044
0.230034
0.229965
0.229923
0.229818
0.229863
0.229877
0.230132
0.230048
0.230004
0.230074
0.230084
0.230061
0.230112
0.230122
0.230111
0.230191
0.230131
0.230063
0.230083
0.230004
0.229994
0.230093
0.230297
0.230436
0.230407
0.230429
0.230592
0.230540
0.230567
0.230730
0.230672
0.230659
0.230775
0.230748
0.230939
0.230955
0.230945
0.230899
0.230861
0.230756
0.230699
0.230684
0.230789
0.230704
0.230603
0.230518
0.230515
0.230640
0.230694
0.230589
0.230530
0.230445
0.230579
0.230677
0.230677
0.230727
0.230796
0.230859
0.230882
0.230827
0.230829
0.230749
0.230857
0.230826
0.230750
0.230857
0.230761
0.230690
0.230714
0.230621
0.230614
0.230567
0.230570
0.230543
0.230450
0.230474
0.230533
0.230448
0.230404
0.230419
0.230397
0.230422
0.230412
0.230396
0.230341
0.230337
0.230391
0.230393
0.230397
0.230419
0.230393
0.230371
0.230492
0.230567
0.230527
0.230575
0.230609
0.230584
0.230558
0.230476
0.230395
0.230371
0.230278
0.230228
0.230165
0.230190
0.230187
0.230173
0.230064
0.229960
0.229978
0.229939
0.229936
0.229910
0.229938
0.229948
0.230005
0.230010
0.230005
0.229957
0.229940
0.229951
0.229913
0.229948
0.229868
0.229818
0.229834
0.229816
0.229912
0.230006
0.229999
0.230043
0.229982
0.229927
0.229962
0.229932
0.229850
0.229733
0.229694
0.229702
0.229649
0.229650
0.229594
0.229543
0.229544
0.229467
0.229412
0.229517
0.229545
0.229510
0.229492
0.229446
0.229437
0.229419
0.229474
0.229428
0.229451
0.229396
0.229542
0.229608
0.229540
0.229495
0.229572
0.229523
0.229499
0.229453
0.229337
0.229316
0.229318
0.229230
0.229165
0.229123
0.229194
0.229336
0.229489
0.229541
0.229526
0.229554
0.229523
0.229547
0.229583
0.229484
0.229403
0.229420
0.229446
0.229368
0.229324
0.229211
0.229130
0.229020
0.228984
0.228931
0.228972
0.228974
0.228933
0.228883
0.228902
0.228890
0.228838
0.228972
0.228913
0.228917
0.228921
0.228863
0.228809
0.228790
0.228885
0.228894
0.228756
0.228737
0.228743
0.228684
0.228617
0.228592
0.228581
0.228628
0.228581
0.228548
0.228531
0.228538
0.228453
0.228358
0.228383
0.228323
0.228313
0.228273
0.228327
0.228307
0.228346
0.228292
0.228351
0.228345
0.228283
0.228208
0.228167
0.228180
0.228153
0.228049
0.228025
0.227942
0.228013
0.227939
0.227906
0.227977
0.228046
0.228113
0.228136
0.228151
0.228181
0.228252
0.228223
0.228185
0.228258
0.228186
0.228241
0.228284
0.228357
0.228352
0.228350
0.228357
0.228341
0.228385
0.228392
0.228364
0.228394
0.228379
0.228337
0.228343
0.228328
0.228396
0.228511
0.228565
0.228519
0.228579
0.228594
0.228522
0.228571
0.228668
0.228649
0.228610
0.228642
0.228656
0.228609
0.228563
0.228741
0.228676
0.228615
0.228629
0.228670
0.228616
0.228552
0.228596
0.228550
0.228507
0.228494
0.228499
0.228424
0.228525
0.228490
0.228413
0.228391
0.228395
0.228326
0.228433
0.228425
0.228433
0.228622
0.228874
0.228888
0.228924
0.228891
0.228782
0.228821
0.228736
0.228772
0.228699
0.228685
0.228766
0.228884
0.228875
0.228861
0.228837
0.228815
0.228806
0.228751
0.228767
0.228777
0.228815
0.228859
0.228886
0.228962
0.229046
0.228964
0.228936
0.228867
0.228867
0.228880
0.228933
0.228940
0.228888
0.228841
0.228797
0.228766
0.228712
0.228745
0.228836
0.228719
0.069299
0.182739
0.193206
0.204443
0.224632
0.220854
0.213949
0.200234
0.205681
0.196128
0.202310
0.210212
0.209206
0.212810
0.224278
0.225739
0.226663
0.222859
0.222346
0.221136
0.223750
0.225510
0.226662
0.225088
0.226268
0.224240
0.225808
0.226228
0.223497
0.224073
0.228271
0.224744
0.225488
0.229409
0.227439
0.225790
0.223758
0.225489
0.225664
0.225623
0.223075
0.222748
0.222703
0.223289
0.227008
0.224789
0.224715
0.226794
0.226550
0.225718
0.227737
0.227792
0.226337
0.225026
0.224177
0.224984
0.224346
0.223373
0.224915
0.226253
0.225517
0.225570
0.226576
0.224830
0.224194
0.222827
0.223875
0.224318
0.227356
0.226476
0.225193
0.224820
0.225218
0.225171
0.224727
0.227336
0.225907
0.227231
0.226589
0.226335
0.225683
0.225600
0.227824
0.229375
0.227637
0.227306
0.226622
0.227709
0.227539
0.227569
0.226518
0.228074
0.228402
0.227967
0.227225
0.226374
0.225537
0.225674
0.224935
0.225711
0.225197
0.226384
0.226938
0.226020
0.229091
0.227996
0.227657
0.228329
0.227263
0.226557
0.227251
0.227017
0.227043
0.226936
0.227013
0.227228
0.227297
0.228780
0.228304
0.228761
0.228328
0.230079
0.230275
0.230508
0.229878
0.230213
0.231894
0.231458
0.231209
0.230682
0.230691
0.230784
0.230337
0.229916
0.230929
0.230554
0.230230
0.230274
0.230147
0.229575
0.228788
0.228133
0.229510
0.229448
0.230638
0.230827
0.229937
0.230389
0.229533
0.229253
0.229001
0.228143
0.227590
0.226707
0.226946
0.226305
0.226152
0.226043
0.225423
0.224767
0.224419
0.224345
0.224733
0.224610
0.224426
0.224731
0.224551
0.224314
0.224045
0.224073
0.223850
0.223487
0.223364
0.224301
0.224873
0.224949
0.224408
0.224201
0.224060
0.224216
0.224745
0.224353
0.225247
0.225719
0.224792
0.224676
0.223965
0.223488
0.224764
0.224625
0.224304
0.224874
0.224275
0.224757
0.224049
0.223824
0.224199
0.224669
0.225634
0.225801
0.226067
0.226033
0.225606
0.225896
0.225845
0.225454
0.226046
0.226068
0.225916
0.225687
0.226151
0.226075
0.226287
0.227318
0.227339
0.227352
0.227582
0.227222
0.227006
0.227229
0.226739
0.226451
0.226407
0.226313
0.225979
0.226016
0.226253
0.225954
0.225309
0.225371
0.225655
0.225678
0.225485
0.225272
0.225232
0.225167
0.225252
0.224972
0.224459
0.225538
0.225632
0.225728
0.225234
0.225199
0.225188
0.225370
0.225023
0.225074
0.225104
0.224928
0.224894
0.224981
0.224829
0.224333
0.224476
0.224904
0.224760
0.225008
0.224813
0.224871
0.224511
0.224607
0.224679
0.224723
0.224648
0.225011
0.224657
0.224770
0.225096
0.225532
0.225162
0.224947
0.224602
0.224887
0.224830
0.224944
0.225120
0.225060
0.224975
0.224776
0.224946
0.224575
0.224227
0.224058
0.224317
0.224029
0.223581
0.223412
0.223729
0.224526
0.224434
0.224568
0.224592
0.224620
0.224406
0.224464
0.224365
0.224900
0.225086
0.224946
0.225360
0.225200
0.225036
0.225211
0.224866
0.225193
0.225248
0.225224
0.225361
0.225643
0.225614
0.225141
0.225090
0.224925
0.225354
0.225122
0.224962
0.225181
0.225068
0.224948
0.224947
0.225181
0.225537
0.225568
0.225366
0.225310
0.225276
0.225155
0.224799
0.224663
0.224286
0.224156
0.223899
0.224293
0.224125
0.224253
0.224136
0.224047
0.224161
0.224001
0.223844
0.223480
0.223394
0.223359
0.223149
0.223139
0.222969
0.222798
0.222622
0.222755
0.223356
0.223371
0.223584
0.223471
0.223824
0.223784
0.223654
0.223690
0.223535
0.223292
0.223440
0.223579
0.223649
0.223410
0.223302
0.222980
0.222776
0.222633
0.223149
0.223201
0.223048
0.222963
0.222615
0.222542
0.222429
0.222311
0.222307
0.222189
0.221989
0.222013
0.221837
0.222051
0.221942
0.221716
0.221472
0.221822
0.221589
0.221532
0.221556
0.221827
0.221678
0.221722
0.221581
0.221562
0.221788
0.221996
0.221847
0.221978
0.222202
0.222445
0.222592
0.222392
0.222326
0.222753
0.222477
0.222366
0.222339
0.222409
0.222528
0.222357
0.222387
0.222210
0.222214
0.222328
0.222550
0.222924
0.222778
0.222433
0.222490
0.222703
0.222535
0.222604
0.222860
0.222839
0.222549
0.222376
0.222605
0.222604
0.222333
0.222261
0.222309
0.222382
0.222217
0.222210
0.222185
0.222056
0.221702
0.221838
0.221738
0.221935
0.221932
0.221966
0.221999
0.221837
0.222067
0.222036
0.222097
0.222096
0.222163
0.221951
0.222049
0.222339
0.222331
0.222988
0.222980
0.222968
0.222917
0.222891
0.222993
0.222800
0.222868
0.223199
0.223113
0.223173
0.223061
0.222829
0.222710
0.222481
0.222501
0.222483
0.222389
0.222223
0.222305
0.222276
0.222153
0.222325
0.222647
0.222727
0.222571
0.222476
0.222223
0.222064
0.221952
0.221901
0.221790
0.221578
0.221593
0.221582
0.221523
0.221510
0.221672
0.221648
0.221569
0.221548
0.221252
0.221463
0.221520
0.221506
0.221397
0.221203
0.221212
0.221203
0.221155
0.221084
0.221043
0.220880
0.220797
0.220935
0.220728
0.220908
0.220680
0.221027
0.221133
0.221102
0.221114
0.221229
0.221074
0.221474
0.221325
0.221269
0.221434
0.221478
0.221419
0.221742
0.221865
0.221855
0.221775
0.221650
0.221678
0.221842
0.221918
0.221833
0.221918
0.222191
0.222102
0.221972
0.221977
0.222114
0.222176
0.221890
0.221782
0.221691
0.221499
0.221374
0.221392
0.221259
0.221204
0.221356
0.221377
0.221508
0.221433
0.221443
0.221357
0.221422
0.221246
0.221410
0.221402
0.221260
0.221226
0.221160
0.220934
0.220924
0.220907
0.220960
0.221077
0.221005
0.220880
0.220950
0.221138
0.221001
0.221059
0.220953
0.220838
0.220749
0.220791
0.220723
0.220728
0.220730
0.220608
0.220475
0.220388
0.220597
0.220534
0.220407
0.220358
0.220581
0.220301
0.220324
0.220269
0.220275
0.220223
0.220170
0.220331
0.220415
0.220283
0.220258
0.220189
0.220380
0.220581
0.220424
0.220316
0.220574
0.220678
0.220772
0.220739
0.220740
0.220733
0.220694
0.220646
0.220735
0.220987
0.220977
0.220817
0.221086
0.221359
0.221292
0.221220
0.221111
0.221010
0.221133
0.221171
0.221126
0.220953
0.220850
0.220938
0.220847
0.220812
0.220994
0.221158
0.220997
0.220995
0.220823
0.220676
0.220634
0.220693
0.220694
0.220639
0.220548
0.220486
0.220464
0.220476
0.220379
0.220243
0.220093
0.219936
0.219962
0.219998
0.219920
0.219895
0.219760
0.219762
0.219682
0.219817
0.220114
0.220079
0.220051
0.219951
0.220105
0.220206
0.220185
0.220089
0.220031
0.220035
0.219956
0.220066
0.220325
0.220367
0.220540
0.220663
0.220620
0.220552
0.220687
0.220627
0.220643
0.220646
0.220658
0.220686
0.220728
0.220857
0.220882
0.221096
0.220951
0.220984
0.220986
0.220900
0.220845
0.220866
0.220876
0.220835
0.220830
0.220865
0.220861
0.220834
0.220882
0.220753
0.220790
0.220694
0.220595
0.220484
0.220500
0.220377
0.220351
0.220307
0.220215
0.220200
0.220212
0.220063
0.219993
0.219893
0.220078
0.220038
0.219987
0.219995
0.219913
0.220194
0.220201
0.220228
0.220239
0.220187
0.220217
0.220261
0.220277
0.220107
0.219951
0.219959
0.219956
0.219877
0.219895
0.219869
0.219995
0.220143
0.220111
0.219998
0.219856
0.219750
0.219715
0.219628
0.219560
0.219387
0.219345
0.219328
0.219367
0.219518
0.219486
0.219651
0.219573
0.219454
0.219691
0.219598
0.219527
0.219588
0.219600
0.219836
0.219937
0.219834
0.219997
0.219926
0.219895
0.219745
0.219560
0.219432
0.219405
0.219564
0.219603
0.219505
0.219344
0.219205
0.219226
0.219242
0.219097
0.219077
0.219027
0.219098
0.219091
0.219156
0.218963
0.218951
0.218856
0.218784
0.218746
0.218723
0.218656
0.218665
0.218589
0.218581
0.218480
0.218507
0.218623
0.218599
0.218721
0.218786
0.218896
0.219048
0.219085
0.219084
0.219033
0.219126
0.219037
0.219119
0.219040
0.219010
0.218876
0.218793
0.218809
0.218756
0.218733
0.218767
0.218789
0.218770
0.218793
0.218708
0.218622
0.218548
0.218486
0.218525
0.218455
0.218540
0.218541
0.218598
0.218767
0.218649
0.218671
0.218773
0.218693
0.218624
0.218628
0.218848
0.218871
0.218826
0.219028
0.218884
0.218856
0.218933
0.218773
0.218728
0.218782
0.218784
0.218884
0.218932
0.218999
0.219134
0.219237
0.219336
0.219272
0.219379
0.219351
0.219355
0.219340
0.219303
0.219276
0.219352
0.219383
0.219325
0.219238
0.219104
0.219055
0.219161
0.219330
0.219285
0.219301
0.219205
0.219361
0.219284
0.219257
0.219441
0.219366
0.219452
0.219407
0.219257
0.219298
0.219436
0.219391
0.219269
0.219216
0.219154
0.219121
0.219204
0.219162
0.219068
0.218905
0.218787
0.218832
0.218763
0.218687
0.218776
0.218845
0.218792
0.218775
0.218925
0.218984
0.218953
0.218932
0.218949
0.218949
0.219032
0.218948
0.218865
0.218814
0.218834
0.218821
0.218894
0.218874
0.218737
0.218604
0.218471
0.218414
0.218261
0.218328
0.218307
0.218251
0.218289
0.218242
0.218115
0.218025
0.217994
0.217834
0.217823
0.217731
0.217697
0.217610
0.217616
0.217707
0.217736
0.217646
0.217635
0.217606
0.217485
0.217401
0.217362
0.217282
0.217352
0.217301
0.217323
0.217234
0.217153
0.217205
0.217336
0.217329
0.217187
0.217158
0.217167
0.217112
0.217139
0.217086
0.217228
0.217228
0.217292
0.217354
0.217327
0.217314
0.217374
0.217423
0.217437
0.217395
0.217406
0.217338
0.217302
0.217267
0.217173
0.217180
0.217064
0.217103
0.217016
0.217000
0.217021
0.216944
0.216890
0.216829
0.217021
0.216927
0.216927
0.216880
0.216827
0.216952
0.216989
0.217033
0.217024
0.216891
0.216923
0.216990
0.216905
0.216939
0.216944
0.216889
0.216969
0.216966
0.216888
0.216878
0.216881
0.217153
0.217136
0.217074
0.217027
0.217344
0.217217
0.217222
0.217154
0.217116
0.217081
0.217167
0.217294
0.217320
0.217383
0.217345
0.217362
0.217371
0.217299
0.217313
0.217418
0.217398
0.217288
0.217239
0.217258
0.217202
0.217200
0.217184
0.217195
0.217276
0.217466
0.217432
0.217369
0.217404
0.217425
0.217452
0.217497
0.217567
0.217504
0.217501
0.217628
0.217691
0.217743
0.217687
0.217757
0.217697
0.217707
0.217707
0.217731
0.217683
0.217772
0.218084
0.218031
0.218060
0.218180
0.218185
0.218166
0.218085
0.218051
0.217992
0.217998
0.217911
0.217872
0.217993
0.217976
0.217972
0.217900
0.217983
0.218000
0.217943
0.217843
0.217797
0.217926
0.217876
0.217839
0.217744
0.217726
0.217749
0.217616
0.217530
0.217627
0.217663
0.217620
0.217522
0.217550
0.217544
0.217526
0.217455
0.217581
0.217474
0.217477
0.217512
0.217576
0.217576
0.217553
0.217538
0.217555
0.217539
0.217466
0.217329
0.217264
0.217309
0.217342
0.217331
0.217308
0.217329
0.217325
0.217343
0.217210
0.217184
0.217226
0.217256
0.217298
0.217251
0.217247
0.217152
0.217238
0.217296
0.217270
0.217270
0.217399
0.217393
0.217429
0.217387
0.217304
0.217404
0.217347
0.217387
0.217289
0.217226
0.217350
0.217366
0.217345
0.217385
0.217414
0.217411
0.217331
0.217244
0.217261
0.217341
0.217290
0.217290
0.217279
0.217297
0.217465
0.217546
0.217662
0.217612
0.217674
0.217657
0.217749
0.217762
0.217708
0.217706
0.217834
0.217824
0.217736
0.217701
0.217660
0.217641
0.217594
0.217554
0.217496
0.217353
0.217398
0.217398
0.217499
0.217503
0.217532
0.217571
0.217572
0.217606
0.217500
0.217502
0.217556
0.217483
0.217628
0.217614
0.217564
0.217601
0.217479
0.217528
0.217569
0.217565
0.217523
0.217421
0.217484
0.217485
0.217450
0.217529
0.217526
0.217500
0.217532
0.217485
0.217450
0.217418
0.217404
0.217494
0.217646
0.217701
0.217613
0.217598
0.217592
0.217531
0.217508
0.217557
0.217536
0.217583
0.217812
0.217788
0.217781
0.217760
0.217786
0.217903
0.218028
0.218024
0.218033
0.218121
0.218124
0.218154
0.218128
0.218022
0.218078
0.218011
0.217943
0.217917
0.217940
0.217870
0.217845
0.217783
0.217743
0.217828
0.217857
0.217782
0.217868
0.217873
0.217792
0.217721
0.217669
0.217678
0.217617
0.217612
0.217559
0.217550
0.217600
0.217592
0.217536
0.217527
0.217486
0.217654
0.217676
0.217691
0.217713
0.217678
0.217684
0.217720
0.217858
0.217820
0.217827
0.217755
0.217763
0.217819
0.217853
0.217773
0.217763
0.217809
0.217767
0.217782
0.217764
0.217806
0.217714
0.217690
0.217724
0.217747
0.217732
0.217788
0.217853
0.217863
0.217845
0.217860
0.217774
0.217895
0.217949
0.217913
0.217837
0.217854
0.217945
0.218028
0.218027
0.218005
0.218136
0.218134
0.218084
0.218059
0.218142
0.218068
0.218269
0.218206
0.218118
0.218123
0.218176
0.218152
0.218106
0.218198
0.218129
0.218142
0.218156
0.218132
0.218125
0.218063
0.218127
0.218053
0.218026
0.217955
0.217888
0.217881
0.217896
0.217901
0.217880
0.217905
0.217915
0.217896
0.217850
0.217955
0.217938
0.217878
0.217898
0.218005
0.217976
0.217954
0.218068
0.218041
0.218098
0.218047
0.218043
0.218011
0.217928
0.218102
0.218139
0.218146
0.218143
0.218113
0.218116
0.218142
0.218219
0.218201
0.218231
0.218127
0.218355
0.218416
0.218396
0.218378
0.218325
0.218366
0.218371
0.218422
0.218374
0.218314
0.218291
0.218243
0.218462
0.218412
0.218303
0.218295
0.218218
0.218227
0.218226
0.218122
0.218071
0.218025
0.217984
0.218050
0.218048
0.218100
0.218080
0.218002
0.217918
0.217935
0.217911
0.217845
0.217897
0.217879
0.217812
0.217808
0.217766
0.217765
0.217768
0.217828
0.217798
0.217755
0.217738
0.217773
0.217703
0.217661
0.217587
0.217671
0.217674
0.217653
0.217707
0.217712
0.217716
0.217626
0.217574
0.217488
0.217640
0.217702
0.217722
0.217700
0.217736
0.217701
0.217653
0.217589
0.217612
0.217613
0.217566
0.217530
0.217552
0.217524
0.217448
0.217463
0.217339
0.217302
0.217282
0.217461
0.217472
0.217467
0.217456
0.217509
0.217441
0.217504
0.217511
0.217470
0.217566
0.217559
0.217732
0.217732
0.217824
0.217854
0.217855
0.217985
0.218006
0.218019
0.218031
0.218062
0.218089
0.218035
0.218045
0.218088
0.218076
0.218076
0.218045
0.218155
0.218070
0.218175
0.218148
0.218105
0.218123
0.218113
0.218134
0.218105
0.218093
0.218074
0.218022
0.218016
0.217998
0.217928
0.217889
0.217918
0.217933
0.217921
0.217983
0.218037
0.218026
0.218021
0.217951
0.217955
0.217929
0.217943
0.217927
0.217933
0.217937
0.217957
0.218003
0.218037
0.218041
0.218078
0.218106
0.218151
0.218217
0.218167
0.218157
0.218145
0.218159
0.218114
0.218202
0.218223
0.218258
0.218224
0.218224
0.218223
0.218194
0.218201
0.218182
0.218200
0.218403
0.218383
0.218400
0.218370
0.218380
