0.069307
0.079208
0.079208
0.074257
0.079208
0.087459
0.093352
0.096535
0.102310
0.103960
0.103510
0.108911
0.112719
0.114569
0.119472
0.123762
0.128130
0.127613
0.128192
0.132178
0.132013
0.131413
0.132157
0.135726
0.140198
0.143184
0.145215
0.148515
0.147832
0.149505
0.150112
0.152847
0.154515
0.154339
0.156719
0.158416
0.159486
0.160240
0.160701
0.162871
0.164936
0.165724
0.166935
0.167642
0.170517
0.172406
0.174005
0.175743
0.177208
0.178416
0.180936
0.181455
0.182328
0.182068
0.181458
0.183345
0.184992
0.186070
0.187783
0.187954
0.189417
0.190674
0.191891
0.193224
0.196040
0.196970
0.197429
0.197292
0.198307
0.300000
0.309942
0.319853
0.324397
0.314346
0.297391
0.298817
0.303732
0.306378
0.309499
0.308333
0.309907
0.312012
0.307303
0.309299
0.306625
0.305457
0.303302
0.303496
0.305178
0.300478
0.303514
0.303229
0.301713
0.300722
0.301349
0.304525
0.303897
0.302622
0.301767
0.304516
0.304280
0.305875
0.305907
0.305080
0.305964
0.308149
0.309167
0.309110
0.311050
0.312165
0.313465
0.313080
0.314525
0.316349
0.317660
0.317006
0.317002
0.316795
0.318589
0.318945
0.320628
0.322247
0.324359
0.324222
0.325333
0.326231
0.327098
0.327767
0.329076
0.330179
0.330605
0.331333
0.332504
0.333946
0.332931
0.334026
0.334211
0.333958
0.410256
0.442857
0.435685
0.450292
0.440181
0.433824
0.429457
0.428954
0.419126
0.414557
0.415634
0.413913
0.412470
0.419379
0.418445
0.416988
0.419335
0.416287
0.420032
0.424413
0.426421
0.425926
0.425033
0.428450
0.430369
0.431357
0.427392
0.429501
0.431810
0.429245
0.431411
0.433123
0.435341
0.436833
0.438238
0.436206
0.433741
0.434587
0.434099
0.436903
0.438588
0.439234
0.439617
0.442264
0.442561
0.441972
0.443543
0.445466
0.447105
0.448075
0.449990
0.451252
0.452844
0.453079
0.452940
0.454594
0.455136
0.456004
0.457182
0.457486
0.458272
0.460161
0.460721
0.462668
0.463325
0.462901
0.463087
0.465766
0.466049
0.625000
0.458716
0.461905
0.485531
0.475728
0.491228
0.495114
0.492308
0.490196
0.500545
0.503929
0.506702
0.518033
0.524603
0.521800
0.525279
0.522783
0.527536
0.527930
0.526207
0.525148
0.525599
0.526009
0.525526
0.525905
0.529017
0.524677
0.527239
0.521509
0.522642
0.523041
0.523097
0.525926
0.527387
0.527891
0.530059
0.529089
0.527103
0.526261
0.526983
0.527421
0.528561
0.528706
0.526316
0.526954
0.527564
0.528578
0.527655
0.528007
0.528142
0.528865
0.528978
0.529468
0.530125
0.530392
0.533166
0.533192
0.533044
0.535459
0.534775
0.536256
0.536230
0.537321
0.537121
0.537701
0.537350
0.537758
0.539483
0.539849
0.539057
0.589744
0.625698
0.614286
0.611549
0.603734
0.602058
0.590643
0.588535
0.589165
0.585613
0.581801
0.576955
0.581395
0.585909
0.587131
0.593220
0.595632
0.598329
0.599684
0.602904
0.600095
0.603456
0.606087
0.605165
0.606315
0.606608
0.608358
0.607487
0.604267
0.607582
0.603282
0.604238
0.604834
0.606567
0.609055
0.610296
0.610393
0.611271
0.611338
0.612397
0.612676
0.614838
0.615509
0.618638
0.617205
0.617781
0.618332
0.618860
0.620788
0.619455
0.617395
0.618474
0.617824
0.619039
0.620571
0.620273
0.619812
0.619880
0.620115
0.620341
0.620723
0.619811
0.620978
0.621643
0.621828
0.621557
0.622183
0.622498
0.622804
0.680851
0.675676
0.670683
0.657143
0.647450
0.659420
0.658499
0.663130
0.659649
0.647490
0.648061
0.647668
0.650516
0.648529
0.650240
0.654289
0.653638
0.656463
0.655228
0.653611
0.655539
0.654520
0.655796
0.655274
0.655200
0.657465
0.660681
0.660418
0.660870
0.659946
0.660383
0.659849
0.658737
0.658876
0.658431
0.659966
0.661417
0.661734
0.659459
0.660562
0.661855
0.659981
0.659827
0.661048
0.661100
0.660714
0.660984
0.659783
0.659040
0.659928
0.660781
0.661601
0.661446
0.661667
0.661153
0.660300
0.660004
0.659373
0.658764
0.659507
0.659571
0.659311
0.658266
0.659438
0.658731
0.659105
0.658573
0.658644
0.659002
0.375000
0.615385
0.660550
0.661442
0.661905
0.669866
0.673633
0.670816
0.669903
0.661622
0.659844
0.656610
0.655537
0.654628
0.650350
0.652515
0.651961
0.654357
0.649945
0.650646
0.652750
0.653252
0.656390
0.659684
0.659016
0.657615
0.658213
0.660955
0.659283
0.660441
0.656599
0.657134
0.659175
0.659301
0.657391
0.658406
0.658543
0.660005
0.660872
0.660430
0