0.000000
0.100000
0.066667
0.100000
0.080000
0.083333
0.100000
0.112500
0.111111
0.140000
0.127273
0.166667
0.169231
0.185714
0.180000
0.168750
0.170588
0.166667
0.157895
0.150000
0.157143
0.154545
0.147826
0.141667
0.136000
0.142308
0.140741
0.142857
0.144828
0.150000
0.151613
0.159375
0.163636
0.161765
0.160000
0.161111
0.162162
0.160526
0.161538
0.162500
0.160976
0.164286
0.162791
0.163636
0.160000
0.158696
0.163830
0.162500
0.165306
0.168000
0.168627
0.173077
0.169811
0.170370
0.167273
0.169643
0.171930
0.170690
0.172881
0.173333
0.178689
0.179032
0.180952
0.182812
0.181538
0.184848
0.183582
0.183824
0.182609
0.187143
0.188732
0.188889
0.189041
0.191892
0.197333
0.197368
0.194805
0.193590
0.194937
0.195000
0.192593
0.192683
0.192771
0.196429
0.195294
0.195349
0.195402
0.198864
0.198876
0.198889
0.197802
0.200000
0.197849
0.198936
0.197895
0.198958
0.197938
0.200000
0.201010
0.202000
0.202970
0.202941
0.202913
0.202885
0.202857
0.201887
0.202804
0.204630
0.205505
0.203636
0.203604
0.202679
0.201770
0.202632
0.204348
0.203448
0.205128
0.205932
0.206723
0.208333
0.206612
0.207377
0.207317
0.209677
0.210400
0.210317
0.211024
0.210938
0.213178
0.211538
0.211450
0.210606
0.211278
0.212687
0.212593
0.213235
0.213139
0.212319
0.210791
0.213571
0.214894
0.217606
0.217483
0.217361
0.216552
0.216438
0.215646
0.217568
0.216779
0.216667
0.218543
0.220395
0.221569
0.221429
0.222581
0.223718
0.222930
0.222785
0.223899
0.223750
0.223602
0.222840
0.223313
0.223171
0.223636
0.225301
0.225150
0.226786
0.227811
0.228824
0.229240
0.230233
0.231214
0.233333
0.232571
0.232955
0.232768
0.232022
0.232402
0.232778
0.232597
0.232967
0.233880
0.234783
0.234595
0.235484
0.235294
0.236170
0.235979
0.236316
0.237173
0.236979
0.238342
0.238144
0.240000
0.239796
0.239086
0.239394
0.241709
0.242500
0.243284
0.242574
0.243842
0.244118
0.245854
0.245631
0.246377
0.246154
0.247847
0.247619
0.248341
0.248585
0.248357
0.248598
0.249302
0.249074
0.248848
0.248165
0.249315
0.250000
0.250679
0.251351
0.251570
0.251786
0.252444
0.253540
0.253304
0.253070
0.253275
0.255217
0.255844
0.257328
0.257082
0.257265
0.258298
0.258475
0.258650
0.257983
0.257322
0.257083
0.256846
0.257851
0.257613
0.256967
0.257959
0.257724
0.257895
0.257661
0.257831
0.258000
0.257769
0.257937
0.258893
0.259449
0.260000
0.260547
0.259922
0.260465
0.261390
0.261538
0.261686
0.261832
0.262357
0.262879
0.263396
0.263534
0.264419
0.265299
0.265428
0.265926
0.266790
0.266912
0.266667
0.267518
0.268000
0.269203
0.268592
0.269784
0.269892
0.269643
0.270463
0.270922
0.271378
0.271479
0.271579
0.272028
0.272125
0.272222
0.273356
0.273103
0.272852
0.272945
0.274061
0.274150
0.274237
0.274662
0.275421
0.275839
0.276589
0.277667
0.278405
0.278808
0.278548
0.278618
0.278689
0.278758
0.280130
0.280519
0.279935
0.280323
0.281029
0.281090
0.281789
0.281847
0.282222
0.282278
0.282019
0.282075
0.282132
0.282187
0.282866
0.283230
0.282972
0.284568
0.284615
0.284356
0.284709
0.284451
0.284802
0.285758
0.286707
0.286747
0.287087
0.287725
0.288060
0.288690
0.288427
0.288166
0.287906
0.288529
0.288563
0.288304
0.288630
0.289826
0.290725
0.291040
0.291643
0.291667
0.291977
0.293143
0.293732
0.294602
0.294901
0.295198
0.294930
0.294944
0.295518
0.295810
0.296657
0.296667
0.297507
0.297514
0.297796
0.298077
0.298904
0.299454
0.299455
0.300272
0.300542
0.300541
0.301617
0.301882
0.302413
0.302941
0.303733
0.304521
0.304509
0.305026
0.306069
0.306053
0.306299
0.306806
0.307311
0.306771
0.306753
0.307513
0.307752
0.307990
0.308997
0.309487
0.309974
0.309949
0.309924
0.310406
0.310886
0.310859
0.311587
0.311558
0.311278
0.311500
0.311970
0.311940
0.312407
0.313119
0.313827
0.314039
0.314742
0.314951
0.314670
0.314878
0.314842
0.315049
0.315496
0.315459
0.315663
0.315625
0.316307
0.316746
0.316468
0.316429
0.317577
0.317536
0.317967
0.318868
0.319529
0.319718
0.320141
0.320794
0.320746
0.321163
0.322274
0.322917
0.323095
0.323272
0.323448
0.324083
0.324485
0.325114
0.325513
0.326136
0.326304
0.326697
0.326862
0.327477
0.327865
0.328027
0.328412
0.328795
0.329399
0.329333
0.330599
0.331416
0.332009
0.332159
0.332527
0.333333
0.333260
0.334279
0.334423
0.334783
0.335141
0.335281
0.336069
0.336422
0.336344
0.337124
0.337259
0.337607
0.338380
0.338298
0.338641
0.338771
0.339112
0.339241
0.339579
0.339706
0.340042
0.340377
0.340292
0.340208
0.339917
0.339834
0.340166
0.340496
0.340619
0.341152
0.341068
0.341189
0.342331
0.343061
0.342974
0.342886
0.343002
0.343320
0.343838
0.343952
0.343863
0.344378
0.345491
0.345800
0.345908
0.345418
0.345726
0.346032
0.345743
0.345850
0.346154
0.346457
0.346758
0.347451
0.347554
0.347656
0.348148
0.348444
0.347961
0.347868
0.347582
0.348069
0.348362
0.348462
0.349136
0.349617
0.349331
0.349427
0.349524
0.349620
0.349526
0.349242
0.349338
0.349434
0.349529
0.350188
0.350657
0.350562
0.350841
0.350560
0.350838
0.351115
0.351948
0.352222
0.352680
0.352952
0.353039
0.353860
0.353761
0.353663
0.353382
0.353467
0.353552
0.353818
0.354083
0.354710
0.354611
0.354693
0.354595
0.354317
0.354578
0.355018
0.355635
0.355357
0.355437
0.355516
0.355773
0.356206
0.356814
0.357067
0.357496
0.358275
0.358699
0.359123
0.359720
0.359615
0.359686
0.359582
0.360000
0.360243
0.360832
0.361246
0.361140
0.361207
0.361274
0.361856
0.362607
0.362158
0.362393
0.362457
0.362862
0.363265
0.363837
0.364068
0.363959
0.364189
0.364250
0.365152
0.365210
0.365101
0.365327
0.365217
0.365943
0.366000
0.365724
0.365449
0.365174
0.365397
0.366116
0.366337
0.366227
0.365954
0.366338
0.366721
0.366776
0.366503
0.366721
0.367264
0.366992
0.367208
0.367747
0.367799
0.368498
0.369032
0.368921
0.368971
0.369502
0.369712
0.369760
0.369968
0.370016
0.370223
0.370111
0.370000
0.369889
0.370253
0.370458
0.370662
0.370709
0.371226
0.371586
0.371944
0.371831
0.372500
0.373167
0.373520
0.373717
0.373758
0.373798
0.373994
0.374498
0.375000
0.374884
0.375231
0.374962
0.375460
0.375804
0.376300
0.376031
0.376220
0.376104
0.375988
0.376176
0.376667
0.377307
0.377341
0.377828
0.377861
0.378496
0.378979
0.379310
0.379192
0.379223
0.379552
0.379881
0.380357
0.380684
0.380712
0.381037
0.381065
0.381388
0.381858
0.382032
0.381912
0.381938
0.382258
0.382577
0.382895
0.382920
0.382945
0.383261
0.383576
0.383745
0.383623
0.384226
0.384538
0.384848
0.385014
0.385324
0.385345
0.385366
0.385960
0.386266
0.386429
0.386591
0.386895
0.387624
0.387926
0.388227
0.388102
0.388260
0.388701
0.389140
0.389296
0.389451
0.389607
0.389902
0.389776
0.390070
0.390503
0.390795
0.391226
0.391655
0.391667
0.391540
0.391967
0.392393
0.392403
0.392414
0.392424
0.392847
0.392857
0.392867
0.393151
0.393160
0.392760
0.392769
0.393188
0.393605
0.393614
0.393894
0.394038
0.394181
0.394324
0.394467
0.394609
0.395020
0.395027
0.395034
0.395174
0.395315
0.395588
0.395861
0.395867
0.396405
0.396809
0.396680
0.397082
0.397483
0.397751
0.397886
0.398153
0.398287
0.398421
0.398949
0.399213
0.399214
0.399215
0.399477
0.399347
0.399478
0.399609
0.399870
0.400000
0.399870
0.399611
0.399871
0.399871
0.400258
0.400515
0.400901
0.401028
0.401155
0.401282
0.401408
0.401407
0.401533
0.401658
0.401783
0.401908
0.402160
0.402284
0.402788
0.403038
0.402908
0.402778
0.402774
0.403149
0.403145
0.403266
0.403262
0.403634
0.403755
0.403625
0.403995
0.404115
0.404234
0.404353
0.404348
0.404218
0.404213
0.404579
0.404944
0.405309
0.405302
0.405788
0.406273
0.406634
0.406748
0.406863
0.406977
0.407213
0.407570
0.407805
0.407917
0.408394
0.408870
0.408981
0.409091
0.409443
0.409915
0.409903
0.410012
0.410361
0.410469
0.410938
0.411285
0.411391
0.411976
0.412201
0.412425
0.412888
0.413349
0.413452
0.413555
0.413539
0.413523
0.413744
0.413846
0.413712
0.414286
0.414387
0.414016
0.414235
0.414571
0.414906
0.414889
0.415222
0.415556
0.415888
0.416219
0.416550
0.416647
0.416744
0.416841
0.416937
0.417034
0.417477
0.417803
0.417898
0.418108
0.418318
0.418412
0.418621
0.418485
0.418693
0.418786
0.418993
0.418857
0.418721
0.418814
0.419248
0.419568
0.419545
0.419750
0.419955
0.420272
0.420588
0.420791
0.420993
0.420857
0.421171
0.421597
0.421685
0.421773
0.421973
0.422060
0.422483
0.422682
0.423103
0.423523
0.423831
0.424027
0.424444
0.424528
0.424834
0.425028
0.425111
0.425083
0.425276
0.425358
0.425441
0.425743
0.425934
0.426235
0.426645
0.426944
0.427133
0.427760
0.428057
0.428353
0.428540
0.428509
0.428804
0.428882
0.429176
0.429469
0.429545
0.429622
0.429590
0.429558
0.429526
0.429709
0.430108
0.430183
0.430365
0.430654
0.430835
0.431123
0.431731
0.432017
0.432409
0.432801
0.433085
0.433369
0.433758
0.434040
0.434534
0.434392
0.434672
0.435269
0.435443
0.435827
0.436316
0.436278
0.436555
0.436726
0.437002
0.437277
0.437238
0.437409
0.437370
0.437539
0.437604
0.437565
0.437838
0.438006
0.438174
0.438446
0.438923
0.439090
0.439463
0.439422
0.439794
0.440062
0.440432
0.440904
0.441068
0.441231
0.441701
0.441863
0.442434
0.442492
0.442653
0.443119
0.443177
0.443337
0.443598
0.443858
0.444219
0.444377
0.444534
0.444995
0.445051
0.445308
0.445464
0.445619
0.445775
0.445829
0.446084
0.446339
0.446493
0.446747
0.447200
0.447353
0.447405
0.447657
0.447908
0.448159
0.448410
0.448461
0.448611
0.448761
0.448614
0.448764
0.449111
0.449457
0.449803
0.449754
0.450000
0.450147
0.450098
0.450442
0.450588
0.450930
0.451174
0.451515
0.451855
0.452293
0.452729
0.452970
0.453307
0.453256
0.453204
0.453346
0.453295
0.453533
0.453482
0.453720
0.453764
0.453713
0.453757
0.454090
0.454231
0.454371
0.454702
0.454938
0.455077
0.455215
0.455449
0.455683
0.456011
0.456244
0.456571
0.456803
0.456844
0.457360
0.457780
0.457820
0.457670
0.457805
0.458129
0.458263
0.458208
0.458247
0.458475
0.458796
0.458835
0.458967
0.459193
0.459138
0.459363
0.459588
0.459907
0.459944
0.459981
0.460112
0.460149
0.460372
0.460502
0.460631
0.460761
0.460797
0.460926
0.460962
0.461183
0.461404
0.461531
0.462028
0.462339
0.462649
0.462776
0.462994
0.463211
0.463520
0.463553
0.463861
0.464260
0.464475
0.464507
0.464631
0.464754
0.464877
0.465182
0.465304
0.465336
0.465367
0.465761
0.465882
0.466004
0.466305
0.466516
0.466276
0.466577
0.466877
0.466906
0.467206
0.467594
0.467892
0.467921
0.467771
0.467979
0.468007
0.468214
0.468510
0.468717
0.468833
0.469128
0.469244
0.469449
0.469743
0.469592
0.469619
0.469469
0.469319
0.469611
0.469726
0.470106
0.470308
0.470687
0.470888
0.470738
0.470939
0.470965
0.471078
0.471278
0.471391
0.471591
0.471703
0.471902
0.472014
0.472125
0.472150
0.472261
0.472372
0.472656
0.472593
0.472530
0.472641
0.472664
0.472947
0.472971
0.473253
0.473448
0.473730
0.474182
0.474377
0.474570
0.474506
0.474528
0.474464
0.474743
0.474679
0.474872
0.475235
0.475427
0.475703
0.475980
0.476170
0.476446
0.476466
0.476570
0.476421
0.476610
0.476884
0.477073
0.477092
0.477196
0.477553
0.477656
0.477759
0.477862
0.478133
0.478319
0.478505
0.478775
0.479044
0.479146
0.479163
0.479348
0.479532
0.479633
0.480067
0.480083
0.480266
0.480283
0.480382
0.480316
0.480415
0.480680
0.480862
0.481043
0.481141
0.481157
0.481420
0.481436
0.481451
0.481384
0.481564
0.481826
0.481923
0.482102
0.482199
0.482213
0.482146
0.482324
0.482502
0.482516
0.482531
0.482708
0.482885
0.483143
0.483157
0.483171
0.483103
0.483036
0.483374
0.483549
0.483563
0.483657
0.483751
0.483926
0.483939
0.484032
0.484126
0.484300
0.484553
0.484887
0.485060
0.485152
0.485325
0.485337
0.485428
0.485520
0.485612
0.485703
0.485874
0.485965
0.486295
0.486306
0.486476
0.486566
0.486497
0.486429
0.486360
0.486450
0.486540
0.486472
0.486561
0.486730
0.486819
0.486751
0.486998
0.487008
0.487018
0.487186
0.487196
0.487363
0.487608
0.487774
0.487706
0.487872
0.488194
0.488516
0.488759
0.488534
0.488542
0.488785
0.488949
0.489191
0.489277
0.489208
0.489294
0.489302
0.489466
0.489706
0.489791
0.489876
0.490116
0.490201
0.490439
0.490524
0.490608
0.490923
0.491084
0.491244
0.491174
0.491334
0.491648
0.491807
0.491737
0.492049
0.492284
0.492443
0.492601
0.492759
0.492841
0.492846
0.493004
0.493237
0.493622
0.493854
0.494011
0.494242
0.494398
0.494554
0.494785
0.495166
0.495245
0.495173
0.495102
0.495181
0.495485
0.495489
0.495642
0.495571
0.495874
0.496102
0.496330
0.496557
0.496709
0.496861
0.497087
0.497164
0.497241
0.497168
0.497468
0.497619
0.497844
0.497994
0.498144
0.498294
0.498443
0.498741
0.498816
0.498891
0.499187
0.499409
0.499336
0.499336
0.499337
0.499337
0.499411
0.499265
0.499265
0.499413
0.499633
0.499927
0.500000
0.500073
0.500073
0.500146
0.500292
0.500438
0.500511
0.500729
0.500801
0.500873
0.501018
0.500945
0.500944
0.501234
0.501378
0.501449
0.501593
0.501664
0.501446
0.501517
0.501516
0.501587
0.501658
0.501657
0.501872
0.502086
0.502085
0.502299
0.502441
0.502582
0.502867
0.502937
0.503150
0.503147
0.503288
0.503286
0.503355
0.503352
0.503421
0.503632
0.503843
0.504054
0.503980
0.504261
0.504400
0.504681
0.504890
0.505099
0.505166
0.505163
0.505300
0.505508
0.505505
0.505430
0.505356
0.505352
0.505348
0.505485
0.505411
0.505407
0.505544
0.505820
0.505816
0.505882
0.506018
0.506154
0.506499
0.506634
0.506769
0.507043
0.507108
0.507173
0.507168
0.507302
0.507297
0.507500
0.507634
0.507628
0.507900
0.507964
0.508028
0.508230
0.508431
0.508702
0.508903
0.508897
0.509028
0.509298
0.509429
0.509560
0.509828
0.509890
0.509952
0.510014
0.510075
0.510205
0.510062
0.510055
0.510253
0.510246
0.510239
0.510300
0.510429
0.510490
0.510551
0.510680
0.510809
0.510734
0.510659
0.510651
0.510847
0.510976
0.510968
0.510893
0.510886
0.510946
0.511006
0.510999
0.511194
0.511523
0.511448
0.511507
0.511634
0.511761
0.511954
0.512081
0.512140
0.512265
0.512525
0.512450
0.512575
0.512634
0.512826
0.512951
0.513075
0.513067
0.513125
0.513116
0.513107
0.513165
0.513355
0.513479
0.513470
0.513329
0.513453
0.513510
0.513501
0.513558
0.513615
0.513672
0.513795
0.513918
0.513909
0.514163
0.514154
0.514342
0.514398
0.514652
0.514773
0.514961
0.514951
0.515138
0.515128
0.515183
0.515304
0.515490
0.515545
0.515535
0.515656
0.515776
0.515896
0.516016
0.516265
0.516385
0.516439
0.516623
0.516677
0.516732
0.516980
0.517228
0.517217
0.517335
0.517518
0.517313
0.517431
0.517484
0.517602
0.517719
0.517836
0.517954
0.518071
0.518252
0.518369
0.518549
0.518794
0.518974
0.518962
0.519078
0.519130
0.519246
0.519489
0.519540
0.519528
0.519579
0.519885
0.519745
0.519796
0.519911
0.519962
0.519949
0.520063
0.519924
0.520165
0.520152
0.520266
0.520380
0.520304
0.520417
0.520467
0.520581
0.520820
0.520996
0.521172
0.521222
0.521397
0.521509
0.521684
0.521734
0.521846
0.521957
0.522069
0.522118
0.522167
0.522215
0.522264
0.522312
0.522299
0.522347
0.522458
0.522506
0.522679
0.522852
0.523024
0.523010
0.523182
0.523292
0.523402
0.523573
0.523807
0.523854
0.524025
0.524134
0.524304
0.524475
0.524707
0.524815
0.525046
0.525092
0.525200
0.525308
0.525538
0.525584
0.525691
0.525983
0.526090
0.526074
0.526180
0.526409
0.526393
0.526438
0.526544
0.526773
0.526940
0.527045
0.527090
0.527073
0.527179
0.527406
0.527389
0.527494
0.527599
0.527764
0.527808
0.527973
0.528017
0.528061
0.528225
0.528390
0.528494
0.528476
0.528580
0.528684
0.528787
0.528890
0.529054
0.529036
0.529139
0.529302
0.529284
0.529387
0.529429
0.529472
0.529394
0.529376
0.529539
0.529641
0.529862
0.529904
0.529886
0.529869
0.529970
0.530251
0.530292
0.530513
0.530494
0.530595
0.530637
0.530797
0.530778
0.530998
0.531157
0.531317
0.531357
0.531398
0.531439
0.531420
0.531638
0.531619
0.531719
0.531818
0.531799
0.531899
0.531998
0.532214
0.532372
0.532647
0.532745
0.532785
0.533001
0.533157
0.533138
0.533177
0.533040
0.533080
0.533177
0.533392
0.533665
0.533703
0.533800
0.533839
0.533878
0.533916
0.534071
0.534284
0.534380
0.534593
0.534515
0.534611
0.534707
0.534745
0.534957
0.534936
0.534974
0.535069
0.535281
0.535318
0.535471
0.535508
0.535488
0.535582
0.535677
0.535599
0.535636
0.535673
0.535595
0.535575
0.535669
0.535706
0.535858
0.535894
0.535817
0.535911
0.536062
0.536213
0.536364
0.536343
0.536379
0.536416
0.536566
0.536602
0.536581
0.536503
0.536369
0.536348
0.536441
0.536591
0.536740
0.536833
0.537039
0.537075
0.537224
0.537373
0.537408
0.537443
0.537422
0.537401
0.537436
0.537472
0.537563
0.537711
0.537746
0.537782
0.537929
0.538076
0.537999
0.538034
0.538125
0.537991
0.538194
0.538285
0.538319
0.538410
0.538388
0.538367
0.538457
0.538380
0.538470
0.538616
0.538873
0.538796
0.538997
0.539143
0.539121
0.539155
0.539300
0.539278
0.539367
0.539512
0.539490
0.539634
0.539723
0.539701
0.539734
0.539823
0.539912
0.540055
0.539978
0.540177
0.540375
0.540573
0.540771
0.540859
0.540837
0.540924
0.541012
0.541154
0.541186
0.541273
0.541251
0.541283
0.541315
0.541457
0.541544
0.541740
0.541826
0.541967
0.542163
0.542194
0.542226
0.542257
0.542289
0.542429
0.542569
0.542655
0.542795
0.542826
0.542803
0.542888
0.543028
0.543167
0.543198
0.543283
0.543259
0.543398
0.543537
0.543568
0.543652
0.543683
0.543875
0.543959
0.543935
0.544181
0.544319
0.544456
0.544486
0.544462
0.544438
0.544683
0.544713
0.544742
0.544933
0.544962
0.544938
0.544914
0.545051
0.544973
0.545056
0.545085
0.545275
0.545304
0.545227
0.545362
0.545338
0.545421
0.545556
0.545585
0.545561
0.545696
0.545725
0.545754
0.545836
0.545864
0.546052
0.546186
0.546215
0.546402
0.546536
0.546512
0.546434
0.546621
0.546755
0.546888
0.546863
0.546891
0.546972
0.547053
0.547133
0.547056
0.547084
0.547111
0.547192
0.547324
0.547509
0.547694
0.547878
0.547906
0.548090
0.548169
0.548301
0.548328
0.548460
0.548643
0.548670
0.548749
0.548775
0.548906
0.549037
0.549063
0.549038
0.549116
0.549143
0.549325
0.549559
0.549689
0.549767
0.549845
0.549767
0.549896
0.549871
0.549948
0.549974
0.550155
0.550181
0.550258
0.550335
0.550258
0.550283
0.550360
0.550283
0.550309
0.550386
0.550514
0.550539
0.550565
0.550590
0.550667
0.550743
0.550871
0.551101
0.551279
0.551253
0.551278
0.551303
0.551430
0.551455
0.551480
0.551555
0.551580
0.551605
0.551629
0.551807
0.551831
0.551906
0.551982
0.552006
0.552132
0.552106
0.552079
0.552154
0.552178
0.552203
0.552227
0.552352
0.552376
0.552501
0.552576
0.552701
0.552775
0.552849
0.552873
0.552846
0.552769
0.552793
0.552918
0.552991
0.553015
0.553240
0.553263
0.553287
0.553310
0.553233
0.553307
0.553430
0.553504
0.553577
0.553600
0.553673
0.553796
0.553969
0.553892
0.553865
0.553988
0.554111
0.554084
0.554206
0.554279
0.554301
0.554225
0.554297
0.554320
0.554293
0.554415
0.554437
0.554509
0.554681
0.554653
0.554626
0.554698
0.554770
0.554743
0.554815
0.554738
0.554711
0.554734
0.554805
0.554877
0.554998
0.555167
0.555189
0.555211
0.555332
0.555452
0.555572
0.555594
0.555714
0.555735
0.555757
0.555828
0.555996
0.555969
0.556039
0.556109
0.556131
0.556104
0.555979
0.555951
0.556168
0.556140
0.556308
0.556329
0.556448
0.556420
0.556539
0.556706
0.556775
0.556893
0.556963
0.556935
0.556907
0.556880
0.556998
0.557018
0.557039
0.557253
0.557371
0.557440
0.557508
0.557432
0.557501
0.557570
0.557687
0.557852
0.557824
0.557796
0.557624
0.557596
0.557713
0.557685
0.557657
0.557678
0.557794
0.557862
0.557930
0.558046
0.558066
0.558086
0.558058
0.558222
0.558242
0.558214
0.558282
0.558397
0.558274
0.558151
0.558218
0.558333
0.558401
0.558373
0.558298
0.558413
0.558290
0.558452
0.558614
0.558634
0.558701
0.558768
0.558787
0.558902
0.558874
0.558846
0.558865
0.558979
0.558999
0.559112
0.559179
0.559009
0.559123
0.559095
0.559114
0.559181
0.559247
0.559407
0.559379
0.559492
0.559418
0.559484
0.559503
0.559662
0.559775
0.559747
0.559625
0.559644
0.559710
0.559729
0.559748
0.559813
0.559879
0.559944
0.559963
0.560028
0.560000
0.559972
0.559991
0.559963
0.559935
0.559953
0.559926
0.559991
0.559963
0.560028
0.560046
0.560204
0.560269
0.560148
0.560259
0.560278
0.560342
0.560315
0.560240
0.560259
0.560277
0.560342
0.560360
0.560378
0.560443
0.560276
0.560295
0.560359
0.560423
0.560534
0.560552
0.560616
0.560680
0.560560
0.560578
0.560550
0.560477
0.560449
0.560421
0.560531
0.560595
0.560613
0.560585
0.560695
0.560758
0.560913
0.560977
0.560949
0.560876
0.560985
0.561048
0.561202
0.561220
0.561328
0.561437
0.561545
0.561517
0.561626
0.561643
0.561615
0.561678
0.561605
0.561667
0.561639
0.561612
0.561674
0.561737
0.561664
0.561545
0.561518
0.561580
0.561643
0.561750
0.561722
0.561694
0.561757
0.561729
0.561701
0.561763
0.561826
0.561843
0.561950
0.562012
0.561984
0.562046
0.562018
0.561945
0.561962
0.561979
0.562086
0.562282
0.562388
0.562360
0.562288
0.562349
0.562321
0.562338
0.562444
0.562550
0.562611
0.562717
0.562778
0.562884
0.562945
0.563006
0.563200
0.563305
0.563277
0.563382
0.563443
0.563459
0.563520
0.563580
0.563685
0.563789
0.563938
0.563954
0.563882
0.563853
0.563869
0.563974
0.564034
0.564049
0.563933
0.563949
0.564053
0.564157
0.564261
0.564320
0.564336
0.564352
0.564279
0.564383
0.564442
0.564590
0.564649
0.564665
0.564680
0.564783
0.564974
0.564989
0.565004
0.565107
0.565297
0.565356
0.565415
0.565430
0.565489
0.565591
0.565562
0.565577
0.565549
0.565694
0.565796
0.565942
0.566130
0.566145
0.566247
0.566305
0.566319
0.566377
0.566435
0.566537
0.566638
0.566696
0.566710
0.566595
0.566696
0.566796
0.566854
0.566955
0.567055
0.567199
0.567213
0.567313
0.567328
0.567428
0.567442
0.567456
0.567556
0.567570
0.567670
0.567684
0.567741
0.567797
0.567768
0.567825
0.567796
0.567767
0.567823
0.567794
0.567808
0.567736
0.567707
0.567721
0.567778
0.567834
0.567933
0.568032
0.568131
0.568102
0.568159
0.568130
0.568143
0.568114
0.568128
0.568269
0.568452
0.568551
0.568522
0.568535
0.568591
0.568689
0.568830
0.568885
0.568814
0.568869
0.568925
0.568938
0.568993
0.569049
0.569189
0.569202
0.569257
0.569312
0.569325
0.569422
0.569519
0.569490
0.569503
0.569684
0.569781
0.569836
0.569722
0.569777
0.569832
0.569887
0.569983
0.569954
0.569966
0.570021
0.569950
0.570004
0.569975
0.569987
0.569874
0.569971
0.569941
0.569996
0.570050
0.570063
0.569992
0.570004
0.570017
0.570071
0.570083
0.570096
0.570108
0.570121
0.570258
0.570353
0.570407
0.570461
0.570515
0.570486
0.570581
0.570676
0.570771
0.570825
0.570878
0.570890
0.570985
0.570997
0.571009
0.571145
0.571157
0.571169
0.571263
0.571358
0.571411
0.571340
0.571311
0.571405
0.571293
0.571429
0.571399
0.571411
0.571464
0.571558
0.571693
0.571745
0.571798
0.571933
0.572026
0.571997
0.572008
0.572020
0.572031
0.572165
0.572136
0.572188
0.572363
0.572333
0.572426
0.572397
0.572408
0.572338
0.572471
0.572483
0.572494
0.572505
0.572638
0.572650
0.572701
0.572753
0.572805
0.572897
0.572827
0.572757
0.572849
0.572901
0.572912
0.572923
0.572974
0.573026
0.573158
0.573209
0.573261
0.573312
0.573363
0.573293
0.573384
0.573395
0.573527
0.573578
0.573548
0.573720
0.573852
0.573862
0.573953
0.573964
0.574055
0.574186
0.574156
0.574126
0.574217
0.574267
0.574358
0.574529
0.574539
0.574709
0.574760
0.574810
0.574900
0.574950
0.575080
0.575090
0.575260
0.575310
0.575319
0.575329
0.575379
0.575349
0.575439
0.575488
0.575538
0.575667
0.575796
0.575766
0.575736
0.575785
0.575835
0.575884
0.575973
0.576022
0.575992
0.576121
0.576170
0.576179
0.576189
0.576317
0.576326
0.576296
0.576226
0.576275
0.576324
0.576412
0.576422
0.576431
0.576519
0.576568
0.576617
0.576626
0.576556
0.576684
0.576732
0.576781
0.576829
0.576799
0.576847
0.576896
0.576984
0.577032
0.577002
0.577011
0.576941
0.576950
0.576959
0.576968
0.577134
0.577260
0.577347
0.577434
0.577482
0.577530
0.577539
0.577509
0.577596
0.577682
0.577613
0.577583
0.577514
0.577522
0.577570
0.577579
0.577626
0.577635
0.577644
0.577730
0.577778
0.577903
0.577911
0.577920
0.578084
0.578131
0.578256
0.578264
0.578311
0.578281
0.578328
0.578453
0.578268
0.578237
0.578246
0.578293
0.578417
0.578387
0.578472
0.578519
0.578566
0.578651
0.578737
0.578783
0.578791
0.578838
0.578808
0.578931
0.579016
0.578986
0.579032
0.579040
0.579125
0.579095
0.579064
0.579111
0.579157
0.579242
0.579326
0.579487
0.579457
0.579541
0.579549
0.579710
0.579641
0.579649
0.579618
0.579664
0.579748
0.579718
0.579726
0.579733
0.579779
0.579787
0.579833
0.579878
0.579962
0.580008
0.580091
0.580137
0.580144
0.580266
0.580349
0.580470
0.580553
0.580523
0.580530
0.580613
0.580545
0.580515
0.580598
0.580567
0.580574
0.580620
0.580589
0.580710
0.580755
0.580724
0.580807
0.580890
0.580972
0.580942
0.580986
0.580994
0.581114
0.581158
0.581165
0.581210
0.581180
0.581299
0.581456
0.581388
0.581358
0.581327
0.581372
0.581491
0.581536
0.581505
0.581587
0.581631
0.581713
0.581794
0.581764
0.581808
0.581889
0.581971
0.582015
0.582096
0.582066
0.582110
0.582154
0.582160
0.582278
0.582248
0.582292
0.582373
0.582454
0.582497
0.582541
0.582622
0.582591
0.582635
0.582641
0.582684
0.582654
0.582697
0.582741
0.582821
0.582828
0.582871
0.582951
0.582957
0.583038
0.583081
0.583124
0.583020
0.583063
0.583106
0.583038
0.583081
0.583161
0.583168
0.583174
0.583180
0.583186
0.583303
0.583346
0.583388
0.583431
0.583437
0.583590
0.583670
0.583602
0.583608
0.583614
0.583657
0.583773
0.583815
0.583858
0.583827
0.583797
0.583766
0.583772
0.583851
0.583930
0.583972
0.584124
0.584166
0.584209
0.584251
0.584329
0.584372
0.584377
0.584492
0.584571
0.584540
0.584545
0.584624
0.584593
0.584526
0.584568
0.584646
0.584724
0.584730
0.584699
0.584777
0.584746
0.584788
0.584830
0.584799
0.584805
0.584882
0.584852
0.584857
0.584899
0.584868
0.584982
0.585023
0.585101
0.585215
0.585256
0.585297
0.585339
0.585416
0.585385
0.585498
0.585468
0.585437
0.585550
0.585555
0.585596
0.585709
0.585714
0.585755
0.585760
0.585873
0.585950
0.585991
0.586103
0.586216
0.586292
0.586404
0.586445
0.586486
0.586562
0.586602
0.586643
0.586755
0.586867
0.586907
0.586983
0.587023
0.587028
0.587139
0.587144
0.587184
0.587189
0.587264
0.587233
0.587344
0.587420
0.587531
0.587642
0.587717
0.587757
0.587726
0.587837
0.587912
0.587881
0.587956
0.587925
0.587929
0.587969
0.587938
0.588013
0.587982
0.588021
0.588096
0.588100
0.588140
0.588179
0.588148
0.588117
0.588086
0.588090
0.588130
0.588239
0.588244
0.588353
0.588322
0.588291
0.588366
0.588335
0.588374
0.588378
0.588452
0.588561
0.588636
0.588675
0.588714
0.588823
0.588897
0.588901
0.588974
0.588943
0.589017
0.589021
0.589025
0.589029
0.589067
0.589106
0.589215
0.589288
0.589397
0.589365
0.589404
0.589408
0.589446
0.589485
0.589454
0.589527
0.589565
0.589604
0.589607
0.589680
0.589684
0.589688
0.589691
0.589729
0.589733
0.589771
0.589844
0.589813
0.589782
0.589855
0.589962
0.590000
0.590038
0.590111
0.590183
0.590221
0.590190
0.590228
0.590266
0.590338
0.590410
0.590483
0.590486
0.590524
0.590561
0.590530
0.590534
0.590606
0.590609
0.590612
0.590581
0.590619
0.590656
0.590625
0.590594
0.590700
0.590738
0.590775
0.590881
0.590918
0.590853
0.590753
0.590825
0.590828
0.590934
0.591005
0.591009
0.591080
0.591117
0.591223
0.591260
0.591297
0.591368
0.591371
0.591408
0.591445
0.591482
0.591553
0.591624
0.591763
0.591800
0.591871
0.591874
0.591910
0.591947
0.591950
0.591986
0.592023
0.592094
0.592130
0.592201
0.592271
0.592274
0.592310
0.592381
0.592349
0.592352
0.592456
0.592425
0.592427
0.592396
0.592399
0.592469
0.592438
0.592508
0.592578
0.592648
0.592785
0.592787
0.592790
0.592860
0.592896
0.592864
0.592833
0.592802
0.592872
0.592941
0.593011
0.593047
0.593116
0.593152
0.593121
0.593257
0.593192
0.593161
0.593231
0.593300
0.593369
0.593405
0.593507
0.593510
0.593545
0.593648
0.593583
0.593618
0.593654
0.593689
0.593758
0.593760
0.593829
0.593831
0.593833
0.593869
0.593937
0.593973
0.594075
0.594077
0.594212
0.594180
0.594249
0.594217
0.594319
0.594354
0.594323
0.594258
0.594260
0.594295
0.594297
0.594398
0.594433
0.594468
0.594536
0.594604
0.594672
0.594707
0.594709
0.594645
0.594646
0.594714
0.594683
0.594718
0.594752
0.594787
0.594789
0.594725
0.594628
0.594629
0.594697
0.594765
0.594766
0.594834
0.594901
0.594903
0.594970
0.594906
0.594974
0.595041
0.595108
0.595110
0.595112
0.595179
0.595246
0.595215
0.595282
0.595218
0.595187
0.595188
0.595288
0.595355
0.595389
0.595391
0.595458
0.595524
0.595624
0.595658
0.595757
0.595693
0.595825
0.595827
0.595828
0.595862
0.595961
0.595930
0.595964
0.596030
0.596096
0.596163
0.596196
0.596230
0.596361
0.596427
0.596429
0.596397
0.596366
0.596400
0.596368
0.596370
0.596371
0.596501
0.596438
0.596407
0.596375
0.596409
0.596442
0.596476
0.596477
0.596543
0.596544
0.596642
0.596611
0.596612
0.596581
0.596678
0.596712
0.596810
0.596875
0.596876
0.596877
0.596942
0.596911
0.596912
0.596913
0.597011
0.597044
0.597141
0.597206
0.597239
0.597208
0.597177
0.597114
0.597179
0.597147
0.597148
0.597181
0.597214
0.597311
0.597408
0.597505
0.597570
0.597634
0.597635
0.597636
0.597637
0.597669
0.597766
0.597735
0.597799
0.597704
0.597832
0.597897
0.597929
0.597930
0.597867
0.597931
0.598027
0.598028
0.598092
0.598093
0.598157
0.598253
0.598285
0.598317
0.598413
0.598509
0.598573
0.598573
0.598637
0.598606
0.598701
0.598702
0.598734
0.598734
0.598671
0.598703
0.598704
0.598704
0.598736
0.598737
0.598800
0.598801
0.598864
0.598959
0.598928
0.598991
0.598991
0.599023
0.599118
0.599118
0.599150
0.599213
0.599088
0.599088
0.599120
0.599151
0.599089
0.599183
0.599184
0.599247
0.599216
0.599247
0.599185
0.599216
0.599248
0.599217
0.599217
0.599311
0.599343
0.599343
0.599312
0.599312
0.599344
0.599437
0.599469
0.599500
0.599500
0.599563
0.599532
0.599563
0.599595
0.599626
0.599657
0.599720
0.599782
0.599813
0.599938
0.600000
0.599969
0.599969
0.600000
0.600031
0.600031
0.599969
0.599907
0.599969
0.600000
0.600000
0.600031
0.600031
0.600062
0.600062
0.600124
0.600124
0.600155
0.600248
0.600340
0.600371
0.600402
0.600464
0.600556
0.600587
0.600587
0.600586
0.600648
0.600617
0.600678
0.600678
0.600678
0.600678
0.600708
0.600739
0.600769
0.600769
0.600831
0.600861
0.600861
0.600860
0.600891
0.600952
0.601075
0.601105
0.601135
0.601227
0.601227
0.601349
0.601410
0.601348
0.601440
0.601439
0.601439
0.601499
0.601499
0.601529
0.601559
0.601559
0.601558
0.601619
0.601740
0.601709
0.601739
0.601739
0.601830
0.601890
0.601920
0.601950
0.601858
0.601827
0.601796
0.601795
0.601765
0.601825
0.601885
0.601976
0.602005
0.602126
0.602156
0.602247
0.602246
0.602336
0.602366
0.602365
0.602455
0.602515
0.602575
0.602604
0.602634
0.602754
0.602844
0.602843
0.602873
0.602932
0.602931
0.602961
0.603081
0.603110
0.603139
0.603199
0.603167
0.603166
0.603135
0.603134
0.603164
0.603223
0.603252
0.603191
0.603220
0.603279
0.603308
0.603367
0.603306
0.603395
0.603364
0.603363
0.603422
0.603481
0.603480
0.603539
0.603508
0.603567
0.603626
0.603625
0.603594
0.603593
0.603622
0.603651
0.603649
0.603738
0.603677
0.603676
0.603675
0.603734
0.603673
0.603731
0.603700
0.603640
0.603668
0.603697
0.603785
0.603844
0.603873
0.603901
0.603900
0.603988
0.604046
0.604105
0.604103
0.604191
0.604190
0.604219
0.604277
0.604335
0.604423
0.604392
0.604301
0.604300
0.604299
0.604238
0.604237
0.604325
0.604294
0.604292
0.604350
0.604408
0.604437
0.604347
0.604316
0.604344
0.604431
0.604489
0.604517
0.604545
0.604662
0.604661
0.604689
0.604746
0.604804
0.604920
0.604919
0.604976
0.604975
0.605032
0.605060
0.605029
0.605028
0.605056
0.605054
0.605053
0.605022
0.605050
0.605078
0.605106
0.605133
0.605220
0.605306
0.605305
0.605333
0.605390
0.605417
0.605386
0.605443
0.605500
0.605528
0.605497
0.605554
0.605582
0.605609
0.605637
0.605635
0.605663
0.605719
0.605776
0.605774
0.605802
0.605858
0.605915
0.605942
0.605853
0.605910
0.605937
0.605906
0.605934
0.605932
0.605901
0.605870
0.605840
0.605838
0.605894
0.605893
0.605891
0.605918
0.605974
0.606002
0.606000
0.606114
0.606141
0.606169
0.606254
0.606281
0.606337
0.606393
0.606420
0.606447
0.606532
0.606617
0.606615
0.606671
0.606755
0.606753
0.606809
0.606807
0.606805
0.606832
0.606801
0.606857
0.606941
0.606997
0.606937
0.607022
0.607106
0.607133
0.607159
0.607157
0.607155
0.607211
0.607180
0.607178
0.607262
0.607346
0.607401
0.607428
0.607511
0.607538
0.607507
0.607591
0.607675
0.607672
0.607728
0.607783
0.607809
0.607835
0.607776
0.607774
0.607886
0.607941
0.607910
0.608022
0.607991
0.607960
0.607958
0.607984
0.607982
0.607951
0.608006
0.608032
0.607973
0.607999
0.608054
0.608137
0.608163
0.608160
0.608215
0.608298
0.608267
0.608179
0.608177
0.608175
0.608229
0.608227
0.608225
0.608222
0.608277
0.608246
0.608244
0.608270
0.608239
0.608237
0.608206
0.608175
0.608173
0.608171
0.608168
0.608166
0.608164
0.608218
0.608216
0.608242
0.608211
0.608265
0.608122
0.608120
0.608145
0.608199
0.608254
0.608223
0.608277
0.608331
0.608357
0.608298
0.608380
0.608350
0.608432
0.608401
0.608399
0.608425
0.608422
0.608420
0.608502
0.608555
0.608665
0.608663
0.608688
0.608742
0.608655
0.608709
0.608735
0.608788
0.608870
0.608951
0.608949
0.609002
0.609083
0.609137
0.609190
0.609159
0.609213
0.609154
0.609152
0.609149
0.609147
0.609116
0.609114
0.609139
0.609192
0.609190
0.609159
0.609101
0.609098
0.609179
0.609205
0.609313
0.609311
0.609364
0.609361
0.609303
0.609300
0.609215
0.609267
0.609293
0.609318
0.609371
0.609368
0.609393
0.609446
0.609471
0.609441
0.609466
0.609546
0.609516
0.609541
0.609511
0.609563
0.609588
0.609558
0.609611
0.609553
0.609633
0.609630
0.609628
0.609680
0.609705
0.609730
0.609727
0.609725
0.609777
0.609802
0.609827
0.609906
0.609876
0.609928
0.609953
0.610033
0.610113
0.610165
0.610190